[2024-12-09T21:48:54.013+0000] {processor.py:186} INFO - Started process (PID=57) to work on /home/airflow/.local/lib/python3.12/site-packages/airflow/example_dags/example_params_ui_tutorial.py
[2024-12-09T21:48:54.013+0000] {processor.py:914} INFO - Processing file /home/airflow/.local/lib/python3.12/site-packages/airflow/example_dags/example_params_ui_tutorial.py for tasks to queue
[2024-12-09T21:48:54.014+0000] {logging_mixin.py:190} INFO - [2024-12-09T21:48:54.014+0000] {dagbag.py:588} INFO - Filling up the DagBag from /home/airflow/.local/lib/python3.12/site-packages/airflow/example_dags/example_params_ui_tutorial.py
[2024-12-09T21:48:54.020+0000] {processor.py:925} INFO - DAG(s) 'example_params_ui_tutorial' retrieved from /home/airflow/.local/lib/python3.12/site-packages/airflow/example_dags/example_params_ui_tutorial.py
[2024-12-09T21:48:54.072+0000] {logging_mixin.py:190} INFO - [2024-12-09T21:48:54.072+0000] {override.py:1911} INFO - Created Permission View: can edit on DAG:example_params_ui_tutorial
[2024-12-09T21:48:54.076+0000] {logging_mixin.py:190} INFO - [2024-12-09T21:48:54.076+0000] {override.py:1911} INFO - Created Permission View: can read on DAG:example_params_ui_tutorial
[2024-12-09T21:48:54.078+0000] {logging_mixin.py:190} INFO - [2024-12-09T21:48:54.078+0000] {override.py:1911} INFO - Created Permission View: can delete on DAG:example_params_ui_tutorial
[2024-12-09T21:48:54.080+0000] {logging_mixin.py:190} INFO - [2024-12-09T21:48:54.080+0000] {override.py:1911} INFO - Created Permission View: menu access on DAG Run:example_params_ui_tutorial
[2024-12-09T21:48:54.081+0000] {logging_mixin.py:190} INFO - [2024-12-09T21:48:54.081+0000] {override.py:1911} INFO - Created Permission View: can read on DAG Run:example_params_ui_tutorial
[2024-12-09T21:48:54.083+0000] {logging_mixin.py:190} INFO - [2024-12-09T21:48:54.083+0000] {override.py:1911} INFO - Created Permission View: can delete on DAG Run:example_params_ui_tutorial
[2024-12-09T21:48:54.085+0000] {logging_mixin.py:190} INFO - [2024-12-09T21:48:54.085+0000] {override.py:1911} INFO - Created Permission View: can create on DAG Run:example_params_ui_tutorial
[2024-12-09T21:48:54.086+0000] {logging_mixin.py:190} INFO - [2024-12-09T21:48:54.086+0000] {dag.py:3239} INFO - Sync 1 DAGs
[2024-12-09T21:48:54.090+0000] {logging_mixin.py:190} INFO - [2024-12-09T21:48:54.090+0000] {dag.py:3262} INFO - Creating ORM DAG for example_params_ui_tutorial
[2024-12-09T21:48:54.091+0000] {logging_mixin.py:190} INFO - [2024-12-09T21:48:54.091+0000] {dag.py:4180} INFO - Setting next_dagrun for example_params_ui_tutorial to None, run_after=None
[2024-12-09T21:48:54.099+0000] {processor.py:208} INFO - Processing /home/airflow/.local/lib/python3.12/site-packages/airflow/example_dags/example_params_ui_tutorial.py took 0.089 seconds
[2024-12-09T21:49:24.190+0000] {processor.py:186} INFO - Started process (PID=120) to work on /home/airflow/.local/lib/python3.12/site-packages/airflow/example_dags/example_params_ui_tutorial.py
[2024-12-09T21:49:24.191+0000] {processor.py:914} INFO - Processing file /home/airflow/.local/lib/python3.12/site-packages/airflow/example_dags/example_params_ui_tutorial.py for tasks to queue
[2024-12-09T21:49:24.191+0000] {logging_mixin.py:190} INFO - [2024-12-09T21:49:24.191+0000] {dagbag.py:588} INFO - Filling up the DagBag from /home/airflow/.local/lib/python3.12/site-packages/airflow/example_dags/example_params_ui_tutorial.py
[2024-12-09T21:49:24.195+0000] {processor.py:925} INFO - DAG(s) 'example_params_ui_tutorial' retrieved from /home/airflow/.local/lib/python3.12/site-packages/airflow/example_dags/example_params_ui_tutorial.py
[2024-12-09T21:49:24.210+0000] {logging_mixin.py:190} INFO - [2024-12-09T21:49:24.210+0000] {dag.py:3239} INFO - Sync 1 DAGs
[2024-12-09T21:49:24.215+0000] {logging_mixin.py:190} INFO - [2024-12-09T21:49:24.215+0000] {dag.py:4180} INFO - Setting next_dagrun for example_params_ui_tutorial to None, run_after=None
[2024-12-09T21:49:24.221+0000] {processor.py:208} INFO - Processing /home/airflow/.local/lib/python3.12/site-packages/airflow/example_dags/example_params_ui_tutorial.py took 0.033 seconds
[2024-12-09T21:49:54.893+0000] {processor.py:186} INFO - Started process (PID=183) to work on /home/airflow/.local/lib/python3.12/site-packages/airflow/example_dags/example_params_ui_tutorial.py
[2024-12-09T21:49:54.894+0000] {processor.py:914} INFO - Processing file /home/airflow/.local/lib/python3.12/site-packages/airflow/example_dags/example_params_ui_tutorial.py for tasks to queue
[2024-12-09T21:49:54.895+0000] {logging_mixin.py:190} INFO - [2024-12-09T21:49:54.894+0000] {dagbag.py:588} INFO - Filling up the DagBag from /home/airflow/.local/lib/python3.12/site-packages/airflow/example_dags/example_params_ui_tutorial.py
[2024-12-09T21:49:54.899+0000] {processor.py:925} INFO - DAG(s) 'example_params_ui_tutorial' retrieved from /home/airflow/.local/lib/python3.12/site-packages/airflow/example_dags/example_params_ui_tutorial.py
[2024-12-09T21:49:54.916+0000] {logging_mixin.py:190} INFO - [2024-12-09T21:49:54.916+0000] {dag.py:3239} INFO - Sync 1 DAGs
[2024-12-09T21:49:54.922+0000] {logging_mixin.py:190} INFO - [2024-12-09T21:49:54.922+0000] {dag.py:4180} INFO - Setting next_dagrun for example_params_ui_tutorial to None, run_after=None
[2024-12-09T21:49:54.929+0000] {processor.py:208} INFO - Processing /home/airflow/.local/lib/python3.12/site-packages/airflow/example_dags/example_params_ui_tutorial.py took 0.038 seconds
[2024-12-09T21:50:25.341+0000] {processor.py:186} INFO - Started process (PID=246) to work on /home/airflow/.local/lib/python3.12/site-packages/airflow/example_dags/example_params_ui_tutorial.py
[2024-12-09T21:50:25.342+0000] {processor.py:914} INFO - Processing file /home/airflow/.local/lib/python3.12/site-packages/airflow/example_dags/example_params_ui_tutorial.py for tasks to queue
[2024-12-09T21:50:25.343+0000] {logging_mixin.py:190} INFO - [2024-12-09T21:50:25.342+0000] {dagbag.py:588} INFO - Filling up the DagBag from /home/airflow/.local/lib/python3.12/site-packages/airflow/example_dags/example_params_ui_tutorial.py
[2024-12-09T21:50:25.347+0000] {processor.py:925} INFO - DAG(s) 'example_params_ui_tutorial' retrieved from /home/airflow/.local/lib/python3.12/site-packages/airflow/example_dags/example_params_ui_tutorial.py
[2024-12-09T21:50:25.363+0000] {logging_mixin.py:190} INFO - [2024-12-09T21:50:25.363+0000] {dag.py:3239} INFO - Sync 1 DAGs
[2024-12-09T21:50:25.368+0000] {logging_mixin.py:190} INFO - [2024-12-09T21:50:25.368+0000] {dag.py:4180} INFO - Setting next_dagrun for example_params_ui_tutorial to None, run_after=None
[2024-12-09T21:50:25.375+0000] {processor.py:208} INFO - Processing /home/airflow/.local/lib/python3.12/site-packages/airflow/example_dags/example_params_ui_tutorial.py took 0.036 seconds
[2024-12-09T21:50:55.418+0000] {processor.py:186} INFO - Started process (PID=309) to work on /home/airflow/.local/lib/python3.12/site-packages/airflow/example_dags/example_params_ui_tutorial.py
[2024-12-09T21:50:55.421+0000] {processor.py:914} INFO - Processing file /home/airflow/.local/lib/python3.12/site-packages/airflow/example_dags/example_params_ui_tutorial.py for tasks to queue
[2024-12-09T21:50:55.422+0000] {logging_mixin.py:190} INFO - [2024-12-09T21:50:55.422+0000] {dagbag.py:588} INFO - Filling up the DagBag from /home/airflow/.local/lib/python3.12/site-packages/airflow/example_dags/example_params_ui_tutorial.py
[2024-12-09T21:50:55.427+0000] {processor.py:925} INFO - DAG(s) 'example_params_ui_tutorial' retrieved from /home/airflow/.local/lib/python3.12/site-packages/airflow/example_dags/example_params_ui_tutorial.py
[2024-12-09T21:50:55.441+0000] {logging_mixin.py:190} INFO - [2024-12-09T21:50:55.441+0000] {dag.py:3239} INFO - Sync 1 DAGs
[2024-12-09T21:50:55.447+0000] {logging_mixin.py:190} INFO - [2024-12-09T21:50:55.447+0000] {dag.py:4180} INFO - Setting next_dagrun for example_params_ui_tutorial to None, run_after=None
[2024-12-09T21:50:55.453+0000] {processor.py:208} INFO - Processing /home/airflow/.local/lib/python3.12/site-packages/airflow/example_dags/example_params_ui_tutorial.py took 0.038 seconds
[2024-12-09T21:51:25.673+0000] {processor.py:186} INFO - Started process (PID=372) to work on /home/airflow/.local/lib/python3.12/site-packages/airflow/example_dags/example_params_ui_tutorial.py
[2024-12-09T21:51:25.675+0000] {processor.py:914} INFO - Processing file /home/airflow/.local/lib/python3.12/site-packages/airflow/example_dags/example_params_ui_tutorial.py for tasks to queue
[2024-12-09T21:51:25.676+0000] {logging_mixin.py:190} INFO - [2024-12-09T21:51:25.676+0000] {dagbag.py:588} INFO - Filling up the DagBag from /home/airflow/.local/lib/python3.12/site-packages/airflow/example_dags/example_params_ui_tutorial.py
[2024-12-09T21:51:25.680+0000] {processor.py:925} INFO - DAG(s) 'example_params_ui_tutorial' retrieved from /home/airflow/.local/lib/python3.12/site-packages/airflow/example_dags/example_params_ui_tutorial.py
[2024-12-09T21:51:25.700+0000] {logging_mixin.py:190} INFO - [2024-12-09T21:51:25.700+0000] {dag.py:3239} INFO - Sync 1 DAGs
[2024-12-09T21:51:25.705+0000] {logging_mixin.py:190} INFO - [2024-12-09T21:51:25.705+0000] {dag.py:4180} INFO - Setting next_dagrun for example_params_ui_tutorial to None, run_after=None
[2024-12-09T21:51:25.712+0000] {processor.py:208} INFO - Processing /home/airflow/.local/lib/python3.12/site-packages/airflow/example_dags/example_params_ui_tutorial.py took 0.042 seconds
[2024-12-09T21:51:56.027+0000] {processor.py:186} INFO - Started process (PID=436) to work on /home/airflow/.local/lib/python3.12/site-packages/airflow/example_dags/example_params_ui_tutorial.py
[2024-12-09T21:51:56.027+0000] {processor.py:914} INFO - Processing file /home/airflow/.local/lib/python3.12/site-packages/airflow/example_dags/example_params_ui_tutorial.py for tasks to queue
[2024-12-09T21:51:56.028+0000] {logging_mixin.py:190} INFO - [2024-12-09T21:51:56.028+0000] {dagbag.py:588} INFO - Filling up the DagBag from /home/airflow/.local/lib/python3.12/site-packages/airflow/example_dags/example_params_ui_tutorial.py
[2024-12-09T21:51:56.032+0000] {processor.py:925} INFO - DAG(s) 'example_params_ui_tutorial' retrieved from /home/airflow/.local/lib/python3.12/site-packages/airflow/example_dags/example_params_ui_tutorial.py
[2024-12-09T21:51:56.047+0000] {logging_mixin.py:190} INFO - [2024-12-09T21:51:56.047+0000] {dag.py:3239} INFO - Sync 1 DAGs
[2024-12-09T21:51:56.051+0000] {logging_mixin.py:190} INFO - [2024-12-09T21:51:56.051+0000] {dag.py:4180} INFO - Setting next_dagrun for example_params_ui_tutorial to None, run_after=None
[2024-12-09T21:51:56.057+0000] {processor.py:208} INFO - Processing /home/airflow/.local/lib/python3.12/site-packages/airflow/example_dags/example_params_ui_tutorial.py took 0.035 seconds
[2024-12-09T21:52:26.109+0000] {processor.py:186} INFO - Started process (PID=499) to work on /home/airflow/.local/lib/python3.12/site-packages/airflow/example_dags/example_params_ui_tutorial.py
[2024-12-09T21:52:26.109+0000] {processor.py:914} INFO - Processing file /home/airflow/.local/lib/python3.12/site-packages/airflow/example_dags/example_params_ui_tutorial.py for tasks to queue
[2024-12-09T21:52:26.110+0000] {logging_mixin.py:190} INFO - [2024-12-09T21:52:26.110+0000] {dagbag.py:588} INFO - Filling up the DagBag from /home/airflow/.local/lib/python3.12/site-packages/airflow/example_dags/example_params_ui_tutorial.py
[2024-12-09T21:52:26.114+0000] {processor.py:925} INFO - DAG(s) 'example_params_ui_tutorial' retrieved from /home/airflow/.local/lib/python3.12/site-packages/airflow/example_dags/example_params_ui_tutorial.py
[2024-12-09T21:52:26.131+0000] {logging_mixin.py:190} INFO - [2024-12-09T21:52:26.131+0000] {dag.py:3239} INFO - Sync 1 DAGs
[2024-12-09T21:52:26.137+0000] {logging_mixin.py:190} INFO - [2024-12-09T21:52:26.137+0000] {dag.py:4180} INFO - Setting next_dagrun for example_params_ui_tutorial to None, run_after=None
[2024-12-09T21:52:26.143+0000] {processor.py:208} INFO - Processing /home/airflow/.local/lib/python3.12/site-packages/airflow/example_dags/example_params_ui_tutorial.py took 0.036 seconds
[2024-12-09T21:52:56.286+0000] {processor.py:186} INFO - Started process (PID=562) to work on /home/airflow/.local/lib/python3.12/site-packages/airflow/example_dags/example_params_ui_tutorial.py
[2024-12-09T21:52:56.289+0000] {processor.py:914} INFO - Processing file /home/airflow/.local/lib/python3.12/site-packages/airflow/example_dags/example_params_ui_tutorial.py for tasks to queue
[2024-12-09T21:52:56.290+0000] {logging_mixin.py:190} INFO - [2024-12-09T21:52:56.290+0000] {dagbag.py:588} INFO - Filling up the DagBag from /home/airflow/.local/lib/python3.12/site-packages/airflow/example_dags/example_params_ui_tutorial.py
[2024-12-09T21:52:56.293+0000] {processor.py:925} INFO - DAG(s) 'example_params_ui_tutorial' retrieved from /home/airflow/.local/lib/python3.12/site-packages/airflow/example_dags/example_params_ui_tutorial.py
[2024-12-09T21:52:56.309+0000] {logging_mixin.py:190} INFO - [2024-12-09T21:52:56.309+0000] {dag.py:3239} INFO - Sync 1 DAGs
[2024-12-09T21:52:56.314+0000] {logging_mixin.py:190} INFO - [2024-12-09T21:52:56.314+0000] {dag.py:4180} INFO - Setting next_dagrun for example_params_ui_tutorial to None, run_after=None
[2024-12-09T21:52:56.320+0000] {processor.py:208} INFO - Processing /home/airflow/.local/lib/python3.12/site-packages/airflow/example_dags/example_params_ui_tutorial.py took 0.037 seconds
