[2024-12-09T21:48:57.286+0000] {processor.py:186} INFO - Started process (PID=92) to work on /home/airflow/.local/lib/python3.12/site-packages/airflow/example_dags/example_trigger_target_dag.py
[2024-12-09T21:48:57.286+0000] {processor.py:914} INFO - Processing file /home/airflow/.local/lib/python3.12/site-packages/airflow/example_dags/example_trigger_target_dag.py for tasks to queue
[2024-12-09T21:48:57.287+0000] {logging_mixin.py:190} INFO - [2024-12-09T21:48:57.287+0000] {dagbag.py:588} INFO - Filling up the DagBag from /home/airflow/.local/lib/python3.12/site-packages/airflow/example_dags/example_trigger_target_dag.py
[2024-12-09T21:48:57.291+0000] {processor.py:925} INFO - DAG(s) 'example_trigger_target_dag' retrieved from /home/airflow/.local/lib/python3.12/site-packages/airflow/example_dags/example_trigger_target_dag.py
[2024-12-09T21:48:57.334+0000] {logging_mixin.py:190} INFO - [2024-12-09T21:48:57.334+0000] {override.py:1911} INFO - Created Permission View: can edit on DAG:example_trigger_target_dag
[2024-12-09T21:48:57.339+0000] {logging_mixin.py:190} INFO - [2024-12-09T21:48:57.338+0000] {override.py:1911} INFO - Created Permission View: can read on DAG:example_trigger_target_dag
[2024-12-09T21:48:57.347+0000] {logging_mixin.py:190} INFO - [2024-12-09T21:48:57.347+0000] {override.py:1911} INFO - Created Permission View: can delete on DAG:example_trigger_target_dag
[2024-12-09T21:48:57.352+0000] {logging_mixin.py:190} INFO - [2024-12-09T21:48:57.352+0000] {override.py:1911} INFO - Created Permission View: menu access on DAG Run:example_trigger_target_dag
[2024-12-09T21:48:57.355+0000] {logging_mixin.py:190} INFO - [2024-12-09T21:48:57.354+0000] {override.py:1911} INFO - Created Permission View: can read on DAG Run:example_trigger_target_dag
[2024-12-09T21:48:57.363+0000] {logging_mixin.py:190} INFO - [2024-12-09T21:48:57.362+0000] {override.py:1911} INFO - Created Permission View: can delete on DAG Run:example_trigger_target_dag
[2024-12-09T21:48:57.366+0000] {logging_mixin.py:190} INFO - [2024-12-09T21:48:57.366+0000] {override.py:1911} INFO - Created Permission View: can create on DAG Run:example_trigger_target_dag
[2024-12-09T21:48:57.367+0000] {logging_mixin.py:190} INFO - [2024-12-09T21:48:57.367+0000] {dag.py:3239} INFO - Sync 1 DAGs
[2024-12-09T21:48:57.378+0000] {logging_mixin.py:190} INFO - [2024-12-09T21:48:57.378+0000] {dag.py:3262} INFO - Creating ORM DAG for example_trigger_target_dag
[2024-12-09T21:48:57.379+0000] {logging_mixin.py:190} INFO - [2024-12-09T21:48:57.379+0000] {dag.py:4180} INFO - Setting next_dagrun for example_trigger_target_dag to None, run_after=None
[2024-12-09T21:48:57.387+0000] {processor.py:208} INFO - Processing /home/airflow/.local/lib/python3.12/site-packages/airflow/example_dags/example_trigger_target_dag.py took 0.104 seconds
[2024-12-09T21:49:28.131+0000] {processor.py:186} INFO - Started process (PID=161) to work on /home/airflow/.local/lib/python3.12/site-packages/airflow/example_dags/example_trigger_target_dag.py
[2024-12-09T21:49:28.132+0000] {processor.py:914} INFO - Processing file /home/airflow/.local/lib/python3.12/site-packages/airflow/example_dags/example_trigger_target_dag.py for tasks to queue
[2024-12-09T21:49:28.133+0000] {logging_mixin.py:190} INFO - [2024-12-09T21:49:28.133+0000] {dagbag.py:588} INFO - Filling up the DagBag from /home/airflow/.local/lib/python3.12/site-packages/airflow/example_dags/example_trigger_target_dag.py
[2024-12-09T21:49:28.138+0000] {processor.py:925} INFO - DAG(s) 'example_trigger_target_dag' retrieved from /home/airflow/.local/lib/python3.12/site-packages/airflow/example_dags/example_trigger_target_dag.py
[2024-12-09T21:49:28.147+0000] {logging_mixin.py:190} INFO - [2024-12-09T21:49:28.147+0000] {dag.py:3239} INFO - Sync 1 DAGs
[2024-12-09T21:49:28.157+0000] {logging_mixin.py:190} INFO - [2024-12-09T21:49:28.157+0000] {dag.py:4180} INFO - Setting next_dagrun for example_trigger_target_dag to None, run_after=None
[2024-12-09T21:49:28.164+0000] {processor.py:208} INFO - Processing /home/airflow/.local/lib/python3.12/site-packages/airflow/example_dags/example_trigger_target_dag.py took 0.036 seconds
[2024-12-09T21:49:58.428+0000] {processor.py:186} INFO - Started process (PID=224) to work on /home/airflow/.local/lib/python3.12/site-packages/airflow/example_dags/example_trigger_target_dag.py
[2024-12-09T21:49:58.432+0000] {processor.py:914} INFO - Processing file /home/airflow/.local/lib/python3.12/site-packages/airflow/example_dags/example_trigger_target_dag.py for tasks to queue
[2024-12-09T21:49:58.433+0000] {logging_mixin.py:190} INFO - [2024-12-09T21:49:58.433+0000] {dagbag.py:588} INFO - Filling up the DagBag from /home/airflow/.local/lib/python3.12/site-packages/airflow/example_dags/example_trigger_target_dag.py
[2024-12-09T21:49:58.437+0000] {processor.py:925} INFO - DAG(s) 'example_trigger_target_dag' retrieved from /home/airflow/.local/lib/python3.12/site-packages/airflow/example_dags/example_trigger_target_dag.py
[2024-12-09T21:49:58.445+0000] {logging_mixin.py:190} INFO - [2024-12-09T21:49:58.445+0000] {dag.py:3239} INFO - Sync 1 DAGs
[2024-12-09T21:49:58.451+0000] {logging_mixin.py:190} INFO - [2024-12-09T21:49:58.451+0000] {dag.py:4180} INFO - Setting next_dagrun for example_trigger_target_dag to None, run_after=None
[2024-12-09T21:49:58.457+0000] {processor.py:208} INFO - Processing /home/airflow/.local/lib/python3.12/site-packages/airflow/example_dags/example_trigger_target_dag.py took 0.032 seconds
[2024-12-09T21:50:28.488+0000] {processor.py:186} INFO - Started process (PID=286) to work on /home/airflow/.local/lib/python3.12/site-packages/airflow/example_dags/example_trigger_target_dag.py
[2024-12-09T21:50:28.492+0000] {processor.py:914} INFO - Processing file /home/airflow/.local/lib/python3.12/site-packages/airflow/example_dags/example_trigger_target_dag.py for tasks to queue
[2024-12-09T21:50:28.493+0000] {logging_mixin.py:190} INFO - [2024-12-09T21:50:28.493+0000] {dagbag.py:588} INFO - Filling up the DagBag from /home/airflow/.local/lib/python3.12/site-packages/airflow/example_dags/example_trigger_target_dag.py
[2024-12-09T21:50:28.496+0000] {processor.py:925} INFO - DAG(s) 'example_trigger_target_dag' retrieved from /home/airflow/.local/lib/python3.12/site-packages/airflow/example_dags/example_trigger_target_dag.py
[2024-12-09T21:50:28.503+0000] {logging_mixin.py:190} INFO - [2024-12-09T21:50:28.503+0000] {dag.py:3239} INFO - Sync 1 DAGs
[2024-12-09T21:50:28.508+0000] {logging_mixin.py:190} INFO - [2024-12-09T21:50:28.508+0000] {dag.py:4180} INFO - Setting next_dagrun for example_trigger_target_dag to None, run_after=None
[2024-12-09T21:50:28.514+0000] {processor.py:208} INFO - Processing /home/airflow/.local/lib/python3.12/site-packages/airflow/example_dags/example_trigger_target_dag.py took 0.028 seconds
[2024-12-09T21:50:58.793+0000] {processor.py:186} INFO - Started process (PID=348) to work on /home/airflow/.local/lib/python3.12/site-packages/airflow/example_dags/example_trigger_target_dag.py
[2024-12-09T21:50:58.793+0000] {processor.py:914} INFO - Processing file /home/airflow/.local/lib/python3.12/site-packages/airflow/example_dags/example_trigger_target_dag.py for tasks to queue
[2024-12-09T21:50:58.794+0000] {logging_mixin.py:190} INFO - [2024-12-09T21:50:58.794+0000] {dagbag.py:588} INFO - Filling up the DagBag from /home/airflow/.local/lib/python3.12/site-packages/airflow/example_dags/example_trigger_target_dag.py
[2024-12-09T21:50:58.797+0000] {processor.py:925} INFO - DAG(s) 'example_trigger_target_dag' retrieved from /home/airflow/.local/lib/python3.12/site-packages/airflow/example_dags/example_trigger_target_dag.py
[2024-12-09T21:50:58.804+0000] {logging_mixin.py:190} INFO - [2024-12-09T21:50:58.804+0000] {dag.py:3239} INFO - Sync 1 DAGs
[2024-12-09T21:50:58.809+0000] {logging_mixin.py:190} INFO - [2024-12-09T21:50:58.809+0000] {dag.py:4180} INFO - Setting next_dagrun for example_trigger_target_dag to None, run_after=None
[2024-12-09T21:50:58.815+0000] {processor.py:208} INFO - Processing /home/airflow/.local/lib/python3.12/site-packages/airflow/example_dags/example_trigger_target_dag.py took 0.025 seconds
[2024-12-09T21:51:29.784+0000] {processor.py:186} INFO - Started process (PID=411) to work on /home/airflow/.local/lib/python3.12/site-packages/airflow/example_dags/example_trigger_target_dag.py
[2024-12-09T21:51:29.784+0000] {processor.py:914} INFO - Processing file /home/airflow/.local/lib/python3.12/site-packages/airflow/example_dags/example_trigger_target_dag.py for tasks to queue
[2024-12-09T21:51:29.785+0000] {logging_mixin.py:190} INFO - [2024-12-09T21:51:29.785+0000] {dagbag.py:588} INFO - Filling up the DagBag from /home/airflow/.local/lib/python3.12/site-packages/airflow/example_dags/example_trigger_target_dag.py
[2024-12-09T21:51:29.789+0000] {processor.py:925} INFO - DAG(s) 'example_trigger_target_dag' retrieved from /home/airflow/.local/lib/python3.12/site-packages/airflow/example_dags/example_trigger_target_dag.py
[2024-12-09T21:51:29.798+0000] {logging_mixin.py:190} INFO - [2024-12-09T21:51:29.798+0000] {dag.py:3239} INFO - Sync 1 DAGs
[2024-12-09T21:51:29.804+0000] {logging_mixin.py:190} INFO - [2024-12-09T21:51:29.804+0000] {dag.py:4180} INFO - Setting next_dagrun for example_trigger_target_dag to None, run_after=None
[2024-12-09T21:51:29.810+0000] {processor.py:208} INFO - Processing /home/airflow/.local/lib/python3.12/site-packages/airflow/example_dags/example_trigger_target_dag.py took 0.029 seconds
[2024-12-09T21:52:00.057+0000] {processor.py:186} INFO - Started process (PID=474) to work on /home/airflow/.local/lib/python3.12/site-packages/airflow/example_dags/example_trigger_target_dag.py
[2024-12-09T21:52:00.057+0000] {processor.py:914} INFO - Processing file /home/airflow/.local/lib/python3.12/site-packages/airflow/example_dags/example_trigger_target_dag.py for tasks to queue
[2024-12-09T21:52:00.058+0000] {logging_mixin.py:190} INFO - [2024-12-09T21:52:00.058+0000] {dagbag.py:588} INFO - Filling up the DagBag from /home/airflow/.local/lib/python3.12/site-packages/airflow/example_dags/example_trigger_target_dag.py
[2024-12-09T21:52:00.061+0000] {processor.py:925} INFO - DAG(s) 'example_trigger_target_dag' retrieved from /home/airflow/.local/lib/python3.12/site-packages/airflow/example_dags/example_trigger_target_dag.py
[2024-12-09T21:52:00.072+0000] {logging_mixin.py:190} INFO - [2024-12-09T21:52:00.072+0000] {dag.py:3239} INFO - Sync 1 DAGs
[2024-12-09T21:52:00.078+0000] {logging_mixin.py:190} INFO - [2024-12-09T21:52:00.078+0000] {dag.py:4180} INFO - Setting next_dagrun for example_trigger_target_dag to None, run_after=None
[2024-12-09T21:52:00.085+0000] {processor.py:208} INFO - Processing /home/airflow/.local/lib/python3.12/site-packages/airflow/example_dags/example_trigger_target_dag.py took 0.032 seconds
[2024-12-09T21:52:31.361+0000] {processor.py:186} INFO - Started process (PID=539) to work on /home/airflow/.local/lib/python3.12/site-packages/airflow/example_dags/example_trigger_target_dag.py
[2024-12-09T21:52:31.361+0000] {processor.py:914} INFO - Processing file /home/airflow/.local/lib/python3.12/site-packages/airflow/example_dags/example_trigger_target_dag.py for tasks to queue
[2024-12-09T21:52:31.362+0000] {logging_mixin.py:190} INFO - [2024-12-09T21:52:31.362+0000] {dagbag.py:588} INFO - Filling up the DagBag from /home/airflow/.local/lib/python3.12/site-packages/airflow/example_dags/example_trigger_target_dag.py
[2024-12-09T21:52:31.365+0000] {processor.py:925} INFO - DAG(s) 'example_trigger_target_dag' retrieved from /home/airflow/.local/lib/python3.12/site-packages/airflow/example_dags/example_trigger_target_dag.py
[2024-12-09T21:52:31.372+0000] {logging_mixin.py:190} INFO - [2024-12-09T21:52:31.372+0000] {dag.py:3239} INFO - Sync 1 DAGs
[2024-12-09T21:52:31.377+0000] {logging_mixin.py:190} INFO - [2024-12-09T21:52:31.377+0000] {dag.py:4180} INFO - Setting next_dagrun for example_trigger_target_dag to None, run_after=None
[2024-12-09T21:52:31.383+0000] {processor.py:208} INFO - Processing /home/airflow/.local/lib/python3.12/site-packages/airflow/example_dags/example_trigger_target_dag.py took 0.024 seconds
[2024-12-09T21:53:02.618+0000] {processor.py:186} INFO - Started process (PID=602) to work on /home/airflow/.local/lib/python3.12/site-packages/airflow/example_dags/example_trigger_target_dag.py
[2024-12-09T21:53:02.618+0000] {processor.py:914} INFO - Processing file /home/airflow/.local/lib/python3.12/site-packages/airflow/example_dags/example_trigger_target_dag.py for tasks to queue
[2024-12-09T21:53:02.619+0000] {logging_mixin.py:190} INFO - [2024-12-09T21:53:02.619+0000] {dagbag.py:588} INFO - Filling up the DagBag from /home/airflow/.local/lib/python3.12/site-packages/airflow/example_dags/example_trigger_target_dag.py
[2024-12-09T21:53:02.622+0000] {processor.py:925} INFO - DAG(s) 'example_trigger_target_dag' retrieved from /home/airflow/.local/lib/python3.12/site-packages/airflow/example_dags/example_trigger_target_dag.py
[2024-12-09T21:53:02.630+0000] {logging_mixin.py:190} INFO - [2024-12-09T21:53:02.630+0000] {dag.py:3239} INFO - Sync 1 DAGs
[2024-12-09T21:53:02.635+0000] {logging_mixin.py:190} INFO - [2024-12-09T21:53:02.635+0000] {dag.py:4180} INFO - Setting next_dagrun for example_trigger_target_dag to None, run_after=None
[2024-12-09T21:53:02.642+0000] {processor.py:208} INFO - Processing /home/airflow/.local/lib/python3.12/site-packages/airflow/example_dags/example_trigger_target_dag.py took 0.026 seconds
