[2024-12-09T21:48:56.650+0000] {processor.py:186} INFO - Started process (PID=88) to work on /home/airflow/.local/lib/python3.12/site-packages/airflow/example_dags/example_short_circuit_decorator.py
[2024-12-09T21:48:56.651+0000] {processor.py:914} INFO - Processing file /home/airflow/.local/lib/python3.12/site-packages/airflow/example_dags/example_short_circuit_decorator.py for tasks to queue
[2024-12-09T21:48:56.652+0000] {logging_mixin.py:190} INFO - [2024-12-09T21:48:56.652+0000] {dagbag.py:588} INFO - Filling up the DagBag from /home/airflow/.local/lib/python3.12/site-packages/airflow/example_dags/example_short_circuit_decorator.py
[2024-12-09T21:48:56.659+0000] {processor.py:925} INFO - DAG(s) 'example_short_circuit_decorator' retrieved from /home/airflow/.local/lib/python3.12/site-packages/airflow/example_dags/example_short_circuit_decorator.py
[2024-12-09T21:48:56.716+0000] {logging_mixin.py:190} INFO - [2024-12-09T21:48:56.715+0000] {override.py:1911} INFO - Created Permission View: can edit on DAG:example_short_circuit_decorator
[2024-12-09T21:48:56.727+0000] {logging_mixin.py:190} INFO - [2024-12-09T21:48:56.727+0000] {override.py:1911} INFO - Created Permission View: can read on DAG:example_short_circuit_decorator
[2024-12-09T21:48:56.731+0000] {logging_mixin.py:190} INFO - [2024-12-09T21:48:56.731+0000] {override.py:1911} INFO - Created Permission View: can delete on DAG:example_short_circuit_decorator
[2024-12-09T21:48:56.737+0000] {logging_mixin.py:190} INFO - [2024-12-09T21:48:56.736+0000] {override.py:1911} INFO - Created Permission View: menu access on DAG Run:example_short_circuit_decorator
[2024-12-09T21:48:56.740+0000] {logging_mixin.py:190} INFO - [2024-12-09T21:48:56.740+0000] {override.py:1911} INFO - Created Permission View: can read on DAG Run:example_short_circuit_decorator
[2024-12-09T21:48:56.743+0000] {logging_mixin.py:190} INFO - [2024-12-09T21:48:56.743+0000] {override.py:1911} INFO - Created Permission View: can delete on DAG Run:example_short_circuit_decorator
[2024-12-09T21:48:56.747+0000] {logging_mixin.py:190} INFO - [2024-12-09T21:48:56.747+0000] {override.py:1911} INFO - Created Permission View: can create on DAG Run:example_short_circuit_decorator
[2024-12-09T21:48:56.748+0000] {logging_mixin.py:190} INFO - [2024-12-09T21:48:56.748+0000] {dag.py:3239} INFO - Sync 1 DAGs
[2024-12-09T21:48:56.756+0000] {logging_mixin.py:190} INFO - [2024-12-09T21:48:56.755+0000] {dag.py:3262} INFO - Creating ORM DAG for example_short_circuit_decorator
[2024-12-09T21:48:56.756+0000] {logging_mixin.py:190} INFO - [2024-12-09T21:48:56.756+0000] {dag.py:4180} INFO - Setting next_dagrun for example_short_circuit_decorator to None, run_after=None
[2024-12-09T21:48:56.763+0000] {processor.py:208} INFO - Processing /home/airflow/.local/lib/python3.12/site-packages/airflow/example_dags/example_short_circuit_decorator.py took 0.119 seconds
[2024-12-09T21:49:27.742+0000] {processor.py:186} INFO - Started process (PID=157) to work on /home/airflow/.local/lib/python3.12/site-packages/airflow/example_dags/example_short_circuit_decorator.py
[2024-12-09T21:49:27.742+0000] {processor.py:914} INFO - Processing file /home/airflow/.local/lib/python3.12/site-packages/airflow/example_dags/example_short_circuit_decorator.py for tasks to queue
[2024-12-09T21:49:27.743+0000] {logging_mixin.py:190} INFO - [2024-12-09T21:49:27.743+0000] {dagbag.py:588} INFO - Filling up the DagBag from /home/airflow/.local/lib/python3.12/site-packages/airflow/example_dags/example_short_circuit_decorator.py
[2024-12-09T21:49:27.748+0000] {processor.py:925} INFO - DAG(s) 'example_short_circuit_decorator' retrieved from /home/airflow/.local/lib/python3.12/site-packages/airflow/example_dags/example_short_circuit_decorator.py
[2024-12-09T21:49:27.758+0000] {logging_mixin.py:190} INFO - [2024-12-09T21:49:27.758+0000] {dag.py:3239} INFO - Sync 1 DAGs
[2024-12-09T21:49:27.770+0000] {logging_mixin.py:190} INFO - [2024-12-09T21:49:27.770+0000] {dag.py:4180} INFO - Setting next_dagrun for example_short_circuit_decorator to None, run_after=None
[2024-12-09T21:49:27.779+0000] {processor.py:208} INFO - Processing /home/airflow/.local/lib/python3.12/site-packages/airflow/example_dags/example_short_circuit_decorator.py took 0.039 seconds
[2024-12-09T21:49:58.080+0000] {processor.py:186} INFO - Started process (PID=220) to work on /home/airflow/.local/lib/python3.12/site-packages/airflow/example_dags/example_short_circuit_decorator.py
[2024-12-09T21:49:58.080+0000] {processor.py:914} INFO - Processing file /home/airflow/.local/lib/python3.12/site-packages/airflow/example_dags/example_short_circuit_decorator.py for tasks to queue
[2024-12-09T21:49:58.081+0000] {logging_mixin.py:190} INFO - [2024-12-09T21:49:58.081+0000] {dagbag.py:588} INFO - Filling up the DagBag from /home/airflow/.local/lib/python3.12/site-packages/airflow/example_dags/example_short_circuit_decorator.py
[2024-12-09T21:49:58.085+0000] {processor.py:925} INFO - DAG(s) 'example_short_circuit_decorator' retrieved from /home/airflow/.local/lib/python3.12/site-packages/airflow/example_dags/example_short_circuit_decorator.py
[2024-12-09T21:49:58.094+0000] {logging_mixin.py:190} INFO - [2024-12-09T21:49:58.094+0000] {dag.py:3239} INFO - Sync 1 DAGs
[2024-12-09T21:49:58.099+0000] {logging_mixin.py:190} INFO - [2024-12-09T21:49:58.099+0000] {dag.py:4180} INFO - Setting next_dagrun for example_short_circuit_decorator to None, run_after=None
[2024-12-09T21:49:58.105+0000] {processor.py:208} INFO - Processing /home/airflow/.local/lib/python3.12/site-packages/airflow/example_dags/example_short_circuit_decorator.py took 0.028 seconds
[2024-12-09T21:50:28.424+0000] {processor.py:186} INFO - Started process (PID=283) to work on /home/airflow/.local/lib/python3.12/site-packages/airflow/example_dags/example_short_circuit_decorator.py
[2024-12-09T21:50:28.424+0000] {processor.py:914} INFO - Processing file /home/airflow/.local/lib/python3.12/site-packages/airflow/example_dags/example_short_circuit_decorator.py for tasks to queue
[2024-12-09T21:50:28.425+0000] {logging_mixin.py:190} INFO - [2024-12-09T21:50:28.425+0000] {dagbag.py:588} INFO - Filling up the DagBag from /home/airflow/.local/lib/python3.12/site-packages/airflow/example_dags/example_short_circuit_decorator.py
[2024-12-09T21:50:28.428+0000] {processor.py:925} INFO - DAG(s) 'example_short_circuit_decorator' retrieved from /home/airflow/.local/lib/python3.12/site-packages/airflow/example_dags/example_short_circuit_decorator.py
[2024-12-09T21:50:28.436+0000] {logging_mixin.py:190} INFO - [2024-12-09T21:50:28.436+0000] {dag.py:3239} INFO - Sync 1 DAGs
[2024-12-09T21:50:28.441+0000] {logging_mixin.py:190} INFO - [2024-12-09T21:50:28.441+0000] {dag.py:4180} INFO - Setting next_dagrun for example_short_circuit_decorator to None, run_after=None
[2024-12-09T21:50:28.446+0000] {processor.py:208} INFO - Processing /home/airflow/.local/lib/python3.12/site-packages/airflow/example_dags/example_short_circuit_decorator.py took 0.025 seconds
[2024-12-09T21:50:58.757+0000] {processor.py:186} INFO - Started process (PID=346) to work on /home/airflow/.local/lib/python3.12/site-packages/airflow/example_dags/example_short_circuit_decorator.py
[2024-12-09T21:50:58.757+0000] {processor.py:914} INFO - Processing file /home/airflow/.local/lib/python3.12/site-packages/airflow/example_dags/example_short_circuit_decorator.py for tasks to queue
[2024-12-09T21:50:58.758+0000] {logging_mixin.py:190} INFO - [2024-12-09T21:50:58.758+0000] {dagbag.py:588} INFO - Filling up the DagBag from /home/airflow/.local/lib/python3.12/site-packages/airflow/example_dags/example_short_circuit_decorator.py
[2024-12-09T21:50:58.763+0000] {processor.py:925} INFO - DAG(s) 'example_short_circuit_decorator' retrieved from /home/airflow/.local/lib/python3.12/site-packages/airflow/example_dags/example_short_circuit_decorator.py
[2024-12-09T21:50:58.772+0000] {logging_mixin.py:190} INFO - [2024-12-09T21:50:58.772+0000] {dag.py:3239} INFO - Sync 1 DAGs
[2024-12-09T21:50:58.778+0000] {logging_mixin.py:190} INFO - [2024-12-09T21:50:58.777+0000] {dag.py:4180} INFO - Setting next_dagrun for example_short_circuit_decorator to None, run_after=None
[2024-12-09T21:50:58.783+0000] {processor.py:208} INFO - Processing /home/airflow/.local/lib/python3.12/site-packages/airflow/example_dags/example_short_circuit_decorator.py took 0.029 seconds
[2024-12-09T21:51:29.748+0000] {processor.py:186} INFO - Started process (PID=409) to work on /home/airflow/.local/lib/python3.12/site-packages/airflow/example_dags/example_short_circuit_decorator.py
[2024-12-09T21:51:29.749+0000] {processor.py:914} INFO - Processing file /home/airflow/.local/lib/python3.12/site-packages/airflow/example_dags/example_short_circuit_decorator.py for tasks to queue
[2024-12-09T21:51:29.750+0000] {logging_mixin.py:190} INFO - [2024-12-09T21:51:29.750+0000] {dagbag.py:588} INFO - Filling up the DagBag from /home/airflow/.local/lib/python3.12/site-packages/airflow/example_dags/example_short_circuit_decorator.py
[2024-12-09T21:51:29.755+0000] {processor.py:925} INFO - DAG(s) 'example_short_circuit_decorator' retrieved from /home/airflow/.local/lib/python3.12/site-packages/airflow/example_dags/example_short_circuit_decorator.py
[2024-12-09T21:51:29.763+0000] {logging_mixin.py:190} INFO - [2024-12-09T21:51:29.763+0000] {dag.py:3239} INFO - Sync 1 DAGs
[2024-12-09T21:51:29.768+0000] {logging_mixin.py:190} INFO - [2024-12-09T21:51:29.768+0000] {dag.py:4180} INFO - Setting next_dagrun for example_short_circuit_decorator to None, run_after=None
[2024-12-09T21:51:29.774+0000] {processor.py:208} INFO - Processing /home/airflow/.local/lib/python3.12/site-packages/airflow/example_dags/example_short_circuit_decorator.py took 0.028 seconds
[2024-12-09T21:52:00.004+0000] {processor.py:186} INFO - Started process (PID=472) to work on /home/airflow/.local/lib/python3.12/site-packages/airflow/example_dags/example_short_circuit_decorator.py
[2024-12-09T21:52:00.004+0000] {processor.py:914} INFO - Processing file /home/airflow/.local/lib/python3.12/site-packages/airflow/example_dags/example_short_circuit_decorator.py for tasks to queue
[2024-12-09T21:52:00.005+0000] {logging_mixin.py:190} INFO - [2024-12-09T21:52:00.005+0000] {dagbag.py:588} INFO - Filling up the DagBag from /home/airflow/.local/lib/python3.12/site-packages/airflow/example_dags/example_short_circuit_decorator.py
[2024-12-09T21:52:00.009+0000] {processor.py:925} INFO - DAG(s) 'example_short_circuit_decorator' retrieved from /home/airflow/.local/lib/python3.12/site-packages/airflow/example_dags/example_short_circuit_decorator.py
[2024-12-09T21:52:00.019+0000] {logging_mixin.py:190} INFO - [2024-12-09T21:52:00.019+0000] {dag.py:3239} INFO - Sync 1 DAGs
[2024-12-09T21:52:00.024+0000] {logging_mixin.py:190} INFO - [2024-12-09T21:52:00.024+0000] {dag.py:4180} INFO - Setting next_dagrun for example_short_circuit_decorator to None, run_after=None
[2024-12-09T21:52:00.031+0000] {processor.py:208} INFO - Processing /home/airflow/.local/lib/python3.12/site-packages/airflow/example_dags/example_short_circuit_decorator.py took 0.030 seconds
[2024-12-09T21:52:31.077+0000] {processor.py:186} INFO - Started process (PID=535) to work on /home/airflow/.local/lib/python3.12/site-packages/airflow/example_dags/example_short_circuit_decorator.py
[2024-12-09T21:52:31.077+0000] {processor.py:914} INFO - Processing file /home/airflow/.local/lib/python3.12/site-packages/airflow/example_dags/example_short_circuit_decorator.py for tasks to queue
[2024-12-09T21:52:31.078+0000] {logging_mixin.py:190} INFO - [2024-12-09T21:52:31.078+0000] {dagbag.py:588} INFO - Filling up the DagBag from /home/airflow/.local/lib/python3.12/site-packages/airflow/example_dags/example_short_circuit_decorator.py
[2024-12-09T21:52:31.082+0000] {processor.py:925} INFO - DAG(s) 'example_short_circuit_decorator' retrieved from /home/airflow/.local/lib/python3.12/site-packages/airflow/example_dags/example_short_circuit_decorator.py
[2024-12-09T21:52:31.090+0000] {logging_mixin.py:190} INFO - [2024-12-09T21:52:31.089+0000] {dag.py:3239} INFO - Sync 1 DAGs
[2024-12-09T21:52:31.094+0000] {logging_mixin.py:190} INFO - [2024-12-09T21:52:31.094+0000] {dag.py:4180} INFO - Setting next_dagrun for example_short_circuit_decorator to None, run_after=None
[2024-12-09T21:52:31.099+0000] {processor.py:208} INFO - Processing /home/airflow/.local/lib/python3.12/site-packages/airflow/example_dags/example_short_circuit_decorator.py took 0.024 seconds
[2024-12-09T21:53:02.315+0000] {processor.py:186} INFO - Started process (PID=598) to work on /home/airflow/.local/lib/python3.12/site-packages/airflow/example_dags/example_short_circuit_decorator.py
[2024-12-09T21:53:02.315+0000] {processor.py:914} INFO - Processing file /home/airflow/.local/lib/python3.12/site-packages/airflow/example_dags/example_short_circuit_decorator.py for tasks to queue
[2024-12-09T21:53:02.316+0000] {logging_mixin.py:190} INFO - [2024-12-09T21:53:02.316+0000] {dagbag.py:588} INFO - Filling up the DagBag from /home/airflow/.local/lib/python3.12/site-packages/airflow/example_dags/example_short_circuit_decorator.py
[2024-12-09T21:53:02.320+0000] {processor.py:925} INFO - DAG(s) 'example_short_circuit_decorator' retrieved from /home/airflow/.local/lib/python3.12/site-packages/airflow/example_dags/example_short_circuit_decorator.py
[2024-12-09T21:53:02.328+0000] {logging_mixin.py:190} INFO - [2024-12-09T21:53:02.328+0000] {dag.py:3239} INFO - Sync 1 DAGs
[2024-12-09T21:53:02.333+0000] {logging_mixin.py:190} INFO - [2024-12-09T21:53:02.333+0000] {dag.py:4180} INFO - Setting next_dagrun for example_short_circuit_decorator to None, run_after=None
[2024-12-09T21:53:02.339+0000] {processor.py:208} INFO - Processing /home/airflow/.local/lib/python3.12/site-packages/airflow/example_dags/example_short_circuit_decorator.py took 0.026 seconds
