[2024-12-09T21:48:57.488+0000] {processor.py:186} INFO - Started process (PID=102) to work on /home/airflow/.local/lib/python3.12/site-packages/airflow/example_dags/example_dag_decorator.py
[2024-12-09T21:48:57.488+0000] {processor.py:914} INFO - Processing file /home/airflow/.local/lib/python3.12/site-packages/airflow/example_dags/example_dag_decorator.py for tasks to queue
[2024-12-09T21:48:57.489+0000] {logging_mixin.py:190} INFO - [2024-12-09T21:48:57.489+0000] {dagbag.py:588} INFO - Filling up the DagBag from /home/airflow/.local/lib/python3.12/site-packages/airflow/example_dags/example_dag_decorator.py
[2024-12-09T21:48:57.495+0000] {processor.py:925} INFO - DAG(s) 'example_dag_decorator' retrieved from /home/airflow/.local/lib/python3.12/site-packages/airflow/example_dags/example_dag_decorator.py
[2024-12-09T21:48:57.533+0000] {logging_mixin.py:190} INFO - [2024-12-09T21:48:57.533+0000] {override.py:1911} INFO - Created Permission View: can edit on DAG:example_dag_decorator
[2024-12-09T21:48:57.536+0000] {logging_mixin.py:190} INFO - [2024-12-09T21:48:57.536+0000] {override.py:1911} INFO - Created Permission View: can read on DAG:example_dag_decorator
[2024-12-09T21:48:57.540+0000] {logging_mixin.py:190} INFO - [2024-12-09T21:48:57.540+0000] {override.py:1911} INFO - Created Permission View: can delete on DAG:example_dag_decorator
[2024-12-09T21:48:57.541+0000] {logging_mixin.py:190} INFO - [2024-12-09T21:48:57.541+0000] {override.py:1911} INFO - Created Permission View: menu access on DAG Run:example_dag_decorator
[2024-12-09T21:48:57.543+0000] {logging_mixin.py:190} INFO - [2024-12-09T21:48:57.543+0000] {override.py:1911} INFO - Created Permission View: can read on DAG Run:example_dag_decorator
[2024-12-09T21:48:57.544+0000] {logging_mixin.py:190} INFO - [2024-12-09T21:48:57.544+0000] {override.py:1911} INFO - Created Permission View: can delete on DAG Run:example_dag_decorator
[2024-12-09T21:48:57.546+0000] {logging_mixin.py:190} INFO - [2024-12-09T21:48:57.546+0000] {override.py:1911} INFO - Created Permission View: can create on DAG Run:example_dag_decorator
[2024-12-09T21:48:57.548+0000] {logging_mixin.py:190} INFO - [2024-12-09T21:48:57.547+0000] {dag.py:3239} INFO - Sync 1 DAGs
[2024-12-09T21:48:57.554+0000] {logging_mixin.py:190} INFO - [2024-12-09T21:48:57.554+0000] {dag.py:3262} INFO - Creating ORM DAG for example_dag_decorator
[2024-12-09T21:48:57.554+0000] {logging_mixin.py:190} INFO - [2024-12-09T21:48:57.554+0000] {dag.py:4180} INFO - Setting next_dagrun for example_dag_decorator to None, run_after=None
[2024-12-09T21:48:57.560+0000] {processor.py:208} INFO - Processing /home/airflow/.local/lib/python3.12/site-packages/airflow/example_dags/example_dag_decorator.py took 0.075 seconds
[2024-12-09T21:49:28.226+0000] {processor.py:186} INFO - Started process (PID=165) to work on /home/airflow/.local/lib/python3.12/site-packages/airflow/example_dags/example_dag_decorator.py
[2024-12-09T21:49:28.226+0000] {processor.py:914} INFO - Processing file /home/airflow/.local/lib/python3.12/site-packages/airflow/example_dags/example_dag_decorator.py for tasks to queue
[2024-12-09T21:49:28.230+0000] {logging_mixin.py:190} INFO - [2024-12-09T21:49:28.229+0000] {dagbag.py:588} INFO - Filling up the DagBag from /home/airflow/.local/lib/python3.12/site-packages/airflow/example_dags/example_dag_decorator.py
[2024-12-09T21:49:28.236+0000] {processor.py:925} INFO - DAG(s) 'example_dag_decorator' retrieved from /home/airflow/.local/lib/python3.12/site-packages/airflow/example_dags/example_dag_decorator.py
[2024-12-09T21:49:28.286+0000] {logging_mixin.py:190} INFO - [2024-12-09T21:49:28.286+0000] {dag.py:3239} INFO - Sync 1 DAGs
[2024-12-09T21:49:28.293+0000] {logging_mixin.py:190} INFO - [2024-12-09T21:49:28.293+0000] {dag.py:4180} INFO - Setting next_dagrun for example_dag_decorator to None, run_after=None
[2024-12-09T21:49:28.300+0000] {processor.py:208} INFO - Processing /home/airflow/.local/lib/python3.12/site-packages/airflow/example_dags/example_dag_decorator.py took 0.077 seconds
[2024-12-09T21:49:58.596+0000] {processor.py:186} INFO - Started process (PID=228) to work on /home/airflow/.local/lib/python3.12/site-packages/airflow/example_dags/example_dag_decorator.py
[2024-12-09T21:49:58.597+0000] {processor.py:914} INFO - Processing file /home/airflow/.local/lib/python3.12/site-packages/airflow/example_dags/example_dag_decorator.py for tasks to queue
[2024-12-09T21:49:58.598+0000] {logging_mixin.py:190} INFO - [2024-12-09T21:49:58.597+0000] {dagbag.py:588} INFO - Filling up the DagBag from /home/airflow/.local/lib/python3.12/site-packages/airflow/example_dags/example_dag_decorator.py
[2024-12-09T21:49:58.603+0000] {processor.py:925} INFO - DAG(s) 'example_dag_decorator' retrieved from /home/airflow/.local/lib/python3.12/site-packages/airflow/example_dags/example_dag_decorator.py
[2024-12-09T21:49:58.654+0000] {logging_mixin.py:190} INFO - [2024-12-09T21:49:58.654+0000] {dag.py:3239} INFO - Sync 1 DAGs
[2024-12-09T21:49:58.659+0000] {logging_mixin.py:190} INFO - [2024-12-09T21:49:58.659+0000] {dag.py:4180} INFO - Setting next_dagrun for example_dag_decorator to None, run_after=None
[2024-12-09T21:49:58.667+0000] {processor.py:208} INFO - Processing /home/airflow/.local/lib/python3.12/site-packages/airflow/example_dags/example_dag_decorator.py took 0.073 seconds
[2024-12-09T21:50:28.742+0000] {processor.py:186} INFO - Started process (PID=291) to work on /home/airflow/.local/lib/python3.12/site-packages/airflow/example_dags/example_dag_decorator.py
[2024-12-09T21:50:28.746+0000] {processor.py:914} INFO - Processing file /home/airflow/.local/lib/python3.12/site-packages/airflow/example_dags/example_dag_decorator.py for tasks to queue
[2024-12-09T21:50:28.747+0000] {logging_mixin.py:190} INFO - [2024-12-09T21:50:28.747+0000] {dagbag.py:588} INFO - Filling up the DagBag from /home/airflow/.local/lib/python3.12/site-packages/airflow/example_dags/example_dag_decorator.py
[2024-12-09T21:50:28.752+0000] {processor.py:925} INFO - DAG(s) 'example_dag_decorator' retrieved from /home/airflow/.local/lib/python3.12/site-packages/airflow/example_dags/example_dag_decorator.py
[2024-12-09T21:50:28.792+0000] {logging_mixin.py:190} INFO - [2024-12-09T21:50:28.792+0000] {dag.py:3239} INFO - Sync 1 DAGs
[2024-12-09T21:50:28.796+0000] {logging_mixin.py:190} INFO - [2024-12-09T21:50:28.796+0000] {dag.py:4180} INFO - Setting next_dagrun for example_dag_decorator to None, run_after=None
[2024-12-09T21:50:28.802+0000] {processor.py:208} INFO - Processing /home/airflow/.local/lib/python3.12/site-packages/airflow/example_dags/example_dag_decorator.py took 0.062 seconds
[2024-12-09T21:50:58.894+0000] {processor.py:186} INFO - Started process (PID=353) to work on /home/airflow/.local/lib/python3.12/site-packages/airflow/example_dags/example_dag_decorator.py
[2024-12-09T21:50:58.895+0000] {processor.py:914} INFO - Processing file /home/airflow/.local/lib/python3.12/site-packages/airflow/example_dags/example_dag_decorator.py for tasks to queue
[2024-12-09T21:50:58.896+0000] {logging_mixin.py:190} INFO - [2024-12-09T21:50:58.896+0000] {dagbag.py:588} INFO - Filling up the DagBag from /home/airflow/.local/lib/python3.12/site-packages/airflow/example_dags/example_dag_decorator.py
[2024-12-09T21:50:58.900+0000] {processor.py:925} INFO - DAG(s) 'example_dag_decorator' retrieved from /home/airflow/.local/lib/python3.12/site-packages/airflow/example_dags/example_dag_decorator.py
[2024-12-09T21:50:58.939+0000] {logging_mixin.py:190} INFO - [2024-12-09T21:50:58.939+0000] {dag.py:3239} INFO - Sync 1 DAGs
[2024-12-09T21:50:58.943+0000] {logging_mixin.py:190} INFO - [2024-12-09T21:50:58.943+0000] {dag.py:4180} INFO - Setting next_dagrun for example_dag_decorator to None, run_after=None
[2024-12-09T21:50:58.948+0000] {processor.py:208} INFO - Processing /home/airflow/.local/lib/python3.12/site-packages/airflow/example_dags/example_dag_decorator.py took 0.056 seconds
[2024-12-09T21:51:29.860+0000] {processor.py:186} INFO - Started process (PID=415) to work on /home/airflow/.local/lib/python3.12/site-packages/airflow/example_dags/example_dag_decorator.py
[2024-12-09T21:51:29.860+0000] {processor.py:914} INFO - Processing file /home/airflow/.local/lib/python3.12/site-packages/airflow/example_dags/example_dag_decorator.py for tasks to queue
[2024-12-09T21:51:29.862+0000] {logging_mixin.py:190} INFO - [2024-12-09T21:51:29.862+0000] {dagbag.py:588} INFO - Filling up the DagBag from /home/airflow/.local/lib/python3.12/site-packages/airflow/example_dags/example_dag_decorator.py
[2024-12-09T21:51:29.870+0000] {processor.py:925} INFO - DAG(s) 'example_dag_decorator' retrieved from /home/airflow/.local/lib/python3.12/site-packages/airflow/example_dags/example_dag_decorator.py
[2024-12-09T21:51:29.910+0000] {logging_mixin.py:190} INFO - [2024-12-09T21:51:29.909+0000] {dag.py:3239} INFO - Sync 1 DAGs
[2024-12-09T21:51:29.914+0000] {logging_mixin.py:190} INFO - [2024-12-09T21:51:29.914+0000] {dag.py:4180} INFO - Setting next_dagrun for example_dag_decorator to None, run_after=None
[2024-12-09T21:51:29.921+0000] {processor.py:208} INFO - Processing /home/airflow/.local/lib/python3.12/site-packages/airflow/example_dags/example_dag_decorator.py took 0.064 seconds
[2024-12-09T21:52:00.145+0000] {processor.py:186} INFO - Started process (PID=478) to work on /home/airflow/.local/lib/python3.12/site-packages/airflow/example_dags/example_dag_decorator.py
[2024-12-09T21:52:00.149+0000] {processor.py:914} INFO - Processing file /home/airflow/.local/lib/python3.12/site-packages/airflow/example_dags/example_dag_decorator.py for tasks to queue
[2024-12-09T21:52:00.150+0000] {logging_mixin.py:190} INFO - [2024-12-09T21:52:00.150+0000] {dagbag.py:588} INFO - Filling up the DagBag from /home/airflow/.local/lib/python3.12/site-packages/airflow/example_dags/example_dag_decorator.py
[2024-12-09T21:52:00.156+0000] {processor.py:925} INFO - DAG(s) 'example_dag_decorator' retrieved from /home/airflow/.local/lib/python3.12/site-packages/airflow/example_dags/example_dag_decorator.py
[2024-12-09T21:52:00.202+0000] {logging_mixin.py:190} INFO - [2024-12-09T21:52:00.202+0000] {dag.py:3239} INFO - Sync 1 DAGs
[2024-12-09T21:52:00.208+0000] {logging_mixin.py:190} INFO - [2024-12-09T21:52:00.208+0000] {dag.py:4180} INFO - Setting next_dagrun for example_dag_decorator to None, run_after=None
[2024-12-09T21:52:00.217+0000] {processor.py:208} INFO - Processing /home/airflow/.local/lib/python3.12/site-packages/airflow/example_dags/example_dag_decorator.py took 0.074 seconds
[2024-12-09T21:52:31.447+0000] {processor.py:186} INFO - Started process (PID=543) to work on /home/airflow/.local/lib/python3.12/site-packages/airflow/example_dags/example_dag_decorator.py
[2024-12-09T21:52:31.450+0000] {processor.py:914} INFO - Processing file /home/airflow/.local/lib/python3.12/site-packages/airflow/example_dags/example_dag_decorator.py for tasks to queue
[2024-12-09T21:52:31.451+0000] {logging_mixin.py:190} INFO - [2024-12-09T21:52:31.451+0000] {dagbag.py:588} INFO - Filling up the DagBag from /home/airflow/.local/lib/python3.12/site-packages/airflow/example_dags/example_dag_decorator.py
[2024-12-09T21:52:31.456+0000] {processor.py:925} INFO - DAG(s) 'example_dag_decorator' retrieved from /home/airflow/.local/lib/python3.12/site-packages/airflow/example_dags/example_dag_decorator.py
[2024-12-09T21:52:31.496+0000] {logging_mixin.py:190} INFO - [2024-12-09T21:52:31.496+0000] {dag.py:3239} INFO - Sync 1 DAGs
[2024-12-09T21:52:31.502+0000] {logging_mixin.py:190} INFO - [2024-12-09T21:52:31.502+0000] {dag.py:4180} INFO - Setting next_dagrun for example_dag_decorator to None, run_after=None
[2024-12-09T21:52:31.508+0000] {processor.py:208} INFO - Processing /home/airflow/.local/lib/python3.12/site-packages/airflow/example_dags/example_dag_decorator.py took 0.063 seconds
[2024-12-09T21:53:02.711+0000] {processor.py:186} INFO - Started process (PID=606) to work on /home/airflow/.local/lib/python3.12/site-packages/airflow/example_dags/example_dag_decorator.py
[2024-12-09T21:53:02.714+0000] {processor.py:914} INFO - Processing file /home/airflow/.local/lib/python3.12/site-packages/airflow/example_dags/example_dag_decorator.py for tasks to queue
[2024-12-09T21:53:02.718+0000] {logging_mixin.py:190} INFO - [2024-12-09T21:53:02.718+0000] {dagbag.py:588} INFO - Filling up the DagBag from /home/airflow/.local/lib/python3.12/site-packages/airflow/example_dags/example_dag_decorator.py
[2024-12-09T21:53:02.723+0000] {processor.py:925} INFO - DAG(s) 'example_dag_decorator' retrieved from /home/airflow/.local/lib/python3.12/site-packages/airflow/example_dags/example_dag_decorator.py
[2024-12-09T21:53:02.767+0000] {logging_mixin.py:190} INFO - [2024-12-09T21:53:02.766+0000] {dag.py:3239} INFO - Sync 1 DAGs
[2024-12-09T21:53:02.773+0000] {logging_mixin.py:190} INFO - [2024-12-09T21:53:02.772+0000] {dag.py:4180} INFO - Setting next_dagrun for example_dag_decorator to None, run_after=None
[2024-12-09T21:53:02.779+0000] {processor.py:208} INFO - Processing /home/airflow/.local/lib/python3.12/site-packages/airflow/example_dags/example_dag_decorator.py took 0.071 seconds
