[2024-12-09T21:48:53.772+0000] {processor.py:186} INFO - Started process (PID=53) to work on /home/airflow/.local/lib/python3.12/site-packages/airflow/example_dags/example_workday_timetable.py
[2024-12-09T21:48:53.773+0000] {processor.py:914} INFO - Processing file /home/airflow/.local/lib/python3.12/site-packages/airflow/example_dags/example_workday_timetable.py for tasks to queue
[2024-12-09T21:48:53.774+0000] {logging_mixin.py:190} INFO - [2024-12-09T21:48:53.774+0000] {dagbag.py:588} INFO - Filling up the DagBag from /home/airflow/.local/lib/python3.12/site-packages/airflow/example_dags/example_workday_timetable.py
[2024-12-09T21:48:53.778+0000] {processor.py:925} INFO - DAG(s) 'example_workday_timetable' retrieved from /home/airflow/.local/lib/python3.12/site-packages/airflow/example_dags/example_workday_timetable.py
[2024-12-09T21:48:53.828+0000] {logging_mixin.py:190} INFO - [2024-12-09T21:48:53.828+0000] {override.py:1911} INFO - Created Permission View: can edit on DAG:example_workday_timetable
[2024-12-09T21:48:53.833+0000] {logging_mixin.py:190} INFO - [2024-12-09T21:48:53.833+0000] {override.py:1911} INFO - Created Permission View: can read on DAG:example_workday_timetable
[2024-12-09T21:48:53.837+0000] {logging_mixin.py:190} INFO - [2024-12-09T21:48:53.837+0000] {override.py:1911} INFO - Created Permission View: can delete on DAG:example_workday_timetable
[2024-12-09T21:48:53.851+0000] {logging_mixin.py:190} INFO - [2024-12-09T21:48:53.850+0000] {override.py:1911} INFO - Created Permission View: menu access on DAG Run:example_workday_timetable
[2024-12-09T21:48:53.853+0000] {logging_mixin.py:190} INFO - [2024-12-09T21:48:53.853+0000] {override.py:1911} INFO - Created Permission View: can read on DAG Run:example_workday_timetable
[2024-12-09T21:48:53.855+0000] {logging_mixin.py:190} INFO - [2024-12-09T21:48:53.855+0000] {override.py:1911} INFO - Created Permission View: can delete on DAG Run:example_workday_timetable
[2024-12-09T21:48:53.857+0000] {logging_mixin.py:190} INFO - [2024-12-09T21:48:53.857+0000] {override.py:1911} INFO - Created Permission View: can create on DAG Run:example_workday_timetable
[2024-12-09T21:48:53.858+0000] {logging_mixin.py:190} INFO - [2024-12-09T21:48:53.857+0000] {dag.py:3239} INFO - Sync 1 DAGs
[2024-12-09T21:48:53.864+0000] {logging_mixin.py:190} INFO - [2024-12-09T21:48:53.864+0000] {dag.py:3262} INFO - Creating ORM DAG for example_workday_timetable
[2024-12-09T21:48:53.882+0000] {logging_mixin.py:190} INFO - [2024-12-09T21:48:53.882+0000] {dag.py:4180} INFO - Setting next_dagrun for example_workday_timetable to 2021-01-04 00:00:00+00:00, run_after=2021-01-05 00:00:00+00:00
[2024-12-09T21:48:53.890+0000] {processor.py:208} INFO - Processing /home/airflow/.local/lib/python3.12/site-packages/airflow/example_dags/example_workday_timetable.py took 0.123 seconds
[2024-12-09T21:49:24.073+0000] {processor.py:186} INFO - Started process (PID=116) to work on /home/airflow/.local/lib/python3.12/site-packages/airflow/example_dags/example_workday_timetable.py
[2024-12-09T21:49:24.074+0000] {processor.py:914} INFO - Processing file /home/airflow/.local/lib/python3.12/site-packages/airflow/example_dags/example_workday_timetable.py for tasks to queue
[2024-12-09T21:49:24.077+0000] {logging_mixin.py:190} INFO - [2024-12-09T21:49:24.076+0000] {dagbag.py:588} INFO - Filling up the DagBag from /home/airflow/.local/lib/python3.12/site-packages/airflow/example_dags/example_workday_timetable.py
[2024-12-09T21:49:24.079+0000] {processor.py:925} INFO - DAG(s) 'example_workday_timetable' retrieved from /home/airflow/.local/lib/python3.12/site-packages/airflow/example_dags/example_workday_timetable.py
[2024-12-09T21:49:24.089+0000] {logging_mixin.py:190} INFO - [2024-12-09T21:49:24.089+0000] {dag.py:3239} INFO - Sync 1 DAGs
[2024-12-09T21:49:24.111+0000] {logging_mixin.py:190} INFO - [2024-12-09T21:49:24.111+0000] {dag.py:4180} INFO - Setting next_dagrun for example_workday_timetable to 2021-01-04 00:00:00+00:00, run_after=2021-01-05 00:00:00+00:00
[2024-12-09T21:49:24.117+0000] {processor.py:208} INFO - Processing /home/airflow/.local/lib/python3.12/site-packages/airflow/example_dags/example_workday_timetable.py took 0.047 seconds
[2024-12-09T21:49:54.794+0000] {processor.py:186} INFO - Started process (PID=179) to work on /home/airflow/.local/lib/python3.12/site-packages/airflow/example_dags/example_workday_timetable.py
[2024-12-09T21:49:54.795+0000] {processor.py:914} INFO - Processing file /home/airflow/.local/lib/python3.12/site-packages/airflow/example_dags/example_workday_timetable.py for tasks to queue
[2024-12-09T21:49:54.796+0000] {logging_mixin.py:190} INFO - [2024-12-09T21:49:54.795+0000] {dagbag.py:588} INFO - Filling up the DagBag from /home/airflow/.local/lib/python3.12/site-packages/airflow/example_dags/example_workday_timetable.py
[2024-12-09T21:49:54.798+0000] {processor.py:925} INFO - DAG(s) 'example_workday_timetable' retrieved from /home/airflow/.local/lib/python3.12/site-packages/airflow/example_dags/example_workday_timetable.py
[2024-12-09T21:49:54.806+0000] {logging_mixin.py:190} INFO - [2024-12-09T21:49:54.806+0000] {dag.py:3239} INFO - Sync 1 DAGs
[2024-12-09T21:49:54.829+0000] {logging_mixin.py:190} INFO - [2024-12-09T21:49:54.829+0000] {dag.py:4180} INFO - Setting next_dagrun for example_workday_timetable to 2021-01-04 00:00:00+00:00, run_after=2021-01-05 00:00:00+00:00
[2024-12-09T21:49:54.835+0000] {processor.py:208} INFO - Processing /home/airflow/.local/lib/python3.12/site-packages/airflow/example_dags/example_workday_timetable.py took 0.043 seconds
[2024-12-09T21:50:25.235+0000] {processor.py:186} INFO - Started process (PID=242) to work on /home/airflow/.local/lib/python3.12/site-packages/airflow/example_dags/example_workday_timetable.py
[2024-12-09T21:50:25.236+0000] {processor.py:914} INFO - Processing file /home/airflow/.local/lib/python3.12/site-packages/airflow/example_dags/example_workday_timetable.py for tasks to queue
[2024-12-09T21:50:25.237+0000] {logging_mixin.py:190} INFO - [2024-12-09T21:50:25.237+0000] {dagbag.py:588} INFO - Filling up the DagBag from /home/airflow/.local/lib/python3.12/site-packages/airflow/example_dags/example_workday_timetable.py
[2024-12-09T21:50:25.240+0000] {processor.py:925} INFO - DAG(s) 'example_workday_timetable' retrieved from /home/airflow/.local/lib/python3.12/site-packages/airflow/example_dags/example_workday_timetable.py
[2024-12-09T21:50:25.252+0000] {logging_mixin.py:190} INFO - [2024-12-09T21:50:25.251+0000] {dag.py:3239} INFO - Sync 1 DAGs
[2024-12-09T21:50:25.275+0000] {logging_mixin.py:190} INFO - [2024-12-09T21:50:25.274+0000] {dag.py:4180} INFO - Setting next_dagrun for example_workday_timetable to 2021-01-04 00:00:00+00:00, run_after=2021-01-05 00:00:00+00:00
[2024-12-09T21:50:25.282+0000] {processor.py:208} INFO - Processing /home/airflow/.local/lib/python3.12/site-packages/airflow/example_dags/example_workday_timetable.py took 0.051 seconds
[2024-12-09T21:50:55.340+0000] {processor.py:186} INFO - Started process (PID=305) to work on /home/airflow/.local/lib/python3.12/site-packages/airflow/example_dags/example_workday_timetable.py
[2024-12-09T21:50:55.342+0000] {processor.py:914} INFO - Processing file /home/airflow/.local/lib/python3.12/site-packages/airflow/example_dags/example_workday_timetable.py for tasks to queue
[2024-12-09T21:50:55.343+0000] {logging_mixin.py:190} INFO - [2024-12-09T21:50:55.343+0000] {dagbag.py:588} INFO - Filling up the DagBag from /home/airflow/.local/lib/python3.12/site-packages/airflow/example_dags/example_workday_timetable.py
[2024-12-09T21:50:55.345+0000] {processor.py:925} INFO - DAG(s) 'example_workday_timetable' retrieved from /home/airflow/.local/lib/python3.12/site-packages/airflow/example_dags/example_workday_timetable.py
[2024-12-09T21:50:55.352+0000] {logging_mixin.py:190} INFO - [2024-12-09T21:50:55.352+0000] {dag.py:3239} INFO - Sync 1 DAGs
[2024-12-09T21:50:55.371+0000] {logging_mixin.py:190} INFO - [2024-12-09T21:50:55.371+0000] {dag.py:4180} INFO - Setting next_dagrun for example_workday_timetable to 2021-01-04 00:00:00+00:00, run_after=2021-01-05 00:00:00+00:00
[2024-12-09T21:50:55.377+0000] {processor.py:208} INFO - Processing /home/airflow/.local/lib/python3.12/site-packages/airflow/example_dags/example_workday_timetable.py took 0.039 seconds
[2024-12-09T21:51:25.588+0000] {processor.py:186} INFO - Started process (PID=368) to work on /home/airflow/.local/lib/python3.12/site-packages/airflow/example_dags/example_workday_timetable.py
[2024-12-09T21:51:25.589+0000] {processor.py:914} INFO - Processing file /home/airflow/.local/lib/python3.12/site-packages/airflow/example_dags/example_workday_timetable.py for tasks to queue
[2024-12-09T21:51:25.590+0000] {logging_mixin.py:190} INFO - [2024-12-09T21:51:25.590+0000] {dagbag.py:588} INFO - Filling up the DagBag from /home/airflow/.local/lib/python3.12/site-packages/airflow/example_dags/example_workday_timetable.py
[2024-12-09T21:51:25.592+0000] {processor.py:925} INFO - DAG(s) 'example_workday_timetable' retrieved from /home/airflow/.local/lib/python3.12/site-packages/airflow/example_dags/example_workday_timetable.py
[2024-12-09T21:51:25.603+0000] {logging_mixin.py:190} INFO - [2024-12-09T21:51:25.603+0000] {dag.py:3239} INFO - Sync 1 DAGs
[2024-12-09T21:51:25.622+0000] {logging_mixin.py:190} INFO - [2024-12-09T21:51:25.622+0000] {dag.py:4180} INFO - Setting next_dagrun for example_workday_timetable to 2021-01-04 00:00:00+00:00, run_after=2021-01-05 00:00:00+00:00
[2024-12-09T21:51:25.628+0000] {processor.py:208} INFO - Processing /home/airflow/.local/lib/python3.12/site-packages/airflow/example_dags/example_workday_timetable.py took 0.042 seconds
[2024-12-09T21:51:55.890+0000] {processor.py:186} INFO - Started process (PID=432) to work on /home/airflow/.local/lib/python3.12/site-packages/airflow/example_dags/example_workday_timetable.py
[2024-12-09T21:51:55.891+0000] {processor.py:914} INFO - Processing file /home/airflow/.local/lib/python3.12/site-packages/airflow/example_dags/example_workday_timetable.py for tasks to queue
[2024-12-09T21:51:55.891+0000] {logging_mixin.py:190} INFO - [2024-12-09T21:51:55.891+0000] {dagbag.py:588} INFO - Filling up the DagBag from /home/airflow/.local/lib/python3.12/site-packages/airflow/example_dags/example_workday_timetable.py
[2024-12-09T21:51:55.894+0000] {processor.py:925} INFO - DAG(s) 'example_workday_timetable' retrieved from /home/airflow/.local/lib/python3.12/site-packages/airflow/example_dags/example_workday_timetable.py
[2024-12-09T21:51:55.902+0000] {logging_mixin.py:190} INFO - [2024-12-09T21:51:55.902+0000] {dag.py:3239} INFO - Sync 1 DAGs
[2024-12-09T21:51:55.920+0000] {logging_mixin.py:190} INFO - [2024-12-09T21:51:55.920+0000] {dag.py:4180} INFO - Setting next_dagrun for example_workday_timetable to 2021-01-04 00:00:00+00:00, run_after=2021-01-05 00:00:00+00:00
[2024-12-09T21:51:55.926+0000] {processor.py:208} INFO - Processing /home/airflow/.local/lib/python3.12/site-packages/airflow/example_dags/example_workday_timetable.py took 0.038 seconds
[2024-12-09T21:52:25.990+0000] {processor.py:186} INFO - Started process (PID=495) to work on /home/airflow/.local/lib/python3.12/site-packages/airflow/example_dags/example_workday_timetable.py
[2024-12-09T21:52:25.991+0000] {processor.py:914} INFO - Processing file /home/airflow/.local/lib/python3.12/site-packages/airflow/example_dags/example_workday_timetable.py for tasks to queue
[2024-12-09T21:52:25.992+0000] {logging_mixin.py:190} INFO - [2024-12-09T21:52:25.992+0000] {dagbag.py:588} INFO - Filling up the DagBag from /home/airflow/.local/lib/python3.12/site-packages/airflow/example_dags/example_workday_timetable.py
[2024-12-09T21:52:25.996+0000] {processor.py:925} INFO - DAG(s) 'example_workday_timetable' retrieved from /home/airflow/.local/lib/python3.12/site-packages/airflow/example_dags/example_workday_timetable.py
[2024-12-09T21:52:26.008+0000] {logging_mixin.py:190} INFO - [2024-12-09T21:52:26.008+0000] {dag.py:3239} INFO - Sync 1 DAGs
[2024-12-09T21:52:26.051+0000] {logging_mixin.py:190} INFO - [2024-12-09T21:52:26.051+0000] {dag.py:4180} INFO - Setting next_dagrun for example_workday_timetable to 2021-01-04 00:00:00+00:00, run_after=2021-01-05 00:00:00+00:00
[2024-12-09T21:52:26.058+0000] {processor.py:208} INFO - Processing /home/airflow/.local/lib/python3.12/site-packages/airflow/example_dags/example_workday_timetable.py took 0.072 seconds
[2024-12-09T21:52:56.201+0000] {processor.py:186} INFO - Started process (PID=558) to work on /home/airflow/.local/lib/python3.12/site-packages/airflow/example_dags/example_workday_timetable.py
[2024-12-09T21:52:56.202+0000] {processor.py:914} INFO - Processing file /home/airflow/.local/lib/python3.12/site-packages/airflow/example_dags/example_workday_timetable.py for tasks to queue
[2024-12-09T21:52:56.202+0000] {logging_mixin.py:190} INFO - [2024-12-09T21:52:56.202+0000] {dagbag.py:588} INFO - Filling up the DagBag from /home/airflow/.local/lib/python3.12/site-packages/airflow/example_dags/example_workday_timetable.py
[2024-12-09T21:52:56.205+0000] {processor.py:925} INFO - DAG(s) 'example_workday_timetable' retrieved from /home/airflow/.local/lib/python3.12/site-packages/airflow/example_dags/example_workday_timetable.py
[2024-12-09T21:52:56.213+0000] {logging_mixin.py:190} INFO - [2024-12-09T21:52:56.212+0000] {dag.py:3239} INFO - Sync 1 DAGs
[2024-12-09T21:52:56.231+0000] {logging_mixin.py:190} INFO - [2024-12-09T21:52:56.231+0000] {dag.py:4180} INFO - Setting next_dagrun for example_workday_timetable to 2021-01-04 00:00:00+00:00, run_after=2021-01-05 00:00:00+00:00
[2024-12-09T21:52:56.237+0000] {processor.py:208} INFO - Processing /home/airflow/.local/lib/python3.12/site-packages/airflow/example_dags/example_workday_timetable.py took 0.038 seconds
