[2024-12-09T21:48:53.827+0000] {processor.py:186} INFO - Started process (PID=54) to work on /home/airflow/.local/lib/python3.12/site-packages/airflow/example_dags/example_sla_dag.py
[2024-12-09T21:48:53.827+0000] {processor.py:914} INFO - Processing file /home/airflow/.local/lib/python3.12/site-packages/airflow/example_dags/example_sla_dag.py for tasks to queue
[2024-12-09T21:48:53.828+0000] {logging_mixin.py:190} INFO - [2024-12-09T21:48:53.828+0000] {dagbag.py:588} INFO - Filling up the DagBag from /home/airflow/.local/lib/python3.12/site-packages/airflow/example_dags/example_sla_dag.py
[2024-12-09T21:48:53.835+0000] {processor.py:925} INFO - DAG(s) 'example_sla_dag' retrieved from /home/airflow/.local/lib/python3.12/site-packages/airflow/example_dags/example_sla_dag.py
[2024-12-09T21:48:53.894+0000] {logging_mixin.py:190} INFO - [2024-12-09T21:48:53.894+0000] {override.py:1911} INFO - Created Permission View: can edit on DAG:example_sla_dag
[2024-12-09T21:48:53.900+0000] {logging_mixin.py:190} INFO - [2024-12-09T21:48:53.900+0000] {override.py:1911} INFO - Created Permission View: can read on DAG:example_sla_dag
[2024-12-09T21:48:53.902+0000] {logging_mixin.py:190} INFO - [2024-12-09T21:48:53.902+0000] {override.py:1911} INFO - Created Permission View: can delete on DAG:example_sla_dag
[2024-12-09T21:48:53.905+0000] {logging_mixin.py:190} INFO - [2024-12-09T21:48:53.905+0000] {override.py:1911} INFO - Created Permission View: menu access on DAG Run:example_sla_dag
[2024-12-09T21:48:53.908+0000] {logging_mixin.py:190} INFO - [2024-12-09T21:48:53.908+0000] {override.py:1911} INFO - Created Permission View: can read on DAG Run:example_sla_dag
[2024-12-09T21:48:53.910+0000] {logging_mixin.py:190} INFO - [2024-12-09T21:48:53.910+0000] {override.py:1911} INFO - Created Permission View: can delete on DAG Run:example_sla_dag
[2024-12-09T21:48:53.912+0000] {logging_mixin.py:190} INFO - [2024-12-09T21:48:53.912+0000] {override.py:1911} INFO - Created Permission View: can create on DAG Run:example_sla_dag
[2024-12-09T21:48:53.913+0000] {logging_mixin.py:190} INFO - [2024-12-09T21:48:53.913+0000] {dag.py:3239} INFO - Sync 1 DAGs
[2024-12-09T21:48:53.918+0000] {logging_mixin.py:190} INFO - [2024-12-09T21:48:53.918+0000] {dag.py:3262} INFO - Creating ORM DAG for example_sla_dag
[2024-12-09T21:48:53.925+0000] {logging_mixin.py:190} INFO - [2024-12-09T21:48:53.924+0000] {dag.py:4180} INFO - Setting next_dagrun for example_sla_dag to 2024-12-09 21:46:00+00:00, run_after=2024-12-09 21:48:00+00:00
[2024-12-09T21:48:53.931+0000] {processor.py:208} INFO - Processing /home/airflow/.local/lib/python3.12/site-packages/airflow/example_dags/example_sla_dag.py took 0.107 seconds
[2024-12-09T21:49:24.087+0000] {processor.py:186} INFO - Started process (PID=117) to work on /home/airflow/.local/lib/python3.12/site-packages/airflow/example_dags/example_sla_dag.py
[2024-12-09T21:49:24.089+0000] {processor.py:914} INFO - Processing file /home/airflow/.local/lib/python3.12/site-packages/airflow/example_dags/example_sla_dag.py for tasks to queue
[2024-12-09T21:49:24.090+0000] {logging_mixin.py:190} INFO - [2024-12-09T21:49:24.090+0000] {dagbag.py:588} INFO - Filling up the DagBag from /home/airflow/.local/lib/python3.12/site-packages/airflow/example_dags/example_sla_dag.py
[2024-12-09T21:49:24.095+0000] {processor.py:925} INFO - DAG(s) 'example_sla_dag' retrieved from /home/airflow/.local/lib/python3.12/site-packages/airflow/example_dags/example_sla_dag.py
[2024-12-09T21:49:24.103+0000] {logging_mixin.py:190} INFO - [2024-12-09T21:49:24.103+0000] {dag.py:3239} INFO - Sync 1 DAGs
[2024-12-09T21:49:24.111+0000] {logging_mixin.py:190} INFO - [2024-12-09T21:49:24.111+0000] {dag.py:4180} INFO - Setting next_dagrun for example_sla_dag to 2024-12-09 21:46:00+00:00, run_after=2024-12-09 21:48:00+00:00
[2024-12-09T21:49:24.117+0000] {processor.py:208} INFO - Processing /home/airflow/.local/lib/python3.12/site-packages/airflow/example_dags/example_sla_dag.py took 0.034 seconds
[2024-12-09T21:49:54.845+0000] {processor.py:186} INFO - Started process (PID=180) to work on /home/airflow/.local/lib/python3.12/site-packages/airflow/example_dags/example_sla_dag.py
[2024-12-09T21:49:54.845+0000] {processor.py:914} INFO - Processing file /home/airflow/.local/lib/python3.12/site-packages/airflow/example_dags/example_sla_dag.py for tasks to queue
[2024-12-09T21:49:54.846+0000] {logging_mixin.py:190} INFO - [2024-12-09T21:49:54.846+0000] {dagbag.py:588} INFO - Filling up the DagBag from /home/airflow/.local/lib/python3.12/site-packages/airflow/example_dags/example_sla_dag.py
[2024-12-09T21:49:54.850+0000] {processor.py:925} INFO - DAG(s) 'example_sla_dag' retrieved from /home/airflow/.local/lib/python3.12/site-packages/airflow/example_dags/example_sla_dag.py
[2024-12-09T21:49:54.858+0000] {logging_mixin.py:190} INFO - [2024-12-09T21:49:54.858+0000] {dag.py:3239} INFO - Sync 1 DAGs
[2024-12-09T21:49:54.867+0000] {logging_mixin.py:190} INFO - [2024-12-09T21:49:54.866+0000] {dag.py:4180} INFO - Setting next_dagrun for example_sla_dag to 2024-12-09 21:46:00+00:00, run_after=2024-12-09 21:48:00+00:00
[2024-12-09T21:49:54.873+0000] {processor.py:208} INFO - Processing /home/airflow/.local/lib/python3.12/site-packages/airflow/example_dags/example_sla_dag.py took 0.030 seconds
[2024-12-09T21:50:25.255+0000] {processor.py:186} INFO - Started process (PID=243) to work on /home/airflow/.local/lib/python3.12/site-packages/airflow/example_dags/example_sla_dag.py
[2024-12-09T21:50:25.256+0000] {processor.py:914} INFO - Processing file /home/airflow/.local/lib/python3.12/site-packages/airflow/example_dags/example_sla_dag.py for tasks to queue
[2024-12-09T21:50:25.257+0000] {logging_mixin.py:190} INFO - [2024-12-09T21:50:25.257+0000] {dagbag.py:588} INFO - Filling up the DagBag from /home/airflow/.local/lib/python3.12/site-packages/airflow/example_dags/example_sla_dag.py
[2024-12-09T21:50:25.265+0000] {processor.py:925} INFO - DAG(s) 'example_sla_dag' retrieved from /home/airflow/.local/lib/python3.12/site-packages/airflow/example_dags/example_sla_dag.py
[2024-12-09T21:50:25.274+0000] {logging_mixin.py:190} INFO - [2024-12-09T21:50:25.274+0000] {dag.py:3239} INFO - Sync 1 DAGs
[2024-12-09T21:50:25.286+0000] {logging_mixin.py:190} INFO - [2024-12-09T21:50:25.285+0000] {dag.py:4180} INFO - Setting next_dagrun for example_sla_dag to 2024-12-09 21:48:00+00:00, run_after=2024-12-09 21:50:00+00:00
[2024-12-09T21:50:25.294+0000] {processor.py:208} INFO - Processing /home/airflow/.local/lib/python3.12/site-packages/airflow/example_dags/example_sla_dag.py took 0.043 seconds
[2024-12-09T21:50:55.348+0000] {processor.py:186} INFO - Started process (PID=306) to work on /home/airflow/.local/lib/python3.12/site-packages/airflow/example_dags/example_sla_dag.py
[2024-12-09T21:50:55.348+0000] {processor.py:914} INFO - Processing file /home/airflow/.local/lib/python3.12/site-packages/airflow/example_dags/example_sla_dag.py for tasks to queue
[2024-12-09T21:50:55.349+0000] {logging_mixin.py:190} INFO - [2024-12-09T21:50:55.349+0000] {dagbag.py:588} INFO - Filling up the DagBag from /home/airflow/.local/lib/python3.12/site-packages/airflow/example_dags/example_sla_dag.py
[2024-12-09T21:50:55.355+0000] {processor.py:925} INFO - DAG(s) 'example_sla_dag' retrieved from /home/airflow/.local/lib/python3.12/site-packages/airflow/example_dags/example_sla_dag.py
[2024-12-09T21:50:55.363+0000] {logging_mixin.py:190} INFO - [2024-12-09T21:50:55.363+0000] {dag.py:3239} INFO - Sync 1 DAGs
[2024-12-09T21:50:55.372+0000] {logging_mixin.py:190} INFO - [2024-12-09T21:50:55.372+0000] {dag.py:4180} INFO - Setting next_dagrun for example_sla_dag to 2024-12-09 21:48:00+00:00, run_after=2024-12-09 21:50:00+00:00
[2024-12-09T21:50:55.378+0000] {processor.py:208} INFO - Processing /home/airflow/.local/lib/python3.12/site-packages/airflow/example_dags/example_sla_dag.py took 0.032 seconds
[2024-12-09T21:51:25.601+0000] {processor.py:186} INFO - Started process (PID=369) to work on /home/airflow/.local/lib/python3.12/site-packages/airflow/example_dags/example_sla_dag.py
[2024-12-09T21:51:25.602+0000] {processor.py:914} INFO - Processing file /home/airflow/.local/lib/python3.12/site-packages/airflow/example_dags/example_sla_dag.py for tasks to queue
[2024-12-09T21:51:25.603+0000] {logging_mixin.py:190} INFO - [2024-12-09T21:51:25.603+0000] {dagbag.py:588} INFO - Filling up the DagBag from /home/airflow/.local/lib/python3.12/site-packages/airflow/example_dags/example_sla_dag.py
[2024-12-09T21:51:25.611+0000] {processor.py:925} INFO - DAG(s) 'example_sla_dag' retrieved from /home/airflow/.local/lib/python3.12/site-packages/airflow/example_dags/example_sla_dag.py
[2024-12-09T21:51:25.621+0000] {logging_mixin.py:190} INFO - [2024-12-09T21:51:25.621+0000] {dag.py:3239} INFO - Sync 1 DAGs
[2024-12-09T21:51:25.630+0000] {logging_mixin.py:190} INFO - [2024-12-09T21:51:25.630+0000] {dag.py:4180} INFO - Setting next_dagrun for example_sla_dag to 2024-12-09 21:48:00+00:00, run_after=2024-12-09 21:50:00+00:00
[2024-12-09T21:51:25.636+0000] {processor.py:208} INFO - Processing /home/airflow/.local/lib/python3.12/site-packages/airflow/example_dags/example_sla_dag.py took 0.037 seconds
[2024-12-09T21:51:55.936+0000] {processor.py:186} INFO - Started process (PID=433) to work on /home/airflow/.local/lib/python3.12/site-packages/airflow/example_dags/example_sla_dag.py
[2024-12-09T21:51:55.936+0000] {processor.py:914} INFO - Processing file /home/airflow/.local/lib/python3.12/site-packages/airflow/example_dags/example_sla_dag.py for tasks to queue
[2024-12-09T21:51:55.937+0000] {logging_mixin.py:190} INFO - [2024-12-09T21:51:55.937+0000] {dagbag.py:588} INFO - Filling up the DagBag from /home/airflow/.local/lib/python3.12/site-packages/airflow/example_dags/example_sla_dag.py
[2024-12-09T21:51:55.941+0000] {processor.py:925} INFO - DAG(s) 'example_sla_dag' retrieved from /home/airflow/.local/lib/python3.12/site-packages/airflow/example_dags/example_sla_dag.py
[2024-12-09T21:51:55.948+0000] {logging_mixin.py:190} INFO - [2024-12-09T21:51:55.948+0000] {dag.py:3239} INFO - Sync 1 DAGs
[2024-12-09T21:51:55.957+0000] {logging_mixin.py:190} INFO - [2024-12-09T21:51:55.957+0000] {dag.py:4180} INFO - Setting next_dagrun for example_sla_dag to 2024-12-09 21:48:00+00:00, run_after=2024-12-09 21:50:00+00:00
[2024-12-09T21:51:55.963+0000] {processor.py:208} INFO - Processing /home/airflow/.local/lib/python3.12/site-packages/airflow/example_dags/example_sla_dag.py took 0.029 seconds
[2024-12-09T21:52:26.037+0000] {processor.py:186} INFO - Started process (PID=496) to work on /home/airflow/.local/lib/python3.12/site-packages/airflow/example_dags/example_sla_dag.py
[2024-12-09T21:52:26.040+0000] {processor.py:914} INFO - Processing file /home/airflow/.local/lib/python3.12/site-packages/airflow/example_dags/example_sla_dag.py for tasks to queue
[2024-12-09T21:52:26.042+0000] {logging_mixin.py:190} INFO - [2024-12-09T21:52:26.041+0000] {dagbag.py:588} INFO - Filling up the DagBag from /home/airflow/.local/lib/python3.12/site-packages/airflow/example_dags/example_sla_dag.py
[2024-12-09T21:52:26.047+0000] {processor.py:925} INFO - DAG(s) 'example_sla_dag' retrieved from /home/airflow/.local/lib/python3.12/site-packages/airflow/example_dags/example_sla_dag.py
[2024-12-09T21:52:26.056+0000] {logging_mixin.py:190} INFO - [2024-12-09T21:52:26.056+0000] {dag.py:3239} INFO - Sync 1 DAGs
[2024-12-09T21:52:26.067+0000] {logging_mixin.py:190} INFO - [2024-12-09T21:52:26.067+0000] {dag.py:4180} INFO - Setting next_dagrun for example_sla_dag to 2024-12-09 21:50:00+00:00, run_after=2024-12-09 21:52:00+00:00
[2024-12-09T21:52:26.073+0000] {processor.py:208} INFO - Processing /home/airflow/.local/lib/python3.12/site-packages/airflow/example_dags/example_sla_dag.py took 0.039 seconds
[2024-12-09T21:52:56.219+0000] {processor.py:186} INFO - Started process (PID=559) to work on /home/airflow/.local/lib/python3.12/site-packages/airflow/example_dags/example_sla_dag.py
[2024-12-09T21:52:56.220+0000] {processor.py:914} INFO - Processing file /home/airflow/.local/lib/python3.12/site-packages/airflow/example_dags/example_sla_dag.py for tasks to queue
[2024-12-09T21:52:56.223+0000] {logging_mixin.py:190} INFO - [2024-12-09T21:52:56.223+0000] {dagbag.py:588} INFO - Filling up the DagBag from /home/airflow/.local/lib/python3.12/site-packages/airflow/example_dags/example_sla_dag.py
[2024-12-09T21:52:56.227+0000] {processor.py:925} INFO - DAG(s) 'example_sla_dag' retrieved from /home/airflow/.local/lib/python3.12/site-packages/airflow/example_dags/example_sla_dag.py
[2024-12-09T21:52:56.235+0000] {logging_mixin.py:190} INFO - [2024-12-09T21:52:56.235+0000] {dag.py:3239} INFO - Sync 1 DAGs
[2024-12-09T21:52:56.244+0000] {logging_mixin.py:190} INFO - [2024-12-09T21:52:56.244+0000] {dag.py:4180} INFO - Setting next_dagrun for example_sla_dag to 2024-12-09 21:50:00+00:00, run_after=2024-12-09 21:52:00+00:00
[2024-12-09T21:52:56.249+0000] {processor.py:208} INFO - Processing /home/airflow/.local/lib/python3.12/site-packages/airflow/example_dags/example_sla_dag.py took 0.033 seconds
