[2024-12-09T21:48:56.777+0000] {processor.py:186} INFO - Started process (PID=90) to work on /home/airflow/.local/lib/python3.12/site-packages/airflow/example_dags/example_skip_dag.py
[2024-12-09T21:48:56.778+0000] {processor.py:914} INFO - Processing file /home/airflow/.local/lib/python3.12/site-packages/airflow/example_dags/example_skip_dag.py for tasks to queue
[2024-12-09T21:48:56.779+0000] {logging_mixin.py:190} INFO - [2024-12-09T21:48:56.779+0000] {dagbag.py:588} INFO - Filling up the DagBag from /home/airflow/.local/lib/python3.12/site-packages/airflow/example_dags/example_skip_dag.py
[2024-12-09T21:48:56.783+0000] {processor.py:925} INFO - DAG(s) 'example_skip_dag' retrieved from /home/airflow/.local/lib/python3.12/site-packages/airflow/example_dags/example_skip_dag.py
[2024-12-09T21:48:56.828+0000] {logging_mixin.py:190} INFO - [2024-12-09T21:48:56.828+0000] {override.py:1911} INFO - Created Permission View: can edit on DAG:example_skip_dag
[2024-12-09T21:48:56.832+0000] {logging_mixin.py:190} INFO - [2024-12-09T21:48:56.832+0000] {override.py:1911} INFO - Created Permission View: can read on DAG:example_skip_dag
[2024-12-09T21:48:56.835+0000] {logging_mixin.py:190} INFO - [2024-12-09T21:48:56.835+0000] {override.py:1911} INFO - Created Permission View: can delete on DAG:example_skip_dag
[2024-12-09T21:48:56.838+0000] {logging_mixin.py:190} INFO - [2024-12-09T21:48:56.838+0000] {override.py:1911} INFO - Created Permission View: menu access on DAG Run:example_skip_dag
[2024-12-09T21:48:56.840+0000] {logging_mixin.py:190} INFO - [2024-12-09T21:48:56.840+0000] {override.py:1911} INFO - Created Permission View: can read on DAG Run:example_skip_dag
[2024-12-09T21:48:56.843+0000] {logging_mixin.py:190} INFO - [2024-12-09T21:48:56.843+0000] {override.py:1911} INFO - Created Permission View: can delete on DAG Run:example_skip_dag
[2024-12-09T21:48:56.845+0000] {logging_mixin.py:190} INFO - [2024-12-09T21:48:56.845+0000] {override.py:1911} INFO - Created Permission View: can create on DAG Run:example_skip_dag
[2024-12-09T21:48:56.845+0000] {logging_mixin.py:190} INFO - [2024-12-09T21:48:56.845+0000] {dag.py:3239} INFO - Sync 1 DAGs
[2024-12-09T21:48:56.852+0000] {logging_mixin.py:190} INFO - [2024-12-09T21:48:56.851+0000] {dag.py:3262} INFO - Creating ORM DAG for example_skip_dag
[2024-12-09T21:48:56.857+0000] {logging_mixin.py:190} INFO - [2024-12-09T21:48:56.857+0000] {dag.py:4180} INFO - Setting next_dagrun for example_skip_dag to 2024-12-08 00:00:00+00:00, run_after=2024-12-09 00:00:00+00:00
[2024-12-09T21:48:56.864+0000] {processor.py:208} INFO - Processing /home/airflow/.local/lib/python3.12/site-packages/airflow/example_dags/example_skip_dag.py took 0.090 seconds
[2024-12-09T21:49:27.753+0000] {processor.py:186} INFO - Started process (PID=158) to work on /home/airflow/.local/lib/python3.12/site-packages/airflow/example_dags/example_skip_dag.py
[2024-12-09T21:49:27.757+0000] {processor.py:914} INFO - Processing file /home/airflow/.local/lib/python3.12/site-packages/airflow/example_dags/example_skip_dag.py for tasks to queue
[2024-12-09T21:49:27.758+0000] {logging_mixin.py:190} INFO - [2024-12-09T21:49:27.758+0000] {dagbag.py:588} INFO - Filling up the DagBag from /home/airflow/.local/lib/python3.12/site-packages/airflow/example_dags/example_skip_dag.py
[2024-12-09T21:49:27.768+0000] {processor.py:925} INFO - DAG(s) 'example_skip_dag' retrieved from /home/airflow/.local/lib/python3.12/site-packages/airflow/example_dags/example_skip_dag.py
[2024-12-09T21:49:27.782+0000] {logging_mixin.py:190} INFO - [2024-12-09T21:49:27.782+0000] {dag.py:3239} INFO - Sync 1 DAGs
[2024-12-09T21:49:27.814+0000] {logging_mixin.py:190} INFO - [2024-12-09T21:49:27.813+0000] {dag.py:4180} INFO - Setting next_dagrun for example_skip_dag to 2024-12-08 00:00:00+00:00, run_after=2024-12-09 00:00:00+00:00
[2024-12-09T21:49:27.848+0000] {processor.py:208} INFO - Processing /home/airflow/.local/lib/python3.12/site-packages/airflow/example_dags/example_skip_dag.py took 0.097 seconds
[2024-12-09T21:49:58.115+0000] {processor.py:186} INFO - Started process (PID=221) to work on /home/airflow/.local/lib/python3.12/site-packages/airflow/example_dags/example_skip_dag.py
[2024-12-09T21:49:58.115+0000] {processor.py:914} INFO - Processing file /home/airflow/.local/lib/python3.12/site-packages/airflow/example_dags/example_skip_dag.py for tasks to queue
[2024-12-09T21:49:58.116+0000] {logging_mixin.py:190} INFO - [2024-12-09T21:49:58.116+0000] {dagbag.py:588} INFO - Filling up the DagBag from /home/airflow/.local/lib/python3.12/site-packages/airflow/example_dags/example_skip_dag.py
[2024-12-09T21:49:58.119+0000] {processor.py:925} INFO - DAG(s) 'example_skip_dag' retrieved from /home/airflow/.local/lib/python3.12/site-packages/airflow/example_dags/example_skip_dag.py
[2024-12-09T21:49:58.127+0000] {logging_mixin.py:190} INFO - [2024-12-09T21:49:58.127+0000] {dag.py:3239} INFO - Sync 1 DAGs
[2024-12-09T21:49:58.136+0000] {logging_mixin.py:190} INFO - [2024-12-09T21:49:58.136+0000] {dag.py:4180} INFO - Setting next_dagrun for example_skip_dag to 2024-12-08 00:00:00+00:00, run_after=2024-12-09 00:00:00+00:00
[2024-12-09T21:49:58.142+0000] {processor.py:208} INFO - Processing /home/airflow/.local/lib/python3.12/site-packages/airflow/example_dags/example_skip_dag.py took 0.030 seconds
[2024-12-09T21:50:28.455+0000] {processor.py:186} INFO - Started process (PID=284) to work on /home/airflow/.local/lib/python3.12/site-packages/airflow/example_dags/example_skip_dag.py
[2024-12-09T21:50:28.455+0000] {processor.py:914} INFO - Processing file /home/airflow/.local/lib/python3.12/site-packages/airflow/example_dags/example_skip_dag.py for tasks to queue
[2024-12-09T21:50:28.456+0000] {logging_mixin.py:190} INFO - [2024-12-09T21:50:28.456+0000] {dagbag.py:588} INFO - Filling up the DagBag from /home/airflow/.local/lib/python3.12/site-packages/airflow/example_dags/example_skip_dag.py
[2024-12-09T21:50:28.459+0000] {processor.py:925} INFO - DAG(s) 'example_skip_dag' retrieved from /home/airflow/.local/lib/python3.12/site-packages/airflow/example_dags/example_skip_dag.py
[2024-12-09T21:50:28.466+0000] {logging_mixin.py:190} INFO - [2024-12-09T21:50:28.466+0000] {dag.py:3239} INFO - Sync 1 DAGs
[2024-12-09T21:50:28.473+0000] {logging_mixin.py:190} INFO - [2024-12-09T21:50:28.473+0000] {dag.py:4180} INFO - Setting next_dagrun for example_skip_dag to 2024-12-08 00:00:00+00:00, run_after=2024-12-09 00:00:00+00:00
[2024-12-09T21:50:28.478+0000] {processor.py:208} INFO - Processing /home/airflow/.local/lib/python3.12/site-packages/airflow/example_dags/example_skip_dag.py took 0.026 seconds
[2024-12-09T21:50:58.774+0000] {processor.py:186} INFO - Started process (PID=347) to work on /home/airflow/.local/lib/python3.12/site-packages/airflow/example_dags/example_skip_dag.py
[2024-12-09T21:50:58.776+0000] {processor.py:914} INFO - Processing file /home/airflow/.local/lib/python3.12/site-packages/airflow/example_dags/example_skip_dag.py for tasks to queue
[2024-12-09T21:50:58.777+0000] {logging_mixin.py:190} INFO - [2024-12-09T21:50:58.777+0000] {dagbag.py:588} INFO - Filling up the DagBag from /home/airflow/.local/lib/python3.12/site-packages/airflow/example_dags/example_skip_dag.py
[2024-12-09T21:50:58.781+0000] {processor.py:925} INFO - DAG(s) 'example_skip_dag' retrieved from /home/airflow/.local/lib/python3.12/site-packages/airflow/example_dags/example_skip_dag.py
[2024-12-09T21:50:58.789+0000] {logging_mixin.py:190} INFO - [2024-12-09T21:50:58.789+0000] {dag.py:3239} INFO - Sync 1 DAGs
[2024-12-09T21:50:58.797+0000] {logging_mixin.py:190} INFO - [2024-12-09T21:50:58.797+0000] {dag.py:4180} INFO - Setting next_dagrun for example_skip_dag to 2024-12-08 00:00:00+00:00, run_after=2024-12-09 00:00:00+00:00
[2024-12-09T21:50:58.803+0000] {processor.py:208} INFO - Processing /home/airflow/.local/lib/python3.12/site-packages/airflow/example_dags/example_skip_dag.py took 0.031 seconds
[2024-12-09T21:51:29.755+0000] {processor.py:186} INFO - Started process (PID=410) to work on /home/airflow/.local/lib/python3.12/site-packages/airflow/example_dags/example_skip_dag.py
[2024-12-09T21:51:29.755+0000] {processor.py:914} INFO - Processing file /home/airflow/.local/lib/python3.12/site-packages/airflow/example_dags/example_skip_dag.py for tasks to queue
[2024-12-09T21:51:29.757+0000] {logging_mixin.py:190} INFO - [2024-12-09T21:51:29.756+0000] {dagbag.py:588} INFO - Filling up the DagBag from /home/airflow/.local/lib/python3.12/site-packages/airflow/example_dags/example_skip_dag.py
[2024-12-09T21:51:29.760+0000] {processor.py:925} INFO - DAG(s) 'example_skip_dag' retrieved from /home/airflow/.local/lib/python3.12/site-packages/airflow/example_dags/example_skip_dag.py
[2024-12-09T21:51:29.770+0000] {logging_mixin.py:190} INFO - [2024-12-09T21:51:29.770+0000] {dag.py:3239} INFO - Sync 1 DAGs
[2024-12-09T21:51:29.779+0000] {logging_mixin.py:190} INFO - [2024-12-09T21:51:29.779+0000] {dag.py:4180} INFO - Setting next_dagrun for example_skip_dag to 2024-12-08 00:00:00+00:00, run_after=2024-12-09 00:00:00+00:00
[2024-12-09T21:51:29.786+0000] {processor.py:208} INFO - Processing /home/airflow/.local/lib/python3.12/site-packages/airflow/example_dags/example_skip_dag.py took 0.034 seconds
[2024-12-09T21:52:00.046+0000] {processor.py:186} INFO - Started process (PID=473) to work on /home/airflow/.local/lib/python3.12/site-packages/airflow/example_dags/example_skip_dag.py
[2024-12-09T21:52:00.046+0000] {processor.py:914} INFO - Processing file /home/airflow/.local/lib/python3.12/site-packages/airflow/example_dags/example_skip_dag.py for tasks to queue
[2024-12-09T21:52:00.047+0000] {logging_mixin.py:190} INFO - [2024-12-09T21:52:00.047+0000] {dagbag.py:588} INFO - Filling up the DagBag from /home/airflow/.local/lib/python3.12/site-packages/airflow/example_dags/example_skip_dag.py
[2024-12-09T21:52:00.052+0000] {processor.py:925} INFO - DAG(s) 'example_skip_dag' retrieved from /home/airflow/.local/lib/python3.12/site-packages/airflow/example_dags/example_skip_dag.py
[2024-12-09T21:52:00.061+0000] {logging_mixin.py:190} INFO - [2024-12-09T21:52:00.061+0000] {dag.py:3239} INFO - Sync 1 DAGs
[2024-12-09T21:52:00.070+0000] {logging_mixin.py:190} INFO - [2024-12-09T21:52:00.070+0000] {dag.py:4180} INFO - Setting next_dagrun for example_skip_dag to 2024-12-08 00:00:00+00:00, run_after=2024-12-09 00:00:00+00:00
[2024-12-09T21:52:00.076+0000] {processor.py:208} INFO - Processing /home/airflow/.local/lib/python3.12/site-packages/airflow/example_dags/example_skip_dag.py took 0.033 seconds
[2024-12-09T21:52:31.109+0000] {processor.py:186} INFO - Started process (PID=537) to work on /home/airflow/.local/lib/python3.12/site-packages/airflow/example_dags/example_skip_dag.py
[2024-12-09T21:52:31.112+0000] {processor.py:914} INFO - Processing file /home/airflow/.local/lib/python3.12/site-packages/airflow/example_dags/example_skip_dag.py for tasks to queue
[2024-12-09T21:52:31.113+0000] {logging_mixin.py:190} INFO - [2024-12-09T21:52:31.113+0000] {dagbag.py:588} INFO - Filling up the DagBag from /home/airflow/.local/lib/python3.12/site-packages/airflow/example_dags/example_skip_dag.py
[2024-12-09T21:52:31.116+0000] {processor.py:925} INFO - DAG(s) 'example_skip_dag' retrieved from /home/airflow/.local/lib/python3.12/site-packages/airflow/example_dags/example_skip_dag.py
[2024-12-09T21:52:31.124+0000] {logging_mixin.py:190} INFO - [2024-12-09T21:52:31.124+0000] {dag.py:3239} INFO - Sync 1 DAGs
[2024-12-09T21:52:31.131+0000] {logging_mixin.py:190} INFO - [2024-12-09T21:52:31.131+0000] {dag.py:4180} INFO - Setting next_dagrun for example_skip_dag to 2024-12-08 00:00:00+00:00, run_after=2024-12-09 00:00:00+00:00
[2024-12-09T21:52:31.137+0000] {processor.py:208} INFO - Processing /home/airflow/.local/lib/python3.12/site-packages/airflow/example_dags/example_skip_dag.py took 0.030 seconds
[2024-12-09T21:53:02.350+0000] {processor.py:186} INFO - Started process (PID=600) to work on /home/airflow/.local/lib/python3.12/site-packages/airflow/example_dags/example_skip_dag.py
[2024-12-09T21:53:02.353+0000] {processor.py:914} INFO - Processing file /home/airflow/.local/lib/python3.12/site-packages/airflow/example_dags/example_skip_dag.py for tasks to queue
[2024-12-09T21:53:02.354+0000] {logging_mixin.py:190} INFO - [2024-12-09T21:53:02.354+0000] {dagbag.py:588} INFO - Filling up the DagBag from /home/airflow/.local/lib/python3.12/site-packages/airflow/example_dags/example_skip_dag.py
[2024-12-09T21:53:02.357+0000] {processor.py:925} INFO - DAG(s) 'example_skip_dag' retrieved from /home/airflow/.local/lib/python3.12/site-packages/airflow/example_dags/example_skip_dag.py
[2024-12-09T21:53:02.366+0000] {logging_mixin.py:190} INFO - [2024-12-09T21:53:02.366+0000] {dag.py:3239} INFO - Sync 1 DAGs
[2024-12-09T21:53:02.375+0000] {logging_mixin.py:190} INFO - [2024-12-09T21:53:02.375+0000] {dag.py:4180} INFO - Setting next_dagrun for example_skip_dag to 2024-12-08 00:00:00+00:00, run_after=2024-12-09 00:00:00+00:00
[2024-12-09T21:53:02.381+0000] {processor.py:208} INFO - Processing /home/airflow/.local/lib/python3.12/site-packages/airflow/example_dags/example_skip_dag.py took 0.033 seconds
