[2024-12-09T21:48:54.490+0000] {processor.py:186} INFO - Started process (PID=65) to work on /home/airflow/.local/lib/python3.12/site-packages/airflow/example_dags/example_dataset_alias_with_no_taskflow.py
[2024-12-09T21:48:54.490+0000] {processor.py:914} INFO - Processing file /home/airflow/.local/lib/python3.12/site-packages/airflow/example_dags/example_dataset_alias_with_no_taskflow.py for tasks to queue
[2024-12-09T21:48:54.492+0000] {logging_mixin.py:190} INFO - [2024-12-09T21:48:54.491+0000] {dagbag.py:588} INFO - Filling up the DagBag from /home/airflow/.local/lib/python3.12/site-packages/airflow/example_dags/example_dataset_alias_with_no_taskflow.py
[2024-12-09T21:48:55.379+0000] {processor.py:925} INFO - DAG(s) 'dataset_s3_bucket_producer_with_no_taskflow', 'dataset_alias_example_alias_consumer_with_no_taskflow', 'dataset_s3_bucket_consumer_with_no_taskflow', 'dataset_alias_example_alias_producer_with_no_taskflow' retrieved from /home/airflow/.local/lib/python3.12/site-packages/airflow/example_dags/example_dataset_alias_with_no_taskflow.py
[2024-12-09T21:48:55.427+0000] {logging_mixin.py:190} INFO - [2024-12-09T21:48:55.426+0000] {override.py:1911} INFO - Created Permission View: can edit on DAG:dataset_s3_bucket_producer_with_no_taskflow
[2024-12-09T21:48:55.433+0000] {logging_mixin.py:190} INFO - [2024-12-09T21:48:55.433+0000] {override.py:1911} INFO - Created Permission View: can read on DAG:dataset_s3_bucket_producer_with_no_taskflow
[2024-12-09T21:48:55.436+0000] {logging_mixin.py:190} INFO - [2024-12-09T21:48:55.436+0000] {override.py:1911} INFO - Created Permission View: can delete on DAG:dataset_s3_bucket_producer_with_no_taskflow
[2024-12-09T21:48:55.440+0000] {logging_mixin.py:190} INFO - [2024-12-09T21:48:55.440+0000] {override.py:1911} INFO - Created Permission View: menu access on DAG Run:dataset_s3_bucket_producer_with_no_taskflow
[2024-12-09T21:48:55.443+0000] {logging_mixin.py:190} INFO - [2024-12-09T21:48:55.443+0000] {override.py:1911} INFO - Created Permission View: can read on DAG Run:dataset_s3_bucket_producer_with_no_taskflow
[2024-12-09T21:48:55.446+0000] {logging_mixin.py:190} INFO - [2024-12-09T21:48:55.446+0000] {override.py:1911} INFO - Created Permission View: can delete on DAG Run:dataset_s3_bucket_producer_with_no_taskflow
[2024-12-09T21:48:55.448+0000] {logging_mixin.py:190} INFO - [2024-12-09T21:48:55.448+0000] {override.py:1911} INFO - Created Permission View: can create on DAG Run:dataset_s3_bucket_producer_with_no_taskflow
[2024-12-09T21:48:55.455+0000] {logging_mixin.py:190} INFO - [2024-12-09T21:48:55.455+0000] {override.py:1911} INFO - Created Permission View: can edit on DAG:dataset_alias_example_alias_consumer_with_no_taskflow
[2024-12-09T21:48:55.458+0000] {logging_mixin.py:190} INFO - [2024-12-09T21:48:55.458+0000] {override.py:1911} INFO - Created Permission View: can read on DAG:dataset_alias_example_alias_consumer_with_no_taskflow
[2024-12-09T21:48:55.460+0000] {logging_mixin.py:190} INFO - [2024-12-09T21:48:55.460+0000] {override.py:1911} INFO - Created Permission View: can delete on DAG:dataset_alias_example_alias_consumer_with_no_taskflow
[2024-12-09T21:48:55.463+0000] {logging_mixin.py:190} INFO - [2024-12-09T21:48:55.463+0000] {override.py:1911} INFO - Created Permission View: menu access on DAG Run:dataset_alias_example_alias_consumer_with_no_taskflow
[2024-12-09T21:48:55.466+0000] {logging_mixin.py:190} INFO - [2024-12-09T21:48:55.465+0000] {override.py:1911} INFO - Created Permission View: can read on DAG Run:dataset_alias_example_alias_consumer_with_no_taskflow
[2024-12-09T21:48:55.469+0000] {logging_mixin.py:190} INFO - [2024-12-09T21:48:55.468+0000] {override.py:1911} INFO - Created Permission View: can delete on DAG Run:dataset_alias_example_alias_consumer_with_no_taskflow
[2024-12-09T21:48:55.472+0000] {logging_mixin.py:190} INFO - [2024-12-09T21:48:55.471+0000] {override.py:1911} INFO - Created Permission View: can create on DAG Run:dataset_alias_example_alias_consumer_with_no_taskflow
[2024-12-09T21:48:55.477+0000] {logging_mixin.py:190} INFO - [2024-12-09T21:48:55.476+0000] {override.py:1911} INFO - Created Permission View: can edit on DAG:dataset_s3_bucket_consumer_with_no_taskflow
[2024-12-09T21:48:55.479+0000] {logging_mixin.py:190} INFO - [2024-12-09T21:48:55.479+0000] {override.py:1911} INFO - Created Permission View: can read on DAG:dataset_s3_bucket_consumer_with_no_taskflow
[2024-12-09T21:48:55.481+0000] {logging_mixin.py:190} INFO - [2024-12-09T21:48:55.481+0000] {override.py:1911} INFO - Created Permission View: can delete on DAG:dataset_s3_bucket_consumer_with_no_taskflow
[2024-12-09T21:48:55.484+0000] {logging_mixin.py:190} INFO - [2024-12-09T21:48:55.484+0000] {override.py:1911} INFO - Created Permission View: menu access on DAG Run:dataset_s3_bucket_consumer_with_no_taskflow
[2024-12-09T21:48:55.487+0000] {logging_mixin.py:190} INFO - [2024-12-09T21:48:55.487+0000] {override.py:1911} INFO - Created Permission View: can read on DAG Run:dataset_s3_bucket_consumer_with_no_taskflow
[2024-12-09T21:48:55.489+0000] {logging_mixin.py:190} INFO - [2024-12-09T21:48:55.489+0000] {override.py:1911} INFO - Created Permission View: can delete on DAG Run:dataset_s3_bucket_consumer_with_no_taskflow
[2024-12-09T21:48:55.491+0000] {logging_mixin.py:190} INFO - [2024-12-09T21:48:55.491+0000] {override.py:1911} INFO - Created Permission View: can create on DAG Run:dataset_s3_bucket_consumer_with_no_taskflow
[2024-12-09T21:48:55.497+0000] {logging_mixin.py:190} INFO - [2024-12-09T21:48:55.497+0000] {override.py:1911} INFO - Created Permission View: can edit on DAG:dataset_alias_example_alias_producer_with_no_taskflow
[2024-12-09T21:48:55.500+0000] {logging_mixin.py:190} INFO - [2024-12-09T21:48:55.500+0000] {override.py:1911} INFO - Created Permission View: can read on DAG:dataset_alias_example_alias_producer_with_no_taskflow
[2024-12-09T21:48:55.503+0000] {logging_mixin.py:190} INFO - [2024-12-09T21:48:55.502+0000] {override.py:1911} INFO - Created Permission View: can delete on DAG:dataset_alias_example_alias_producer_with_no_taskflow
[2024-12-09T21:48:55.505+0000] {logging_mixin.py:190} INFO - [2024-12-09T21:48:55.505+0000] {override.py:1911} INFO - Created Permission View: menu access on DAG Run:dataset_alias_example_alias_producer_with_no_taskflow
[2024-12-09T21:48:55.508+0000] {logging_mixin.py:190} INFO - [2024-12-09T21:48:55.507+0000] {override.py:1911} INFO - Created Permission View: can read on DAG Run:dataset_alias_example_alias_producer_with_no_taskflow
[2024-12-09T21:48:55.510+0000] {logging_mixin.py:190} INFO - [2024-12-09T21:48:55.510+0000] {override.py:1911} INFO - Created Permission View: can delete on DAG Run:dataset_alias_example_alias_producer_with_no_taskflow
[2024-12-09T21:48:55.512+0000] {logging_mixin.py:190} INFO - [2024-12-09T21:48:55.512+0000] {override.py:1911} INFO - Created Permission View: can create on DAG Run:dataset_alias_example_alias_producer_with_no_taskflow
[2024-12-09T21:48:55.512+0000] {logging_mixin.py:190} INFO - [2024-12-09T21:48:55.512+0000] {dag.py:3239} INFO - Sync 4 DAGs
[2024-12-09T21:48:55.517+0000] {logging_mixin.py:190} INFO - [2024-12-09T21:48:55.517+0000] {dag.py:3262} INFO - Creating ORM DAG for dataset_alias_example_alias_consumer_with_no_taskflow
[2024-12-09T21:48:55.517+0000] {logging_mixin.py:190} INFO - [2024-12-09T21:48:55.517+0000] {dag.py:3262} INFO - Creating ORM DAG for dataset_s3_bucket_consumer_with_no_taskflow
[2024-12-09T21:48:55.518+0000] {logging_mixin.py:190} INFO - [2024-12-09T21:48:55.518+0000] {dag.py:3262} INFO - Creating ORM DAG for dataset_s3_bucket_producer_with_no_taskflow
[2024-12-09T21:48:55.519+0000] {logging_mixin.py:190} INFO - [2024-12-09T21:48:55.518+0000] {dag.py:3262} INFO - Creating ORM DAG for dataset_alias_example_alias_producer_with_no_taskflow
[2024-12-09T21:48:55.523+0000] {logging_mixin.py:190} INFO - [2024-12-09T21:48:55.523+0000] {dag.py:4180} INFO - Setting next_dagrun for dataset_alias_example_alias_consumer_with_no_taskflow to None, run_after=None
[2024-12-09T21:48:55.523+0000] {logging_mixin.py:190} INFO - [2024-12-09T21:48:55.523+0000] {dag.py:4180} INFO - Setting next_dagrun for dataset_alias_example_alias_producer_with_no_taskflow to None, run_after=None
[2024-12-09T21:48:55.524+0000] {logging_mixin.py:190} INFO - [2024-12-09T21:48:55.524+0000] {dag.py:4180} INFO - Setting next_dagrun for dataset_s3_bucket_consumer_with_no_taskflow to None, run_after=None
[2024-12-09T21:48:55.524+0000] {logging_mixin.py:190} INFO - [2024-12-09T21:48:55.524+0000] {dag.py:4180} INFO - Setting next_dagrun for dataset_s3_bucket_producer_with_no_taskflow to None, run_after=None
[2024-12-09T21:48:55.535+0000] {processor.py:208} INFO - Processing /home/airflow/.local/lib/python3.12/site-packages/airflow/example_dags/example_dataset_alias_with_no_taskflow.py took 1.051 seconds
[2024-12-09T21:49:25.571+0000] {processor.py:186} INFO - Started process (PID=134) to work on /home/airflow/.local/lib/python3.12/site-packages/airflow/example_dags/example_dataset_alias_with_no_taskflow.py
[2024-12-09T21:49:25.572+0000] {processor.py:914} INFO - Processing file /home/airflow/.local/lib/python3.12/site-packages/airflow/example_dags/example_dataset_alias_with_no_taskflow.py for tasks to queue
[2024-12-09T21:49:25.573+0000] {logging_mixin.py:190} INFO - [2024-12-09T21:49:25.573+0000] {dagbag.py:588} INFO - Filling up the DagBag from /home/airflow/.local/lib/python3.12/site-packages/airflow/example_dags/example_dataset_alias_with_no_taskflow.py
[2024-12-09T21:49:25.831+0000] {processor.py:925} INFO - DAG(s) 'dataset_s3_bucket_consumer_with_no_taskflow', 'dataset_alias_example_alias_producer_with_no_taskflow', 'dataset_s3_bucket_producer_with_no_taskflow', 'dataset_alias_example_alias_consumer_with_no_taskflow' retrieved from /home/airflow/.local/lib/python3.12/site-packages/airflow/example_dags/example_dataset_alias_with_no_taskflow.py
[2024-12-09T21:49:25.840+0000] {logging_mixin.py:190} INFO - [2024-12-09T21:49:25.840+0000] {dag.py:3239} INFO - Sync 4 DAGs
[2024-12-09T21:49:25.848+0000] {logging_mixin.py:190} INFO - [2024-12-09T21:49:25.847+0000] {dag.py:4180} INFO - Setting next_dagrun for dataset_alias_example_alias_consumer_with_no_taskflow to None, run_after=None
[2024-12-09T21:49:25.849+0000] {logging_mixin.py:190} INFO - [2024-12-09T21:49:25.848+0000] {dag.py:4180} INFO - Setting next_dagrun for dataset_alias_example_alias_producer_with_no_taskflow to None, run_after=None
[2024-12-09T21:49:25.849+0000] {logging_mixin.py:190} INFO - [2024-12-09T21:49:25.849+0000] {dag.py:4180} INFO - Setting next_dagrun for dataset_s3_bucket_consumer_with_no_taskflow to None, run_after=None
[2024-12-09T21:49:25.849+0000] {logging_mixin.py:190} INFO - [2024-12-09T21:49:25.849+0000] {dag.py:4180} INFO - Setting next_dagrun for dataset_s3_bucket_producer_with_no_taskflow to None, run_after=None
[2024-12-09T21:49:25.857+0000] {processor.py:208} INFO - Processing /home/airflow/.local/lib/python3.12/site-packages/airflow/example_dags/example_dataset_alias_with_no_taskflow.py took 0.289 seconds
[2024-12-09T21:49:56.153+0000] {processor.py:186} INFO - Started process (PID=191) to work on /home/airflow/.local/lib/python3.12/site-packages/airflow/example_dags/example_dataset_alias_with_no_taskflow.py
[2024-12-09T21:49:56.154+0000] {processor.py:914} INFO - Processing file /home/airflow/.local/lib/python3.12/site-packages/airflow/example_dags/example_dataset_alias_with_no_taskflow.py for tasks to queue
[2024-12-09T21:49:56.156+0000] {logging_mixin.py:190} INFO - [2024-12-09T21:49:56.156+0000] {dagbag.py:588} INFO - Filling up the DagBag from /home/airflow/.local/lib/python3.12/site-packages/airflow/example_dags/example_dataset_alias_with_no_taskflow.py
[2024-12-09T21:49:56.421+0000] {processor.py:925} INFO - DAG(s) 'dataset_alias_example_alias_consumer_with_no_taskflow', 'dataset_s3_bucket_consumer_with_no_taskflow', 'dataset_s3_bucket_producer_with_no_taskflow', 'dataset_alias_example_alias_producer_with_no_taskflow' retrieved from /home/airflow/.local/lib/python3.12/site-packages/airflow/example_dags/example_dataset_alias_with_no_taskflow.py
[2024-12-09T21:49:56.428+0000] {logging_mixin.py:190} INFO - [2024-12-09T21:49:56.428+0000] {dag.py:3239} INFO - Sync 4 DAGs
[2024-12-09T21:49:56.438+0000] {logging_mixin.py:190} INFO - [2024-12-09T21:49:56.438+0000] {dag.py:4180} INFO - Setting next_dagrun for dataset_alias_example_alias_consumer_with_no_taskflow to None, run_after=None
[2024-12-09T21:49:56.440+0000] {logging_mixin.py:190} INFO - [2024-12-09T21:49:56.440+0000] {dag.py:4180} INFO - Setting next_dagrun for dataset_alias_example_alias_producer_with_no_taskflow to None, run_after=None
[2024-12-09T21:49:56.444+0000] {logging_mixin.py:190} INFO - [2024-12-09T21:49:56.444+0000] {dag.py:4180} INFO - Setting next_dagrun for dataset_s3_bucket_consumer_with_no_taskflow to None, run_after=None
[2024-12-09T21:49:56.444+0000] {logging_mixin.py:190} INFO - [2024-12-09T21:49:56.444+0000] {dag.py:4180} INFO - Setting next_dagrun for dataset_s3_bucket_producer_with_no_taskflow to None, run_after=None
[2024-12-09T21:49:56.452+0000] {processor.py:208} INFO - Processing /home/airflow/.local/lib/python3.12/site-packages/airflow/example_dags/example_dataset_alias_with_no_taskflow.py took 0.303 seconds
[2024-12-09T21:50:26.738+0000] {processor.py:186} INFO - Started process (PID=260) to work on /home/airflow/.local/lib/python3.12/site-packages/airflow/example_dags/example_dataset_alias_with_no_taskflow.py
[2024-12-09T21:50:26.739+0000] {processor.py:914} INFO - Processing file /home/airflow/.local/lib/python3.12/site-packages/airflow/example_dags/example_dataset_alias_with_no_taskflow.py for tasks to queue
[2024-12-09T21:50:26.740+0000] {logging_mixin.py:190} INFO - [2024-12-09T21:50:26.740+0000] {dagbag.py:588} INFO - Filling up the DagBag from /home/airflow/.local/lib/python3.12/site-packages/airflow/example_dags/example_dataset_alias_with_no_taskflow.py
[2024-12-09T21:50:26.952+0000] {processor.py:925} INFO - DAG(s) 'dataset_s3_bucket_consumer_with_no_taskflow', 'dataset_alias_example_alias_producer_with_no_taskflow', 'dataset_alias_example_alias_consumer_with_no_taskflow', 'dataset_s3_bucket_producer_with_no_taskflow' retrieved from /home/airflow/.local/lib/python3.12/site-packages/airflow/example_dags/example_dataset_alias_with_no_taskflow.py
[2024-12-09T21:50:26.958+0000] {logging_mixin.py:190} INFO - [2024-12-09T21:50:26.957+0000] {dag.py:3239} INFO - Sync 4 DAGs
[2024-12-09T21:50:26.964+0000] {logging_mixin.py:190} INFO - [2024-12-09T21:50:26.964+0000] {dag.py:4180} INFO - Setting next_dagrun for dataset_alias_example_alias_consumer_with_no_taskflow to None, run_after=None
[2024-12-09T21:50:26.965+0000] {logging_mixin.py:190} INFO - [2024-12-09T21:50:26.965+0000] {dag.py:4180} INFO - Setting next_dagrun for dataset_alias_example_alias_producer_with_no_taskflow to None, run_after=None
[2024-12-09T21:50:26.965+0000] {logging_mixin.py:190} INFO - [2024-12-09T21:50:26.965+0000] {dag.py:4180} INFO - Setting next_dagrun for dataset_s3_bucket_consumer_with_no_taskflow to None, run_after=None
[2024-12-09T21:50:26.966+0000] {logging_mixin.py:190} INFO - [2024-12-09T21:50:26.966+0000] {dag.py:4180} INFO - Setting next_dagrun for dataset_s3_bucket_producer_with_no_taskflow to None, run_after=None
[2024-12-09T21:50:26.972+0000] {processor.py:208} INFO - Processing /home/airflow/.local/lib/python3.12/site-packages/airflow/example_dags/example_dataset_alias_with_no_taskflow.py took 0.236 seconds
[2024-12-09T21:50:57.857+0000] {processor.py:186} INFO - Started process (PID=331) to work on /home/airflow/.local/lib/python3.12/site-packages/airflow/example_dags/example_dataset_alias_with_no_taskflow.py
[2024-12-09T21:50:57.858+0000] {processor.py:914} INFO - Processing file /home/airflow/.local/lib/python3.12/site-packages/airflow/example_dags/example_dataset_alias_with_no_taskflow.py for tasks to queue
[2024-12-09T21:50:57.860+0000] {logging_mixin.py:190} INFO - [2024-12-09T21:50:57.859+0000] {dagbag.py:588} INFO - Filling up the DagBag from /home/airflow/.local/lib/python3.12/site-packages/airflow/example_dags/example_dataset_alias_with_no_taskflow.py
[2024-12-09T21:50:58.088+0000] {processor.py:925} INFO - DAG(s) 'dataset_alias_example_alias_producer_with_no_taskflow', 'dataset_s3_bucket_consumer_with_no_taskflow', 'dataset_alias_example_alias_consumer_with_no_taskflow', 'dataset_s3_bucket_producer_with_no_taskflow' retrieved from /home/airflow/.local/lib/python3.12/site-packages/airflow/example_dags/example_dataset_alias_with_no_taskflow.py
[2024-12-09T21:50:58.094+0000] {logging_mixin.py:190} INFO - [2024-12-09T21:50:58.094+0000] {dag.py:3239} INFO - Sync 4 DAGs
[2024-12-09T21:50:58.101+0000] {logging_mixin.py:190} INFO - [2024-12-09T21:50:58.101+0000] {dag.py:4180} INFO - Setting next_dagrun for dataset_alias_example_alias_consumer_with_no_taskflow to None, run_after=None
[2024-12-09T21:50:58.102+0000] {logging_mixin.py:190} INFO - [2024-12-09T21:50:58.102+0000] {dag.py:4180} INFO - Setting next_dagrun for dataset_alias_example_alias_producer_with_no_taskflow to None, run_after=None
[2024-12-09T21:50:58.103+0000] {logging_mixin.py:190} INFO - [2024-12-09T21:50:58.103+0000] {dag.py:4180} INFO - Setting next_dagrun for dataset_s3_bucket_consumer_with_no_taskflow to None, run_after=None
[2024-12-09T21:50:58.103+0000] {logging_mixin.py:190} INFO - [2024-12-09T21:50:58.103+0000] {dag.py:4180} INFO - Setting next_dagrun for dataset_s3_bucket_producer_with_no_taskflow to None, run_after=None
[2024-12-09T21:50:58.109+0000] {processor.py:208} INFO - Processing /home/airflow/.local/lib/python3.12/site-packages/airflow/example_dags/example_dataset_alias_with_no_taskflow.py took 0.258 seconds
[2024-12-09T21:51:29.099+0000] {processor.py:186} INFO - Started process (PID=394) to work on /home/airflow/.local/lib/python3.12/site-packages/airflow/example_dags/example_dataset_alias_with_no_taskflow.py
[2024-12-09T21:51:29.100+0000] {processor.py:914} INFO - Processing file /home/airflow/.local/lib/python3.12/site-packages/airflow/example_dags/example_dataset_alias_with_no_taskflow.py for tasks to queue
[2024-12-09T21:51:29.102+0000] {logging_mixin.py:190} INFO - [2024-12-09T21:51:29.102+0000] {dagbag.py:588} INFO - Filling up the DagBag from /home/airflow/.local/lib/python3.12/site-packages/airflow/example_dags/example_dataset_alias_with_no_taskflow.py
[2024-12-09T21:51:29.335+0000] {processor.py:925} INFO - DAG(s) 'dataset_alias_example_alias_consumer_with_no_taskflow', 'dataset_s3_bucket_producer_with_no_taskflow', 'dataset_s3_bucket_consumer_with_no_taskflow', 'dataset_alias_example_alias_producer_with_no_taskflow' retrieved from /home/airflow/.local/lib/python3.12/site-packages/airflow/example_dags/example_dataset_alias_with_no_taskflow.py
[2024-12-09T21:51:29.342+0000] {logging_mixin.py:190} INFO - [2024-12-09T21:51:29.342+0000] {dag.py:3239} INFO - Sync 4 DAGs
[2024-12-09T21:51:29.349+0000] {logging_mixin.py:190} INFO - [2024-12-09T21:51:29.349+0000] {dag.py:4180} INFO - Setting next_dagrun for dataset_alias_example_alias_consumer_with_no_taskflow to None, run_after=None
[2024-12-09T21:51:29.350+0000] {logging_mixin.py:190} INFO - [2024-12-09T21:51:29.350+0000] {dag.py:4180} INFO - Setting next_dagrun for dataset_alias_example_alias_producer_with_no_taskflow to None, run_after=None
[2024-12-09T21:51:29.350+0000] {logging_mixin.py:190} INFO - [2024-12-09T21:51:29.350+0000] {dag.py:4180} INFO - Setting next_dagrun for dataset_s3_bucket_consumer_with_no_taskflow to None, run_after=None
[2024-12-09T21:51:29.353+0000] {logging_mixin.py:190} INFO - [2024-12-09T21:51:29.353+0000] {dag.py:4180} INFO - Setting next_dagrun for dataset_s3_bucket_producer_with_no_taskflow to None, run_after=None
[2024-12-09T21:51:29.360+0000] {processor.py:208} INFO - Processing /home/airflow/.local/lib/python3.12/site-packages/airflow/example_dags/example_dataset_alias_with_no_taskflow.py took 0.267 seconds
[2024-12-09T21:51:59.391+0000] {processor.py:186} INFO - Started process (PID=458) to work on /home/airflow/.local/lib/python3.12/site-packages/airflow/example_dags/example_dataset_alias_with_no_taskflow.py
[2024-12-09T21:51:59.392+0000] {processor.py:914} INFO - Processing file /home/airflow/.local/lib/python3.12/site-packages/airflow/example_dags/example_dataset_alias_with_no_taskflow.py for tasks to queue
[2024-12-09T21:51:59.394+0000] {logging_mixin.py:190} INFO - [2024-12-09T21:51:59.394+0000] {dagbag.py:588} INFO - Filling up the DagBag from /home/airflow/.local/lib/python3.12/site-packages/airflow/example_dags/example_dataset_alias_with_no_taskflow.py
[2024-12-09T21:51:59.607+0000] {processor.py:925} INFO - DAG(s) 'dataset_alias_example_alias_consumer_with_no_taskflow', 'dataset_s3_bucket_consumer_with_no_taskflow', 'dataset_s3_bucket_producer_with_no_taskflow', 'dataset_alias_example_alias_producer_with_no_taskflow' retrieved from /home/airflow/.local/lib/python3.12/site-packages/airflow/example_dags/example_dataset_alias_with_no_taskflow.py
[2024-12-09T21:51:59.613+0000] {logging_mixin.py:190} INFO - [2024-12-09T21:51:59.613+0000] {dag.py:3239} INFO - Sync 4 DAGs
[2024-12-09T21:51:59.619+0000] {logging_mixin.py:190} INFO - [2024-12-09T21:51:59.619+0000] {dag.py:4180} INFO - Setting next_dagrun for dataset_alias_example_alias_consumer_with_no_taskflow to None, run_after=None
[2024-12-09T21:51:59.620+0000] {logging_mixin.py:190} INFO - [2024-12-09T21:51:59.620+0000] {dag.py:4180} INFO - Setting next_dagrun for dataset_alias_example_alias_producer_with_no_taskflow to None, run_after=None
[2024-12-09T21:51:59.620+0000] {logging_mixin.py:190} INFO - [2024-12-09T21:51:59.620+0000] {dag.py:4180} INFO - Setting next_dagrun for dataset_s3_bucket_consumer_with_no_taskflow to None, run_after=None
[2024-12-09T21:51:59.621+0000] {logging_mixin.py:190} INFO - [2024-12-09T21:51:59.621+0000] {dag.py:4180} INFO - Setting next_dagrun for dataset_s3_bucket_producer_with_no_taskflow to None, run_after=None
[2024-12-09T21:51:59.626+0000] {processor.py:208} INFO - Processing /home/airflow/.local/lib/python3.12/site-packages/airflow/example_dags/example_dataset_alias_with_no_taskflow.py took 0.239 seconds
[2024-12-09T21:52:30.562+0000] {processor.py:186} INFO - Started process (PID=521) to work on /home/airflow/.local/lib/python3.12/site-packages/airflow/example_dags/example_dataset_alias_with_no_taskflow.py
[2024-12-09T21:52:30.563+0000] {processor.py:914} INFO - Processing file /home/airflow/.local/lib/python3.12/site-packages/airflow/example_dags/example_dataset_alias_with_no_taskflow.py for tasks to queue
[2024-12-09T21:52:30.564+0000] {logging_mixin.py:190} INFO - [2024-12-09T21:52:30.564+0000] {dagbag.py:588} INFO - Filling up the DagBag from /home/airflow/.local/lib/python3.12/site-packages/airflow/example_dags/example_dataset_alias_with_no_taskflow.py
[2024-12-09T21:52:30.809+0000] {processor.py:925} INFO - DAG(s) 'dataset_alias_example_alias_producer_with_no_taskflow', 'dataset_s3_bucket_consumer_with_no_taskflow', 'dataset_s3_bucket_producer_with_no_taskflow', 'dataset_alias_example_alias_consumer_with_no_taskflow' retrieved from /home/airflow/.local/lib/python3.12/site-packages/airflow/example_dags/example_dataset_alias_with_no_taskflow.py
[2024-12-09T21:52:30.815+0000] {logging_mixin.py:190} INFO - [2024-12-09T21:52:30.815+0000] {dag.py:3239} INFO - Sync 4 DAGs
[2024-12-09T21:52:30.823+0000] {logging_mixin.py:190} INFO - [2024-12-09T21:52:30.823+0000] {dag.py:4180} INFO - Setting next_dagrun for dataset_alias_example_alias_consumer_with_no_taskflow to None, run_after=None
[2024-12-09T21:52:30.825+0000] {logging_mixin.py:190} INFO - [2024-12-09T21:52:30.824+0000] {dag.py:4180} INFO - Setting next_dagrun for dataset_alias_example_alias_producer_with_no_taskflow to None, run_after=None
[2024-12-09T21:52:30.825+0000] {logging_mixin.py:190} INFO - [2024-12-09T21:52:30.825+0000] {dag.py:4180} INFO - Setting next_dagrun for dataset_s3_bucket_consumer_with_no_taskflow to None, run_after=None
[2024-12-09T21:52:30.825+0000] {logging_mixin.py:190} INFO - [2024-12-09T21:52:30.825+0000] {dag.py:4180} INFO - Setting next_dagrun for dataset_s3_bucket_producer_with_no_taskflow to None, run_after=None
[2024-12-09T21:52:30.832+0000] {processor.py:208} INFO - Processing /home/airflow/.local/lib/python3.12/site-packages/airflow/example_dags/example_dataset_alias_with_no_taskflow.py took 0.275 seconds
[2024-12-09T21:53:01.702+0000] {processor.py:186} INFO - Started process (PID=584) to work on /home/airflow/.local/lib/python3.12/site-packages/airflow/example_dags/example_dataset_alias_with_no_taskflow.py
[2024-12-09T21:53:01.704+0000] {processor.py:914} INFO - Processing file /home/airflow/.local/lib/python3.12/site-packages/airflow/example_dags/example_dataset_alias_with_no_taskflow.py for tasks to queue
[2024-12-09T21:53:01.706+0000] {logging_mixin.py:190} INFO - [2024-12-09T21:53:01.706+0000] {dagbag.py:588} INFO - Filling up the DagBag from /home/airflow/.local/lib/python3.12/site-packages/airflow/example_dags/example_dataset_alias_with_no_taskflow.py
[2024-12-09T21:53:01.941+0000] {processor.py:925} INFO - DAG(s) 'dataset_alias_example_alias_consumer_with_no_taskflow', 'dataset_alias_example_alias_producer_with_no_taskflow', 'dataset_s3_bucket_producer_with_no_taskflow', 'dataset_s3_bucket_consumer_with_no_taskflow' retrieved from /home/airflow/.local/lib/python3.12/site-packages/airflow/example_dags/example_dataset_alias_with_no_taskflow.py
[2024-12-09T21:53:01.948+0000] {logging_mixin.py:190} INFO - [2024-12-09T21:53:01.948+0000] {dag.py:3239} INFO - Sync 4 DAGs
[2024-12-09T21:53:01.957+0000] {logging_mixin.py:190} INFO - [2024-12-09T21:53:01.957+0000] {dag.py:4180} INFO - Setting next_dagrun for dataset_alias_example_alias_consumer_with_no_taskflow to None, run_after=None
[2024-12-09T21:53:01.958+0000] {logging_mixin.py:190} INFO - [2024-12-09T21:53:01.958+0000] {dag.py:4180} INFO - Setting next_dagrun for dataset_alias_example_alias_producer_with_no_taskflow to None, run_after=None
[2024-12-09T21:53:01.959+0000] {logging_mixin.py:190} INFO - [2024-12-09T21:53:01.958+0000] {dag.py:4180} INFO - Setting next_dagrun for dataset_s3_bucket_consumer_with_no_taskflow to None, run_after=None
[2024-12-09T21:53:01.959+0000] {logging_mixin.py:190} INFO - [2024-12-09T21:53:01.959+0000] {dag.py:4180} INFO - Setting next_dagrun for dataset_s3_bucket_producer_with_no_taskflow to None, run_after=None
[2024-12-09T21:53:01.977+0000] {processor.py:208} INFO - Processing /home/airflow/.local/lib/python3.12/site-packages/airflow/example_dags/example_dataset_alias_with_no_taskflow.py took 0.282 seconds
