[2024-12-09T21:48:54.723+0000] {processor.py:186} INFO - Started process (PID=68) to work on /home/airflow/.local/lib/python3.12/site-packages/airflow/example_dags/example_sensor_decorator.py
[2024-12-09T21:48:54.723+0000] {processor.py:914} INFO - Processing file /home/airflow/.local/lib/python3.12/site-packages/airflow/example_dags/example_sensor_decorator.py for tasks to queue
[2024-12-09T21:48:54.725+0000] {logging_mixin.py:190} INFO - [2024-12-09T21:48:54.725+0000] {dagbag.py:588} INFO - Filling up the DagBag from /home/airflow/.local/lib/python3.12/site-packages/airflow/example_dags/example_sensor_decorator.py
[2024-12-09T21:48:54.729+0000] {processor.py:925} INFO - DAG(s) 'example_sensor_decorator' retrieved from /home/airflow/.local/lib/python3.12/site-packages/airflow/example_dags/example_sensor_decorator.py
[2024-12-09T21:48:54.777+0000] {logging_mixin.py:190} INFO - [2024-12-09T21:48:54.776+0000] {override.py:1911} INFO - Created Permission View: can edit on DAG:example_sensor_decorator
[2024-12-09T21:48:54.781+0000] {logging_mixin.py:190} INFO - [2024-12-09T21:48:54.781+0000] {override.py:1911} INFO - Created Permission View: can read on DAG:example_sensor_decorator
[2024-12-09T21:48:54.784+0000] {logging_mixin.py:190} INFO - [2024-12-09T21:48:54.784+0000] {override.py:1911} INFO - Created Permission View: can delete on DAG:example_sensor_decorator
[2024-12-09T21:48:54.787+0000] {logging_mixin.py:190} INFO - [2024-12-09T21:48:54.787+0000] {override.py:1911} INFO - Created Permission View: menu access on DAG Run:example_sensor_decorator
[2024-12-09T21:48:54.790+0000] {logging_mixin.py:190} INFO - [2024-12-09T21:48:54.790+0000] {override.py:1911} INFO - Created Permission View: can read on DAG Run:example_sensor_decorator
[2024-12-09T21:48:54.793+0000] {logging_mixin.py:190} INFO - [2024-12-09T21:48:54.793+0000] {override.py:1911} INFO - Created Permission View: can delete on DAG Run:example_sensor_decorator
[2024-12-09T21:48:54.796+0000] {logging_mixin.py:190} INFO - [2024-12-09T21:48:54.796+0000] {override.py:1911} INFO - Created Permission View: can create on DAG Run:example_sensor_decorator
[2024-12-09T21:48:54.796+0000] {logging_mixin.py:190} INFO - [2024-12-09T21:48:54.796+0000] {dag.py:3239} INFO - Sync 1 DAGs
[2024-12-09T21:48:54.802+0000] {logging_mixin.py:190} INFO - [2024-12-09T21:48:54.802+0000] {dag.py:3262} INFO - Creating ORM DAG for example_sensor_decorator
[2024-12-09T21:48:54.802+0000] {logging_mixin.py:190} INFO - [2024-12-09T21:48:54.802+0000] {dag.py:4180} INFO - Setting next_dagrun for example_sensor_decorator to None, run_after=None
[2024-12-09T21:48:54.809+0000] {processor.py:208} INFO - Processing /home/airflow/.local/lib/python3.12/site-packages/airflow/example_dags/example_sensor_decorator.py took 0.090 seconds
[2024-12-09T21:49:25.495+0000] {processor.py:186} INFO - Started process (PID=130) to work on /home/airflow/.local/lib/python3.12/site-packages/airflow/example_dags/example_sensor_decorator.py
[2024-12-09T21:49:25.496+0000] {processor.py:914} INFO - Processing file /home/airflow/.local/lib/python3.12/site-packages/airflow/example_dags/example_sensor_decorator.py for tasks to queue
[2024-12-09T21:49:25.497+0000] {logging_mixin.py:190} INFO - [2024-12-09T21:49:25.497+0000] {dagbag.py:588} INFO - Filling up the DagBag from /home/airflow/.local/lib/python3.12/site-packages/airflow/example_dags/example_sensor_decorator.py
[2024-12-09T21:49:25.501+0000] {processor.py:925} INFO - DAG(s) 'example_sensor_decorator' retrieved from /home/airflow/.local/lib/python3.12/site-packages/airflow/example_dags/example_sensor_decorator.py
[2024-12-09T21:49:25.509+0000] {logging_mixin.py:190} INFO - [2024-12-09T21:49:25.509+0000] {dag.py:3239} INFO - Sync 1 DAGs
[2024-12-09T21:49:25.514+0000] {logging_mixin.py:190} INFO - [2024-12-09T21:49:25.514+0000] {dag.py:4180} INFO - Setting next_dagrun for example_sensor_decorator to None, run_after=None
[2024-12-09T21:49:25.521+0000] {processor.py:208} INFO - Processing /home/airflow/.local/lib/python3.12/site-packages/airflow/example_dags/example_sensor_decorator.py took 0.028 seconds
[2024-12-09T21:49:56.264+0000] {processor.py:186} INFO - Started process (PID=194) to work on /home/airflow/.local/lib/python3.12/site-packages/airflow/example_dags/example_sensor_decorator.py
[2024-12-09T21:49:56.264+0000] {processor.py:914} INFO - Processing file /home/airflow/.local/lib/python3.12/site-packages/airflow/example_dags/example_sensor_decorator.py for tasks to queue
[2024-12-09T21:49:56.266+0000] {logging_mixin.py:190} INFO - [2024-12-09T21:49:56.266+0000] {dagbag.py:588} INFO - Filling up the DagBag from /home/airflow/.local/lib/python3.12/site-packages/airflow/example_dags/example_sensor_decorator.py
[2024-12-09T21:49:56.269+0000] {processor.py:925} INFO - DAG(s) 'example_sensor_decorator' retrieved from /home/airflow/.local/lib/python3.12/site-packages/airflow/example_dags/example_sensor_decorator.py
[2024-12-09T21:49:56.277+0000] {logging_mixin.py:190} INFO - [2024-12-09T21:49:56.277+0000] {dag.py:3239} INFO - Sync 1 DAGs
[2024-12-09T21:49:56.283+0000] {logging_mixin.py:190} INFO - [2024-12-09T21:49:56.283+0000] {dag.py:4180} INFO - Setting next_dagrun for example_sensor_decorator to None, run_after=None
[2024-12-09T21:49:56.289+0000] {processor.py:208} INFO - Processing /home/airflow/.local/lib/python3.12/site-packages/airflow/example_dags/example_sensor_decorator.py took 0.027 seconds
[2024-12-09T21:50:26.630+0000] {processor.py:186} INFO - Started process (PID=256) to work on /home/airflow/.local/lib/python3.12/site-packages/airflow/example_dags/example_sensor_decorator.py
[2024-12-09T21:50:26.634+0000] {processor.py:914} INFO - Processing file /home/airflow/.local/lib/python3.12/site-packages/airflow/example_dags/example_sensor_decorator.py for tasks to queue
[2024-12-09T21:50:26.635+0000] {logging_mixin.py:190} INFO - [2024-12-09T21:50:26.635+0000] {dagbag.py:588} INFO - Filling up the DagBag from /home/airflow/.local/lib/python3.12/site-packages/airflow/example_dags/example_sensor_decorator.py
[2024-12-09T21:50:26.639+0000] {processor.py:925} INFO - DAG(s) 'example_sensor_decorator' retrieved from /home/airflow/.local/lib/python3.12/site-packages/airflow/example_dags/example_sensor_decorator.py
[2024-12-09T21:50:26.647+0000] {logging_mixin.py:190} INFO - [2024-12-09T21:50:26.647+0000] {dag.py:3239} INFO - Sync 1 DAGs
[2024-12-09T21:50:26.652+0000] {logging_mixin.py:190} INFO - [2024-12-09T21:50:26.652+0000] {dag.py:4180} INFO - Setting next_dagrun for example_sensor_decorator to None, run_after=None
[2024-12-09T21:50:26.658+0000] {processor.py:208} INFO - Processing /home/airflow/.local/lib/python3.12/site-packages/airflow/example_dags/example_sensor_decorator.py took 0.030 seconds
[2024-12-09T21:50:56.698+0000] {processor.py:186} INFO - Started process (PID=319) to work on /home/airflow/.local/lib/python3.12/site-packages/airflow/example_dags/example_sensor_decorator.py
[2024-12-09T21:50:56.698+0000] {processor.py:914} INFO - Processing file /home/airflow/.local/lib/python3.12/site-packages/airflow/example_dags/example_sensor_decorator.py for tasks to queue
[2024-12-09T21:50:56.699+0000] {logging_mixin.py:190} INFO - [2024-12-09T21:50:56.699+0000] {dagbag.py:588} INFO - Filling up the DagBag from /home/airflow/.local/lib/python3.12/site-packages/airflow/example_dags/example_sensor_decorator.py
[2024-12-09T21:50:56.702+0000] {processor.py:925} INFO - DAG(s) 'example_sensor_decorator' retrieved from /home/airflow/.local/lib/python3.12/site-packages/airflow/example_dags/example_sensor_decorator.py
[2024-12-09T21:50:56.711+0000] {logging_mixin.py:190} INFO - [2024-12-09T21:50:56.711+0000] {dag.py:3239} INFO - Sync 1 DAGs
[2024-12-09T21:50:56.716+0000] {logging_mixin.py:190} INFO - [2024-12-09T21:50:56.716+0000] {dag.py:4180} INFO - Setting next_dagrun for example_sensor_decorator to None, run_after=None
[2024-12-09T21:50:56.723+0000] {processor.py:208} INFO - Processing /home/airflow/.local/lib/python3.12/site-packages/airflow/example_dags/example_sensor_decorator.py took 0.028 seconds
[2024-12-09T21:51:26.936+0000] {processor.py:186} INFO - Started process (PID=382) to work on /home/airflow/.local/lib/python3.12/site-packages/airflow/example_dags/example_sensor_decorator.py
[2024-12-09T21:51:26.938+0000] {processor.py:914} INFO - Processing file /home/airflow/.local/lib/python3.12/site-packages/airflow/example_dags/example_sensor_decorator.py for tasks to queue
[2024-12-09T21:51:26.941+0000] {logging_mixin.py:190} INFO - [2024-12-09T21:51:26.941+0000] {dagbag.py:588} INFO - Filling up the DagBag from /home/airflow/.local/lib/python3.12/site-packages/airflow/example_dags/example_sensor_decorator.py
[2024-12-09T21:51:26.945+0000] {processor.py:925} INFO - DAG(s) 'example_sensor_decorator' retrieved from /home/airflow/.local/lib/python3.12/site-packages/airflow/example_dags/example_sensor_decorator.py
[2024-12-09T21:51:26.953+0000] {logging_mixin.py:190} INFO - [2024-12-09T21:51:26.953+0000] {dag.py:3239} INFO - Sync 1 DAGs
[2024-12-09T21:51:26.961+0000] {logging_mixin.py:190} INFO - [2024-12-09T21:51:26.961+0000] {dag.py:4180} INFO - Setting next_dagrun for example_sensor_decorator to None, run_after=None
[2024-12-09T21:51:26.971+0000] {processor.py:208} INFO - Processing /home/airflow/.local/lib/python3.12/site-packages/airflow/example_dags/example_sensor_decorator.py took 0.037 seconds
[2024-12-09T21:51:57.238+0000] {processor.py:186} INFO - Started process (PID=446) to work on /home/airflow/.local/lib/python3.12/site-packages/airflow/example_dags/example_sensor_decorator.py
[2024-12-09T21:51:57.240+0000] {processor.py:914} INFO - Processing file /home/airflow/.local/lib/python3.12/site-packages/airflow/example_dags/example_sensor_decorator.py for tasks to queue
[2024-12-09T21:51:57.245+0000] {logging_mixin.py:190} INFO - [2024-12-09T21:51:57.244+0000] {dagbag.py:588} INFO - Filling up the DagBag from /home/airflow/.local/lib/python3.12/site-packages/airflow/example_dags/example_sensor_decorator.py
[2024-12-09T21:51:57.248+0000] {processor.py:925} INFO - DAG(s) 'example_sensor_decorator' retrieved from /home/airflow/.local/lib/python3.12/site-packages/airflow/example_dags/example_sensor_decorator.py
[2024-12-09T21:51:57.255+0000] {logging_mixin.py:190} INFO - [2024-12-09T21:51:57.255+0000] {dag.py:3239} INFO - Sync 1 DAGs
[2024-12-09T21:51:57.261+0000] {logging_mixin.py:190} INFO - [2024-12-09T21:51:57.261+0000] {dag.py:4180} INFO - Setting next_dagrun for example_sensor_decorator to None, run_after=None
[2024-12-09T21:51:57.267+0000] {processor.py:208} INFO - Processing /home/airflow/.local/lib/python3.12/site-packages/airflow/example_dags/example_sensor_decorator.py took 0.031 seconds
[2024-12-09T21:52:27.386+0000] {processor.py:186} INFO - Started process (PID=509) to work on /home/airflow/.local/lib/python3.12/site-packages/airflow/example_dags/example_sensor_decorator.py
[2024-12-09T21:52:27.387+0000] {processor.py:914} INFO - Processing file /home/airflow/.local/lib/python3.12/site-packages/airflow/example_dags/example_sensor_decorator.py for tasks to queue
[2024-12-09T21:52:27.389+0000] {logging_mixin.py:190} INFO - [2024-12-09T21:52:27.388+0000] {dagbag.py:588} INFO - Filling up the DagBag from /home/airflow/.local/lib/python3.12/site-packages/airflow/example_dags/example_sensor_decorator.py
[2024-12-09T21:52:27.392+0000] {processor.py:925} INFO - DAG(s) 'example_sensor_decorator' retrieved from /home/airflow/.local/lib/python3.12/site-packages/airflow/example_dags/example_sensor_decorator.py
[2024-12-09T21:52:27.401+0000] {logging_mixin.py:190} INFO - [2024-12-09T21:52:27.401+0000] {dag.py:3239} INFO - Sync 1 DAGs
[2024-12-09T21:52:27.408+0000] {logging_mixin.py:190} INFO - [2024-12-09T21:52:27.407+0000] {dag.py:4180} INFO - Setting next_dagrun for example_sensor_decorator to None, run_after=None
[2024-12-09T21:52:27.414+0000] {processor.py:208} INFO - Processing /home/airflow/.local/lib/python3.12/site-packages/airflow/example_dags/example_sensor_decorator.py took 0.032 seconds
[2024-12-09T21:52:57.525+0000] {processor.py:186} INFO - Started process (PID=572) to work on /home/airflow/.local/lib/python3.12/site-packages/airflow/example_dags/example_sensor_decorator.py
[2024-12-09T21:52:57.527+0000] {processor.py:914} INFO - Processing file /home/airflow/.local/lib/python3.12/site-packages/airflow/example_dags/example_sensor_decorator.py for tasks to queue
[2024-12-09T21:52:57.531+0000] {logging_mixin.py:190} INFO - [2024-12-09T21:52:57.531+0000] {dagbag.py:588} INFO - Filling up the DagBag from /home/airflow/.local/lib/python3.12/site-packages/airflow/example_dags/example_sensor_decorator.py
[2024-12-09T21:52:57.537+0000] {processor.py:925} INFO - DAG(s) 'example_sensor_decorator' retrieved from /home/airflow/.local/lib/python3.12/site-packages/airflow/example_dags/example_sensor_decorator.py
[2024-12-09T21:52:57.545+0000] {logging_mixin.py:190} INFO - [2024-12-09T21:52:57.544+0000] {dag.py:3239} INFO - Sync 1 DAGs
[2024-12-09T21:52:57.550+0000] {logging_mixin.py:190} INFO - [2024-12-09T21:52:57.550+0000] {dag.py:4180} INFO - Setting next_dagrun for example_sensor_decorator to None, run_after=None
[2024-12-09T21:52:57.556+0000] {processor.py:208} INFO - Processing /home/airflow/.local/lib/python3.12/site-packages/airflow/example_dags/example_sensor_decorator.py took 0.033 seconds
