[2024-12-09T21:48:56.390+0000] {processor.py:186} INFO - Started process (PID=83) to work on /home/airflow/.local/lib/python3.12/site-packages/airflow/example_dags/example_branch_operator.py
[2024-12-09T21:48:56.391+0000] {processor.py:914} INFO - Processing file /home/airflow/.local/lib/python3.12/site-packages/airflow/example_dags/example_branch_operator.py for tasks to queue
[2024-12-09T21:48:56.392+0000] {logging_mixin.py:190} INFO - [2024-12-09T21:48:56.392+0000] {dagbag.py:588} INFO - Filling up the DagBag from /home/airflow/.local/lib/python3.12/site-packages/airflow/example_dags/example_branch_operator.py
[2024-12-09T21:48:56.400+0000] {processor.py:925} INFO - DAG(s) 'example_branch_operator' retrieved from /home/airflow/.local/lib/python3.12/site-packages/airflow/example_dags/example_branch_operator.py
[2024-12-09T21:48:56.448+0000] {logging_mixin.py:190} INFO - [2024-12-09T21:48:56.448+0000] {override.py:1911} INFO - Created Permission View: can edit on DAG:example_branch_operator
[2024-12-09T21:48:56.456+0000] {logging_mixin.py:190} INFO - [2024-12-09T21:48:56.456+0000] {override.py:1911} INFO - Created Permission View: can read on DAG:example_branch_operator
[2024-12-09T21:48:56.458+0000] {logging_mixin.py:190} INFO - [2024-12-09T21:48:56.458+0000] {override.py:1911} INFO - Created Permission View: can delete on DAG:example_branch_operator
[2024-12-09T21:48:56.460+0000] {logging_mixin.py:190} INFO - [2024-12-09T21:48:56.459+0000] {override.py:1911} INFO - Created Permission View: menu access on DAG Run:example_branch_operator
[2024-12-09T21:48:56.461+0000] {logging_mixin.py:190} INFO - [2024-12-09T21:48:56.461+0000] {override.py:1911} INFO - Created Permission View: can read on DAG Run:example_branch_operator
[2024-12-09T21:48:56.462+0000] {logging_mixin.py:190} INFO - [2024-12-09T21:48:56.462+0000] {override.py:1911} INFO - Created Permission View: can delete on DAG Run:example_branch_operator
[2024-12-09T21:48:56.464+0000] {logging_mixin.py:190} INFO - [2024-12-09T21:48:56.464+0000] {override.py:1911} INFO - Created Permission View: can create on DAG Run:example_branch_operator
[2024-12-09T21:48:56.464+0000] {logging_mixin.py:190} INFO - [2024-12-09T21:48:56.464+0000] {dag.py:3239} INFO - Sync 1 DAGs
[2024-12-09T21:48:56.469+0000] {logging_mixin.py:190} INFO - [2024-12-09T21:48:56.469+0000] {dag.py:3262} INFO - Creating ORM DAG for example_branch_operator
[2024-12-09T21:48:56.473+0000] {logging_mixin.py:190} INFO - [2024-12-09T21:48:56.473+0000] {dag.py:4180} INFO - Setting next_dagrun for example_branch_operator to 2024-12-08 00:00:00+00:00, run_after=2024-12-09 00:00:00+00:00
[2024-12-09T21:48:56.480+0000] {processor.py:208} INFO - Processing /home/airflow/.local/lib/python3.12/site-packages/airflow/example_dags/example_branch_operator.py took 0.092 seconds
[2024-12-09T21:49:27.644+0000] {processor.py:186} INFO - Started process (PID=152) to work on /home/airflow/.local/lib/python3.12/site-packages/airflow/example_dags/example_branch_operator.py
[2024-12-09T21:49:27.644+0000] {processor.py:914} INFO - Processing file /home/airflow/.local/lib/python3.12/site-packages/airflow/example_dags/example_branch_operator.py for tasks to queue
[2024-12-09T21:49:27.645+0000] {logging_mixin.py:190} INFO - [2024-12-09T21:49:27.645+0000] {dagbag.py:588} INFO - Filling up the DagBag from /home/airflow/.local/lib/python3.12/site-packages/airflow/example_dags/example_branch_operator.py
[2024-12-09T21:49:27.652+0000] {processor.py:925} INFO - DAG(s) 'example_branch_operator' retrieved from /home/airflow/.local/lib/python3.12/site-packages/airflow/example_dags/example_branch_operator.py
[2024-12-09T21:49:27.662+0000] {logging_mixin.py:190} INFO - [2024-12-09T21:49:27.662+0000] {dag.py:3239} INFO - Sync 1 DAGs
[2024-12-09T21:49:27.670+0000] {logging_mixin.py:190} INFO - [2024-12-09T21:49:27.670+0000] {dag.py:4180} INFO - Setting next_dagrun for example_branch_operator to 2024-12-08 00:00:00+00:00, run_after=2024-12-09 00:00:00+00:00
[2024-12-09T21:49:27.679+0000] {processor.py:208} INFO - Processing /home/airflow/.local/lib/python3.12/site-packages/airflow/example_dags/example_branch_operator.py took 0.038 seconds
[2024-12-09T21:49:57.953+0000] {processor.py:186} INFO - Started process (PID=215) to work on /home/airflow/.local/lib/python3.12/site-packages/airflow/example_dags/example_branch_operator.py
[2024-12-09T21:49:57.956+0000] {processor.py:914} INFO - Processing file /home/airflow/.local/lib/python3.12/site-packages/airflow/example_dags/example_branch_operator.py for tasks to queue
[2024-12-09T21:49:57.957+0000] {logging_mixin.py:190} INFO - [2024-12-09T21:49:57.957+0000] {dagbag.py:588} INFO - Filling up the DagBag from /home/airflow/.local/lib/python3.12/site-packages/airflow/example_dags/example_branch_operator.py
[2024-12-09T21:49:57.964+0000] {processor.py:925} INFO - DAG(s) 'example_branch_operator' retrieved from /home/airflow/.local/lib/python3.12/site-packages/airflow/example_dags/example_branch_operator.py
[2024-12-09T21:49:57.976+0000] {logging_mixin.py:190} INFO - [2024-12-09T21:49:57.976+0000] {dag.py:3239} INFO - Sync 1 DAGs
[2024-12-09T21:49:57.985+0000] {logging_mixin.py:190} INFO - [2024-12-09T21:49:57.985+0000] {dag.py:4180} INFO - Setting next_dagrun for example_branch_operator to 2024-12-08 00:00:00+00:00, run_after=2024-12-09 00:00:00+00:00
[2024-12-09T21:49:57.991+0000] {processor.py:208} INFO - Processing /home/airflow/.local/lib/python3.12/site-packages/airflow/example_dags/example_branch_operator.py took 0.040 seconds
[2024-12-09T21:50:28.313+0000] {processor.py:186} INFO - Started process (PID=278) to work on /home/airflow/.local/lib/python3.12/site-packages/airflow/example_dags/example_branch_operator.py
[2024-12-09T21:50:28.313+0000] {processor.py:914} INFO - Processing file /home/airflow/.local/lib/python3.12/site-packages/airflow/example_dags/example_branch_operator.py for tasks to queue
[2024-12-09T21:50:28.314+0000] {logging_mixin.py:190} INFO - [2024-12-09T21:50:28.314+0000] {dagbag.py:588} INFO - Filling up the DagBag from /home/airflow/.local/lib/python3.12/site-packages/airflow/example_dags/example_branch_operator.py
[2024-12-09T21:50:28.320+0000] {processor.py:925} INFO - DAG(s) 'example_branch_operator' retrieved from /home/airflow/.local/lib/python3.12/site-packages/airflow/example_dags/example_branch_operator.py
[2024-12-09T21:50:28.331+0000] {logging_mixin.py:190} INFO - [2024-12-09T21:50:28.331+0000] {dag.py:3239} INFO - Sync 1 DAGs
[2024-12-09T21:50:28.340+0000] {logging_mixin.py:190} INFO - [2024-12-09T21:50:28.340+0000] {dag.py:4180} INFO - Setting next_dagrun for example_branch_operator to 2024-12-08 00:00:00+00:00, run_after=2024-12-09 00:00:00+00:00
[2024-12-09T21:50:28.346+0000] {processor.py:208} INFO - Processing /home/airflow/.local/lib/python3.12/site-packages/airflow/example_dags/example_branch_operator.py took 0.035 seconds
[2024-12-09T21:50:58.661+0000] {processor.py:186} INFO - Started process (PID=341) to work on /home/airflow/.local/lib/python3.12/site-packages/airflow/example_dags/example_branch_operator.py
[2024-12-09T21:50:58.662+0000] {processor.py:914} INFO - Processing file /home/airflow/.local/lib/python3.12/site-packages/airflow/example_dags/example_branch_operator.py for tasks to queue
[2024-12-09T21:50:58.662+0000] {logging_mixin.py:190} INFO - [2024-12-09T21:50:58.662+0000] {dagbag.py:588} INFO - Filling up the DagBag from /home/airflow/.local/lib/python3.12/site-packages/airflow/example_dags/example_branch_operator.py
[2024-12-09T21:50:58.669+0000] {processor.py:925} INFO - DAG(s) 'example_branch_operator' retrieved from /home/airflow/.local/lib/python3.12/site-packages/airflow/example_dags/example_branch_operator.py
[2024-12-09T21:50:58.679+0000] {logging_mixin.py:190} INFO - [2024-12-09T21:50:58.679+0000] {dag.py:3239} INFO - Sync 1 DAGs
[2024-12-09T21:50:58.687+0000] {logging_mixin.py:190} INFO - [2024-12-09T21:50:58.687+0000] {dag.py:4180} INFO - Setting next_dagrun for example_branch_operator to 2024-12-08 00:00:00+00:00, run_after=2024-12-09 00:00:00+00:00
[2024-12-09T21:50:58.695+0000] {processor.py:208} INFO - Processing /home/airflow/.local/lib/python3.12/site-packages/airflow/example_dags/example_branch_operator.py took 0.036 seconds
[2024-12-09T21:51:29.632+0000] {processor.py:186} INFO - Started process (PID=404) to work on /home/airflow/.local/lib/python3.12/site-packages/airflow/example_dags/example_branch_operator.py
[2024-12-09T21:51:29.633+0000] {processor.py:914} INFO - Processing file /home/airflow/.local/lib/python3.12/site-packages/airflow/example_dags/example_branch_operator.py for tasks to queue
[2024-12-09T21:51:29.634+0000] {logging_mixin.py:190} INFO - [2024-12-09T21:51:29.634+0000] {dagbag.py:588} INFO - Filling up the DagBag from /home/airflow/.local/lib/python3.12/site-packages/airflow/example_dags/example_branch_operator.py
[2024-12-09T21:51:29.644+0000] {processor.py:925} INFO - DAG(s) 'example_branch_operator' retrieved from /home/airflow/.local/lib/python3.12/site-packages/airflow/example_dags/example_branch_operator.py
[2024-12-09T21:51:29.654+0000] {logging_mixin.py:190} INFO - [2024-12-09T21:51:29.654+0000] {dag.py:3239} INFO - Sync 1 DAGs
[2024-12-09T21:51:29.662+0000] {logging_mixin.py:190} INFO - [2024-12-09T21:51:29.662+0000] {dag.py:4180} INFO - Setting next_dagrun for example_branch_operator to 2024-12-08 00:00:00+00:00, run_after=2024-12-09 00:00:00+00:00
[2024-12-09T21:51:29.667+0000] {processor.py:208} INFO - Processing /home/airflow/.local/lib/python3.12/site-packages/airflow/example_dags/example_branch_operator.py took 0.038 seconds
[2024-12-09T21:51:59.799+0000] {processor.py:186} INFO - Started process (PID=467) to work on /home/airflow/.local/lib/python3.12/site-packages/airflow/example_dags/example_branch_operator.py
[2024-12-09T21:51:59.799+0000] {processor.py:914} INFO - Processing file /home/airflow/.local/lib/python3.12/site-packages/airflow/example_dags/example_branch_operator.py for tasks to queue
[2024-12-09T21:51:59.800+0000] {logging_mixin.py:190} INFO - [2024-12-09T21:51:59.800+0000] {dagbag.py:588} INFO - Filling up the DagBag from /home/airflow/.local/lib/python3.12/site-packages/airflow/example_dags/example_branch_operator.py
[2024-12-09T21:51:59.806+0000] {processor.py:925} INFO - DAG(s) 'example_branch_operator' retrieved from /home/airflow/.local/lib/python3.12/site-packages/airflow/example_dags/example_branch_operator.py
[2024-12-09T21:51:59.817+0000] {logging_mixin.py:190} INFO - [2024-12-09T21:51:59.817+0000] {dag.py:3239} INFO - Sync 1 DAGs
[2024-12-09T21:51:59.826+0000] {logging_mixin.py:190} INFO - [2024-12-09T21:51:59.826+0000] {dag.py:4180} INFO - Setting next_dagrun for example_branch_operator to 2024-12-08 00:00:00+00:00, run_after=2024-12-09 00:00:00+00:00
[2024-12-09T21:51:59.831+0000] {processor.py:208} INFO - Processing /home/airflow/.local/lib/python3.12/site-packages/airflow/example_dags/example_branch_operator.py took 0.035 seconds
[2024-12-09T21:52:30.962+0000] {processor.py:186} INFO - Started process (PID=530) to work on /home/airflow/.local/lib/python3.12/site-packages/airflow/example_dags/example_branch_operator.py
[2024-12-09T21:52:30.962+0000] {processor.py:914} INFO - Processing file /home/airflow/.local/lib/python3.12/site-packages/airflow/example_dags/example_branch_operator.py for tasks to queue
[2024-12-09T21:52:30.963+0000] {logging_mixin.py:190} INFO - [2024-12-09T21:52:30.963+0000] {dagbag.py:588} INFO - Filling up the DagBag from /home/airflow/.local/lib/python3.12/site-packages/airflow/example_dags/example_branch_operator.py
[2024-12-09T21:52:30.970+0000] {processor.py:925} INFO - DAG(s) 'example_branch_operator' retrieved from /home/airflow/.local/lib/python3.12/site-packages/airflow/example_dags/example_branch_operator.py
[2024-12-09T21:52:30.980+0000] {logging_mixin.py:190} INFO - [2024-12-09T21:52:30.980+0000] {dag.py:3239} INFO - Sync 1 DAGs
[2024-12-09T21:52:30.988+0000] {logging_mixin.py:190} INFO - [2024-12-09T21:52:30.988+0000] {dag.py:4180} INFO - Setting next_dagrun for example_branch_operator to 2024-12-08 00:00:00+00:00, run_after=2024-12-09 00:00:00+00:00
[2024-12-09T21:52:30.994+0000] {processor.py:208} INFO - Processing /home/airflow/.local/lib/python3.12/site-packages/airflow/example_dags/example_branch_operator.py took 0.034 seconds
[2024-12-09T21:53:02.167+0000] {processor.py:186} INFO - Started process (PID=593) to work on /home/airflow/.local/lib/python3.12/site-packages/airflow/example_dags/example_branch_operator.py
[2024-12-09T21:53:02.170+0000] {processor.py:914} INFO - Processing file /home/airflow/.local/lib/python3.12/site-packages/airflow/example_dags/example_branch_operator.py for tasks to queue
[2024-12-09T21:53:02.171+0000] {logging_mixin.py:190} INFO - [2024-12-09T21:53:02.171+0000] {dagbag.py:588} INFO - Filling up the DagBag from /home/airflow/.local/lib/python3.12/site-packages/airflow/example_dags/example_branch_operator.py
[2024-12-09T21:53:02.180+0000] {processor.py:925} INFO - DAG(s) 'example_branch_operator' retrieved from /home/airflow/.local/lib/python3.12/site-packages/airflow/example_dags/example_branch_operator.py
[2024-12-09T21:53:02.193+0000] {logging_mixin.py:190} INFO - [2024-12-09T21:53:02.193+0000] {dag.py:3239} INFO - Sync 1 DAGs
[2024-12-09T21:53:02.204+0000] {logging_mixin.py:190} INFO - [2024-12-09T21:53:02.203+0000] {dag.py:4180} INFO - Setting next_dagrun for example_branch_operator to 2024-12-08 00:00:00+00:00, run_after=2024-12-09 00:00:00+00:00
[2024-12-09T21:53:02.213+0000] {processor.py:208} INFO - Processing /home/airflow/.local/lib/python3.12/site-packages/airflow/example_dags/example_branch_operator.py took 0.049 seconds
