[2024-12-09T21:48:57.383+0000] {processor.py:186} INFO - Started process (PID=99) to work on /home/airflow/.local/lib/python3.12/site-packages/airflow/example_dags/example_latest_only.py
[2024-12-09T21:48:57.384+0000] {processor.py:914} INFO - Processing file /home/airflow/.local/lib/python3.12/site-packages/airflow/example_dags/example_latest_only.py for tasks to queue
[2024-12-09T21:48:57.385+0000] {logging_mixin.py:190} INFO - [2024-12-09T21:48:57.385+0000] {dagbag.py:588} INFO - Filling up the DagBag from /home/airflow/.local/lib/python3.12/site-packages/airflow/example_dags/example_latest_only.py
[2024-12-09T21:48:57.390+0000] {processor.py:925} INFO - DAG(s) 'latest_only' retrieved from /home/airflow/.local/lib/python3.12/site-packages/airflow/example_dags/example_latest_only.py
[2024-12-09T21:48:57.432+0000] {logging_mixin.py:190} INFO - [2024-12-09T21:48:57.432+0000] {override.py:1911} INFO - Created Permission View: can edit on DAG:latest_only
[2024-12-09T21:48:57.437+0000] {logging_mixin.py:190} INFO - [2024-12-09T21:48:57.437+0000] {override.py:1911} INFO - Created Permission View: can read on DAG:latest_only
[2024-12-09T21:48:57.438+0000] {logging_mixin.py:190} INFO - [2024-12-09T21:48:57.438+0000] {override.py:1911} INFO - Created Permission View: can delete on DAG:latest_only
[2024-12-09T21:48:57.440+0000] {logging_mixin.py:190} INFO - [2024-12-09T21:48:57.439+0000] {override.py:1911} INFO - Created Permission View: menu access on DAG Run:latest_only
[2024-12-09T21:48:57.441+0000] {logging_mixin.py:190} INFO - [2024-12-09T21:48:57.441+0000] {override.py:1911} INFO - Created Permission View: can read on DAG Run:latest_only
[2024-12-09T21:48:57.443+0000] {logging_mixin.py:190} INFO - [2024-12-09T21:48:57.442+0000] {override.py:1911} INFO - Created Permission View: can delete on DAG Run:latest_only
[2024-12-09T21:48:57.444+0000] {logging_mixin.py:190} INFO - [2024-12-09T21:48:57.444+0000] {override.py:1911} INFO - Created Permission View: can create on DAG Run:latest_only
[2024-12-09T21:48:57.444+0000] {logging_mixin.py:190} INFO - [2024-12-09T21:48:57.444+0000] {dag.py:3239} INFO - Sync 1 DAGs
[2024-12-09T21:48:57.449+0000] {logging_mixin.py:190} INFO - [2024-12-09T21:48:57.449+0000] {dag.py:3262} INFO - Creating ORM DAG for latest_only
[2024-12-09T21:48:57.452+0000] {logging_mixin.py:190} INFO - [2024-12-09T21:48:57.452+0000] {dag.py:4180} INFO - Setting next_dagrun for latest_only to 2024-12-09 16:00:00+00:00, run_after=2024-12-09 20:00:00+00:00
[2024-12-09T21:48:57.458+0000] {processor.py:208} INFO - Processing /home/airflow/.local/lib/python3.12/site-packages/airflow/example_dags/example_latest_only.py took 0.078 seconds
[2024-12-09T21:49:28.159+0000] {processor.py:186} INFO - Started process (PID=162) to work on /home/airflow/.local/lib/python3.12/site-packages/airflow/example_dags/example_latest_only.py
[2024-12-09T21:49:28.161+0000] {processor.py:914} INFO - Processing file /home/airflow/.local/lib/python3.12/site-packages/airflow/example_dags/example_latest_only.py for tasks to queue
[2024-12-09T21:49:28.162+0000] {logging_mixin.py:190} INFO - [2024-12-09T21:49:28.161+0000] {dagbag.py:588} INFO - Filling up the DagBag from /home/airflow/.local/lib/python3.12/site-packages/airflow/example_dags/example_latest_only.py
[2024-12-09T21:49:28.165+0000] {processor.py:925} INFO - DAG(s) 'latest_only' retrieved from /home/airflow/.local/lib/python3.12/site-packages/airflow/example_dags/example_latest_only.py
[2024-12-09T21:49:28.176+0000] {logging_mixin.py:190} INFO - [2024-12-09T21:49:28.176+0000] {dag.py:3239} INFO - Sync 1 DAGs
[2024-12-09T21:49:28.187+0000] {logging_mixin.py:190} INFO - [2024-12-09T21:49:28.187+0000] {dag.py:4180} INFO - Setting next_dagrun for latest_only to 2024-12-09 16:00:00+00:00, run_after=2024-12-09 20:00:00+00:00
[2024-12-09T21:49:28.195+0000] {processor.py:208} INFO - Processing /home/airflow/.local/lib/python3.12/site-packages/airflow/example_dags/example_latest_only.py took 0.039 seconds
[2024-12-09T21:49:58.473+0000] {processor.py:186} INFO - Started process (PID=225) to work on /home/airflow/.local/lib/python3.12/site-packages/airflow/example_dags/example_latest_only.py
[2024-12-09T21:49:58.474+0000] {processor.py:914} INFO - Processing file /home/airflow/.local/lib/python3.12/site-packages/airflow/example_dags/example_latest_only.py for tasks to queue
[2024-12-09T21:49:58.475+0000] {logging_mixin.py:190} INFO - [2024-12-09T21:49:58.474+0000] {dagbag.py:588} INFO - Filling up the DagBag from /home/airflow/.local/lib/python3.12/site-packages/airflow/example_dags/example_latest_only.py
[2024-12-09T21:49:58.478+0000] {processor.py:925} INFO - DAG(s) 'latest_only' retrieved from /home/airflow/.local/lib/python3.12/site-packages/airflow/example_dags/example_latest_only.py
[2024-12-09T21:49:58.486+0000] {logging_mixin.py:190} INFO - [2024-12-09T21:49:58.486+0000] {dag.py:3239} INFO - Sync 1 DAGs
[2024-12-09T21:49:58.495+0000] {logging_mixin.py:190} INFO - [2024-12-09T21:49:58.494+0000] {dag.py:4180} INFO - Setting next_dagrun for latest_only to 2024-12-09 16:00:00+00:00, run_after=2024-12-09 20:00:00+00:00
[2024-12-09T21:49:58.501+0000] {processor.py:208} INFO - Processing /home/airflow/.local/lib/python3.12/site-packages/airflow/example_dags/example_latest_only.py took 0.030 seconds
[2024-12-09T21:50:28.526+0000] {processor.py:186} INFO - Started process (PID=287) to work on /home/airflow/.local/lib/python3.12/site-packages/airflow/example_dags/example_latest_only.py
[2024-12-09T21:50:28.526+0000] {processor.py:914} INFO - Processing file /home/airflow/.local/lib/python3.12/site-packages/airflow/example_dags/example_latest_only.py for tasks to queue
[2024-12-09T21:50:28.527+0000] {logging_mixin.py:190} INFO - [2024-12-09T21:50:28.527+0000] {dagbag.py:588} INFO - Filling up the DagBag from /home/airflow/.local/lib/python3.12/site-packages/airflow/example_dags/example_latest_only.py
[2024-12-09T21:50:28.530+0000] {processor.py:925} INFO - DAG(s) 'latest_only' retrieved from /home/airflow/.local/lib/python3.12/site-packages/airflow/example_dags/example_latest_only.py
[2024-12-09T21:50:28.538+0000] {logging_mixin.py:190} INFO - [2024-12-09T21:50:28.538+0000] {dag.py:3239} INFO - Sync 1 DAGs
[2024-12-09T21:50:28.546+0000] {logging_mixin.py:190} INFO - [2024-12-09T21:50:28.546+0000] {dag.py:4180} INFO - Setting next_dagrun for latest_only to 2024-12-09 16:00:00+00:00, run_after=2024-12-09 20:00:00+00:00
[2024-12-09T21:50:28.552+0000] {processor.py:208} INFO - Processing /home/airflow/.local/lib/python3.12/site-packages/airflow/example_dags/example_latest_only.py took 0.029 seconds
[2024-12-09T21:50:58.817+0000] {processor.py:186} INFO - Started process (PID=349) to work on /home/airflow/.local/lib/python3.12/site-packages/airflow/example_dags/example_latest_only.py
[2024-12-09T21:50:58.818+0000] {processor.py:914} INFO - Processing file /home/airflow/.local/lib/python3.12/site-packages/airflow/example_dags/example_latest_only.py for tasks to queue
[2024-12-09T21:50:58.819+0000] {logging_mixin.py:190} INFO - [2024-12-09T21:50:58.819+0000] {dagbag.py:588} INFO - Filling up the DagBag from /home/airflow/.local/lib/python3.12/site-packages/airflow/example_dags/example_latest_only.py
[2024-12-09T21:50:58.823+0000] {processor.py:925} INFO - DAG(s) 'latest_only' retrieved from /home/airflow/.local/lib/python3.12/site-packages/airflow/example_dags/example_latest_only.py
[2024-12-09T21:50:58.832+0000] {logging_mixin.py:190} INFO - [2024-12-09T21:50:58.832+0000] {dag.py:3239} INFO - Sync 1 DAGs
[2024-12-09T21:50:58.840+0000] {logging_mixin.py:190} INFO - [2024-12-09T21:50:58.840+0000] {dag.py:4180} INFO - Setting next_dagrun for latest_only to 2024-12-09 16:00:00+00:00, run_after=2024-12-09 20:00:00+00:00
[2024-12-09T21:50:58.846+0000] {processor.py:208} INFO - Processing /home/airflow/.local/lib/python3.12/site-packages/airflow/example_dags/example_latest_only.py took 0.031 seconds
[2024-12-09T21:51:29.801+0000] {processor.py:186} INFO - Started process (PID=412) to work on /home/airflow/.local/lib/python3.12/site-packages/airflow/example_dags/example_latest_only.py
[2024-12-09T21:51:29.802+0000] {processor.py:914} INFO - Processing file /home/airflow/.local/lib/python3.12/site-packages/airflow/example_dags/example_latest_only.py for tasks to queue
[2024-12-09T21:51:29.803+0000] {logging_mixin.py:190} INFO - [2024-12-09T21:51:29.803+0000] {dagbag.py:588} INFO - Filling up the DagBag from /home/airflow/.local/lib/python3.12/site-packages/airflow/example_dags/example_latest_only.py
[2024-12-09T21:51:29.807+0000] {processor.py:925} INFO - DAG(s) 'latest_only' retrieved from /home/airflow/.local/lib/python3.12/site-packages/airflow/example_dags/example_latest_only.py
[2024-12-09T21:51:29.815+0000] {logging_mixin.py:190} INFO - [2024-12-09T21:51:29.814+0000] {dag.py:3239} INFO - Sync 1 DAGs
[2024-12-09T21:51:29.824+0000] {logging_mixin.py:190} INFO - [2024-12-09T21:51:29.824+0000] {dag.py:4180} INFO - Setting next_dagrun for latest_only to 2024-12-09 16:00:00+00:00, run_after=2024-12-09 20:00:00+00:00
[2024-12-09T21:51:29.831+0000] {processor.py:208} INFO - Processing /home/airflow/.local/lib/python3.12/site-packages/airflow/example_dags/example_latest_only.py took 0.033 seconds
[2024-12-09T21:52:00.087+0000] {processor.py:186} INFO - Started process (PID=475) to work on /home/airflow/.local/lib/python3.12/site-packages/airflow/example_dags/example_latest_only.py
[2024-12-09T21:52:00.088+0000] {processor.py:914} INFO - Processing file /home/airflow/.local/lib/python3.12/site-packages/airflow/example_dags/example_latest_only.py for tasks to queue
[2024-12-09T21:52:00.089+0000] {logging_mixin.py:190} INFO - [2024-12-09T21:52:00.089+0000] {dagbag.py:588} INFO - Filling up the DagBag from /home/airflow/.local/lib/python3.12/site-packages/airflow/example_dags/example_latest_only.py
[2024-12-09T21:52:00.092+0000] {processor.py:925} INFO - DAG(s) 'latest_only' retrieved from /home/airflow/.local/lib/python3.12/site-packages/airflow/example_dags/example_latest_only.py
[2024-12-09T21:52:00.102+0000] {logging_mixin.py:190} INFO - [2024-12-09T21:52:00.102+0000] {dag.py:3239} INFO - Sync 1 DAGs
[2024-12-09T21:52:00.112+0000] {logging_mixin.py:190} INFO - [2024-12-09T21:52:00.112+0000] {dag.py:4180} INFO - Setting next_dagrun for latest_only to 2024-12-09 16:00:00+00:00, run_after=2024-12-09 20:00:00+00:00
[2024-12-09T21:52:00.119+0000] {processor.py:208} INFO - Processing /home/airflow/.local/lib/python3.12/site-packages/airflow/example_dags/example_latest_only.py took 0.035 seconds
[2024-12-09T21:52:31.394+0000] {processor.py:186} INFO - Started process (PID=540) to work on /home/airflow/.local/lib/python3.12/site-packages/airflow/example_dags/example_latest_only.py
[2024-12-09T21:52:31.395+0000] {processor.py:914} INFO - Processing file /home/airflow/.local/lib/python3.12/site-packages/airflow/example_dags/example_latest_only.py for tasks to queue
[2024-12-09T21:52:31.396+0000] {logging_mixin.py:190} INFO - [2024-12-09T21:52:31.396+0000] {dagbag.py:588} INFO - Filling up the DagBag from /home/airflow/.local/lib/python3.12/site-packages/airflow/example_dags/example_latest_only.py
[2024-12-09T21:52:31.399+0000] {processor.py:925} INFO - DAG(s) 'latest_only' retrieved from /home/airflow/.local/lib/python3.12/site-packages/airflow/example_dags/example_latest_only.py
[2024-12-09T21:52:31.406+0000] {logging_mixin.py:190} INFO - [2024-12-09T21:52:31.406+0000] {dag.py:3239} INFO - Sync 1 DAGs
[2024-12-09T21:52:31.415+0000] {logging_mixin.py:190} INFO - [2024-12-09T21:52:31.414+0000] {dag.py:4180} INFO - Setting next_dagrun for latest_only to 2024-12-09 16:00:00+00:00, run_after=2024-12-09 20:00:00+00:00
[2024-12-09T21:52:31.421+0000] {processor.py:208} INFO - Processing /home/airflow/.local/lib/python3.12/site-packages/airflow/example_dags/example_latest_only.py took 0.030 seconds
[2024-12-09T21:53:02.652+0000] {processor.py:186} INFO - Started process (PID=603) to work on /home/airflow/.local/lib/python3.12/site-packages/airflow/example_dags/example_latest_only.py
[2024-12-09T21:53:02.653+0000] {processor.py:914} INFO - Processing file /home/airflow/.local/lib/python3.12/site-packages/airflow/example_dags/example_latest_only.py for tasks to queue
[2024-12-09T21:53:02.654+0000] {logging_mixin.py:190} INFO - [2024-12-09T21:53:02.654+0000] {dagbag.py:588} INFO - Filling up the DagBag from /home/airflow/.local/lib/python3.12/site-packages/airflow/example_dags/example_latest_only.py
[2024-12-09T21:53:02.658+0000] {processor.py:925} INFO - DAG(s) 'latest_only' retrieved from /home/airflow/.local/lib/python3.12/site-packages/airflow/example_dags/example_latest_only.py
[2024-12-09T21:53:02.665+0000] {logging_mixin.py:190} INFO - [2024-12-09T21:53:02.665+0000] {dag.py:3239} INFO - Sync 1 DAGs
[2024-12-09T21:53:02.674+0000] {logging_mixin.py:190} INFO - [2024-12-09T21:53:02.674+0000] {dag.py:4180} INFO - Setting next_dagrun for latest_only to 2024-12-09 16:00:00+00:00, run_after=2024-12-09 20:00:00+00:00
[2024-12-09T21:53:02.682+0000] {processor.py:208} INFO - Processing /home/airflow/.local/lib/python3.12/site-packages/airflow/example_dags/example_latest_only.py took 0.033 seconds
