[2024-12-09T21:48:55.228+0000] {processor.py:186} INFO - Started process (PID=72) to work on /home/airflow/.local/lib/python3.12/site-packages/airflow/example_dags/example_datasets.py
[2024-12-09T21:48:55.228+0000] {processor.py:914} INFO - Processing file /home/airflow/.local/lib/python3.12/site-packages/airflow/example_dags/example_datasets.py for tasks to queue
[2024-12-09T21:48:55.230+0000] {logging_mixin.py:190} INFO - [2024-12-09T21:48:55.229+0000] {dagbag.py:588} INFO - Filling up the DagBag from /home/airflow/.local/lib/python3.12/site-packages/airflow/example_dags/example_datasets.py
[2024-12-09T21:48:55.549+0000] {processor.py:925} INFO - DAG(s) 'consume_1_and_2_with_dataset_expressions', 'dataset_consumes_1_and_2', 'conditional_dataset_and_time_based_timetable', 'dataset_consumes_1_never_scheduled', 'dataset_consumes_unknown_never_scheduled', 'dataset_consumes_1', 'dataset_produces_2', 'consume_1_or_both_2_and_3_with_dataset_expressions', 'consume_1_or_2_with_dataset_expressions', 'dataset_produces_1' retrieved from /home/airflow/.local/lib/python3.12/site-packages/airflow/example_dags/example_datasets.py
[2024-12-09T21:48:55.593+0000] {logging_mixin.py:190} INFO - [2024-12-09T21:48:55.593+0000] {override.py:1911} INFO - Created Permission View: can edit on DAG:consume_1_and_2_with_dataset_expressions
[2024-12-09T21:48:55.602+0000] {logging_mixin.py:190} INFO - [2024-12-09T21:48:55.602+0000] {override.py:1911} INFO - Created Permission View: can read on DAG:consume_1_and_2_with_dataset_expressions
[2024-12-09T21:48:55.604+0000] {logging_mixin.py:190} INFO - [2024-12-09T21:48:55.604+0000] {override.py:1911} INFO - Created Permission View: can delete on DAG:consume_1_and_2_with_dataset_expressions
[2024-12-09T21:48:55.607+0000] {logging_mixin.py:190} INFO - [2024-12-09T21:48:55.607+0000] {override.py:1911} INFO - Created Permission View: menu access on DAG Run:consume_1_and_2_with_dataset_expressions
[2024-12-09T21:48:55.609+0000] {logging_mixin.py:190} INFO - [2024-12-09T21:48:55.609+0000] {override.py:1911} INFO - Created Permission View: can read on DAG Run:consume_1_and_2_with_dataset_expressions
[2024-12-09T21:48:55.612+0000] {logging_mixin.py:190} INFO - [2024-12-09T21:48:55.612+0000] {override.py:1911} INFO - Created Permission View: can delete on DAG Run:consume_1_and_2_with_dataset_expressions
[2024-12-09T21:48:55.614+0000] {logging_mixin.py:190} INFO - [2024-12-09T21:48:55.614+0000] {override.py:1911} INFO - Created Permission View: can create on DAG Run:consume_1_and_2_with_dataset_expressions
[2024-12-09T21:48:55.624+0000] {logging_mixin.py:190} INFO - [2024-12-09T21:48:55.624+0000] {override.py:1911} INFO - Created Permission View: can edit on DAG:dataset_consumes_1_and_2
[2024-12-09T21:48:55.633+0000] {logging_mixin.py:190} INFO - [2024-12-09T21:48:55.633+0000] {override.py:1911} INFO - Created Permission View: can read on DAG:dataset_consumes_1_and_2
[2024-12-09T21:48:55.640+0000] {logging_mixin.py:190} INFO - [2024-12-09T21:48:55.639+0000] {override.py:1911} INFO - Created Permission View: can delete on DAG:dataset_consumes_1_and_2
[2024-12-09T21:48:55.647+0000] {logging_mixin.py:190} INFO - [2024-12-09T21:48:55.646+0000] {override.py:1911} INFO - Created Permission View: menu access on DAG Run:dataset_consumes_1_and_2
[2024-12-09T21:48:55.658+0000] {logging_mixin.py:190} INFO - [2024-12-09T21:48:55.658+0000] {override.py:1911} INFO - Created Permission View: can read on DAG Run:dataset_consumes_1_and_2
[2024-12-09T21:48:55.667+0000] {logging_mixin.py:190} INFO - [2024-12-09T21:48:55.667+0000] {override.py:1911} INFO - Created Permission View: can delete on DAG Run:dataset_consumes_1_and_2
[2024-12-09T21:48:55.673+0000] {logging_mixin.py:190} INFO - [2024-12-09T21:48:55.672+0000] {override.py:1911} INFO - Created Permission View: can create on DAG Run:dataset_consumes_1_and_2
[2024-12-09T21:48:55.682+0000] {logging_mixin.py:190} INFO - [2024-12-09T21:48:55.682+0000] {override.py:1911} INFO - Created Permission View: can edit on DAG:conditional_dataset_and_time_based_timetable
[2024-12-09T21:48:55.689+0000] {logging_mixin.py:190} INFO - [2024-12-09T21:48:55.688+0000] {override.py:1911} INFO - Created Permission View: can read on DAG:conditional_dataset_and_time_based_timetable
[2024-12-09T21:48:55.693+0000] {logging_mixin.py:190} INFO - [2024-12-09T21:48:55.692+0000] {override.py:1911} INFO - Created Permission View: can delete on DAG:conditional_dataset_and_time_based_timetable
[2024-12-09T21:48:55.695+0000] {logging_mixin.py:190} INFO - [2024-12-09T21:48:55.695+0000] {override.py:1911} INFO - Created Permission View: menu access on DAG Run:conditional_dataset_and_time_based_timetable
[2024-12-09T21:48:55.698+0000] {logging_mixin.py:190} INFO - [2024-12-09T21:48:55.698+0000] {override.py:1911} INFO - Created Permission View: can read on DAG Run:conditional_dataset_and_time_based_timetable
[2024-12-09T21:48:55.700+0000] {logging_mixin.py:190} INFO - [2024-12-09T21:48:55.700+0000] {override.py:1911} INFO - Created Permission View: can delete on DAG Run:conditional_dataset_and_time_based_timetable
[2024-12-09T21:48:55.704+0000] {logging_mixin.py:190} INFO - [2024-12-09T21:48:55.704+0000] {override.py:1911} INFO - Created Permission View: can create on DAG Run:conditional_dataset_and_time_based_timetable
[2024-12-09T21:48:55.713+0000] {logging_mixin.py:190} INFO - [2024-12-09T21:48:55.713+0000] {override.py:1911} INFO - Created Permission View: can edit on DAG:dataset_consumes_1_never_scheduled
[2024-12-09T21:48:55.717+0000] {logging_mixin.py:190} INFO - [2024-12-09T21:48:55.717+0000] {override.py:1911} INFO - Created Permission View: can read on DAG:dataset_consumes_1_never_scheduled
[2024-12-09T21:48:55.721+0000] {logging_mixin.py:190} INFO - [2024-12-09T21:48:55.721+0000] {override.py:1911} INFO - Created Permission View: can delete on DAG:dataset_consumes_1_never_scheduled
[2024-12-09T21:48:55.726+0000] {logging_mixin.py:190} INFO - [2024-12-09T21:48:55.725+0000] {override.py:1911} INFO - Created Permission View: menu access on DAG Run:dataset_consumes_1_never_scheduled
[2024-12-09T21:48:55.740+0000] {logging_mixin.py:190} INFO - [2024-12-09T21:48:55.740+0000] {override.py:1911} INFO - Created Permission View: can read on DAG Run:dataset_consumes_1_never_scheduled
[2024-12-09T21:48:55.751+0000] {logging_mixin.py:190} INFO - [2024-12-09T21:48:55.751+0000] {override.py:1911} INFO - Created Permission View: can delete on DAG Run:dataset_consumes_1_never_scheduled
[2024-12-09T21:48:55.757+0000] {logging_mixin.py:190} INFO - [2024-12-09T21:48:55.757+0000] {override.py:1911} INFO - Created Permission View: can create on DAG Run:dataset_consumes_1_never_scheduled
[2024-12-09T21:48:55.762+0000] {logging_mixin.py:190} INFO - [2024-12-09T21:48:55.762+0000] {override.py:1911} INFO - Created Permission View: can edit on DAG:dataset_consumes_unknown_never_scheduled
[2024-12-09T21:48:55.765+0000] {logging_mixin.py:190} INFO - [2024-12-09T21:48:55.765+0000] {override.py:1911} INFO - Created Permission View: can read on DAG:dataset_consumes_unknown_never_scheduled
[2024-12-09T21:48:55.767+0000] {logging_mixin.py:190} INFO - [2024-12-09T21:48:55.767+0000] {override.py:1911} INFO - Created Permission View: can delete on DAG:dataset_consumes_unknown_never_scheduled
[2024-12-09T21:48:55.772+0000] {logging_mixin.py:190} INFO - [2024-12-09T21:48:55.772+0000] {override.py:1911} INFO - Created Permission View: menu access on DAG Run:dataset_consumes_unknown_never_scheduled
[2024-12-09T21:48:55.775+0000] {logging_mixin.py:190} INFO - [2024-12-09T21:48:55.775+0000] {override.py:1911} INFO - Created Permission View: can read on DAG Run:dataset_consumes_unknown_never_scheduled
[2024-12-09T21:48:55.777+0000] {logging_mixin.py:190} INFO - [2024-12-09T21:48:55.777+0000] {override.py:1911} INFO - Created Permission View: can delete on DAG Run:dataset_consumes_unknown_never_scheduled
[2024-12-09T21:48:55.779+0000] {logging_mixin.py:190} INFO - [2024-12-09T21:48:55.779+0000] {override.py:1911} INFO - Created Permission View: can create on DAG Run:dataset_consumes_unknown_never_scheduled
[2024-12-09T21:48:55.784+0000] {logging_mixin.py:190} INFO - [2024-12-09T21:48:55.783+0000] {override.py:1911} INFO - Created Permission View: can edit on DAG:dataset_consumes_1
[2024-12-09T21:48:55.787+0000] {logging_mixin.py:190} INFO - [2024-12-09T21:48:55.787+0000] {override.py:1911} INFO - Created Permission View: can read on DAG:dataset_consumes_1
[2024-12-09T21:48:55.790+0000] {logging_mixin.py:190} INFO - [2024-12-09T21:48:55.790+0000] {override.py:1911} INFO - Created Permission View: can delete on DAG:dataset_consumes_1
[2024-12-09T21:48:55.793+0000] {logging_mixin.py:190} INFO - [2024-12-09T21:48:55.792+0000] {override.py:1911} INFO - Created Permission View: menu access on DAG Run:dataset_consumes_1
[2024-12-09T21:48:55.795+0000] {logging_mixin.py:190} INFO - [2024-12-09T21:48:55.795+0000] {override.py:1911} INFO - Created Permission View: can read on DAG Run:dataset_consumes_1
[2024-12-09T21:48:55.797+0000] {logging_mixin.py:190} INFO - [2024-12-09T21:48:55.797+0000] {override.py:1911} INFO - Created Permission View: can delete on DAG Run:dataset_consumes_1
[2024-12-09T21:48:55.799+0000] {logging_mixin.py:190} INFO - [2024-12-09T21:48:55.799+0000] {override.py:1911} INFO - Created Permission View: can create on DAG Run:dataset_consumes_1
[2024-12-09T21:48:55.806+0000] {logging_mixin.py:190} INFO - [2024-12-09T21:48:55.806+0000] {override.py:1911} INFO - Created Permission View: can edit on DAG:dataset_produces_2
[2024-12-09T21:48:55.811+0000] {logging_mixin.py:190} INFO - [2024-12-09T21:48:55.811+0000] {override.py:1911} INFO - Created Permission View: can read on DAG:dataset_produces_2
[2024-12-09T21:48:55.818+0000] {logging_mixin.py:190} INFO - [2024-12-09T21:48:55.817+0000] {override.py:1911} INFO - Created Permission View: can delete on DAG:dataset_produces_2
[2024-12-09T21:48:55.823+0000] {logging_mixin.py:190} INFO - [2024-12-09T21:48:55.823+0000] {override.py:1911} INFO - Created Permission View: menu access on DAG Run:dataset_produces_2
[2024-12-09T21:48:55.827+0000] {logging_mixin.py:190} INFO - [2024-12-09T21:48:55.826+0000] {override.py:1911} INFO - Created Permission View: can read on DAG Run:dataset_produces_2
[2024-12-09T21:48:55.831+0000] {logging_mixin.py:190} INFO - [2024-12-09T21:48:55.831+0000] {override.py:1911} INFO - Created Permission View: can delete on DAG Run:dataset_produces_2
[2024-12-09T21:48:55.838+0000] {logging_mixin.py:190} INFO - [2024-12-09T21:48:55.837+0000] {override.py:1911} INFO - Created Permission View: can create on DAG Run:dataset_produces_2
[2024-12-09T21:48:55.845+0000] {logging_mixin.py:190} INFO - [2024-12-09T21:48:55.845+0000] {override.py:1911} INFO - Created Permission View: can edit on DAG:consume_1_or_both_2_and_3_with_dataset_expressions
[2024-12-09T21:48:55.848+0000] {logging_mixin.py:190} INFO - [2024-12-09T21:48:55.848+0000] {override.py:1911} INFO - Created Permission View: can read on DAG:consume_1_or_both_2_and_3_with_dataset_expressions
[2024-12-09T21:48:55.850+0000] {logging_mixin.py:190} INFO - [2024-12-09T21:48:55.850+0000] {override.py:1911} INFO - Created Permission View: can delete on DAG:consume_1_or_both_2_and_3_with_dataset_expressions
[2024-12-09T21:48:55.856+0000] {logging_mixin.py:190} INFO - [2024-12-09T21:48:55.856+0000] {override.py:1911} INFO - Created Permission View: menu access on DAG Run:consume_1_or_both_2_and_3_with_dataset_expressions
[2024-12-09T21:48:55.859+0000] {logging_mixin.py:190} INFO - [2024-12-09T21:48:55.858+0000] {override.py:1911} INFO - Created Permission View: can read on DAG Run:consume_1_or_both_2_and_3_with_dataset_expressions
[2024-12-09T21:48:55.861+0000] {logging_mixin.py:190} INFO - [2024-12-09T21:48:55.861+0000] {override.py:1911} INFO - Created Permission View: can delete on DAG Run:consume_1_or_both_2_and_3_with_dataset_expressions
[2024-12-09T21:48:55.864+0000] {logging_mixin.py:190} INFO - [2024-12-09T21:48:55.864+0000] {override.py:1911} INFO - Created Permission View: can create on DAG Run:consume_1_or_both_2_and_3_with_dataset_expressions
[2024-12-09T21:48:55.872+0000] {logging_mixin.py:190} INFO - [2024-12-09T21:48:55.872+0000] {override.py:1911} INFO - Created Permission View: can edit on DAG:consume_1_or_2_with_dataset_expressions
[2024-12-09T21:48:55.875+0000] {logging_mixin.py:190} INFO - [2024-12-09T21:48:55.875+0000] {override.py:1911} INFO - Created Permission View: can read on DAG:consume_1_or_2_with_dataset_expressions
[2024-12-09T21:48:55.878+0000] {logging_mixin.py:190} INFO - [2024-12-09T21:48:55.878+0000] {override.py:1911} INFO - Created Permission View: can delete on DAG:consume_1_or_2_with_dataset_expressions
[2024-12-09T21:48:55.881+0000] {logging_mixin.py:190} INFO - [2024-12-09T21:48:55.881+0000] {override.py:1911} INFO - Created Permission View: menu access on DAG Run:consume_1_or_2_with_dataset_expressions
[2024-12-09T21:48:55.884+0000] {logging_mixin.py:190} INFO - [2024-12-09T21:48:55.884+0000] {override.py:1911} INFO - Created Permission View: can read on DAG Run:consume_1_or_2_with_dataset_expressions
[2024-12-09T21:48:55.888+0000] {logging_mixin.py:190} INFO - [2024-12-09T21:48:55.887+0000] {override.py:1911} INFO - Created Permission View: can delete on DAG Run:consume_1_or_2_with_dataset_expressions
[2024-12-09T21:48:55.893+0000] {logging_mixin.py:190} INFO - [2024-12-09T21:48:55.893+0000] {override.py:1911} INFO - Created Permission View: can create on DAG Run:consume_1_or_2_with_dataset_expressions
[2024-12-09T21:48:55.904+0000] {logging_mixin.py:190} INFO - [2024-12-09T21:48:55.903+0000] {override.py:1911} INFO - Created Permission View: can edit on DAG:dataset_produces_1
[2024-12-09T21:48:55.913+0000] {logging_mixin.py:190} INFO - [2024-12-09T21:48:55.913+0000] {override.py:1911} INFO - Created Permission View: can read on DAG:dataset_produces_1
[2024-12-09T21:48:55.919+0000] {logging_mixin.py:190} INFO - [2024-12-09T21:48:55.919+0000] {override.py:1911} INFO - Created Permission View: can delete on DAG:dataset_produces_1
[2024-12-09T21:48:55.922+0000] {logging_mixin.py:190} INFO - [2024-12-09T21:48:55.922+0000] {override.py:1911} INFO - Created Permission View: menu access on DAG Run:dataset_produces_1
[2024-12-09T21:48:55.925+0000] {logging_mixin.py:190} INFO - [2024-12-09T21:48:55.925+0000] {override.py:1911} INFO - Created Permission View: can read on DAG Run:dataset_produces_1
[2024-12-09T21:48:55.929+0000] {logging_mixin.py:190} INFO - [2024-12-09T21:48:55.928+0000] {override.py:1911} INFO - Created Permission View: can delete on DAG Run:dataset_produces_1
[2024-12-09T21:48:55.931+0000] {logging_mixin.py:190} INFO - [2024-12-09T21:48:55.931+0000] {override.py:1911} INFO - Created Permission View: can create on DAG Run:dataset_produces_1
[2024-12-09T21:48:55.931+0000] {logging_mixin.py:190} INFO - [2024-12-09T21:48:55.931+0000] {dag.py:3239} INFO - Sync 10 DAGs
[2024-12-09T21:48:55.939+0000] {logging_mixin.py:190} INFO - [2024-12-09T21:48:55.938+0000] {dag.py:3262} INFO - Creating ORM DAG for consume_1_or_both_2_and_3_with_dataset_expressions
[2024-12-09T21:48:55.939+0000] {logging_mixin.py:190} INFO - [2024-12-09T21:48:55.939+0000] {dag.py:3262} INFO - Creating ORM DAG for dataset_produces_1
[2024-12-09T21:48:55.940+0000] {logging_mixin.py:190} INFO - [2024-12-09T21:48:55.939+0000] {dag.py:3262} INFO - Creating ORM DAG for conditional_dataset_and_time_based_timetable
[2024-12-09T21:48:55.940+0000] {logging_mixin.py:190} INFO - [2024-12-09T21:48:55.940+0000] {dag.py:3262} INFO - Creating ORM DAG for dataset_consumes_unknown_never_scheduled
[2024-12-09T21:48:55.940+0000] {logging_mixin.py:190} INFO - [2024-12-09T21:48:55.940+0000] {dag.py:3262} INFO - Creating ORM DAG for consume_1_or_2_with_dataset_expressions
[2024-12-09T21:48:55.941+0000] {logging_mixin.py:190} INFO - [2024-12-09T21:48:55.941+0000] {dag.py:3262} INFO - Creating ORM DAG for consume_1_and_2_with_dataset_expressions
[2024-12-09T21:48:55.941+0000] {logging_mixin.py:190} INFO - [2024-12-09T21:48:55.941+0000] {dag.py:3262} INFO - Creating ORM DAG for dataset_produces_2
[2024-12-09T21:48:55.941+0000] {logging_mixin.py:190} INFO - [2024-12-09T21:48:55.941+0000] {dag.py:3262} INFO - Creating ORM DAG for dataset_consumes_1
[2024-12-09T21:48:55.941+0000] {logging_mixin.py:190} INFO - [2024-12-09T21:48:55.941+0000] {dag.py:3262} INFO - Creating ORM DAG for dataset_consumes_1_and_2
[2024-12-09T21:48:55.942+0000] {logging_mixin.py:190} INFO - [2024-12-09T21:48:55.942+0000] {dag.py:3262} INFO - Creating ORM DAG for dataset_consumes_1_never_scheduled
[2024-12-09T21:48:55.948+0000] {logging_mixin.py:190} INFO - [2024-12-09T21:48:55.948+0000] {dag.py:4180} INFO - Setting next_dagrun for conditional_dataset_and_time_based_timetable to 2024-12-04 01:00:00+00:00, run_after=2024-12-04 01:00:00+00:00
[2024-12-09T21:48:55.948+0000] {logging_mixin.py:190} INFO - [2024-12-09T21:48:55.948+0000] {dag.py:4180} INFO - Setting next_dagrun for consume_1_and_2_with_dataset_expressions to None, run_after=None
[2024-12-09T21:48:55.948+0000] {logging_mixin.py:190} INFO - [2024-12-09T21:48:55.948+0000] {dag.py:4180} INFO - Setting next_dagrun for consume_1_or_2_with_dataset_expressions to None, run_after=None
[2024-12-09T21:48:55.948+0000] {logging_mixin.py:190} INFO - [2024-12-09T21:48:55.948+0000] {dag.py:4180} INFO - Setting next_dagrun for consume_1_or_both_2_and_3_with_dataset_expressions to None, run_after=None
[2024-12-09T21:48:55.949+0000] {logging_mixin.py:190} INFO - [2024-12-09T21:48:55.948+0000] {dag.py:4180} INFO - Setting next_dagrun for dataset_consumes_1 to None, run_after=None
[2024-12-09T21:48:55.949+0000] {logging_mixin.py:190} INFO - [2024-12-09T21:48:55.949+0000] {dag.py:4180} INFO - Setting next_dagrun for dataset_consumes_1_and_2 to None, run_after=None
[2024-12-09T21:48:55.949+0000] {logging_mixin.py:190} INFO - [2024-12-09T21:48:55.949+0000] {dag.py:4180} INFO - Setting next_dagrun for dataset_consumes_1_never_scheduled to None, run_after=None
[2024-12-09T21:48:55.949+0000] {logging_mixin.py:190} INFO - [2024-12-09T21:48:55.949+0000] {dag.py:4180} INFO - Setting next_dagrun for dataset_consumes_unknown_never_scheduled to None, run_after=None
[2024-12-09T21:48:55.950+0000] {logging_mixin.py:190} INFO - [2024-12-09T21:48:55.950+0000] {dag.py:4180} INFO - Setting next_dagrun for dataset_produces_1 to 2024-12-08 00:00:00+00:00, run_after=2024-12-09 00:00:00+00:00
[2024-12-09T21:48:55.950+0000] {logging_mixin.py:190} INFO - [2024-12-09T21:48:55.950+0000] {dag.py:4180} INFO - Setting next_dagrun for dataset_produces_2 to None, run_after=None
[2024-12-09T21:48:55.980+0000] {processor.py:208} INFO - Processing /home/airflow/.local/lib/python3.12/site-packages/airflow/example_dags/example_datasets.py took 0.756 seconds
[2024-12-09T21:49:26.933+0000] {processor.py:186} INFO - Started process (PID=137) to work on /home/airflow/.local/lib/python3.12/site-packages/airflow/example_dags/example_datasets.py
[2024-12-09T21:49:26.934+0000] {processor.py:914} INFO - Processing file /home/airflow/.local/lib/python3.12/site-packages/airflow/example_dags/example_datasets.py for tasks to queue
[2024-12-09T21:49:26.935+0000] {logging_mixin.py:190} INFO - [2024-12-09T21:49:26.935+0000] {dagbag.py:588} INFO - Filling up the DagBag from /home/airflow/.local/lib/python3.12/site-packages/airflow/example_dags/example_datasets.py
[2024-12-09T21:49:27.431+0000] {processor.py:925} INFO - DAG(s) 'consume_1_or_2_with_dataset_expressions', 'dataset_consumes_1', 'dataset_consumes_unknown_never_scheduled', 'dataset_consumes_1_and_2', 'dataset_consumes_1_never_scheduled', 'consume_1_or_both_2_and_3_with_dataset_expressions', 'conditional_dataset_and_time_based_timetable', 'dataset_produces_1', 'consume_1_and_2_with_dataset_expressions', 'dataset_produces_2' retrieved from /home/airflow/.local/lib/python3.12/site-packages/airflow/example_dags/example_datasets.py
[2024-12-09T21:49:27.446+0000] {logging_mixin.py:190} INFO - [2024-12-09T21:49:27.446+0000] {dag.py:3239} INFO - Sync 10 DAGs
[2024-12-09T21:49:27.460+0000] {logging_mixin.py:190} INFO - [2024-12-09T21:49:27.459+0000] {dag.py:4180} INFO - Setting next_dagrun for conditional_dataset_and_time_based_timetable to 2024-12-04 01:00:00+00:00, run_after=2024-12-04 01:00:00+00:00
[2024-12-09T21:49:27.464+0000] {logging_mixin.py:190} INFO - [2024-12-09T21:49:27.464+0000] {dag.py:4180} INFO - Setting next_dagrun for consume_1_and_2_with_dataset_expressions to None, run_after=None
[2024-12-09T21:49:27.465+0000] {logging_mixin.py:190} INFO - [2024-12-09T21:49:27.465+0000] {dag.py:4180} INFO - Setting next_dagrun for consume_1_or_2_with_dataset_expressions to None, run_after=None
[2024-12-09T21:49:27.466+0000] {logging_mixin.py:190} INFO - [2024-12-09T21:49:27.466+0000] {dag.py:4180} INFO - Setting next_dagrun for consume_1_or_both_2_and_3_with_dataset_expressions to None, run_after=None
[2024-12-09T21:49:27.466+0000] {logging_mixin.py:190} INFO - [2024-12-09T21:49:27.466+0000] {dag.py:4180} INFO - Setting next_dagrun for dataset_consumes_1 to None, run_after=None
[2024-12-09T21:49:27.467+0000] {logging_mixin.py:190} INFO - [2024-12-09T21:49:27.467+0000] {dag.py:4180} INFO - Setting next_dagrun for dataset_consumes_1_and_2 to None, run_after=None
[2024-12-09T21:49:27.467+0000] {logging_mixin.py:190} INFO - [2024-12-09T21:49:27.467+0000] {dag.py:4180} INFO - Setting next_dagrun for dataset_consumes_1_never_scheduled to None, run_after=None
[2024-12-09T21:49:27.468+0000] {logging_mixin.py:190} INFO - [2024-12-09T21:49:27.468+0000] {dag.py:4180} INFO - Setting next_dagrun for dataset_consumes_unknown_never_scheduled to None, run_after=None
[2024-12-09T21:49:27.469+0000] {logging_mixin.py:190} INFO - [2024-12-09T21:49:27.469+0000] {dag.py:4180} INFO - Setting next_dagrun for dataset_produces_1 to 2024-12-08 00:00:00+00:00, run_after=2024-12-09 00:00:00+00:00
[2024-12-09T21:49:27.472+0000] {logging_mixin.py:190} INFO - [2024-12-09T21:49:27.472+0000] {dag.py:4180} INFO - Setting next_dagrun for dataset_produces_2 to None, run_after=None
[2024-12-09T21:49:27.483+0000] {processor.py:208} INFO - Processing /home/airflow/.local/lib/python3.12/site-packages/airflow/example_dags/example_datasets.py took 0.552 seconds
[2024-12-09T21:49:57.507+0000] {processor.py:186} INFO - Started process (PID=207) to work on /home/airflow/.local/lib/python3.12/site-packages/airflow/example_dags/example_datasets.py
[2024-12-09T21:49:57.507+0000] {processor.py:914} INFO - Processing file /home/airflow/.local/lib/python3.12/site-packages/airflow/example_dags/example_datasets.py for tasks to queue
[2024-12-09T21:49:57.509+0000] {logging_mixin.py:190} INFO - [2024-12-09T21:49:57.509+0000] {dagbag.py:588} INFO - Filling up the DagBag from /home/airflow/.local/lib/python3.12/site-packages/airflow/example_dags/example_datasets.py
[2024-12-09T21:49:57.779+0000] {processor.py:925} INFO - DAG(s) 'conditional_dataset_and_time_based_timetable', 'dataset_produces_2', 'consume_1_and_2_with_dataset_expressions', 'dataset_consumes_1_and_2', 'dataset_consumes_unknown_never_scheduled', 'consume_1_or_2_with_dataset_expressions', 'dataset_consumes_1', 'dataset_consumes_1_never_scheduled', 'dataset_produces_1', 'consume_1_or_both_2_and_3_with_dataset_expressions' retrieved from /home/airflow/.local/lib/python3.12/site-packages/airflow/example_dags/example_datasets.py
[2024-12-09T21:49:57.794+0000] {logging_mixin.py:190} INFO - [2024-12-09T21:49:57.794+0000] {dag.py:3239} INFO - Sync 10 DAGs
[2024-12-09T21:49:57.803+0000] {logging_mixin.py:190} INFO - [2024-12-09T21:49:57.803+0000] {dag.py:4180} INFO - Setting next_dagrun for conditional_dataset_and_time_based_timetable to 2024-12-04 01:00:00+00:00, run_after=2024-12-04 01:00:00+00:00
[2024-12-09T21:49:57.804+0000] {logging_mixin.py:190} INFO - [2024-12-09T21:49:57.804+0000] {dag.py:4180} INFO - Setting next_dagrun for consume_1_and_2_with_dataset_expressions to None, run_after=None
[2024-12-09T21:49:57.805+0000] {logging_mixin.py:190} INFO - [2024-12-09T21:49:57.805+0000] {dag.py:4180} INFO - Setting next_dagrun for consume_1_or_2_with_dataset_expressions to None, run_after=None
[2024-12-09T21:49:57.805+0000] {logging_mixin.py:190} INFO - [2024-12-09T21:49:57.805+0000] {dag.py:4180} INFO - Setting next_dagrun for consume_1_or_both_2_and_3_with_dataset_expressions to None, run_after=None
[2024-12-09T21:49:57.806+0000] {logging_mixin.py:190} INFO - [2024-12-09T21:49:57.805+0000] {dag.py:4180} INFO - Setting next_dagrun for dataset_consumes_1 to None, run_after=None
[2024-12-09T21:49:57.806+0000] {logging_mixin.py:190} INFO - [2024-12-09T21:49:57.806+0000] {dag.py:4180} INFO - Setting next_dagrun for dataset_consumes_1_and_2 to None, run_after=None
[2024-12-09T21:49:57.806+0000] {logging_mixin.py:190} INFO - [2024-12-09T21:49:57.806+0000] {dag.py:4180} INFO - Setting next_dagrun for dataset_consumes_1_never_scheduled to None, run_after=None
[2024-12-09T21:49:57.808+0000] {logging_mixin.py:190} INFO - [2024-12-09T21:49:57.808+0000] {dag.py:4180} INFO - Setting next_dagrun for dataset_consumes_unknown_never_scheduled to None, run_after=None
[2024-12-09T21:49:57.809+0000] {logging_mixin.py:190} INFO - [2024-12-09T21:49:57.809+0000] {dag.py:4180} INFO - Setting next_dagrun for dataset_produces_1 to 2024-12-08 00:00:00+00:00, run_after=2024-12-09 00:00:00+00:00
[2024-12-09T21:49:57.809+0000] {logging_mixin.py:190} INFO - [2024-12-09T21:49:57.809+0000] {dag.py:4180} INFO - Setting next_dagrun for dataset_produces_2 to None, run_after=None
[2024-12-09T21:49:57.819+0000] {processor.py:208} INFO - Processing /home/airflow/.local/lib/python3.12/site-packages/airflow/example_dags/example_datasets.py took 0.315 seconds
[2024-12-09T21:50:27.992+0000] {processor.py:186} INFO - Started process (PID=270) to work on /home/airflow/.local/lib/python3.12/site-packages/airflow/example_dags/example_datasets.py
[2024-12-09T21:50:27.994+0000] {processor.py:914} INFO - Processing file /home/airflow/.local/lib/python3.12/site-packages/airflow/example_dags/example_datasets.py for tasks to queue
[2024-12-09T21:50:27.995+0000] {logging_mixin.py:190} INFO - [2024-12-09T21:50:27.995+0000] {dagbag.py:588} INFO - Filling up the DagBag from /home/airflow/.local/lib/python3.12/site-packages/airflow/example_dags/example_datasets.py
[2024-12-09T21:50:28.229+0000] {processor.py:925} INFO - DAG(s) 'dataset_consumes_1', 'dataset_consumes_unknown_never_scheduled', 'dataset_produces_2', 'conditional_dataset_and_time_based_timetable', 'dataset_consumes_1_never_scheduled', 'dataset_consumes_1_and_2', 'consume_1_or_both_2_and_3_with_dataset_expressions', 'consume_1_and_2_with_dataset_expressions', 'consume_1_or_2_with_dataset_expressions', 'dataset_produces_1' retrieved from /home/airflow/.local/lib/python3.12/site-packages/airflow/example_dags/example_datasets.py
[2024-12-09T21:50:28.241+0000] {logging_mixin.py:190} INFO - [2024-12-09T21:50:28.241+0000] {dag.py:3239} INFO - Sync 10 DAGs
[2024-12-09T21:50:28.251+0000] {logging_mixin.py:190} INFO - [2024-12-09T21:50:28.251+0000] {dag.py:4180} INFO - Setting next_dagrun for conditional_dataset_and_time_based_timetable to 2024-12-04 01:00:00+00:00, run_after=2024-12-04 01:00:00+00:00
[2024-12-09T21:50:28.252+0000] {logging_mixin.py:190} INFO - [2024-12-09T21:50:28.252+0000] {dag.py:4180} INFO - Setting next_dagrun for consume_1_and_2_with_dataset_expressions to None, run_after=None
[2024-12-09T21:50:28.252+0000] {logging_mixin.py:190} INFO - [2024-12-09T21:50:28.252+0000] {dag.py:4180} INFO - Setting next_dagrun for consume_1_or_2_with_dataset_expressions to None, run_after=None
[2024-12-09T21:50:28.253+0000] {logging_mixin.py:190} INFO - [2024-12-09T21:50:28.253+0000] {dag.py:4180} INFO - Setting next_dagrun for consume_1_or_both_2_and_3_with_dataset_expressions to None, run_after=None
[2024-12-09T21:50:28.253+0000] {logging_mixin.py:190} INFO - [2024-12-09T21:50:28.253+0000] {dag.py:4180} INFO - Setting next_dagrun for dataset_consumes_1 to None, run_after=None
[2024-12-09T21:50:28.254+0000] {logging_mixin.py:190} INFO - [2024-12-09T21:50:28.254+0000] {dag.py:4180} INFO - Setting next_dagrun for dataset_consumes_1_and_2 to None, run_after=None
[2024-12-09T21:50:28.254+0000] {logging_mixin.py:190} INFO - [2024-12-09T21:50:28.254+0000] {dag.py:4180} INFO - Setting next_dagrun for dataset_consumes_1_never_scheduled to None, run_after=None
[2024-12-09T21:50:28.258+0000] {logging_mixin.py:190} INFO - [2024-12-09T21:50:28.258+0000] {dag.py:4180} INFO - Setting next_dagrun for dataset_consumes_unknown_never_scheduled to None, run_after=None
[2024-12-09T21:50:28.259+0000] {logging_mixin.py:190} INFO - [2024-12-09T21:50:28.259+0000] {dag.py:4180} INFO - Setting next_dagrun for dataset_produces_1 to 2024-12-08 00:00:00+00:00, run_after=2024-12-09 00:00:00+00:00
[2024-12-09T21:50:28.262+0000] {logging_mixin.py:190} INFO - [2024-12-09T21:50:28.262+0000] {dag.py:4180} INFO - Setting next_dagrun for dataset_produces_2 to None, run_after=None
[2024-12-09T21:50:28.271+0000] {processor.py:208} INFO - Processing /home/airflow/.local/lib/python3.12/site-packages/airflow/example_dags/example_datasets.py took 0.282 seconds
[2024-12-09T21:50:58.371+0000] {processor.py:186} INFO - Started process (PID=333) to work on /home/airflow/.local/lib/python3.12/site-packages/airflow/example_dags/example_datasets.py
[2024-12-09T21:50:58.371+0000] {processor.py:914} INFO - Processing file /home/airflow/.local/lib/python3.12/site-packages/airflow/example_dags/example_datasets.py for tasks to queue
[2024-12-09T21:50:58.372+0000] {logging_mixin.py:190} INFO - [2024-12-09T21:50:58.372+0000] {dagbag.py:588} INFO - Filling up the DagBag from /home/airflow/.local/lib/python3.12/site-packages/airflow/example_dags/example_datasets.py
[2024-12-09T21:50:58.615+0000] {processor.py:925} INFO - DAG(s) 'dataset_produces_2', 'conditional_dataset_and_time_based_timetable', 'dataset_consumes_unknown_never_scheduled', 'dataset_consumes_1_and_2', 'consume_1_or_2_with_dataset_expressions', 'dataset_produces_1', 'dataset_consumes_1_never_scheduled', 'consume_1_and_2_with_dataset_expressions', 'dataset_consumes_1', 'consume_1_or_both_2_and_3_with_dataset_expressions' retrieved from /home/airflow/.local/lib/python3.12/site-packages/airflow/example_dags/example_datasets.py
[2024-12-09T21:50:58.627+0000] {logging_mixin.py:190} INFO - [2024-12-09T21:50:58.627+0000] {dag.py:3239} INFO - Sync 10 DAGs
[2024-12-09T21:50:58.636+0000] {logging_mixin.py:190} INFO - [2024-12-09T21:50:58.636+0000] {dag.py:4180} INFO - Setting next_dagrun for conditional_dataset_and_time_based_timetable to 2024-12-04 01:00:00+00:00, run_after=2024-12-04 01:00:00+00:00
[2024-12-09T21:50:58.639+0000] {logging_mixin.py:190} INFO - [2024-12-09T21:50:58.639+0000] {dag.py:4180} INFO - Setting next_dagrun for consume_1_and_2_with_dataset_expressions to None, run_after=None
[2024-12-09T21:50:58.639+0000] {logging_mixin.py:190} INFO - [2024-12-09T21:50:58.639+0000] {dag.py:4180} INFO - Setting next_dagrun for consume_1_or_2_with_dataset_expressions to None, run_after=None
[2024-12-09T21:50:58.640+0000] {logging_mixin.py:190} INFO - [2024-12-09T21:50:58.640+0000] {dag.py:4180} INFO - Setting next_dagrun for consume_1_or_both_2_and_3_with_dataset_expressions to None, run_after=None
[2024-12-09T21:50:58.640+0000] {logging_mixin.py:190} INFO - [2024-12-09T21:50:58.640+0000] {dag.py:4180} INFO - Setting next_dagrun for dataset_consumes_1 to None, run_after=None
[2024-12-09T21:50:58.640+0000] {logging_mixin.py:190} INFO - [2024-12-09T21:50:58.640+0000] {dag.py:4180} INFO - Setting next_dagrun for dataset_consumes_1_and_2 to None, run_after=None
[2024-12-09T21:50:58.641+0000] {logging_mixin.py:190} INFO - [2024-12-09T21:50:58.641+0000] {dag.py:4180} INFO - Setting next_dagrun for dataset_consumes_1_never_scheduled to None, run_after=None
[2024-12-09T21:50:58.641+0000] {logging_mixin.py:190} INFO - [2024-12-09T21:50:58.641+0000] {dag.py:4180} INFO - Setting next_dagrun for dataset_consumes_unknown_never_scheduled to None, run_after=None
[2024-12-09T21:50:58.642+0000] {logging_mixin.py:190} INFO - [2024-12-09T21:50:58.642+0000] {dag.py:4180} INFO - Setting next_dagrun for dataset_produces_1 to 2024-12-08 00:00:00+00:00, run_after=2024-12-09 00:00:00+00:00
[2024-12-09T21:50:58.642+0000] {logging_mixin.py:190} INFO - [2024-12-09T21:50:58.642+0000] {dag.py:4180} INFO - Setting next_dagrun for dataset_produces_2 to None, run_after=None
[2024-12-09T21:50:58.652+0000] {processor.py:208} INFO - Processing /home/airflow/.local/lib/python3.12/site-packages/airflow/example_dags/example_datasets.py took 0.284 seconds
[2024-12-09T21:51:29.102+0000] {processor.py:186} INFO - Started process (PID=395) to work on /home/airflow/.local/lib/python3.12/site-packages/airflow/example_dags/example_datasets.py
[2024-12-09T21:51:29.105+0000] {processor.py:914} INFO - Processing file /home/airflow/.local/lib/python3.12/site-packages/airflow/example_dags/example_datasets.py for tasks to queue
[2024-12-09T21:51:29.107+0000] {logging_mixin.py:190} INFO - [2024-12-09T21:51:29.106+0000] {dagbag.py:588} INFO - Filling up the DagBag from /home/airflow/.local/lib/python3.12/site-packages/airflow/example_dags/example_datasets.py
[2024-12-09T21:51:29.334+0000] {processor.py:925} INFO - DAG(s) 'dataset_consumes_1_never_scheduled', 'consume_1_and_2_with_dataset_expressions', 'dataset_consumes_1_and_2', 'consume_1_or_2_with_dataset_expressions', 'consume_1_or_both_2_and_3_with_dataset_expressions', 'conditional_dataset_and_time_based_timetable', 'dataset_produces_2', 'dataset_consumes_1', 'dataset_consumes_unknown_never_scheduled', 'dataset_produces_1' retrieved from /home/airflow/.local/lib/python3.12/site-packages/airflow/example_dags/example_datasets.py
[2024-12-09T21:51:29.346+0000] {logging_mixin.py:190} INFO - [2024-12-09T21:51:29.346+0000] {dag.py:3239} INFO - Sync 10 DAGs
[2024-12-09T21:51:29.354+0000] {logging_mixin.py:190} INFO - [2024-12-09T21:51:29.354+0000] {dag.py:4180} INFO - Setting next_dagrun for conditional_dataset_and_time_based_timetable to 2024-12-04 01:00:00+00:00, run_after=2024-12-04 01:00:00+00:00
[2024-12-09T21:51:29.356+0000] {logging_mixin.py:190} INFO - [2024-12-09T21:51:29.356+0000] {dag.py:4180} INFO - Setting next_dagrun for consume_1_and_2_with_dataset_expressions to None, run_after=None
[2024-12-09T21:51:29.356+0000] {logging_mixin.py:190} INFO - [2024-12-09T21:51:29.356+0000] {dag.py:4180} INFO - Setting next_dagrun for consume_1_or_2_with_dataset_expressions to None, run_after=None
[2024-12-09T21:51:29.357+0000] {logging_mixin.py:190} INFO - [2024-12-09T21:51:29.357+0000] {dag.py:4180} INFO - Setting next_dagrun for consume_1_or_both_2_and_3_with_dataset_expressions to None, run_after=None
[2024-12-09T21:51:29.357+0000] {logging_mixin.py:190} INFO - [2024-12-09T21:51:29.357+0000] {dag.py:4180} INFO - Setting next_dagrun for dataset_consumes_1 to None, run_after=None
[2024-12-09T21:51:29.357+0000] {logging_mixin.py:190} INFO - [2024-12-09T21:51:29.357+0000] {dag.py:4180} INFO - Setting next_dagrun for dataset_consumes_1_and_2 to None, run_after=None
[2024-12-09T21:51:29.358+0000] {logging_mixin.py:190} INFO - [2024-12-09T21:51:29.358+0000] {dag.py:4180} INFO - Setting next_dagrun for dataset_consumes_1_never_scheduled to None, run_after=None
[2024-12-09T21:51:29.358+0000] {logging_mixin.py:190} INFO - [2024-12-09T21:51:29.358+0000] {dag.py:4180} INFO - Setting next_dagrun for dataset_consumes_unknown_never_scheduled to None, run_after=None
[2024-12-09T21:51:29.359+0000] {logging_mixin.py:190} INFO - [2024-12-09T21:51:29.359+0000] {dag.py:4180} INFO - Setting next_dagrun for dataset_produces_1 to 2024-12-08 00:00:00+00:00, run_after=2024-12-09 00:00:00+00:00
[2024-12-09T21:51:29.359+0000] {logging_mixin.py:190} INFO - [2024-12-09T21:51:29.359+0000] {dag.py:4180} INFO - Setting next_dagrun for dataset_produces_2 to None, run_after=None
[2024-12-09T21:51:29.370+0000] {processor.py:208} INFO - Processing /home/airflow/.local/lib/python3.12/site-packages/airflow/example_dags/example_datasets.py took 0.273 seconds
[2024-12-09T21:51:45.334+0000] {processor.py:186} INFO - Started process (PID=423) to work on /home/airflow/.local/lib/python3.12/site-packages/airflow/example_dags/example_datasets.py
[2024-12-09T21:51:45.335+0000] {processor.py:914} INFO - Processing file /home/airflow/.local/lib/python3.12/site-packages/airflow/example_dags/example_datasets.py for tasks to queue
[2024-12-09T21:51:45.336+0000] {logging_mixin.py:190} INFO - [2024-12-09T21:51:45.336+0000] {dagbag.py:588} INFO - Filling up the DagBag from /home/airflow/.local/lib/python3.12/site-packages/airflow/example_dags/example_datasets.py
[2024-12-09T21:51:45.547+0000] {processor.py:925} INFO - DAG(s) 'dataset_consumes_1_and_2', 'consume_1_and_2_with_dataset_expressions', 'dataset_consumes_1', 'dataset_consumes_unknown_never_scheduled', 'dataset_produces_1', 'dataset_produces_2', 'conditional_dataset_and_time_based_timetable', 'dataset_consumes_1_never_scheduled', 'consume_1_or_both_2_and_3_with_dataset_expressions', 'consume_1_or_2_with_dataset_expressions' retrieved from /home/airflow/.local/lib/python3.12/site-packages/airflow/example_dags/example_datasets.py
[2024-12-09T21:51:45.559+0000] {logging_mixin.py:190} INFO - [2024-12-09T21:51:45.559+0000] {dag.py:3239} INFO - Sync 10 DAGs
[2024-12-09T21:51:45.566+0000] {logging_mixin.py:190} INFO - [2024-12-09T21:51:45.566+0000] {dag.py:4180} INFO - Setting next_dagrun for conditional_dataset_and_time_based_timetable to 2024-12-04 01:00:00+00:00, run_after=2024-12-04 01:00:00+00:00
[2024-12-09T21:51:45.567+0000] {logging_mixin.py:190} INFO - [2024-12-09T21:51:45.567+0000] {dag.py:4180} INFO - Setting next_dagrun for consume_1_and_2_with_dataset_expressions to None, run_after=None
[2024-12-09T21:51:45.568+0000] {logging_mixin.py:190} INFO - [2024-12-09T21:51:45.567+0000] {dag.py:4180} INFO - Setting next_dagrun for consume_1_or_2_with_dataset_expressions to None, run_after=None
[2024-12-09T21:51:45.568+0000] {logging_mixin.py:190} INFO - [2024-12-09T21:51:45.568+0000] {dag.py:4180} INFO - Setting next_dagrun for consume_1_or_both_2_and_3_with_dataset_expressions to None, run_after=None
[2024-12-09T21:51:45.568+0000] {logging_mixin.py:190} INFO - [2024-12-09T21:51:45.568+0000] {dag.py:4180} INFO - Setting next_dagrun for dataset_consumes_1 to None, run_after=None
[2024-12-09T21:51:45.569+0000] {logging_mixin.py:190} INFO - [2024-12-09T21:51:45.568+0000] {dag.py:4180} INFO - Setting next_dagrun for dataset_consumes_1_and_2 to None, run_after=None
[2024-12-09T21:51:45.569+0000] {logging_mixin.py:190} INFO - [2024-12-09T21:51:45.569+0000] {dag.py:4180} INFO - Setting next_dagrun for dataset_consumes_1_never_scheduled to None, run_after=None
[2024-12-09T21:51:45.569+0000] {logging_mixin.py:190} INFO - [2024-12-09T21:51:45.569+0000] {dag.py:4180} INFO - Setting next_dagrun for dataset_consumes_unknown_never_scheduled to None, run_after=None
[2024-12-09T21:51:45.570+0000] {logging_mixin.py:190} INFO - [2024-12-09T21:51:45.570+0000] {dag.py:4180} INFO - Setting next_dagrun for dataset_produces_1 to 2024-12-08 00:00:00+00:00, run_after=2024-12-09 00:00:00+00:00
[2024-12-09T21:51:45.570+0000] {logging_mixin.py:190} INFO - [2024-12-09T21:51:45.570+0000] {dag.py:4180} INFO - Setting next_dagrun for dataset_produces_2 to None, run_after=None
[2024-12-09T21:51:45.578+0000] {processor.py:208} INFO - Processing /home/airflow/.local/lib/python3.12/site-packages/airflow/example_dags/example_datasets.py took 0.247 seconds
[2024-12-09T21:52:15.683+0000] {processor.py:186} INFO - Started process (PID=486) to work on /home/airflow/.local/lib/python3.12/site-packages/airflow/example_dags/example_datasets.py
[2024-12-09T21:52:15.684+0000] {processor.py:914} INFO - Processing file /home/airflow/.local/lib/python3.12/site-packages/airflow/example_dags/example_datasets.py for tasks to queue
[2024-12-09T21:52:15.686+0000] {logging_mixin.py:190} INFO - [2024-12-09T21:52:15.686+0000] {dagbag.py:588} INFO - Filling up the DagBag from /home/airflow/.local/lib/python3.12/site-packages/airflow/example_dags/example_datasets.py
[2024-12-09T21:52:15.905+0000] {processor.py:925} INFO - DAG(s) 'consume_1_or_2_with_dataset_expressions', 'dataset_produces_2', 'dataset_produces_1', 'conditional_dataset_and_time_based_timetable', 'dataset_consumes_unknown_never_scheduled', 'consume_1_or_both_2_and_3_with_dataset_expressions', 'consume_1_and_2_with_dataset_expressions', 'dataset_consumes_1_and_2', 'dataset_consumes_1', 'dataset_consumes_1_never_scheduled' retrieved from /home/airflow/.local/lib/python3.12/site-packages/airflow/example_dags/example_datasets.py
[2024-12-09T21:52:15.916+0000] {logging_mixin.py:190} INFO - [2024-12-09T21:52:15.916+0000] {dag.py:3239} INFO - Sync 10 DAGs
[2024-12-09T21:52:15.924+0000] {logging_mixin.py:190} INFO - [2024-12-09T21:52:15.924+0000] {dag.py:4180} INFO - Setting next_dagrun for conditional_dataset_and_time_based_timetable to 2024-12-04 01:00:00+00:00, run_after=2024-12-04 01:00:00+00:00
[2024-12-09T21:52:15.925+0000] {logging_mixin.py:190} INFO - [2024-12-09T21:52:15.925+0000] {dag.py:4180} INFO - Setting next_dagrun for consume_1_and_2_with_dataset_expressions to None, run_after=None
[2024-12-09T21:52:15.926+0000] {logging_mixin.py:190} INFO - [2024-12-09T21:52:15.926+0000] {dag.py:4180} INFO - Setting next_dagrun for consume_1_or_2_with_dataset_expressions to None, run_after=None
[2024-12-09T21:52:15.926+0000] {logging_mixin.py:190} INFO - [2024-12-09T21:52:15.926+0000] {dag.py:4180} INFO - Setting next_dagrun for consume_1_or_both_2_and_3_with_dataset_expressions to None, run_after=None
[2024-12-09T21:52:15.927+0000] {logging_mixin.py:190} INFO - [2024-12-09T21:52:15.926+0000] {dag.py:4180} INFO - Setting next_dagrun for dataset_consumes_1 to None, run_after=None
[2024-12-09T21:52:15.927+0000] {logging_mixin.py:190} INFO - [2024-12-09T21:52:15.927+0000] {dag.py:4180} INFO - Setting next_dagrun for dataset_consumes_1_and_2 to None, run_after=None
[2024-12-09T21:52:15.927+0000] {logging_mixin.py:190} INFO - [2024-12-09T21:52:15.927+0000] {dag.py:4180} INFO - Setting next_dagrun for dataset_consumes_1_never_scheduled to None, run_after=None
[2024-12-09T21:52:15.927+0000] {logging_mixin.py:190} INFO - [2024-12-09T21:52:15.927+0000] {dag.py:4180} INFO - Setting next_dagrun for dataset_consumes_unknown_never_scheduled to None, run_after=None
[2024-12-09T21:52:15.928+0000] {logging_mixin.py:190} INFO - [2024-12-09T21:52:15.928+0000] {dag.py:4180} INFO - Setting next_dagrun for dataset_produces_1 to 2024-12-08 00:00:00+00:00, run_after=2024-12-09 00:00:00+00:00
[2024-12-09T21:52:15.928+0000] {logging_mixin.py:190} INFO - [2024-12-09T21:52:15.928+0000] {dag.py:4180} INFO - Setting next_dagrun for dataset_produces_2 to None, run_after=None
[2024-12-09T21:52:15.937+0000] {processor.py:208} INFO - Processing /home/airflow/.local/lib/python3.12/site-packages/airflow/example_dags/example_datasets.py took 0.261 seconds
[2024-12-09T21:52:46.677+0000] {processor.py:186} INFO - Started process (PID=549) to work on /home/airflow/.local/lib/python3.12/site-packages/airflow/example_dags/example_datasets.py
[2024-12-09T21:52:46.678+0000] {processor.py:914} INFO - Processing file /home/airflow/.local/lib/python3.12/site-packages/airflow/example_dags/example_datasets.py for tasks to queue
[2024-12-09T21:52:46.680+0000] {logging_mixin.py:190} INFO - [2024-12-09T21:52:46.679+0000] {dagbag.py:588} INFO - Filling up the DagBag from /home/airflow/.local/lib/python3.12/site-packages/airflow/example_dags/example_datasets.py
[2024-12-09T21:52:46.895+0000] {processor.py:925} INFO - DAG(s) 'dataset_consumes_unknown_never_scheduled', 'dataset_produces_1', 'dataset_consumes_1', 'conditional_dataset_and_time_based_timetable', 'consume_1_and_2_with_dataset_expressions', 'dataset_consumes_1_never_scheduled', 'dataset_consumes_1_and_2', 'consume_1_or_2_with_dataset_expressions', 'consume_1_or_both_2_and_3_with_dataset_expressions', 'dataset_produces_2' retrieved from /home/airflow/.local/lib/python3.12/site-packages/airflow/example_dags/example_datasets.py
[2024-12-09T21:52:46.906+0000] {logging_mixin.py:190} INFO - [2024-12-09T21:52:46.906+0000] {dag.py:3239} INFO - Sync 10 DAGs
[2024-12-09T21:52:46.914+0000] {logging_mixin.py:190} INFO - [2024-12-09T21:52:46.914+0000] {dag.py:4180} INFO - Setting next_dagrun for conditional_dataset_and_time_based_timetable to 2024-12-04 01:00:00+00:00, run_after=2024-12-04 01:00:00+00:00
[2024-12-09T21:52:46.915+0000] {logging_mixin.py:190} INFO - [2024-12-09T21:52:46.915+0000] {dag.py:4180} INFO - Setting next_dagrun for consume_1_and_2_with_dataset_expressions to None, run_after=None
[2024-12-09T21:52:46.916+0000] {logging_mixin.py:190} INFO - [2024-12-09T21:52:46.915+0000] {dag.py:4180} INFO - Setting next_dagrun for consume_1_or_2_with_dataset_expressions to None, run_after=None
[2024-12-09T21:52:46.916+0000] {logging_mixin.py:190} INFO - [2024-12-09T21:52:46.916+0000] {dag.py:4180} INFO - Setting next_dagrun for consume_1_or_both_2_and_3_with_dataset_expressions to None, run_after=None
[2024-12-09T21:52:46.916+0000] {logging_mixin.py:190} INFO - [2024-12-09T21:52:46.916+0000] {dag.py:4180} INFO - Setting next_dagrun for dataset_consumes_1 to None, run_after=None
[2024-12-09T21:52:46.917+0000] {logging_mixin.py:190} INFO - [2024-12-09T21:52:46.917+0000] {dag.py:4180} INFO - Setting next_dagrun for dataset_consumes_1_and_2 to None, run_after=None
[2024-12-09T21:52:46.917+0000] {logging_mixin.py:190} INFO - [2024-12-09T21:52:46.917+0000] {dag.py:4180} INFO - Setting next_dagrun for dataset_consumes_1_never_scheduled to None, run_after=None
[2024-12-09T21:52:46.917+0000] {logging_mixin.py:190} INFO - [2024-12-09T21:52:46.917+0000] {dag.py:4180} INFO - Setting next_dagrun for dataset_consumes_unknown_never_scheduled to None, run_after=None
[2024-12-09T21:52:46.918+0000] {logging_mixin.py:190} INFO - [2024-12-09T21:52:46.918+0000] {dag.py:4180} INFO - Setting next_dagrun for dataset_produces_1 to 2024-12-08 00:00:00+00:00, run_after=2024-12-09 00:00:00+00:00
[2024-12-09T21:52:46.918+0000] {logging_mixin.py:190} INFO - [2024-12-09T21:52:46.918+0000] {dag.py:4180} INFO - Setting next_dagrun for dataset_produces_2 to None, run_after=None
[2024-12-09T21:52:46.927+0000] {processor.py:208} INFO - Processing /home/airflow/.local/lib/python3.12/site-packages/airflow/example_dags/example_datasets.py took 0.256 seconds
