[2024-12-09T21:48:57.404+0000] {processor.py:186} INFO - Started process (PID=100) to work on /home/airflow/.local/lib/python3.12/site-packages/airflow/example_dags/example_python_operator.py
[2024-12-09T21:48:57.405+0000] {processor.py:914} INFO - Processing file /home/airflow/.local/lib/python3.12/site-packages/airflow/example_dags/example_python_operator.py for tasks to queue
[2024-12-09T21:48:57.406+0000] {logging_mixin.py:190} INFO - [2024-12-09T21:48:57.405+0000] {dagbag.py:588} INFO - Filling up the DagBag from /home/airflow/.local/lib/python3.12/site-packages/airflow/example_dags/example_python_operator.py
[2024-12-09T21:48:57.411+0000] {processor.py:925} INFO - DAG(s) 'example_python_operator' retrieved from /home/airflow/.local/lib/python3.12/site-packages/airflow/example_dags/example_python_operator.py
[2024-12-09T21:48:57.449+0000] {logging_mixin.py:190} INFO - [2024-12-09T21:48:57.449+0000] {override.py:1911} INFO - Created Permission View: can edit on DAG:example_python_operator
[2024-12-09T21:48:57.452+0000] {logging_mixin.py:190} INFO - [2024-12-09T21:48:57.452+0000] {override.py:1911} INFO - Created Permission View: can read on DAG:example_python_operator
[2024-12-09T21:48:57.454+0000] {logging_mixin.py:190} INFO - [2024-12-09T21:48:57.454+0000] {override.py:1911} INFO - Created Permission View: can delete on DAG:example_python_operator
[2024-12-09T21:48:57.455+0000] {logging_mixin.py:190} INFO - [2024-12-09T21:48:57.455+0000] {override.py:1911} INFO - Created Permission View: menu access on DAG Run:example_python_operator
[2024-12-09T21:48:57.457+0000] {logging_mixin.py:190} INFO - [2024-12-09T21:48:57.457+0000] {override.py:1911} INFO - Created Permission View: can read on DAG Run:example_python_operator
[2024-12-09T21:48:57.459+0000] {logging_mixin.py:190} INFO - [2024-12-09T21:48:57.459+0000] {override.py:1911} INFO - Created Permission View: can delete on DAG Run:example_python_operator
[2024-12-09T21:48:57.460+0000] {logging_mixin.py:190} INFO - [2024-12-09T21:48:57.460+0000] {override.py:1911} INFO - Created Permission View: can create on DAG Run:example_python_operator
[2024-12-09T21:48:57.461+0000] {logging_mixin.py:190} INFO - [2024-12-09T21:48:57.461+0000] {dag.py:3239} INFO - Sync 1 DAGs
[2024-12-09T21:48:57.466+0000] {logging_mixin.py:190} INFO - [2024-12-09T21:48:57.466+0000] {dag.py:3262} INFO - Creating ORM DAG for example_python_operator
[2024-12-09T21:48:57.467+0000] {logging_mixin.py:190} INFO - [2024-12-09T21:48:57.467+0000] {dag.py:4180} INFO - Setting next_dagrun for example_python_operator to None, run_after=None
[2024-12-09T21:48:57.473+0000] {processor.py:208} INFO - Processing /home/airflow/.local/lib/python3.12/site-packages/airflow/example_dags/example_python_operator.py took 0.072 seconds
[2024-12-09T21:49:28.179+0000] {processor.py:186} INFO - Started process (PID=163) to work on /home/airflow/.local/lib/python3.12/site-packages/airflow/example_dags/example_python_operator.py
[2024-12-09T21:49:28.180+0000] {processor.py:914} INFO - Processing file /home/airflow/.local/lib/python3.12/site-packages/airflow/example_dags/example_python_operator.py for tasks to queue
[2024-12-09T21:49:28.181+0000] {logging_mixin.py:190} INFO - [2024-12-09T21:49:28.181+0000] {dagbag.py:588} INFO - Filling up the DagBag from /home/airflow/.local/lib/python3.12/site-packages/airflow/example_dags/example_python_operator.py
[2024-12-09T21:49:28.187+0000] {processor.py:925} INFO - DAG(s) 'example_python_operator' retrieved from /home/airflow/.local/lib/python3.12/site-packages/airflow/example_dags/example_python_operator.py
[2024-12-09T21:49:28.197+0000] {logging_mixin.py:190} INFO - [2024-12-09T21:49:28.197+0000] {dag.py:3239} INFO - Sync 1 DAGs
[2024-12-09T21:49:28.204+0000] {logging_mixin.py:190} INFO - [2024-12-09T21:49:28.204+0000] {dag.py:4180} INFO - Setting next_dagrun for example_python_operator to None, run_after=None
[2024-12-09T21:49:28.211+0000] {processor.py:208} INFO - Processing /home/airflow/.local/lib/python3.12/site-packages/airflow/example_dags/example_python_operator.py took 0.035 seconds
[2024-12-09T21:49:58.515+0000] {processor.py:186} INFO - Started process (PID=226) to work on /home/airflow/.local/lib/python3.12/site-packages/airflow/example_dags/example_python_operator.py
[2024-12-09T21:49:58.515+0000] {processor.py:914} INFO - Processing file /home/airflow/.local/lib/python3.12/site-packages/airflow/example_dags/example_python_operator.py for tasks to queue
[2024-12-09T21:49:58.516+0000] {logging_mixin.py:190} INFO - [2024-12-09T21:49:58.516+0000] {dagbag.py:588} INFO - Filling up the DagBag from /home/airflow/.local/lib/python3.12/site-packages/airflow/example_dags/example_python_operator.py
[2024-12-09T21:49:58.521+0000] {processor.py:925} INFO - DAG(s) 'example_python_operator' retrieved from /home/airflow/.local/lib/python3.12/site-packages/airflow/example_dags/example_python_operator.py
[2024-12-09T21:49:58.530+0000] {logging_mixin.py:190} INFO - [2024-12-09T21:49:58.530+0000] {dag.py:3239} INFO - Sync 1 DAGs
[2024-12-09T21:49:58.535+0000] {logging_mixin.py:190} INFO - [2024-12-09T21:49:58.535+0000] {dag.py:4180} INFO - Setting next_dagrun for example_python_operator to None, run_after=None
[2024-12-09T21:49:58.541+0000] {processor.py:208} INFO - Processing /home/airflow/.local/lib/python3.12/site-packages/airflow/example_dags/example_python_operator.py took 0.029 seconds
[2024-12-09T21:50:28.563+0000] {processor.py:186} INFO - Started process (PID=288) to work on /home/airflow/.local/lib/python3.12/site-packages/airflow/example_dags/example_python_operator.py
[2024-12-09T21:50:28.564+0000] {processor.py:914} INFO - Processing file /home/airflow/.local/lib/python3.12/site-packages/airflow/example_dags/example_python_operator.py for tasks to queue
[2024-12-09T21:50:28.564+0000] {logging_mixin.py:190} INFO - [2024-12-09T21:50:28.564+0000] {dagbag.py:588} INFO - Filling up the DagBag from /home/airflow/.local/lib/python3.12/site-packages/airflow/example_dags/example_python_operator.py
[2024-12-09T21:50:28.569+0000] {processor.py:925} INFO - DAG(s) 'example_python_operator' retrieved from /home/airflow/.local/lib/python3.12/site-packages/airflow/example_dags/example_python_operator.py
[2024-12-09T21:50:28.578+0000] {logging_mixin.py:190} INFO - [2024-12-09T21:50:28.578+0000] {dag.py:3239} INFO - Sync 1 DAGs
[2024-12-09T21:50:28.583+0000] {logging_mixin.py:190} INFO - [2024-12-09T21:50:28.583+0000] {dag.py:4180} INFO - Setting next_dagrun for example_python_operator to None, run_after=None
[2024-12-09T21:50:28.589+0000] {processor.py:208} INFO - Processing /home/airflow/.local/lib/python3.12/site-packages/airflow/example_dags/example_python_operator.py took 0.028 seconds
[2024-12-09T21:50:58.829+0000] {processor.py:186} INFO - Started process (PID=350) to work on /home/airflow/.local/lib/python3.12/site-packages/airflow/example_dags/example_python_operator.py
[2024-12-09T21:50:58.832+0000] {processor.py:914} INFO - Processing file /home/airflow/.local/lib/python3.12/site-packages/airflow/example_dags/example_python_operator.py for tasks to queue
[2024-12-09T21:50:58.836+0000] {logging_mixin.py:190} INFO - [2024-12-09T21:50:58.836+0000] {dagbag.py:588} INFO - Filling up the DagBag from /home/airflow/.local/lib/python3.12/site-packages/airflow/example_dags/example_python_operator.py
[2024-12-09T21:50:58.841+0000] {processor.py:925} INFO - DAG(s) 'example_python_operator' retrieved from /home/airflow/.local/lib/python3.12/site-packages/airflow/example_dags/example_python_operator.py
[2024-12-09T21:50:58.849+0000] {logging_mixin.py:190} INFO - [2024-12-09T21:50:58.849+0000] {dag.py:3239} INFO - Sync 1 DAGs
[2024-12-09T21:50:58.855+0000] {logging_mixin.py:190} INFO - [2024-12-09T21:50:58.854+0000] {dag.py:4180} INFO - Setting next_dagrun for example_python_operator to None, run_after=None
[2024-12-09T21:50:58.860+0000] {processor.py:208} INFO - Processing /home/airflow/.local/lib/python3.12/site-packages/airflow/example_dags/example_python_operator.py took 0.034 seconds
[2024-12-09T21:51:29.820+0000] {processor.py:186} INFO - Started process (PID=413) to work on /home/airflow/.local/lib/python3.12/site-packages/airflow/example_dags/example_python_operator.py
[2024-12-09T21:51:29.820+0000] {processor.py:914} INFO - Processing file /home/airflow/.local/lib/python3.12/site-packages/airflow/example_dags/example_python_operator.py for tasks to queue
[2024-12-09T21:51:29.821+0000] {logging_mixin.py:190} INFO - [2024-12-09T21:51:29.821+0000] {dagbag.py:588} INFO - Filling up the DagBag from /home/airflow/.local/lib/python3.12/site-packages/airflow/example_dags/example_python_operator.py
[2024-12-09T21:51:29.826+0000] {processor.py:925} INFO - DAG(s) 'example_python_operator' retrieved from /home/airflow/.local/lib/python3.12/site-packages/airflow/example_dags/example_python_operator.py
[2024-12-09T21:51:29.834+0000] {logging_mixin.py:190} INFO - [2024-12-09T21:51:29.834+0000] {dag.py:3239} INFO - Sync 1 DAGs
[2024-12-09T21:51:29.839+0000] {logging_mixin.py:190} INFO - [2024-12-09T21:51:29.839+0000] {dag.py:4180} INFO - Setting next_dagrun for example_python_operator to None, run_after=None
[2024-12-09T21:51:29.846+0000] {processor.py:208} INFO - Processing /home/airflow/.local/lib/python3.12/site-packages/airflow/example_dags/example_python_operator.py took 0.028 seconds
[2024-12-09T21:52:00.101+0000] {processor.py:186} INFO - Started process (PID=476) to work on /home/airflow/.local/lib/python3.12/site-packages/airflow/example_dags/example_python_operator.py
[2024-12-09T21:52:00.102+0000] {processor.py:914} INFO - Processing file /home/airflow/.local/lib/python3.12/site-packages/airflow/example_dags/example_python_operator.py for tasks to queue
[2024-12-09T21:52:00.106+0000] {logging_mixin.py:190} INFO - [2024-12-09T21:52:00.106+0000] {dagbag.py:588} INFO - Filling up the DagBag from /home/airflow/.local/lib/python3.12/site-packages/airflow/example_dags/example_python_operator.py
[2024-12-09T21:52:00.111+0000] {processor.py:925} INFO - DAG(s) 'example_python_operator' retrieved from /home/airflow/.local/lib/python3.12/site-packages/airflow/example_dags/example_python_operator.py
[2024-12-09T21:52:00.122+0000] {logging_mixin.py:190} INFO - [2024-12-09T21:52:00.122+0000] {dag.py:3239} INFO - Sync 1 DAGs
[2024-12-09T21:52:00.128+0000] {logging_mixin.py:190} INFO - [2024-12-09T21:52:00.127+0000] {dag.py:4180} INFO - Setting next_dagrun for example_python_operator to None, run_after=None
[2024-12-09T21:52:00.133+0000] {processor.py:208} INFO - Processing /home/airflow/.local/lib/python3.12/site-packages/airflow/example_dags/example_python_operator.py took 0.036 seconds
[2024-12-09T21:52:31.408+0000] {processor.py:186} INFO - Started process (PID=541) to work on /home/airflow/.local/lib/python3.12/site-packages/airflow/example_dags/example_python_operator.py
[2024-12-09T21:52:31.410+0000] {processor.py:914} INFO - Processing file /home/airflow/.local/lib/python3.12/site-packages/airflow/example_dags/example_python_operator.py for tasks to queue
[2024-12-09T21:52:31.411+0000] {logging_mixin.py:190} INFO - [2024-12-09T21:52:31.411+0000] {dagbag.py:588} INFO - Filling up the DagBag from /home/airflow/.local/lib/python3.12/site-packages/airflow/example_dags/example_python_operator.py
[2024-12-09T21:52:31.416+0000] {processor.py:925} INFO - DAG(s) 'example_python_operator' retrieved from /home/airflow/.local/lib/python3.12/site-packages/airflow/example_dags/example_python_operator.py
[2024-12-09T21:52:31.424+0000] {logging_mixin.py:190} INFO - [2024-12-09T21:52:31.424+0000] {dag.py:3239} INFO - Sync 1 DAGs
[2024-12-09T21:52:31.429+0000] {logging_mixin.py:190} INFO - [2024-12-09T21:52:31.429+0000] {dag.py:4180} INFO - Setting next_dagrun for example_python_operator to None, run_after=None
[2024-12-09T21:52:31.436+0000] {processor.py:208} INFO - Processing /home/airflow/.local/lib/python3.12/site-packages/airflow/example_dags/example_python_operator.py took 0.031 seconds
[2024-12-09T21:53:02.669+0000] {processor.py:186} INFO - Started process (PID=604) to work on /home/airflow/.local/lib/python3.12/site-packages/airflow/example_dags/example_python_operator.py
[2024-12-09T21:53:02.670+0000] {processor.py:914} INFO - Processing file /home/airflow/.local/lib/python3.12/site-packages/airflow/example_dags/example_python_operator.py for tasks to queue
[2024-12-09T21:53:02.673+0000] {logging_mixin.py:190} INFO - [2024-12-09T21:53:02.672+0000] {dagbag.py:588} INFO - Filling up the DagBag from /home/airflow/.local/lib/python3.12/site-packages/airflow/example_dags/example_python_operator.py
[2024-12-09T21:53:02.677+0000] {processor.py:925} INFO - DAG(s) 'example_python_operator' retrieved from /home/airflow/.local/lib/python3.12/site-packages/airflow/example_dags/example_python_operator.py
[2024-12-09T21:53:02.685+0000] {logging_mixin.py:190} INFO - [2024-12-09T21:53:02.685+0000] {dag.py:3239} INFO - Sync 1 DAGs
[2024-12-09T21:53:02.691+0000] {logging_mixin.py:190} INFO - [2024-12-09T21:53:02.691+0000] {dag.py:4180} INFO - Setting next_dagrun for example_python_operator to None, run_after=None
[2024-12-09T21:53:02.699+0000] {processor.py:208} INFO - Processing /home/airflow/.local/lib/python3.12/site-packages/airflow/example_dags/example_python_operator.py took 0.032 seconds
