[2024-12-09T21:48:54.350+0000] {processor.py:186} INFO - Started process (PID=63) to work on /home/airflow/.local/lib/python3.12/site-packages/airflow/example_dags/example_external_task_marker_dag.py
[2024-12-09T21:48:54.351+0000] {processor.py:914} INFO - Processing file /home/airflow/.local/lib/python3.12/site-packages/airflow/example_dags/example_external_task_marker_dag.py for tasks to queue
[2024-12-09T21:48:54.352+0000] {logging_mixin.py:190} INFO - [2024-12-09T21:48:54.352+0000] {dagbag.py:588} INFO - Filling up the DagBag from /home/airflow/.local/lib/python3.12/site-packages/airflow/example_dags/example_external_task_marker_dag.py
[2024-12-09T21:48:54.356+0000] {processor.py:925} INFO - DAG(s) 'example_external_task_marker_parent', 'example_external_task_marker_child' retrieved from /home/airflow/.local/lib/python3.12/site-packages/airflow/example_dags/example_external_task_marker_dag.py
[2024-12-09T21:48:54.407+0000] {logging_mixin.py:190} INFO - [2024-12-09T21:48:54.407+0000] {override.py:1911} INFO - Created Permission View: can edit on DAG:example_external_task_marker_parent
[2024-12-09T21:48:54.412+0000] {logging_mixin.py:190} INFO - [2024-12-09T21:48:54.412+0000] {override.py:1911} INFO - Created Permission View: can read on DAG:example_external_task_marker_parent
[2024-12-09T21:48:54.415+0000] {logging_mixin.py:190} INFO - [2024-12-09T21:48:54.415+0000] {override.py:1911} INFO - Created Permission View: can delete on DAG:example_external_task_marker_parent
[2024-12-09T21:48:54.422+0000] {logging_mixin.py:190} INFO - [2024-12-09T21:48:54.422+0000] {override.py:1911} INFO - Created Permission View: menu access on DAG Run:example_external_task_marker_parent
[2024-12-09T21:48:54.425+0000] {logging_mixin.py:190} INFO - [2024-12-09T21:48:54.424+0000] {override.py:1911} INFO - Created Permission View: can read on DAG Run:example_external_task_marker_parent
[2024-12-09T21:48:54.427+0000] {logging_mixin.py:190} INFO - [2024-12-09T21:48:54.427+0000] {override.py:1911} INFO - Created Permission View: can delete on DAG Run:example_external_task_marker_parent
[2024-12-09T21:48:54.429+0000] {logging_mixin.py:190} INFO - [2024-12-09T21:48:54.429+0000] {override.py:1911} INFO - Created Permission View: can create on DAG Run:example_external_task_marker_parent
[2024-12-09T21:48:54.435+0000] {logging_mixin.py:190} INFO - [2024-12-09T21:48:54.434+0000] {override.py:1911} INFO - Created Permission View: can edit on DAG:example_external_task_marker_child
[2024-12-09T21:48:54.438+0000] {logging_mixin.py:190} INFO - [2024-12-09T21:48:54.437+0000] {override.py:1911} INFO - Created Permission View: can read on DAG:example_external_task_marker_child
[2024-12-09T21:48:54.440+0000] {logging_mixin.py:190} INFO - [2024-12-09T21:48:54.440+0000] {override.py:1911} INFO - Created Permission View: can delete on DAG:example_external_task_marker_child
[2024-12-09T21:48:54.443+0000] {logging_mixin.py:190} INFO - [2024-12-09T21:48:54.443+0000] {override.py:1911} INFO - Created Permission View: menu access on DAG Run:example_external_task_marker_child
[2024-12-09T21:48:54.446+0000] {logging_mixin.py:190} INFO - [2024-12-09T21:48:54.446+0000] {override.py:1911} INFO - Created Permission View: can read on DAG Run:example_external_task_marker_child
[2024-12-09T21:48:54.448+0000] {logging_mixin.py:190} INFO - [2024-12-09T21:48:54.448+0000] {override.py:1911} INFO - Created Permission View: can delete on DAG Run:example_external_task_marker_child
[2024-12-09T21:48:54.451+0000] {logging_mixin.py:190} INFO - [2024-12-09T21:48:54.451+0000] {override.py:1911} INFO - Created Permission View: can create on DAG Run:example_external_task_marker_child
[2024-12-09T21:48:54.451+0000] {logging_mixin.py:190} INFO - [2024-12-09T21:48:54.451+0000] {dag.py:3239} INFO - Sync 2 DAGs
[2024-12-09T21:48:54.458+0000] {logging_mixin.py:190} INFO - [2024-12-09T21:48:54.457+0000] {dag.py:3262} INFO - Creating ORM DAG for example_external_task_marker_child
[2024-12-09T21:48:54.460+0000] {logging_mixin.py:190} INFO - [2024-12-09T21:48:54.459+0000] {dag.py:3262} INFO - Creating ORM DAG for example_external_task_marker_parent
[2024-12-09T21:48:54.460+0000] {logging_mixin.py:190} INFO - [2024-12-09T21:48:54.460+0000] {dag.py:4180} INFO - Setting next_dagrun for example_external_task_marker_child to None, run_after=None
[2024-12-09T21:48:54.461+0000] {logging_mixin.py:190} INFO - [2024-12-09T21:48:54.461+0000] {dag.py:4180} INFO - Setting next_dagrun for example_external_task_marker_parent to None, run_after=None
[2024-12-09T21:48:54.469+0000] {processor.py:208} INFO - Processing /home/airflow/.local/lib/python3.12/site-packages/airflow/example_dags/example_external_task_marker_dag.py took 0.122 seconds
[2024-12-09T21:49:25.413+0000] {processor.py:186} INFO - Started process (PID=126) to work on /home/airflow/.local/lib/python3.12/site-packages/airflow/example_dags/example_external_task_marker_dag.py
[2024-12-09T21:49:25.415+0000] {processor.py:914} INFO - Processing file /home/airflow/.local/lib/python3.12/site-packages/airflow/example_dags/example_external_task_marker_dag.py for tasks to queue
[2024-12-09T21:49:25.416+0000] {logging_mixin.py:190} INFO - [2024-12-09T21:49:25.416+0000] {dagbag.py:588} INFO - Filling up the DagBag from /home/airflow/.local/lib/python3.12/site-packages/airflow/example_dags/example_external_task_marker_dag.py
[2024-12-09T21:49:25.421+0000] {processor.py:925} INFO - DAG(s) 'example_external_task_marker_parent', 'example_external_task_marker_child' retrieved from /home/airflow/.local/lib/python3.12/site-packages/airflow/example_dags/example_external_task_marker_dag.py
[2024-12-09T21:49:25.432+0000] {logging_mixin.py:190} INFO - [2024-12-09T21:49:25.431+0000] {dag.py:3239} INFO - Sync 2 DAGs
[2024-12-09T21:49:25.438+0000] {logging_mixin.py:190} INFO - [2024-12-09T21:49:25.438+0000] {dag.py:4180} INFO - Setting next_dagrun for example_external_task_marker_child to None, run_after=None
[2024-12-09T21:49:25.440+0000] {logging_mixin.py:190} INFO - [2024-12-09T21:49:25.440+0000] {dag.py:4180} INFO - Setting next_dagrun for example_external_task_marker_parent to None, run_after=None
[2024-12-09T21:49:25.446+0000] {processor.py:208} INFO - Processing /home/airflow/.local/lib/python3.12/site-packages/airflow/example_dags/example_external_task_marker_dag.py took 0.038 seconds
[2024-12-09T21:49:56.093+0000] {processor.py:186} INFO - Started process (PID=189) to work on /home/airflow/.local/lib/python3.12/site-packages/airflow/example_dags/example_external_task_marker_dag.py
[2024-12-09T21:49:56.093+0000] {processor.py:914} INFO - Processing file /home/airflow/.local/lib/python3.12/site-packages/airflow/example_dags/example_external_task_marker_dag.py for tasks to queue
[2024-12-09T21:49:56.095+0000] {logging_mixin.py:190} INFO - [2024-12-09T21:49:56.095+0000] {dagbag.py:588} INFO - Filling up the DagBag from /home/airflow/.local/lib/python3.12/site-packages/airflow/example_dags/example_external_task_marker_dag.py
[2024-12-09T21:49:56.100+0000] {processor.py:925} INFO - DAG(s) 'example_external_task_marker_child', 'example_external_task_marker_parent' retrieved from /home/airflow/.local/lib/python3.12/site-packages/airflow/example_dags/example_external_task_marker_dag.py
[2024-12-09T21:49:56.112+0000] {logging_mixin.py:190} INFO - [2024-12-09T21:49:56.111+0000] {dag.py:3239} INFO - Sync 2 DAGs
[2024-12-09T21:49:56.119+0000] {logging_mixin.py:190} INFO - [2024-12-09T21:49:56.118+0000] {dag.py:4180} INFO - Setting next_dagrun for example_external_task_marker_child to None, run_after=None
[2024-12-09T21:49:56.122+0000] {logging_mixin.py:190} INFO - [2024-12-09T21:49:56.122+0000] {dag.py:4180} INFO - Setting next_dagrun for example_external_task_marker_parent to None, run_after=None
[2024-12-09T21:49:56.131+0000] {processor.py:208} INFO - Processing /home/airflow/.local/lib/python3.12/site-packages/airflow/example_dags/example_external_task_marker_dag.py took 0.042 seconds
[2024-12-09T21:50:26.552+0000] {processor.py:186} INFO - Started process (PID=252) to work on /home/airflow/.local/lib/python3.12/site-packages/airflow/example_dags/example_external_task_marker_dag.py
[2024-12-09T21:50:26.553+0000] {processor.py:914} INFO - Processing file /home/airflow/.local/lib/python3.12/site-packages/airflow/example_dags/example_external_task_marker_dag.py for tasks to queue
[2024-12-09T21:50:26.554+0000] {logging_mixin.py:190} INFO - [2024-12-09T21:50:26.554+0000] {dagbag.py:588} INFO - Filling up the DagBag from /home/airflow/.local/lib/python3.12/site-packages/airflow/example_dags/example_external_task_marker_dag.py
[2024-12-09T21:50:26.558+0000] {processor.py:925} INFO - DAG(s) 'example_external_task_marker_parent', 'example_external_task_marker_child' retrieved from /home/airflow/.local/lib/python3.12/site-packages/airflow/example_dags/example_external_task_marker_dag.py
[2024-12-09T21:50:26.569+0000] {logging_mixin.py:190} INFO - [2024-12-09T21:50:26.569+0000] {dag.py:3239} INFO - Sync 2 DAGs
[2024-12-09T21:50:26.575+0000] {logging_mixin.py:190} INFO - [2024-12-09T21:50:26.575+0000] {dag.py:4180} INFO - Setting next_dagrun for example_external_task_marker_child to None, run_after=None
[2024-12-09T21:50:26.577+0000] {logging_mixin.py:190} INFO - [2024-12-09T21:50:26.577+0000] {dag.py:4180} INFO - Setting next_dagrun for example_external_task_marker_parent to None, run_after=None
[2024-12-09T21:50:26.582+0000] {processor.py:208} INFO - Processing /home/airflow/.local/lib/python3.12/site-packages/airflow/example_dags/example_external_task_marker_dag.py took 0.034 seconds
[2024-12-09T21:50:56.617+0000] {processor.py:186} INFO - Started process (PID=315) to work on /home/airflow/.local/lib/python3.12/site-packages/airflow/example_dags/example_external_task_marker_dag.py
[2024-12-09T21:50:56.617+0000] {processor.py:914} INFO - Processing file /home/airflow/.local/lib/python3.12/site-packages/airflow/example_dags/example_external_task_marker_dag.py for tasks to queue
[2024-12-09T21:50:56.618+0000] {logging_mixin.py:190} INFO - [2024-12-09T21:50:56.618+0000] {dagbag.py:588} INFO - Filling up the DagBag from /home/airflow/.local/lib/python3.12/site-packages/airflow/example_dags/example_external_task_marker_dag.py
[2024-12-09T21:50:56.622+0000] {processor.py:925} INFO - DAG(s) 'example_external_task_marker_parent', 'example_external_task_marker_child' retrieved from /home/airflow/.local/lib/python3.12/site-packages/airflow/example_dags/example_external_task_marker_dag.py
[2024-12-09T21:50:56.631+0000] {logging_mixin.py:190} INFO - [2024-12-09T21:50:56.631+0000] {dag.py:3239} INFO - Sync 2 DAGs
[2024-12-09T21:50:56.638+0000] {logging_mixin.py:190} INFO - [2024-12-09T21:50:56.637+0000] {dag.py:4180} INFO - Setting next_dagrun for example_external_task_marker_child to None, run_after=None
[2024-12-09T21:50:56.639+0000] {logging_mixin.py:190} INFO - [2024-12-09T21:50:56.639+0000] {dag.py:4180} INFO - Setting next_dagrun for example_external_task_marker_parent to None, run_after=None
[2024-12-09T21:50:56.645+0000] {processor.py:208} INFO - Processing /home/airflow/.local/lib/python3.12/site-packages/airflow/example_dags/example_external_task_marker_dag.py took 0.032 seconds
[2024-12-09T21:51:26.836+0000] {processor.py:186} INFO - Started process (PID=378) to work on /home/airflow/.local/lib/python3.12/site-packages/airflow/example_dags/example_external_task_marker_dag.py
[2024-12-09T21:51:26.840+0000] {processor.py:914} INFO - Processing file /home/airflow/.local/lib/python3.12/site-packages/airflow/example_dags/example_external_task_marker_dag.py for tasks to queue
[2024-12-09T21:51:26.842+0000] {logging_mixin.py:190} INFO - [2024-12-09T21:51:26.842+0000] {dagbag.py:588} INFO - Filling up the DagBag from /home/airflow/.local/lib/python3.12/site-packages/airflow/example_dags/example_external_task_marker_dag.py
[2024-12-09T21:51:26.846+0000] {processor.py:925} INFO - DAG(s) 'example_external_task_marker_child', 'example_external_task_marker_parent' retrieved from /home/airflow/.local/lib/python3.12/site-packages/airflow/example_dags/example_external_task_marker_dag.py
[2024-12-09T21:51:26.858+0000] {logging_mixin.py:190} INFO - [2024-12-09T21:51:26.858+0000] {dag.py:3239} INFO - Sync 2 DAGs
[2024-12-09T21:51:26.863+0000] {logging_mixin.py:190} INFO - [2024-12-09T21:51:26.863+0000] {dag.py:4180} INFO - Setting next_dagrun for example_external_task_marker_child to None, run_after=None
[2024-12-09T21:51:26.865+0000] {logging_mixin.py:190} INFO - [2024-12-09T21:51:26.865+0000] {dag.py:4180} INFO - Setting next_dagrun for example_external_task_marker_parent to None, run_after=None
[2024-12-09T21:51:26.873+0000] {processor.py:208} INFO - Processing /home/airflow/.local/lib/python3.12/site-packages/airflow/example_dags/example_external_task_marker_dag.py took 0.039 seconds
[2024-12-09T21:51:57.157+0000] {processor.py:186} INFO - Started process (PID=442) to work on /home/airflow/.local/lib/python3.12/site-packages/airflow/example_dags/example_external_task_marker_dag.py
[2024-12-09T21:51:57.160+0000] {processor.py:914} INFO - Processing file /home/airflow/.local/lib/python3.12/site-packages/airflow/example_dags/example_external_task_marker_dag.py for tasks to queue
[2024-12-09T21:51:57.164+0000] {logging_mixin.py:190} INFO - [2024-12-09T21:51:57.164+0000] {dagbag.py:588} INFO - Filling up the DagBag from /home/airflow/.local/lib/python3.12/site-packages/airflow/example_dags/example_external_task_marker_dag.py
[2024-12-09T21:51:57.168+0000] {processor.py:925} INFO - DAG(s) 'example_external_task_marker_parent', 'example_external_task_marker_child' retrieved from /home/airflow/.local/lib/python3.12/site-packages/airflow/example_dags/example_external_task_marker_dag.py
[2024-12-09T21:51:57.177+0000] {logging_mixin.py:190} INFO - [2024-12-09T21:51:57.177+0000] {dag.py:3239} INFO - Sync 2 DAGs
[2024-12-09T21:51:57.183+0000] {logging_mixin.py:190} INFO - [2024-12-09T21:51:57.183+0000] {dag.py:4180} INFO - Setting next_dagrun for example_external_task_marker_child to None, run_after=None
[2024-12-09T21:51:57.184+0000] {logging_mixin.py:190} INFO - [2024-12-09T21:51:57.184+0000] {dag.py:4180} INFO - Setting next_dagrun for example_external_task_marker_parent to None, run_after=None
[2024-12-09T21:51:57.190+0000] {processor.py:208} INFO - Processing /home/airflow/.local/lib/python3.12/site-packages/airflow/example_dags/example_external_task_marker_dag.py took 0.035 seconds
[2024-12-09T21:52:27.279+0000] {processor.py:186} INFO - Started process (PID=505) to work on /home/airflow/.local/lib/python3.12/site-packages/airflow/example_dags/example_external_task_marker_dag.py
[2024-12-09T21:52:27.282+0000] {processor.py:914} INFO - Processing file /home/airflow/.local/lib/python3.12/site-packages/airflow/example_dags/example_external_task_marker_dag.py for tasks to queue
[2024-12-09T21:52:27.286+0000] {logging_mixin.py:190} INFO - [2024-12-09T21:52:27.286+0000] {dagbag.py:588} INFO - Filling up the DagBag from /home/airflow/.local/lib/python3.12/site-packages/airflow/example_dags/example_external_task_marker_dag.py
[2024-12-09T21:52:27.290+0000] {processor.py:925} INFO - DAG(s) 'example_external_task_marker_child', 'example_external_task_marker_parent' retrieved from /home/airflow/.local/lib/python3.12/site-packages/airflow/example_dags/example_external_task_marker_dag.py
[2024-12-09T21:52:27.301+0000] {logging_mixin.py:190} INFO - [2024-12-09T21:52:27.301+0000] {dag.py:3239} INFO - Sync 2 DAGs
[2024-12-09T21:52:27.306+0000] {logging_mixin.py:190} INFO - [2024-12-09T21:52:27.306+0000] {dag.py:4180} INFO - Setting next_dagrun for example_external_task_marker_child to None, run_after=None
[2024-12-09T21:52:27.309+0000] {logging_mixin.py:190} INFO - [2024-12-09T21:52:27.309+0000] {dag.py:4180} INFO - Setting next_dagrun for example_external_task_marker_parent to None, run_after=None
[2024-12-09T21:52:27.315+0000] {processor.py:208} INFO - Processing /home/airflow/.local/lib/python3.12/site-packages/airflow/example_dags/example_external_task_marker_dag.py took 0.039 seconds
[2024-12-09T21:52:57.436+0000] {processor.py:186} INFO - Started process (PID=568) to work on /home/airflow/.local/lib/python3.12/site-packages/airflow/example_dags/example_external_task_marker_dag.py
[2024-12-09T21:52:57.440+0000] {processor.py:914} INFO - Processing file /home/airflow/.local/lib/python3.12/site-packages/airflow/example_dags/example_external_task_marker_dag.py for tasks to queue
[2024-12-09T21:52:57.442+0000] {logging_mixin.py:190} INFO - [2024-12-09T21:52:57.442+0000] {dagbag.py:588} INFO - Filling up the DagBag from /home/airflow/.local/lib/python3.12/site-packages/airflow/example_dags/example_external_task_marker_dag.py
[2024-12-09T21:52:57.446+0000] {processor.py:925} INFO - DAG(s) 'example_external_task_marker_child', 'example_external_task_marker_parent' retrieved from /home/airflow/.local/lib/python3.12/site-packages/airflow/example_dags/example_external_task_marker_dag.py
[2024-12-09T21:52:57.457+0000] {logging_mixin.py:190} INFO - [2024-12-09T21:52:57.457+0000] {dag.py:3239} INFO - Sync 2 DAGs
[2024-12-09T21:52:57.463+0000] {logging_mixin.py:190} INFO - [2024-12-09T21:52:57.463+0000] {dag.py:4180} INFO - Setting next_dagrun for example_external_task_marker_child to None, run_after=None
[2024-12-09T21:52:57.467+0000] {logging_mixin.py:190} INFO - [2024-12-09T21:52:57.467+0000] {dag.py:4180} INFO - Setting next_dagrun for example_external_task_marker_parent to None, run_after=None
[2024-12-09T21:52:57.474+0000] {processor.py:208} INFO - Processing /home/airflow/.local/lib/python3.12/site-packages/airflow/example_dags/example_external_task_marker_dag.py took 0.039 seconds
