[2024-12-09T21:48:56.735+0000] {processor.py:186} INFO - Started process (PID=89) to work on /home/airflow/.local/lib/python3.12/site-packages/airflow/example_dags/example_inlet_event_extra.py
[2024-12-09T21:48:56.735+0000] {processor.py:914} INFO - Processing file /home/airflow/.local/lib/python3.12/site-packages/airflow/example_dags/example_inlet_event_extra.py for tasks to queue
[2024-12-09T21:48:56.737+0000] {logging_mixin.py:190} INFO - [2024-12-09T21:48:56.737+0000] {dagbag.py:588} INFO - Filling up the DagBag from /home/airflow/.local/lib/python3.12/site-packages/airflow/example_dags/example_inlet_event_extra.py
[2024-12-09T21:48:57.024+0000] {processor.py:925} INFO - DAG(s) 'read_dataset_event_from_classic', 'read_dataset_event' retrieved from /home/airflow/.local/lib/python3.12/site-packages/airflow/example_dags/example_inlet_event_extra.py
[2024-12-09T21:48:57.077+0000] {logging_mixin.py:190} INFO - [2024-12-09T21:48:57.077+0000] {override.py:1911} INFO - Created Permission View: can edit on DAG:read_dataset_event_from_classic
[2024-12-09T21:48:57.082+0000] {logging_mixin.py:190} INFO - [2024-12-09T21:48:57.081+0000] {override.py:1911} INFO - Created Permission View: can read on DAG:read_dataset_event_from_classic
[2024-12-09T21:48:57.090+0000] {logging_mixin.py:190} INFO - [2024-12-09T21:48:57.090+0000] {override.py:1911} INFO - Created Permission View: can delete on DAG:read_dataset_event_from_classic
[2024-12-09T21:48:57.092+0000] {logging_mixin.py:190} INFO - [2024-12-09T21:48:57.092+0000] {override.py:1911} INFO - Created Permission View: menu access on DAG Run:read_dataset_event_from_classic
[2024-12-09T21:48:57.099+0000] {logging_mixin.py:190} INFO - [2024-12-09T21:48:57.099+0000] {override.py:1911} INFO - Created Permission View: can read on DAG Run:read_dataset_event_from_classic
[2024-12-09T21:48:57.106+0000] {logging_mixin.py:190} INFO - [2024-12-09T21:48:57.106+0000] {override.py:1911} INFO - Created Permission View: can delete on DAG Run:read_dataset_event_from_classic
[2024-12-09T21:48:57.111+0000] {logging_mixin.py:190} INFO - [2024-12-09T21:48:57.111+0000] {override.py:1911} INFO - Created Permission View: can create on DAG Run:read_dataset_event_from_classic
[2024-12-09T21:48:57.122+0000] {logging_mixin.py:190} INFO - [2024-12-09T21:48:57.122+0000] {override.py:1911} INFO - Created Permission View: can edit on DAG:read_dataset_event
[2024-12-09T21:48:57.124+0000] {logging_mixin.py:190} INFO - [2024-12-09T21:48:57.124+0000] {override.py:1911} INFO - Created Permission View: can read on DAG:read_dataset_event
[2024-12-09T21:48:57.129+0000] {logging_mixin.py:190} INFO - [2024-12-09T21:48:57.129+0000] {override.py:1911} INFO - Created Permission View: can delete on DAG:read_dataset_event
[2024-12-09T21:48:57.132+0000] {logging_mixin.py:190} INFO - [2024-12-09T21:48:57.132+0000] {override.py:1911} INFO - Created Permission View: menu access on DAG Run:read_dataset_event
[2024-12-09T21:48:57.162+0000] {logging_mixin.py:190} INFO - [2024-12-09T21:48:57.162+0000] {override.py:1911} INFO - Created Permission View: can read on DAG Run:read_dataset_event
[2024-12-09T21:48:57.216+0000] {logging_mixin.py:190} INFO - [2024-12-09T21:48:57.215+0000] {override.py:1911} INFO - Created Permission View: can delete on DAG Run:read_dataset_event
[2024-12-09T21:48:57.255+0000] {logging_mixin.py:190} INFO - [2024-12-09T21:48:57.255+0000] {override.py:1911} INFO - Created Permission View: can create on DAG Run:read_dataset_event
[2024-12-09T21:48:57.255+0000] {logging_mixin.py:190} INFO - [2024-12-09T21:48:57.255+0000] {dag.py:3239} INFO - Sync 2 DAGs
[2024-12-09T21:48:57.262+0000] {logging_mixin.py:190} INFO - [2024-12-09T21:48:57.261+0000] {dag.py:3262} INFO - Creating ORM DAG for read_dataset_event
[2024-12-09T21:48:57.262+0000] {logging_mixin.py:190} INFO - [2024-12-09T21:48:57.262+0000] {dag.py:3262} INFO - Creating ORM DAG for read_dataset_event_from_classic
[2024-12-09T21:48:57.266+0000] {logging_mixin.py:190} INFO - [2024-12-09T21:48:57.266+0000] {dag.py:4180} INFO - Setting next_dagrun for read_dataset_event to 2024-12-08 00:00:00+00:00, run_after=2024-12-09 00:00:00+00:00
[2024-12-09T21:48:57.267+0000] {logging_mixin.py:190} INFO - [2024-12-09T21:48:57.267+0000] {dag.py:4180} INFO - Setting next_dagrun for read_dataset_event_from_classic to 2024-12-08 00:00:00+00:00, run_after=2024-12-09 00:00:00+00:00
[2024-12-09T21:48:57.273+0000] {processor.py:208} INFO - Processing /home/airflow/.local/lib/python3.12/site-packages/airflow/example_dags/example_inlet_event_extra.py took 0.543 seconds
[2024-12-09T21:49:27.797+0000] {processor.py:186} INFO - Started process (PID=159) to work on /home/airflow/.local/lib/python3.12/site-packages/airflow/example_dags/example_inlet_event_extra.py
[2024-12-09T21:49:27.798+0000] {processor.py:914} INFO - Processing file /home/airflow/.local/lib/python3.12/site-packages/airflow/example_dags/example_inlet_event_extra.py for tasks to queue
[2024-12-09T21:49:27.811+0000] {logging_mixin.py:190} INFO - [2024-12-09T21:49:27.811+0000] {dagbag.py:588} INFO - Filling up the DagBag from /home/airflow/.local/lib/python3.12/site-packages/airflow/example_dags/example_inlet_event_extra.py
[2024-12-09T21:49:28.092+0000] {processor.py:925} INFO - DAG(s) 'read_dataset_event', 'read_dataset_event_from_classic' retrieved from /home/airflow/.local/lib/python3.12/site-packages/airflow/example_dags/example_inlet_event_extra.py
[2024-12-09T21:49:28.099+0000] {logging_mixin.py:190} INFO - [2024-12-09T21:49:28.099+0000] {dag.py:3239} INFO - Sync 2 DAGs
[2024-12-09T21:49:28.108+0000] {logging_mixin.py:190} INFO - [2024-12-09T21:49:28.108+0000] {dag.py:4180} INFO - Setting next_dagrun for read_dataset_event to 2024-12-08 00:00:00+00:00, run_after=2024-12-09 00:00:00+00:00
[2024-12-09T21:49:28.110+0000] {logging_mixin.py:190} INFO - [2024-12-09T21:49:28.110+0000] {dag.py:4180} INFO - Setting next_dagrun for read_dataset_event_from_classic to 2024-12-08 00:00:00+00:00, run_after=2024-12-09 00:00:00+00:00
[2024-12-09T21:49:28.116+0000] {processor.py:208} INFO - Processing /home/airflow/.local/lib/python3.12/site-packages/airflow/example_dags/example_inlet_event_extra.py took 0.325 seconds
[2024-12-09T21:49:58.153+0000] {processor.py:186} INFO - Started process (PID=222) to work on /home/airflow/.local/lib/python3.12/site-packages/airflow/example_dags/example_inlet_event_extra.py
[2024-12-09T21:49:58.154+0000] {processor.py:914} INFO - Processing file /home/airflow/.local/lib/python3.12/site-packages/airflow/example_dags/example_inlet_event_extra.py for tasks to queue
[2024-12-09T21:49:58.155+0000] {logging_mixin.py:190} INFO - [2024-12-09T21:49:58.154+0000] {dagbag.py:588} INFO - Filling up the DagBag from /home/airflow/.local/lib/python3.12/site-packages/airflow/example_dags/example_inlet_event_extra.py
[2024-12-09T21:49:58.388+0000] {processor.py:925} INFO - DAG(s) 'read_dataset_event', 'read_dataset_event_from_classic' retrieved from /home/airflow/.local/lib/python3.12/site-packages/airflow/example_dags/example_inlet_event_extra.py
[2024-12-09T21:49:58.396+0000] {logging_mixin.py:190} INFO - [2024-12-09T21:49:58.396+0000] {dag.py:3239} INFO - Sync 2 DAGs
[2024-12-09T21:49:58.406+0000] {logging_mixin.py:190} INFO - [2024-12-09T21:49:58.405+0000] {dag.py:4180} INFO - Setting next_dagrun for read_dataset_event to 2024-12-08 00:00:00+00:00, run_after=2024-12-09 00:00:00+00:00
[2024-12-09T21:49:58.408+0000] {logging_mixin.py:190} INFO - [2024-12-09T21:49:58.408+0000] {dag.py:4180} INFO - Setting next_dagrun for read_dataset_event_from_classic to 2024-12-08 00:00:00+00:00, run_after=2024-12-09 00:00:00+00:00
[2024-12-09T21:49:58.413+0000] {processor.py:208} INFO - Processing /home/airflow/.local/lib/python3.12/site-packages/airflow/example_dags/example_inlet_event_extra.py took 0.262 seconds
[2024-12-09T21:50:28.487+0000] {processor.py:186} INFO - Started process (PID=285) to work on /home/airflow/.local/lib/python3.12/site-packages/airflow/example_dags/example_inlet_event_extra.py
[2024-12-09T21:50:28.487+0000] {processor.py:914} INFO - Processing file /home/airflow/.local/lib/python3.12/site-packages/airflow/example_dags/example_inlet_event_extra.py for tasks to queue
[2024-12-09T21:50:28.488+0000] {logging_mixin.py:190} INFO - [2024-12-09T21:50:28.488+0000] {dagbag.py:588} INFO - Filling up the DagBag from /home/airflow/.local/lib/python3.12/site-packages/airflow/example_dags/example_inlet_event_extra.py
[2024-12-09T21:50:28.712+0000] {processor.py:925} INFO - DAG(s) 'read_dataset_event_from_classic', 'read_dataset_event' retrieved from /home/airflow/.local/lib/python3.12/site-packages/airflow/example_dags/example_inlet_event_extra.py
[2024-12-09T21:50:28.719+0000] {logging_mixin.py:190} INFO - [2024-12-09T21:50:28.718+0000] {dag.py:3239} INFO - Sync 2 DAGs
[2024-12-09T21:50:28.725+0000] {logging_mixin.py:190} INFO - [2024-12-09T21:50:28.725+0000] {dag.py:4180} INFO - Setting next_dagrun for read_dataset_event to 2024-12-08 00:00:00+00:00, run_after=2024-12-09 00:00:00+00:00
[2024-12-09T21:50:28.726+0000] {logging_mixin.py:190} INFO - [2024-12-09T21:50:28.726+0000] {dag.py:4180} INFO - Setting next_dagrun for read_dataset_event_from_classic to 2024-12-08 00:00:00+00:00, run_after=2024-12-09 00:00:00+00:00
[2024-12-09T21:50:28.730+0000] {processor.py:208} INFO - Processing /home/airflow/.local/lib/python3.12/site-packages/airflow/example_dags/example_inlet_event_extra.py took 0.246 seconds
[2024-12-09T21:50:58.871+0000] {processor.py:186} INFO - Started process (PID=352) to work on /home/airflow/.local/lib/python3.12/site-packages/airflow/example_dags/example_inlet_event_extra.py
[2024-12-09T21:50:58.874+0000] {processor.py:914} INFO - Processing file /home/airflow/.local/lib/python3.12/site-packages/airflow/example_dags/example_inlet_event_extra.py for tasks to queue
[2024-12-09T21:50:58.875+0000] {logging_mixin.py:190} INFO - [2024-12-09T21:50:58.875+0000] {dagbag.py:588} INFO - Filling up the DagBag from /home/airflow/.local/lib/python3.12/site-packages/airflow/example_dags/example_inlet_event_extra.py
[2024-12-09T21:50:59.102+0000] {processor.py:925} INFO - DAG(s) 'read_dataset_event_from_classic', 'read_dataset_event' retrieved from /home/airflow/.local/lib/python3.12/site-packages/airflow/example_dags/example_inlet_event_extra.py
[2024-12-09T21:50:59.110+0000] {logging_mixin.py:190} INFO - [2024-12-09T21:50:59.109+0000] {dag.py:3239} INFO - Sync 2 DAGs
[2024-12-09T21:50:59.117+0000] {logging_mixin.py:190} INFO - [2024-12-09T21:50:59.117+0000] {dag.py:4180} INFO - Setting next_dagrun for read_dataset_event to 2024-12-08 00:00:00+00:00, run_after=2024-12-09 00:00:00+00:00
[2024-12-09T21:50:59.118+0000] {logging_mixin.py:190} INFO - [2024-12-09T21:50:59.118+0000] {dag.py:4180} INFO - Setting next_dagrun for read_dataset_event_from_classic to 2024-12-08 00:00:00+00:00, run_after=2024-12-09 00:00:00+00:00
[2024-12-09T21:50:59.123+0000] {processor.py:208} INFO - Processing /home/airflow/.local/lib/python3.12/site-packages/airflow/example_dags/example_inlet_event_extra.py took 0.255 seconds
[2024-12-09T21:51:29.961+0000] {processor.py:186} INFO - Started process (PID=421) to work on /home/airflow/.local/lib/python3.12/site-packages/airflow/example_dags/example_inlet_event_extra.py
[2024-12-09T21:51:29.962+0000] {processor.py:914} INFO - Processing file /home/airflow/.local/lib/python3.12/site-packages/airflow/example_dags/example_inlet_event_extra.py for tasks to queue
[2024-12-09T21:51:29.963+0000] {logging_mixin.py:190} INFO - [2024-12-09T21:51:29.963+0000] {dagbag.py:588} INFO - Filling up the DagBag from /home/airflow/.local/lib/python3.12/site-packages/airflow/example_dags/example_inlet_event_extra.py
[2024-12-09T21:51:30.180+0000] {processor.py:925} INFO - DAG(s) 'read_dataset_event_from_classic', 'read_dataset_event' retrieved from /home/airflow/.local/lib/python3.12/site-packages/airflow/example_dags/example_inlet_event_extra.py
[2024-12-09T21:51:30.187+0000] {logging_mixin.py:190} INFO - [2024-12-09T21:51:30.187+0000] {dag.py:3239} INFO - Sync 2 DAGs
[2024-12-09T21:51:30.194+0000] {logging_mixin.py:190} INFO - [2024-12-09T21:51:30.194+0000] {dag.py:4180} INFO - Setting next_dagrun for read_dataset_event to 2024-12-08 00:00:00+00:00, run_after=2024-12-09 00:00:00+00:00
[2024-12-09T21:51:30.196+0000] {logging_mixin.py:190} INFO - [2024-12-09T21:51:30.196+0000] {dag.py:4180} INFO - Setting next_dagrun for read_dataset_event_from_classic to 2024-12-08 00:00:00+00:00, run_after=2024-12-09 00:00:00+00:00
[2024-12-09T21:51:30.200+0000] {processor.py:208} INFO - Processing /home/airflow/.local/lib/python3.12/site-packages/airflow/example_dags/example_inlet_event_extra.py took 0.241 seconds
[2024-12-09T21:52:00.263+0000] {processor.py:186} INFO - Started process (PID=484) to work on /home/airflow/.local/lib/python3.12/site-packages/airflow/example_dags/example_inlet_event_extra.py
[2024-12-09T21:52:00.263+0000] {processor.py:914} INFO - Processing file /home/airflow/.local/lib/python3.12/site-packages/airflow/example_dags/example_inlet_event_extra.py for tasks to queue
[2024-12-09T21:52:00.264+0000] {logging_mixin.py:190} INFO - [2024-12-09T21:52:00.264+0000] {dagbag.py:588} INFO - Filling up the DagBag from /home/airflow/.local/lib/python3.12/site-packages/airflow/example_dags/example_inlet_event_extra.py
[2024-12-09T21:52:00.486+0000] {processor.py:925} INFO - DAG(s) 'read_dataset_event_from_classic', 'read_dataset_event' retrieved from /home/airflow/.local/lib/python3.12/site-packages/airflow/example_dags/example_inlet_event_extra.py
[2024-12-09T21:52:00.493+0000] {logging_mixin.py:190} INFO - [2024-12-09T21:52:00.493+0000] {dag.py:3239} INFO - Sync 2 DAGs
[2024-12-09T21:52:00.501+0000] {logging_mixin.py:190} INFO - [2024-12-09T21:52:00.501+0000] {dag.py:4180} INFO - Setting next_dagrun for read_dataset_event to 2024-12-08 00:00:00+00:00, run_after=2024-12-09 00:00:00+00:00
[2024-12-09T21:52:00.502+0000] {logging_mixin.py:190} INFO - [2024-12-09T21:52:00.502+0000] {dag.py:4180} INFO - Setting next_dagrun for read_dataset_event_from_classic to 2024-12-08 00:00:00+00:00, run_after=2024-12-09 00:00:00+00:00
[2024-12-09T21:52:00.507+0000] {processor.py:208} INFO - Processing /home/airflow/.local/lib/python3.12/site-packages/airflow/example_dags/example_inlet_event_extra.py took 0.247 seconds
[2024-12-09T21:52:31.107+0000] {processor.py:186} INFO - Started process (PID=536) to work on /home/airflow/.local/lib/python3.12/site-packages/airflow/example_dags/example_inlet_event_extra.py
[2024-12-09T21:52:31.108+0000] {processor.py:914} INFO - Processing file /home/airflow/.local/lib/python3.12/site-packages/airflow/example_dags/example_inlet_event_extra.py for tasks to queue
[2024-12-09T21:52:31.109+0000] {logging_mixin.py:190} INFO - [2024-12-09T21:52:31.108+0000] {dagbag.py:588} INFO - Filling up the DagBag from /home/airflow/.local/lib/python3.12/site-packages/airflow/example_dags/example_inlet_event_extra.py
[2024-12-09T21:52:31.328+0000] {processor.py:925} INFO - DAG(s) 'read_dataset_event_from_classic', 'read_dataset_event' retrieved from /home/airflow/.local/lib/python3.12/site-packages/airflow/example_dags/example_inlet_event_extra.py
[2024-12-09T21:52:31.335+0000] {logging_mixin.py:190} INFO - [2024-12-09T21:52:31.335+0000] {dag.py:3239} INFO - Sync 2 DAGs
[2024-12-09T21:52:31.343+0000] {logging_mixin.py:190} INFO - [2024-12-09T21:52:31.343+0000] {dag.py:4180} INFO - Setting next_dagrun for read_dataset_event to 2024-12-08 00:00:00+00:00, run_after=2024-12-09 00:00:00+00:00
[2024-12-09T21:52:31.344+0000] {logging_mixin.py:190} INFO - [2024-12-09T21:52:31.344+0000] {dag.py:4180} INFO - Setting next_dagrun for read_dataset_event_from_classic to 2024-12-08 00:00:00+00:00, run_after=2024-12-09 00:00:00+00:00
[2024-12-09T21:52:31.349+0000] {processor.py:208} INFO - Processing /home/airflow/.local/lib/python3.12/site-packages/airflow/example_dags/example_inlet_event_extra.py took 0.244 seconds
[2024-12-09T21:53:02.348+0000] {processor.py:186} INFO - Started process (PID=599) to work on /home/airflow/.local/lib/python3.12/site-packages/airflow/example_dags/example_inlet_event_extra.py
[2024-12-09T21:53:02.348+0000] {processor.py:914} INFO - Processing file /home/airflow/.local/lib/python3.12/site-packages/airflow/example_dags/example_inlet_event_extra.py for tasks to queue
[2024-12-09T21:53:02.349+0000] {logging_mixin.py:190} INFO - [2024-12-09T21:53:02.349+0000] {dagbag.py:588} INFO - Filling up the DagBag from /home/airflow/.local/lib/python3.12/site-packages/airflow/example_dags/example_inlet_event_extra.py
[2024-12-09T21:53:02.584+0000] {processor.py:925} INFO - DAG(s) 'read_dataset_event_from_classic', 'read_dataset_event' retrieved from /home/airflow/.local/lib/python3.12/site-packages/airflow/example_dags/example_inlet_event_extra.py
[2024-12-09T21:53:02.592+0000] {logging_mixin.py:190} INFO - [2024-12-09T21:53:02.592+0000] {dag.py:3239} INFO - Sync 2 DAGs
[2024-12-09T21:53:02.599+0000] {logging_mixin.py:190} INFO - [2024-12-09T21:53:02.599+0000] {dag.py:4180} INFO - Setting next_dagrun for read_dataset_event to 2024-12-08 00:00:00+00:00, run_after=2024-12-09 00:00:00+00:00
[2024-12-09T21:53:02.601+0000] {logging_mixin.py:190} INFO - [2024-12-09T21:53:02.601+0000] {dag.py:4180} INFO - Setting next_dagrun for read_dataset_event_from_classic to 2024-12-08 00:00:00+00:00, run_after=2024-12-09 00:00:00+00:00
[2024-12-09T21:53:02.606+0000] {processor.py:208} INFO - Processing /home/airflow/.local/lib/python3.12/site-packages/airflow/example_dags/example_inlet_event_extra.py took 0.260 seconds
