[2024-12-09T21:48:53.905+0000] {processor.py:186} INFO - Started process (PID=55) to work on /home/airflow/.local/lib/python3.12/site-packages/airflow/example_dags/example_time_delta_sensor_async.py
[2024-12-09T21:48:53.906+0000] {processor.py:914} INFO - Processing file /home/airflow/.local/lib/python3.12/site-packages/airflow/example_dags/example_time_delta_sensor_async.py for tasks to queue
[2024-12-09T21:48:53.907+0000] {logging_mixin.py:190} INFO - [2024-12-09T21:48:53.907+0000] {dagbag.py:588} INFO - Filling up the DagBag from /home/airflow/.local/lib/python3.12/site-packages/airflow/example_dags/example_time_delta_sensor_async.py
[2024-12-09T21:48:53.912+0000] {processor.py:925} INFO - DAG(s) 'example_time_delta_sensor_async' retrieved from /home/airflow/.local/lib/python3.12/site-packages/airflow/example_dags/example_time_delta_sensor_async.py
[2024-12-09T21:48:53.963+0000] {logging_mixin.py:190} INFO - [2024-12-09T21:48:53.962+0000] {override.py:1911} INFO - Created Permission View: can edit on DAG:example_time_delta_sensor_async
[2024-12-09T21:48:53.970+0000] {logging_mixin.py:190} INFO - [2024-12-09T21:48:53.970+0000] {override.py:1911} INFO - Created Permission View: can read on DAG:example_time_delta_sensor_async
[2024-12-09T21:48:53.972+0000] {logging_mixin.py:190} INFO - [2024-12-09T21:48:53.972+0000] {override.py:1911} INFO - Created Permission View: can delete on DAG:example_time_delta_sensor_async
[2024-12-09T21:48:53.974+0000] {logging_mixin.py:190} INFO - [2024-12-09T21:48:53.974+0000] {override.py:1911} INFO - Created Permission View: menu access on DAG Run:example_time_delta_sensor_async
[2024-12-09T21:48:53.978+0000] {logging_mixin.py:190} INFO - [2024-12-09T21:48:53.978+0000] {override.py:1911} INFO - Created Permission View: can read on DAG Run:example_time_delta_sensor_async
[2024-12-09T21:48:53.980+0000] {logging_mixin.py:190} INFO - [2024-12-09T21:48:53.980+0000] {override.py:1911} INFO - Created Permission View: can delete on DAG Run:example_time_delta_sensor_async
[2024-12-09T21:48:53.982+0000] {logging_mixin.py:190} INFO - [2024-12-09T21:48:53.982+0000] {override.py:1911} INFO - Created Permission View: can create on DAG Run:example_time_delta_sensor_async
[2024-12-09T21:48:53.982+0000] {logging_mixin.py:190} INFO - [2024-12-09T21:48:53.982+0000] {dag.py:3239} INFO - Sync 1 DAGs
[2024-12-09T21:48:53.989+0000] {logging_mixin.py:190} INFO - [2024-12-09T21:48:53.989+0000] {dag.py:3262} INFO - Creating ORM DAG for example_time_delta_sensor_async
[2024-12-09T21:48:53.989+0000] {logging_mixin.py:190} INFO - [2024-12-09T21:48:53.989+0000] {dag.py:4180} INFO - Setting next_dagrun for example_time_delta_sensor_async to None, run_after=None
[2024-12-09T21:48:53.997+0000] {processor.py:208} INFO - Processing /home/airflow/.local/lib/python3.12/site-packages/airflow/example_dags/example_time_delta_sensor_async.py took 0.096 seconds
[2024-12-09T21:49:24.126+0000] {processor.py:186} INFO - Started process (PID=118) to work on /home/airflow/.local/lib/python3.12/site-packages/airflow/example_dags/example_time_delta_sensor_async.py
[2024-12-09T21:49:24.126+0000] {processor.py:914} INFO - Processing file /home/airflow/.local/lib/python3.12/site-packages/airflow/example_dags/example_time_delta_sensor_async.py for tasks to queue
[2024-12-09T21:49:24.127+0000] {logging_mixin.py:190} INFO - [2024-12-09T21:49:24.127+0000] {dagbag.py:588} INFO - Filling up the DagBag from /home/airflow/.local/lib/python3.12/site-packages/airflow/example_dags/example_time_delta_sensor_async.py
[2024-12-09T21:49:24.130+0000] {processor.py:925} INFO - DAG(s) 'example_time_delta_sensor_async' retrieved from /home/airflow/.local/lib/python3.12/site-packages/airflow/example_dags/example_time_delta_sensor_async.py
[2024-12-09T21:49:24.137+0000] {logging_mixin.py:190} INFO - [2024-12-09T21:49:24.137+0000] {dag.py:3239} INFO - Sync 1 DAGs
[2024-12-09T21:49:24.141+0000] {logging_mixin.py:190} INFO - [2024-12-09T21:49:24.141+0000] {dag.py:4180} INFO - Setting next_dagrun for example_time_delta_sensor_async to None, run_after=None
[2024-12-09T21:49:24.146+0000] {processor.py:208} INFO - Processing /home/airflow/.local/lib/python3.12/site-packages/airflow/example_dags/example_time_delta_sensor_async.py took 0.023 seconds
[2024-12-09T21:49:54.846+0000] {processor.py:186} INFO - Started process (PID=181) to work on /home/airflow/.local/lib/python3.12/site-packages/airflow/example_dags/example_time_delta_sensor_async.py
[2024-12-09T21:49:54.850+0000] {processor.py:914} INFO - Processing file /home/airflow/.local/lib/python3.12/site-packages/airflow/example_dags/example_time_delta_sensor_async.py for tasks to queue
[2024-12-09T21:49:54.852+0000] {logging_mixin.py:190} INFO - [2024-12-09T21:49:54.852+0000] {dagbag.py:588} INFO - Filling up the DagBag from /home/airflow/.local/lib/python3.12/site-packages/airflow/example_dags/example_time_delta_sensor_async.py
[2024-12-09T21:49:54.855+0000] {processor.py:925} INFO - DAG(s) 'example_time_delta_sensor_async' retrieved from /home/airflow/.local/lib/python3.12/site-packages/airflow/example_dags/example_time_delta_sensor_async.py
[2024-12-09T21:49:54.865+0000] {logging_mixin.py:190} INFO - [2024-12-09T21:49:54.864+0000] {dag.py:3239} INFO - Sync 1 DAGs
[2024-12-09T21:49:54.871+0000] {logging_mixin.py:190} INFO - [2024-12-09T21:49:54.870+0000] {dag.py:4180} INFO - Setting next_dagrun for example_time_delta_sensor_async to None, run_after=None
[2024-12-09T21:49:54.878+0000] {processor.py:208} INFO - Processing /home/airflow/.local/lib/python3.12/site-packages/airflow/example_dags/example_time_delta_sensor_async.py took 0.034 seconds
[2024-12-09T21:50:25.297+0000] {processor.py:186} INFO - Started process (PID=244) to work on /home/airflow/.local/lib/python3.12/site-packages/airflow/example_dags/example_time_delta_sensor_async.py
[2024-12-09T21:50:25.298+0000] {processor.py:914} INFO - Processing file /home/airflow/.local/lib/python3.12/site-packages/airflow/example_dags/example_time_delta_sensor_async.py for tasks to queue
[2024-12-09T21:50:25.300+0000] {logging_mixin.py:190} INFO - [2024-12-09T21:50:25.299+0000] {dagbag.py:588} INFO - Filling up the DagBag from /home/airflow/.local/lib/python3.12/site-packages/airflow/example_dags/example_time_delta_sensor_async.py
[2024-12-09T21:50:25.303+0000] {processor.py:925} INFO - DAG(s) 'example_time_delta_sensor_async' retrieved from /home/airflow/.local/lib/python3.12/site-packages/airflow/example_dags/example_time_delta_sensor_async.py
[2024-12-09T21:50:25.313+0000] {logging_mixin.py:190} INFO - [2024-12-09T21:50:25.312+0000] {dag.py:3239} INFO - Sync 1 DAGs
[2024-12-09T21:50:25.320+0000] {logging_mixin.py:190} INFO - [2024-12-09T21:50:25.320+0000] {dag.py:4180} INFO - Setting next_dagrun for example_time_delta_sensor_async to None, run_after=None
[2024-12-09T21:50:25.327+0000] {processor.py:208} INFO - Processing /home/airflow/.local/lib/python3.12/site-packages/airflow/example_dags/example_time_delta_sensor_async.py took 0.034 seconds
[2024-12-09T21:50:55.386+0000] {processor.py:186} INFO - Started process (PID=307) to work on /home/airflow/.local/lib/python3.12/site-packages/airflow/example_dags/example_time_delta_sensor_async.py
[2024-12-09T21:50:55.387+0000] {processor.py:914} INFO - Processing file /home/airflow/.local/lib/python3.12/site-packages/airflow/example_dags/example_time_delta_sensor_async.py for tasks to queue
[2024-12-09T21:50:55.387+0000] {logging_mixin.py:190} INFO - [2024-12-09T21:50:55.387+0000] {dagbag.py:588} INFO - Filling up the DagBag from /home/airflow/.local/lib/python3.12/site-packages/airflow/example_dags/example_time_delta_sensor_async.py
[2024-12-09T21:50:55.390+0000] {processor.py:925} INFO - DAG(s) 'example_time_delta_sensor_async' retrieved from /home/airflow/.local/lib/python3.12/site-packages/airflow/example_dags/example_time_delta_sensor_async.py
[2024-12-09T21:50:55.397+0000] {logging_mixin.py:190} INFO - [2024-12-09T21:50:55.396+0000] {dag.py:3239} INFO - Sync 1 DAGs
[2024-12-09T21:50:55.401+0000] {logging_mixin.py:190} INFO - [2024-12-09T21:50:55.401+0000] {dag.py:4180} INFO - Setting next_dagrun for example_time_delta_sensor_async to None, run_after=None
[2024-12-09T21:50:55.407+0000] {processor.py:208} INFO - Processing /home/airflow/.local/lib/python3.12/site-packages/airflow/example_dags/example_time_delta_sensor_async.py took 0.022 seconds
[2024-12-09T21:51:25.638+0000] {processor.py:186} INFO - Started process (PID=370) to work on /home/airflow/.local/lib/python3.12/site-packages/airflow/example_dags/example_time_delta_sensor_async.py
[2024-12-09T21:51:25.639+0000] {processor.py:914} INFO - Processing file /home/airflow/.local/lib/python3.12/site-packages/airflow/example_dags/example_time_delta_sensor_async.py for tasks to queue
[2024-12-09T21:51:25.640+0000] {logging_mixin.py:190} INFO - [2024-12-09T21:51:25.640+0000] {dagbag.py:588} INFO - Filling up the DagBag from /home/airflow/.local/lib/python3.12/site-packages/airflow/example_dags/example_time_delta_sensor_async.py
[2024-12-09T21:51:25.643+0000] {processor.py:925} INFO - DAG(s) 'example_time_delta_sensor_async' retrieved from /home/airflow/.local/lib/python3.12/site-packages/airflow/example_dags/example_time_delta_sensor_async.py
[2024-12-09T21:51:25.651+0000] {logging_mixin.py:190} INFO - [2024-12-09T21:51:25.651+0000] {dag.py:3239} INFO - Sync 1 DAGs
[2024-12-09T21:51:25.656+0000] {logging_mixin.py:190} INFO - [2024-12-09T21:51:25.656+0000] {dag.py:4180} INFO - Setting next_dagrun for example_time_delta_sensor_async to None, run_after=None
[2024-12-09T21:51:25.662+0000] {processor.py:208} INFO - Processing /home/airflow/.local/lib/python3.12/site-packages/airflow/example_dags/example_time_delta_sensor_async.py took 0.027 seconds
[2024-12-09T21:51:55.937+0000] {processor.py:186} INFO - Started process (PID=434) to work on /home/airflow/.local/lib/python3.12/site-packages/airflow/example_dags/example_time_delta_sensor_async.py
[2024-12-09T21:51:55.941+0000] {processor.py:914} INFO - Processing file /home/airflow/.local/lib/python3.12/site-packages/airflow/example_dags/example_time_delta_sensor_async.py for tasks to queue
[2024-12-09T21:51:55.942+0000] {logging_mixin.py:190} INFO - [2024-12-09T21:51:55.942+0000] {dagbag.py:588} INFO - Filling up the DagBag from /home/airflow/.local/lib/python3.12/site-packages/airflow/example_dags/example_time_delta_sensor_async.py
[2024-12-09T21:51:55.946+0000] {processor.py:925} INFO - DAG(s) 'example_time_delta_sensor_async' retrieved from /home/airflow/.local/lib/python3.12/site-packages/airflow/example_dags/example_time_delta_sensor_async.py
[2024-12-09T21:51:55.955+0000] {logging_mixin.py:190} INFO - [2024-12-09T21:51:55.955+0000] {dag.py:3239} INFO - Sync 1 DAGs
[2024-12-09T21:51:55.960+0000] {logging_mixin.py:190} INFO - [2024-12-09T21:51:55.960+0000] {dag.py:4180} INFO - Setting next_dagrun for example_time_delta_sensor_async to None, run_after=None
[2024-12-09T21:51:55.966+0000] {processor.py:208} INFO - Processing /home/airflow/.local/lib/python3.12/site-packages/airflow/example_dags/example_time_delta_sensor_async.py took 0.031 seconds
[2024-12-09T21:52:26.071+0000] {processor.py:186} INFO - Started process (PID=497) to work on /home/airflow/.local/lib/python3.12/site-packages/airflow/example_dags/example_time_delta_sensor_async.py
[2024-12-09T21:52:26.072+0000] {processor.py:914} INFO - Processing file /home/airflow/.local/lib/python3.12/site-packages/airflow/example_dags/example_time_delta_sensor_async.py for tasks to queue
[2024-12-09T21:52:26.073+0000] {logging_mixin.py:190} INFO - [2024-12-09T21:52:26.073+0000] {dagbag.py:588} INFO - Filling up the DagBag from /home/airflow/.local/lib/python3.12/site-packages/airflow/example_dags/example_time_delta_sensor_async.py
[2024-12-09T21:52:26.076+0000] {processor.py:925} INFO - DAG(s) 'example_time_delta_sensor_async' retrieved from /home/airflow/.local/lib/python3.12/site-packages/airflow/example_dags/example_time_delta_sensor_async.py
[2024-12-09T21:52:26.086+0000] {logging_mixin.py:190} INFO - [2024-12-09T21:52:26.086+0000] {dag.py:3239} INFO - Sync 1 DAGs
[2024-12-09T21:52:26.091+0000] {logging_mixin.py:190} INFO - [2024-12-09T21:52:26.091+0000] {dag.py:4180} INFO - Setting next_dagrun for example_time_delta_sensor_async to None, run_after=None
[2024-12-09T21:52:26.098+0000] {processor.py:208} INFO - Processing /home/airflow/.local/lib/python3.12/site-packages/airflow/example_dags/example_time_delta_sensor_async.py took 0.030 seconds
[2024-12-09T21:52:56.248+0000] {processor.py:186} INFO - Started process (PID=560) to work on /home/airflow/.local/lib/python3.12/site-packages/airflow/example_dags/example_time_delta_sensor_async.py
[2024-12-09T21:52:56.249+0000] {processor.py:914} INFO - Processing file /home/airflow/.local/lib/python3.12/site-packages/airflow/example_dags/example_time_delta_sensor_async.py for tasks to queue
[2024-12-09T21:52:56.250+0000] {logging_mixin.py:190} INFO - [2024-12-09T21:52:56.249+0000] {dagbag.py:588} INFO - Filling up the DagBag from /home/airflow/.local/lib/python3.12/site-packages/airflow/example_dags/example_time_delta_sensor_async.py
[2024-12-09T21:52:56.254+0000] {processor.py:925} INFO - DAG(s) 'example_time_delta_sensor_async' retrieved from /home/airflow/.local/lib/python3.12/site-packages/airflow/example_dags/example_time_delta_sensor_async.py
[2024-12-09T21:52:56.261+0000] {logging_mixin.py:190} INFO - [2024-12-09T21:52:56.261+0000] {dag.py:3239} INFO - Sync 1 DAGs
[2024-12-09T21:52:56.267+0000] {logging_mixin.py:190} INFO - [2024-12-09T21:52:56.267+0000] {dag.py:4180} INFO - Setting next_dagrun for example_time_delta_sensor_async to None, run_after=None
[2024-12-09T21:52:56.274+0000] {processor.py:208} INFO - Processing /home/airflow/.local/lib/python3.12/site-packages/airflow/example_dags/example_time_delta_sensor_async.py took 0.029 seconds
