[2024-12-09T21:48:56.606+0000] {processor.py:186} INFO - Started process (PID=87) to work on /home/airflow/.local/lib/python3.12/site-packages/airflow/example_dags/example_task_group.py
[2024-12-09T21:48:56.607+0000] {processor.py:914} INFO - Processing file /home/airflow/.local/lib/python3.12/site-packages/airflow/example_dags/example_task_group.py for tasks to queue
[2024-12-09T21:48:56.609+0000] {logging_mixin.py:190} INFO - [2024-12-09T21:48:56.608+0000] {dagbag.py:588} INFO - Filling up the DagBag from /home/airflow/.local/lib/python3.12/site-packages/airflow/example_dags/example_task_group.py
[2024-12-09T21:48:56.614+0000] {processor.py:925} INFO - DAG(s) 'example_task_group' retrieved from /home/airflow/.local/lib/python3.12/site-packages/airflow/example_dags/example_task_group.py
[2024-12-09T21:48:56.676+0000] {logging_mixin.py:190} INFO - [2024-12-09T21:48:56.675+0000] {override.py:1911} INFO - Created Permission View: can edit on DAG:example_task_group
[2024-12-09T21:48:56.683+0000] {logging_mixin.py:190} INFO - [2024-12-09T21:48:56.683+0000] {override.py:1911} INFO - Created Permission View: can read on DAG:example_task_group
[2024-12-09T21:48:56.689+0000] {logging_mixin.py:190} INFO - [2024-12-09T21:48:56.689+0000] {override.py:1911} INFO - Created Permission View: can delete on DAG:example_task_group
[2024-12-09T21:48:56.692+0000] {logging_mixin.py:190} INFO - [2024-12-09T21:48:56.691+0000] {override.py:1911} INFO - Created Permission View: menu access on DAG Run:example_task_group
[2024-12-09T21:48:56.694+0000] {logging_mixin.py:190} INFO - [2024-12-09T21:48:56.694+0000] {override.py:1911} INFO - Created Permission View: can read on DAG Run:example_task_group
[2024-12-09T21:48:56.696+0000] {logging_mixin.py:190} INFO - [2024-12-09T21:48:56.696+0000] {override.py:1911} INFO - Created Permission View: can delete on DAG Run:example_task_group
[2024-12-09T21:48:56.698+0000] {logging_mixin.py:190} INFO - [2024-12-09T21:48:56.698+0000] {override.py:1911} INFO - Created Permission View: can create on DAG Run:example_task_group
[2024-12-09T21:48:56.699+0000] {logging_mixin.py:190} INFO - [2024-12-09T21:48:56.699+0000] {dag.py:3239} INFO - Sync 1 DAGs
[2024-12-09T21:48:56.706+0000] {logging_mixin.py:190} INFO - [2024-12-09T21:48:56.706+0000] {dag.py:3262} INFO - Creating ORM DAG for example_task_group
[2024-12-09T21:48:56.707+0000] {logging_mixin.py:190} INFO - [2024-12-09T21:48:56.707+0000] {dag.py:4180} INFO - Setting next_dagrun for example_task_group to None, run_after=None
[2024-12-09T21:48:56.713+0000] {processor.py:208} INFO - Processing /home/airflow/.local/lib/python3.12/site-packages/airflow/example_dags/example_task_group.py took 0.112 seconds
[2024-12-09T21:49:27.718+0000] {processor.py:186} INFO - Started process (PID=156) to work on /home/airflow/.local/lib/python3.12/site-packages/airflow/example_dags/example_task_group.py
[2024-12-09T21:49:27.718+0000] {processor.py:914} INFO - Processing file /home/airflow/.local/lib/python3.12/site-packages/airflow/example_dags/example_task_group.py for tasks to queue
[2024-12-09T21:49:27.719+0000] {logging_mixin.py:190} INFO - [2024-12-09T21:49:27.719+0000] {dagbag.py:588} INFO - Filling up the DagBag from /home/airflow/.local/lib/python3.12/site-packages/airflow/example_dags/example_task_group.py
[2024-12-09T21:49:27.722+0000] {processor.py:925} INFO - DAG(s) 'example_task_group' retrieved from /home/airflow/.local/lib/python3.12/site-packages/airflow/example_dags/example_task_group.py
[2024-12-09T21:49:27.730+0000] {logging_mixin.py:190} INFO - [2024-12-09T21:49:27.730+0000] {dag.py:3239} INFO - Sync 1 DAGs
[2024-12-09T21:49:27.735+0000] {logging_mixin.py:190} INFO - [2024-12-09T21:49:27.735+0000] {dag.py:4180} INFO - Setting next_dagrun for example_task_group to None, run_after=None
[2024-12-09T21:49:27.742+0000] {processor.py:208} INFO - Processing /home/airflow/.local/lib/python3.12/site-packages/airflow/example_dags/example_task_group.py took 0.027 seconds
[2024-12-09T21:49:58.040+0000] {processor.py:186} INFO - Started process (PID=219) to work on /home/airflow/.local/lib/python3.12/site-packages/airflow/example_dags/example_task_group.py
[2024-12-09T21:49:58.041+0000] {processor.py:914} INFO - Processing file /home/airflow/.local/lib/python3.12/site-packages/airflow/example_dags/example_task_group.py for tasks to queue
[2024-12-09T21:49:58.042+0000] {logging_mixin.py:190} INFO - [2024-12-09T21:49:58.042+0000] {dagbag.py:588} INFO - Filling up the DagBag from /home/airflow/.local/lib/python3.12/site-packages/airflow/example_dags/example_task_group.py
[2024-12-09T21:49:58.045+0000] {processor.py:925} INFO - DAG(s) 'example_task_group' retrieved from /home/airflow/.local/lib/python3.12/site-packages/airflow/example_dags/example_task_group.py
[2024-12-09T21:49:58.054+0000] {logging_mixin.py:190} INFO - [2024-12-09T21:49:58.054+0000] {dag.py:3239} INFO - Sync 1 DAGs
[2024-12-09T21:49:58.061+0000] {logging_mixin.py:190} INFO - [2024-12-09T21:49:58.060+0000] {dag.py:4180} INFO - Setting next_dagrun for example_task_group to None, run_after=None
[2024-12-09T21:49:58.068+0000] {processor.py:208} INFO - Processing /home/airflow/.local/lib/python3.12/site-packages/airflow/example_dags/example_task_group.py took 0.030 seconds
[2024-12-09T21:50:28.391+0000] {processor.py:186} INFO - Started process (PID=282) to work on /home/airflow/.local/lib/python3.12/site-packages/airflow/example_dags/example_task_group.py
[2024-12-09T21:50:28.391+0000] {processor.py:914} INFO - Processing file /home/airflow/.local/lib/python3.12/site-packages/airflow/example_dags/example_task_group.py for tasks to queue
[2024-12-09T21:50:28.392+0000] {logging_mixin.py:190} INFO - [2024-12-09T21:50:28.392+0000] {dagbag.py:588} INFO - Filling up the DagBag from /home/airflow/.local/lib/python3.12/site-packages/airflow/example_dags/example_task_group.py
[2024-12-09T21:50:28.396+0000] {processor.py:925} INFO - DAG(s) 'example_task_group' retrieved from /home/airflow/.local/lib/python3.12/site-packages/airflow/example_dags/example_task_group.py
[2024-12-09T21:50:28.405+0000] {logging_mixin.py:190} INFO - [2024-12-09T21:50:28.405+0000] {dag.py:3239} INFO - Sync 1 DAGs
[2024-12-09T21:50:28.410+0000] {logging_mixin.py:190} INFO - [2024-12-09T21:50:28.410+0000] {dag.py:4180} INFO - Setting next_dagrun for example_task_group to None, run_after=None
[2024-12-09T21:50:28.416+0000] {processor.py:208} INFO - Processing /home/airflow/.local/lib/python3.12/site-packages/airflow/example_dags/example_task_group.py took 0.028 seconds
[2024-12-09T21:50:58.734+0000] {processor.py:186} INFO - Started process (PID=345) to work on /home/airflow/.local/lib/python3.12/site-packages/airflow/example_dags/example_task_group.py
[2024-12-09T21:50:58.734+0000] {processor.py:914} INFO - Processing file /home/airflow/.local/lib/python3.12/site-packages/airflow/example_dags/example_task_group.py for tasks to queue
[2024-12-09T21:50:58.735+0000] {logging_mixin.py:190} INFO - [2024-12-09T21:50:58.735+0000] {dagbag.py:588} INFO - Filling up the DagBag from /home/airflow/.local/lib/python3.12/site-packages/airflow/example_dags/example_task_group.py
[2024-12-09T21:50:58.738+0000] {processor.py:925} INFO - DAG(s) 'example_task_group' retrieved from /home/airflow/.local/lib/python3.12/site-packages/airflow/example_dags/example_task_group.py
[2024-12-09T21:50:58.746+0000] {logging_mixin.py:190} INFO - [2024-12-09T21:50:58.746+0000] {dag.py:3239} INFO - Sync 1 DAGs
[2024-12-09T21:50:58.752+0000] {logging_mixin.py:190} INFO - [2024-12-09T21:50:58.752+0000] {dag.py:4180} INFO - Setting next_dagrun for example_task_group to None, run_after=None
[2024-12-09T21:50:58.759+0000] {processor.py:208} INFO - Processing /home/airflow/.local/lib/python3.12/site-packages/airflow/example_dags/example_task_group.py took 0.028 seconds
[2024-12-09T21:51:29.709+0000] {processor.py:186} INFO - Started process (PID=408) to work on /home/airflow/.local/lib/python3.12/site-packages/airflow/example_dags/example_task_group.py
[2024-12-09T21:51:29.713+0000] {processor.py:914} INFO - Processing file /home/airflow/.local/lib/python3.12/site-packages/airflow/example_dags/example_task_group.py for tasks to queue
[2024-12-09T21:51:29.714+0000] {logging_mixin.py:190} INFO - [2024-12-09T21:51:29.714+0000] {dagbag.py:588} INFO - Filling up the DagBag from /home/airflow/.local/lib/python3.12/site-packages/airflow/example_dags/example_task_group.py
[2024-12-09T21:51:29.717+0000] {processor.py:925} INFO - DAG(s) 'example_task_group' retrieved from /home/airflow/.local/lib/python3.12/site-packages/airflow/example_dags/example_task_group.py
[2024-12-09T21:51:29.725+0000] {logging_mixin.py:190} INFO - [2024-12-09T21:51:29.725+0000] {dag.py:3239} INFO - Sync 1 DAGs
[2024-12-09T21:51:29.731+0000] {logging_mixin.py:190} INFO - [2024-12-09T21:51:29.730+0000] {dag.py:4180} INFO - Setting next_dagrun for example_task_group to None, run_after=None
[2024-12-09T21:51:29.737+0000] {processor.py:208} INFO - Processing /home/airflow/.local/lib/python3.12/site-packages/airflow/example_dags/example_task_group.py took 0.030 seconds
[2024-12-09T21:51:59.958+0000] {processor.py:186} INFO - Started process (PID=471) to work on /home/airflow/.local/lib/python3.12/site-packages/airflow/example_dags/example_task_group.py
[2024-12-09T21:51:59.959+0000] {processor.py:914} INFO - Processing file /home/airflow/.local/lib/python3.12/site-packages/airflow/example_dags/example_task_group.py for tasks to queue
[2024-12-09T21:51:59.959+0000] {logging_mixin.py:190} INFO - [2024-12-09T21:51:59.959+0000] {dagbag.py:588} INFO - Filling up the DagBag from /home/airflow/.local/lib/python3.12/site-packages/airflow/example_dags/example_task_group.py
[2024-12-09T21:51:59.963+0000] {processor.py:925} INFO - DAG(s) 'example_task_group' retrieved from /home/airflow/.local/lib/python3.12/site-packages/airflow/example_dags/example_task_group.py
[2024-12-09T21:51:59.977+0000] {logging_mixin.py:190} INFO - [2024-12-09T21:51:59.977+0000] {dag.py:3239} INFO - Sync 1 DAGs
[2024-12-09T21:51:59.984+0000] {logging_mixin.py:190} INFO - [2024-12-09T21:51:59.984+0000] {dag.py:4180} INFO - Setting next_dagrun for example_task_group to None, run_after=None
[2024-12-09T21:51:59.991+0000] {processor.py:208} INFO - Processing /home/airflow/.local/lib/python3.12/site-packages/airflow/example_dags/example_task_group.py took 0.035 seconds
[2024-12-09T21:52:31.044+0000] {processor.py:186} INFO - Started process (PID=534) to work on /home/airflow/.local/lib/python3.12/site-packages/airflow/example_dags/example_task_group.py
[2024-12-09T21:52:31.044+0000] {processor.py:914} INFO - Processing file /home/airflow/.local/lib/python3.12/site-packages/airflow/example_dags/example_task_group.py for tasks to queue
[2024-12-09T21:52:31.045+0000] {logging_mixin.py:190} INFO - [2024-12-09T21:52:31.045+0000] {dagbag.py:588} INFO - Filling up the DagBag from /home/airflow/.local/lib/python3.12/site-packages/airflow/example_dags/example_task_group.py
[2024-12-09T21:52:31.048+0000] {processor.py:925} INFO - DAG(s) 'example_task_group' retrieved from /home/airflow/.local/lib/python3.12/site-packages/airflow/example_dags/example_task_group.py
[2024-12-09T21:52:31.058+0000] {logging_mixin.py:190} INFO - [2024-12-09T21:52:31.058+0000] {dag.py:3239} INFO - Sync 1 DAGs
[2024-12-09T21:52:31.063+0000] {logging_mixin.py:190} INFO - [2024-12-09T21:52:31.063+0000] {dag.py:4180} INFO - Setting next_dagrun for example_task_group to None, run_after=None
[2024-12-09T21:52:31.069+0000] {processor.py:208} INFO - Processing /home/airflow/.local/lib/python3.12/site-packages/airflow/example_dags/example_task_group.py took 0.028 seconds
[2024-12-09T21:53:02.276+0000] {processor.py:186} INFO - Started process (PID=597) to work on /home/airflow/.local/lib/python3.12/site-packages/airflow/example_dags/example_task_group.py
[2024-12-09T21:53:02.277+0000] {processor.py:914} INFO - Processing file /home/airflow/.local/lib/python3.12/site-packages/airflow/example_dags/example_task_group.py for tasks to queue
[2024-12-09T21:53:02.278+0000] {logging_mixin.py:190} INFO - [2024-12-09T21:53:02.277+0000] {dagbag.py:588} INFO - Filling up the DagBag from /home/airflow/.local/lib/python3.12/site-packages/airflow/example_dags/example_task_group.py
[2024-12-09T21:53:02.283+0000] {processor.py:925} INFO - DAG(s) 'example_task_group' retrieved from /home/airflow/.local/lib/python3.12/site-packages/airflow/example_dags/example_task_group.py
[2024-12-09T21:53:02.295+0000] {logging_mixin.py:190} INFO - [2024-12-09T21:53:02.295+0000] {dag.py:3239} INFO - Sync 1 DAGs
[2024-12-09T21:53:02.301+0000] {logging_mixin.py:190} INFO - [2024-12-09T21:53:02.301+0000] {dag.py:4180} INFO - Setting next_dagrun for example_task_group to None, run_after=None
[2024-12-09T21:53:02.308+0000] {processor.py:208} INFO - Processing /home/airflow/.local/lib/python3.12/site-packages/airflow/example_dags/example_task_group.py took 0.034 seconds
