[2024-12-09T21:48:54.114+0000] {processor.py:186} INFO - Started process (PID=59) to work on /home/airflow/.local/lib/python3.12/site-packages/airflow/example_dags/example_bash_decorator.py
[2024-12-09T21:48:54.115+0000] {processor.py:914} INFO - Processing file /home/airflow/.local/lib/python3.12/site-packages/airflow/example_dags/example_bash_decorator.py for tasks to queue
[2024-12-09T21:48:54.116+0000] {logging_mixin.py:190} INFO - [2024-12-09T21:48:54.116+0000] {dagbag.py:588} INFO - Filling up the DagBag from /home/airflow/.local/lib/python3.12/site-packages/airflow/example_dags/example_bash_decorator.py
[2024-12-09T21:48:54.127+0000] {processor.py:925} INFO - DAG(s) 'example_bash_decorator' retrieved from /home/airflow/.local/lib/python3.12/site-packages/airflow/example_dags/example_bash_decorator.py
[2024-12-09T21:48:54.179+0000] {logging_mixin.py:190} INFO - [2024-12-09T21:48:54.179+0000] {override.py:1911} INFO - Created Permission View: can edit on DAG:example_bash_decorator
[2024-12-09T21:48:54.185+0000] {logging_mixin.py:190} INFO - [2024-12-09T21:48:54.184+0000] {override.py:1911} INFO - Created Permission View: can read on DAG:example_bash_decorator
[2024-12-09T21:48:54.189+0000] {logging_mixin.py:190} INFO - [2024-12-09T21:48:54.189+0000] {override.py:1911} INFO - Created Permission View: can delete on DAG:example_bash_decorator
[2024-12-09T21:48:54.195+0000] {logging_mixin.py:190} INFO - [2024-12-09T21:48:54.195+0000] {override.py:1911} INFO - Created Permission View: menu access on DAG Run:example_bash_decorator
[2024-12-09T21:48:54.198+0000] {logging_mixin.py:190} INFO - [2024-12-09T21:48:54.198+0000] {override.py:1911} INFO - Created Permission View: can read on DAG Run:example_bash_decorator
[2024-12-09T21:48:54.200+0000] {logging_mixin.py:190} INFO - [2024-12-09T21:48:54.200+0000] {override.py:1911} INFO - Created Permission View: can delete on DAG Run:example_bash_decorator
[2024-12-09T21:48:54.204+0000] {logging_mixin.py:190} INFO - [2024-12-09T21:48:54.204+0000] {override.py:1911} INFO - Created Permission View: can create on DAG Run:example_bash_decorator
[2024-12-09T21:48:54.204+0000] {logging_mixin.py:190} INFO - [2024-12-09T21:48:54.204+0000] {dag.py:3239} INFO - Sync 1 DAGs
[2024-12-09T21:48:54.210+0000] {logging_mixin.py:190} INFO - [2024-12-09T21:48:54.210+0000] {dag.py:3262} INFO - Creating ORM DAG for example_bash_decorator
[2024-12-09T21:48:54.210+0000] {logging_mixin.py:190} INFO - [2024-12-09T21:48:54.210+0000] {dag.py:4180} INFO - Setting next_dagrun for example_bash_decorator to None, run_after=None
[2024-12-09T21:48:54.217+0000] {processor.py:208} INFO - Processing /home/airflow/.local/lib/python3.12/site-packages/airflow/example_dags/example_bash_decorator.py took 0.106 seconds
[2024-12-09T21:49:24.231+0000] {processor.py:186} INFO - Started process (PID=122) to work on /home/airflow/.local/lib/python3.12/site-packages/airflow/example_dags/example_bash_decorator.py
[2024-12-09T21:49:24.232+0000] {processor.py:914} INFO - Processing file /home/airflow/.local/lib/python3.12/site-packages/airflow/example_dags/example_bash_decorator.py for tasks to queue
[2024-12-09T21:49:24.233+0000] {logging_mixin.py:190} INFO - [2024-12-09T21:49:24.232+0000] {dagbag.py:588} INFO - Filling up the DagBag from /home/airflow/.local/lib/python3.12/site-packages/airflow/example_dags/example_bash_decorator.py
[2024-12-09T21:49:24.240+0000] {processor.py:925} INFO - DAG(s) 'example_bash_decorator' retrieved from /home/airflow/.local/lib/python3.12/site-packages/airflow/example_dags/example_bash_decorator.py
[2024-12-09T21:49:24.251+0000] {logging_mixin.py:190} INFO - [2024-12-09T21:49:24.251+0000] {dag.py:3239} INFO - Sync 1 DAGs
[2024-12-09T21:49:24.256+0000] {logging_mixin.py:190} INFO - [2024-12-09T21:49:24.255+0000] {dag.py:4180} INFO - Setting next_dagrun for example_bash_decorator to None, run_after=None
[2024-12-09T21:49:24.261+0000] {processor.py:208} INFO - Processing /home/airflow/.local/lib/python3.12/site-packages/airflow/example_dags/example_bash_decorator.py took 0.032 seconds
[2024-12-09T21:49:54.942+0000] {processor.py:186} INFO - Started process (PID=185) to work on /home/airflow/.local/lib/python3.12/site-packages/airflow/example_dags/example_bash_decorator.py
[2024-12-09T21:49:54.945+0000] {processor.py:914} INFO - Processing file /home/airflow/.local/lib/python3.12/site-packages/airflow/example_dags/example_bash_decorator.py for tasks to queue
[2024-12-09T21:49:54.946+0000] {logging_mixin.py:190} INFO - [2024-12-09T21:49:54.946+0000] {dagbag.py:588} INFO - Filling up the DagBag from /home/airflow/.local/lib/python3.12/site-packages/airflow/example_dags/example_bash_decorator.py
[2024-12-09T21:49:54.953+0000] {processor.py:925} INFO - DAG(s) 'example_bash_decorator' retrieved from /home/airflow/.local/lib/python3.12/site-packages/airflow/example_dags/example_bash_decorator.py
[2024-12-09T21:49:54.962+0000] {logging_mixin.py:190} INFO - [2024-12-09T21:49:54.961+0000] {dag.py:3239} INFO - Sync 1 DAGs
[2024-12-09T21:49:54.968+0000] {logging_mixin.py:190} INFO - [2024-12-09T21:49:54.968+0000] {dag.py:4180} INFO - Setting next_dagrun for example_bash_decorator to None, run_after=None
[2024-12-09T21:49:54.973+0000] {processor.py:208} INFO - Processing /home/airflow/.local/lib/python3.12/site-packages/airflow/example_dags/example_bash_decorator.py took 0.034 seconds
[2024-12-09T21:50:25.387+0000] {processor.py:186} INFO - Started process (PID=248) to work on /home/airflow/.local/lib/python3.12/site-packages/airflow/example_dags/example_bash_decorator.py
[2024-12-09T21:50:25.387+0000] {processor.py:914} INFO - Processing file /home/airflow/.local/lib/python3.12/site-packages/airflow/example_dags/example_bash_decorator.py for tasks to queue
[2024-12-09T21:50:25.388+0000] {logging_mixin.py:190} INFO - [2024-12-09T21:50:25.388+0000] {dagbag.py:588} INFO - Filling up the DagBag from /home/airflow/.local/lib/python3.12/site-packages/airflow/example_dags/example_bash_decorator.py
[2024-12-09T21:50:25.395+0000] {processor.py:925} INFO - DAG(s) 'example_bash_decorator' retrieved from /home/airflow/.local/lib/python3.12/site-packages/airflow/example_dags/example_bash_decorator.py
[2024-12-09T21:50:25.405+0000] {logging_mixin.py:190} INFO - [2024-12-09T21:50:25.404+0000] {dag.py:3239} INFO - Sync 1 DAGs
[2024-12-09T21:50:25.410+0000] {logging_mixin.py:190} INFO - [2024-12-09T21:50:25.409+0000] {dag.py:4180} INFO - Setting next_dagrun for example_bash_decorator to None, run_after=None
[2024-12-09T21:50:25.416+0000] {processor.py:208} INFO - Processing /home/airflow/.local/lib/python3.12/site-packages/airflow/example_dags/example_bash_decorator.py took 0.031 seconds
[2024-12-09T21:50:55.466+0000] {processor.py:186} INFO - Started process (PID=311) to work on /home/airflow/.local/lib/python3.12/site-packages/airflow/example_dags/example_bash_decorator.py
[2024-12-09T21:50:55.466+0000] {processor.py:914} INFO - Processing file /home/airflow/.local/lib/python3.12/site-packages/airflow/example_dags/example_bash_decorator.py for tasks to queue
[2024-12-09T21:50:55.467+0000] {logging_mixin.py:190} INFO - [2024-12-09T21:50:55.467+0000] {dagbag.py:588} INFO - Filling up the DagBag from /home/airflow/.local/lib/python3.12/site-packages/airflow/example_dags/example_bash_decorator.py
[2024-12-09T21:50:55.473+0000] {processor.py:925} INFO - DAG(s) 'example_bash_decorator' retrieved from /home/airflow/.local/lib/python3.12/site-packages/airflow/example_dags/example_bash_decorator.py
[2024-12-09T21:50:55.483+0000] {logging_mixin.py:190} INFO - [2024-12-09T21:50:55.483+0000] {dag.py:3239} INFO - Sync 1 DAGs
[2024-12-09T21:50:55.489+0000] {logging_mixin.py:190} INFO - [2024-12-09T21:50:55.489+0000] {dag.py:4180} INFO - Setting next_dagrun for example_bash_decorator to None, run_after=None
[2024-12-09T21:50:55.494+0000] {processor.py:208} INFO - Processing /home/airflow/.local/lib/python3.12/site-packages/airflow/example_dags/example_bash_decorator.py took 0.030 seconds
[2024-12-09T21:51:25.724+0000] {processor.py:186} INFO - Started process (PID=374) to work on /home/airflow/.local/lib/python3.12/site-packages/airflow/example_dags/example_bash_decorator.py
[2024-12-09T21:51:25.728+0000] {processor.py:914} INFO - Processing file /home/airflow/.local/lib/python3.12/site-packages/airflow/example_dags/example_bash_decorator.py for tasks to queue
[2024-12-09T21:51:25.729+0000] {logging_mixin.py:190} INFO - [2024-12-09T21:51:25.729+0000] {dagbag.py:588} INFO - Filling up the DagBag from /home/airflow/.local/lib/python3.12/site-packages/airflow/example_dags/example_bash_decorator.py
[2024-12-09T21:51:25.735+0000] {processor.py:925} INFO - DAG(s) 'example_bash_decorator' retrieved from /home/airflow/.local/lib/python3.12/site-packages/airflow/example_dags/example_bash_decorator.py
[2024-12-09T21:51:25.744+0000] {logging_mixin.py:190} INFO - [2024-12-09T21:51:25.744+0000] {dag.py:3239} INFO - Sync 1 DAGs
[2024-12-09T21:51:25.750+0000] {logging_mixin.py:190} INFO - [2024-12-09T21:51:25.750+0000] {dag.py:4180} INFO - Setting next_dagrun for example_bash_decorator to None, run_after=None
[2024-12-09T21:51:25.756+0000] {processor.py:208} INFO - Processing /home/airflow/.local/lib/python3.12/site-packages/airflow/example_dags/example_bash_decorator.py took 0.034 seconds
[2024-12-09T21:51:56.065+0000] {processor.py:186} INFO - Started process (PID=438) to work on /home/airflow/.local/lib/python3.12/site-packages/airflow/example_dags/example_bash_decorator.py
[2024-12-09T21:51:56.066+0000] {processor.py:914} INFO - Processing file /home/airflow/.local/lib/python3.12/site-packages/airflow/example_dags/example_bash_decorator.py for tasks to queue
[2024-12-09T21:51:56.066+0000] {logging_mixin.py:190} INFO - [2024-12-09T21:51:56.066+0000] {dagbag.py:588} INFO - Filling up the DagBag from /home/airflow/.local/lib/python3.12/site-packages/airflow/example_dags/example_bash_decorator.py
[2024-12-09T21:51:56.071+0000] {processor.py:925} INFO - DAG(s) 'example_bash_decorator' retrieved from /home/airflow/.local/lib/python3.12/site-packages/airflow/example_dags/example_bash_decorator.py
[2024-12-09T21:51:56.079+0000] {logging_mixin.py:190} INFO - [2024-12-09T21:51:56.079+0000] {dag.py:3239} INFO - Sync 1 DAGs
[2024-12-09T21:51:56.084+0000] {logging_mixin.py:190} INFO - [2024-12-09T21:51:56.084+0000] {dag.py:4180} INFO - Setting next_dagrun for example_bash_decorator to None, run_after=None
[2024-12-09T21:51:56.089+0000] {processor.py:208} INFO - Processing /home/airflow/.local/lib/python3.12/site-packages/airflow/example_dags/example_bash_decorator.py took 0.026 seconds
[2024-12-09T21:52:26.153+0000] {processor.py:186} INFO - Started process (PID=501) to work on /home/airflow/.local/lib/python3.12/site-packages/airflow/example_dags/example_bash_decorator.py
[2024-12-09T21:52:26.154+0000] {processor.py:914} INFO - Processing file /home/airflow/.local/lib/python3.12/site-packages/airflow/example_dags/example_bash_decorator.py for tasks to queue
[2024-12-09T21:52:26.155+0000] {logging_mixin.py:190} INFO - [2024-12-09T21:52:26.155+0000] {dagbag.py:588} INFO - Filling up the DagBag from /home/airflow/.local/lib/python3.12/site-packages/airflow/example_dags/example_bash_decorator.py
[2024-12-09T21:52:26.161+0000] {processor.py:925} INFO - DAG(s) 'example_bash_decorator' retrieved from /home/airflow/.local/lib/python3.12/site-packages/airflow/example_dags/example_bash_decorator.py
[2024-12-09T21:52:26.170+0000] {logging_mixin.py:190} INFO - [2024-12-09T21:52:26.170+0000] {dag.py:3239} INFO - Sync 1 DAGs
[2024-12-09T21:52:26.175+0000] {logging_mixin.py:190} INFO - [2024-12-09T21:52:26.175+0000] {dag.py:4180} INFO - Setting next_dagrun for example_bash_decorator to None, run_after=None
[2024-12-09T21:52:26.179+0000] {processor.py:208} INFO - Processing /home/airflow/.local/lib/python3.12/site-packages/airflow/example_dags/example_bash_decorator.py took 0.029 seconds
[2024-12-09T21:52:56.331+0000] {processor.py:186} INFO - Started process (PID=564) to work on /home/airflow/.local/lib/python3.12/site-packages/airflow/example_dags/example_bash_decorator.py
[2024-12-09T21:52:56.334+0000] {processor.py:914} INFO - Processing file /home/airflow/.local/lib/python3.12/site-packages/airflow/example_dags/example_bash_decorator.py for tasks to queue
[2024-12-09T21:52:56.335+0000] {logging_mixin.py:190} INFO - [2024-12-09T21:52:56.335+0000] {dagbag.py:588} INFO - Filling up the DagBag from /home/airflow/.local/lib/python3.12/site-packages/airflow/example_dags/example_bash_decorator.py
[2024-12-09T21:52:56.340+0000] {processor.py:925} INFO - DAG(s) 'example_bash_decorator' retrieved from /home/airflow/.local/lib/python3.12/site-packages/airflow/example_dags/example_bash_decorator.py
[2024-12-09T21:52:56.350+0000] {logging_mixin.py:190} INFO - [2024-12-09T21:52:56.350+0000] {dag.py:3239} INFO - Sync 1 DAGs
[2024-12-09T21:52:56.354+0000] {logging_mixin.py:190} INFO - [2024-12-09T21:52:56.354+0000] {dag.py:4180} INFO - Setting next_dagrun for example_bash_decorator to None, run_after=None
[2024-12-09T21:52:56.359+0000] {processor.py:208} INFO - Processing /home/airflow/.local/lib/python3.12/site-packages/airflow/example_dags/example_bash_decorator.py took 0.031 seconds
