[2024-12-09T21:48:53.475+0000] {processor.py:186} INFO - Started process (PID=48) to work on /home/airflow/.local/lib/python3.12/site-packages/airflow/example_dags/example_branch_datetime_operator.py
[2024-12-09T21:48:53.475+0000] {processor.py:914} INFO - Processing file /home/airflow/.local/lib/python3.12/site-packages/airflow/example_dags/example_branch_datetime_operator.py for tasks to queue
[2024-12-09T21:48:53.480+0000] {logging_mixin.py:190} INFO - [2024-12-09T21:48:53.479+0000] {dagbag.py:588} INFO - Filling up the DagBag from /home/airflow/.local/lib/python3.12/site-packages/airflow/example_dags/example_branch_datetime_operator.py
[2024-12-09T21:48:53.492+0000] {processor.py:925} INFO - DAG(s) 'example_branch_datetime_operator', 'example_branch_datetime_operator_3', 'example_branch_datetime_operator_2' retrieved from /home/airflow/.local/lib/python3.12/site-packages/airflow/example_dags/example_branch_datetime_operator.py
[2024-12-09T21:48:53.545+0000] {logging_mixin.py:190} INFO - [2024-12-09T21:48:53.545+0000] {override.py:1911} INFO - Created Permission View: can edit on DAG:example_branch_datetime_operator
[2024-12-09T21:48:53.549+0000] {logging_mixin.py:190} INFO - [2024-12-09T21:48:53.549+0000] {override.py:1911} INFO - Created Permission View: can read on DAG:example_branch_datetime_operator
[2024-12-09T21:48:53.551+0000] {logging_mixin.py:190} INFO - [2024-12-09T21:48:53.551+0000] {override.py:1911} INFO - Created Permission View: can delete on DAG:example_branch_datetime_operator
[2024-12-09T21:48:53.554+0000] {logging_mixin.py:190} INFO - [2024-12-09T21:48:53.554+0000] {override.py:1911} INFO - Created Permission View: menu access on DAG Run:example_branch_datetime_operator
[2024-12-09T21:48:53.556+0000] {logging_mixin.py:190} INFO - [2024-12-09T21:48:53.556+0000] {override.py:1911} INFO - Created Permission View: can read on DAG Run:example_branch_datetime_operator
[2024-12-09T21:48:53.559+0000] {logging_mixin.py:190} INFO - [2024-12-09T21:48:53.558+0000] {override.py:1911} INFO - Created Permission View: can delete on DAG Run:example_branch_datetime_operator
[2024-12-09T21:48:53.561+0000] {logging_mixin.py:190} INFO - [2024-12-09T21:48:53.560+0000] {override.py:1911} INFO - Created Permission View: can create on DAG Run:example_branch_datetime_operator
[2024-12-09T21:48:53.566+0000] {logging_mixin.py:190} INFO - [2024-12-09T21:48:53.566+0000] {override.py:1911} INFO - Created Permission View: can edit on DAG:example_branch_datetime_operator_3
[2024-12-09T21:48:53.569+0000] {logging_mixin.py:190} INFO - [2024-12-09T21:48:53.569+0000] {override.py:1911} INFO - Created Permission View: can read on DAG:example_branch_datetime_operator_3
[2024-12-09T21:48:53.571+0000] {logging_mixin.py:190} INFO - [2024-12-09T21:48:53.571+0000] {override.py:1911} INFO - Created Permission View: can delete on DAG:example_branch_datetime_operator_3
[2024-12-09T21:48:53.574+0000] {logging_mixin.py:190} INFO - [2024-12-09T21:48:53.574+0000] {override.py:1911} INFO - Created Permission View: menu access on DAG Run:example_branch_datetime_operator_3
[2024-12-09T21:48:53.576+0000] {logging_mixin.py:190} INFO - [2024-12-09T21:48:53.576+0000] {override.py:1911} INFO - Created Permission View: can read on DAG Run:example_branch_datetime_operator_3
[2024-12-09T21:48:53.578+0000] {logging_mixin.py:190} INFO - [2024-12-09T21:48:53.578+0000] {override.py:1911} INFO - Created Permission View: can delete on DAG Run:example_branch_datetime_operator_3
[2024-12-09T21:48:53.580+0000] {logging_mixin.py:190} INFO - [2024-12-09T21:48:53.580+0000] {override.py:1911} INFO - Created Permission View: can create on DAG Run:example_branch_datetime_operator_3
[2024-12-09T21:48:53.585+0000] {logging_mixin.py:190} INFO - [2024-12-09T21:48:53.585+0000] {override.py:1911} INFO - Created Permission View: can edit on DAG:example_branch_datetime_operator_2
[2024-12-09T21:48:53.588+0000] {logging_mixin.py:190} INFO - [2024-12-09T21:48:53.588+0000] {override.py:1911} INFO - Created Permission View: can read on DAG:example_branch_datetime_operator_2
[2024-12-09T21:48:53.593+0000] {logging_mixin.py:190} INFO - [2024-12-09T21:48:53.593+0000] {override.py:1911} INFO - Created Permission View: can delete on DAG:example_branch_datetime_operator_2
[2024-12-09T21:48:53.596+0000] {logging_mixin.py:190} INFO - [2024-12-09T21:48:53.596+0000] {override.py:1911} INFO - Created Permission View: menu access on DAG Run:example_branch_datetime_operator_2
[2024-12-09T21:48:53.598+0000] {logging_mixin.py:190} INFO - [2024-12-09T21:48:53.598+0000] {override.py:1911} INFO - Created Permission View: can read on DAG Run:example_branch_datetime_operator_2
[2024-12-09T21:48:53.601+0000] {logging_mixin.py:190} INFO - [2024-12-09T21:48:53.601+0000] {override.py:1911} INFO - Created Permission View: can delete on DAG Run:example_branch_datetime_operator_2
[2024-12-09T21:48:53.604+0000] {logging_mixin.py:190} INFO - [2024-12-09T21:48:53.604+0000] {override.py:1911} INFO - Created Permission View: can create on DAG Run:example_branch_datetime_operator_2
[2024-12-09T21:48:53.604+0000] {logging_mixin.py:190} INFO - [2024-12-09T21:48:53.604+0000] {dag.py:3239} INFO - Sync 3 DAGs
[2024-12-09T21:48:53.609+0000] {logging_mixin.py:190} INFO - [2024-12-09T21:48:53.609+0000] {dag.py:3262} INFO - Creating ORM DAG for example_branch_datetime_operator
[2024-12-09T21:48:53.609+0000] {logging_mixin.py:190} INFO - [2024-12-09T21:48:53.609+0000] {dag.py:3262} INFO - Creating ORM DAG for example_branch_datetime_operator_3
[2024-12-09T21:48:53.610+0000] {logging_mixin.py:190} INFO - [2024-12-09T21:48:53.610+0000] {dag.py:3262} INFO - Creating ORM DAG for example_branch_datetime_operator_2
[2024-12-09T21:48:53.614+0000] {logging_mixin.py:190} INFO - [2024-12-09T21:48:53.614+0000] {dag.py:4180} INFO - Setting next_dagrun for example_branch_datetime_operator to 2024-12-08 00:00:00+00:00, run_after=2024-12-09 00:00:00+00:00
[2024-12-09T21:48:53.615+0000] {logging_mixin.py:190} INFO - [2024-12-09T21:48:53.615+0000] {dag.py:4180} INFO - Setting next_dagrun for example_branch_datetime_operator_2 to 2024-12-08 00:00:00+00:00, run_after=2024-12-09 00:00:00+00:00
[2024-12-09T21:48:53.615+0000] {logging_mixin.py:190} INFO - [2024-12-09T21:48:53.615+0000] {dag.py:4180} INFO - Setting next_dagrun for example_branch_datetime_operator_3 to 2024-12-08 00:00:00+00:00, run_after=2024-12-09 00:00:00+00:00
[2024-12-09T21:48:53.623+0000] {processor.py:208} INFO - Processing /home/airflow/.local/lib/python3.12/site-packages/airflow/example_dags/example_branch_datetime_operator.py took 0.152 seconds
[2024-12-09T21:49:23.946+0000] {processor.py:186} INFO - Started process (PID=111) to work on /home/airflow/.local/lib/python3.12/site-packages/airflow/example_dags/example_branch_datetime_operator.py
[2024-12-09T21:49:23.950+0000] {processor.py:914} INFO - Processing file /home/airflow/.local/lib/python3.12/site-packages/airflow/example_dags/example_branch_datetime_operator.py for tasks to queue
[2024-12-09T21:49:23.951+0000] {logging_mixin.py:190} INFO - [2024-12-09T21:49:23.951+0000] {dagbag.py:588} INFO - Filling up the DagBag from /home/airflow/.local/lib/python3.12/site-packages/airflow/example_dags/example_branch_datetime_operator.py
[2024-12-09T21:49:23.957+0000] {processor.py:925} INFO - DAG(s) 'example_branch_datetime_operator', 'example_branch_datetime_operator_2', 'example_branch_datetime_operator_3' retrieved from /home/airflow/.local/lib/python3.12/site-packages/airflow/example_dags/example_branch_datetime_operator.py
[2024-12-09T21:49:23.968+0000] {logging_mixin.py:190} INFO - [2024-12-09T21:49:23.968+0000] {dag.py:3239} INFO - Sync 3 DAGs
[2024-12-09T21:49:23.978+0000] {logging_mixin.py:190} INFO - [2024-12-09T21:49:23.978+0000] {dag.py:4180} INFO - Setting next_dagrun for example_branch_datetime_operator to 2024-12-08 00:00:00+00:00, run_after=2024-12-09 00:00:00+00:00
[2024-12-09T21:49:23.981+0000] {logging_mixin.py:190} INFO - [2024-12-09T21:49:23.980+0000] {dag.py:4180} INFO - Setting next_dagrun for example_branch_datetime_operator_2 to 2024-12-08 00:00:00+00:00, run_after=2024-12-09 00:00:00+00:00
[2024-12-09T21:49:23.984+0000] {logging_mixin.py:190} INFO - [2024-12-09T21:49:23.984+0000] {dag.py:4180} INFO - Setting next_dagrun for example_branch_datetime_operator_3 to 2024-12-08 00:00:00+00:00, run_after=2024-12-09 00:00:00+00:00
[2024-12-09T21:49:23.990+0000] {processor.py:208} INFO - Processing /home/airflow/.local/lib/python3.12/site-packages/airflow/example_dags/example_branch_datetime_operator.py took 0.047 seconds
[2024-12-09T21:49:54.588+0000] {processor.py:186} INFO - Started process (PID=174) to work on /home/airflow/.local/lib/python3.12/site-packages/airflow/example_dags/example_branch_datetime_operator.py
[2024-12-09T21:49:54.592+0000] {processor.py:914} INFO - Processing file /home/airflow/.local/lib/python3.12/site-packages/airflow/example_dags/example_branch_datetime_operator.py for tasks to queue
[2024-12-09T21:49:54.593+0000] {logging_mixin.py:190} INFO - [2024-12-09T21:49:54.593+0000] {dagbag.py:588} INFO - Filling up the DagBag from /home/airflow/.local/lib/python3.12/site-packages/airflow/example_dags/example_branch_datetime_operator.py
[2024-12-09T21:49:54.597+0000] {processor.py:925} INFO - DAG(s) 'example_branch_datetime_operator_3', 'example_branch_datetime_operator_2', 'example_branch_datetime_operator' retrieved from /home/airflow/.local/lib/python3.12/site-packages/airflow/example_dags/example_branch_datetime_operator.py
[2024-12-09T21:49:54.607+0000] {logging_mixin.py:190} INFO - [2024-12-09T21:49:54.606+0000] {dag.py:3239} INFO - Sync 3 DAGs
[2024-12-09T21:49:54.617+0000] {logging_mixin.py:190} INFO - [2024-12-09T21:49:54.617+0000] {dag.py:4180} INFO - Setting next_dagrun for example_branch_datetime_operator to 2024-12-08 00:00:00+00:00, run_after=2024-12-09 00:00:00+00:00
[2024-12-09T21:49:54.621+0000] {logging_mixin.py:190} INFO - [2024-12-09T21:49:54.621+0000] {dag.py:4180} INFO - Setting next_dagrun for example_branch_datetime_operator_2 to 2024-12-08 00:00:00+00:00, run_after=2024-12-09 00:00:00+00:00
[2024-12-09T21:49:54.622+0000] {logging_mixin.py:190} INFO - [2024-12-09T21:49:54.622+0000] {dag.py:4180} INFO - Setting next_dagrun for example_branch_datetime_operator_3 to 2024-12-08 00:00:00+00:00, run_after=2024-12-09 00:00:00+00:00
[2024-12-09T21:49:54.629+0000] {processor.py:208} INFO - Processing /home/airflow/.local/lib/python3.12/site-packages/airflow/example_dags/example_branch_datetime_operator.py took 0.043 seconds
[2024-12-09T21:50:25.082+0000] {processor.py:186} INFO - Started process (PID=237) to work on /home/airflow/.local/lib/python3.12/site-packages/airflow/example_dags/example_branch_datetime_operator.py
[2024-12-09T21:50:25.086+0000] {processor.py:914} INFO - Processing file /home/airflow/.local/lib/python3.12/site-packages/airflow/example_dags/example_branch_datetime_operator.py for tasks to queue
[2024-12-09T21:50:25.087+0000] {logging_mixin.py:190} INFO - [2024-12-09T21:50:25.087+0000] {dagbag.py:588} INFO - Filling up the DagBag from /home/airflow/.local/lib/python3.12/site-packages/airflow/example_dags/example_branch_datetime_operator.py
[2024-12-09T21:50:25.092+0000] {processor.py:925} INFO - DAG(s) 'example_branch_datetime_operator_3', 'example_branch_datetime_operator_2', 'example_branch_datetime_operator' retrieved from /home/airflow/.local/lib/python3.12/site-packages/airflow/example_dags/example_branch_datetime_operator.py
[2024-12-09T21:50:25.103+0000] {logging_mixin.py:190} INFO - [2024-12-09T21:50:25.103+0000] {dag.py:3239} INFO - Sync 3 DAGs
[2024-12-09T21:50:25.114+0000] {logging_mixin.py:190} INFO - [2024-12-09T21:50:25.114+0000] {dag.py:4180} INFO - Setting next_dagrun for example_branch_datetime_operator to 2024-12-08 00:00:00+00:00, run_after=2024-12-09 00:00:00+00:00
[2024-12-09T21:50:25.120+0000] {logging_mixin.py:190} INFO - [2024-12-09T21:50:25.120+0000] {dag.py:4180} INFO - Setting next_dagrun for example_branch_datetime_operator_2 to 2024-12-08 00:00:00+00:00, run_after=2024-12-09 00:00:00+00:00
[2024-12-09T21:50:25.122+0000] {logging_mixin.py:190} INFO - [2024-12-09T21:50:25.122+0000] {dag.py:4180} INFO - Setting next_dagrun for example_branch_datetime_operator_3 to 2024-12-08 00:00:00+00:00, run_after=2024-12-09 00:00:00+00:00
[2024-12-09T21:50:25.131+0000] {processor.py:208} INFO - Processing /home/airflow/.local/lib/python3.12/site-packages/airflow/example_dags/example_branch_datetime_operator.py took 0.051 seconds
[2024-12-09T21:50:55.224+0000] {processor.py:186} INFO - Started process (PID=300) to work on /home/airflow/.local/lib/python3.12/site-packages/airflow/example_dags/example_branch_datetime_operator.py
[2024-12-09T21:50:55.228+0000] {processor.py:914} INFO - Processing file /home/airflow/.local/lib/python3.12/site-packages/airflow/example_dags/example_branch_datetime_operator.py for tasks to queue
[2024-12-09T21:50:55.229+0000] {logging_mixin.py:190} INFO - [2024-12-09T21:50:55.229+0000] {dagbag.py:588} INFO - Filling up the DagBag from /home/airflow/.local/lib/python3.12/site-packages/airflow/example_dags/example_branch_datetime_operator.py
[2024-12-09T21:50:55.233+0000] {processor.py:925} INFO - DAG(s) 'example_branch_datetime_operator_2', 'example_branch_datetime_operator_3', 'example_branch_datetime_operator' retrieved from /home/airflow/.local/lib/python3.12/site-packages/airflow/example_dags/example_branch_datetime_operator.py
[2024-12-09T21:50:55.242+0000] {logging_mixin.py:190} INFO - [2024-12-09T21:50:55.242+0000] {dag.py:3239} INFO - Sync 3 DAGs
[2024-12-09T21:50:55.252+0000] {logging_mixin.py:190} INFO - [2024-12-09T21:50:55.252+0000] {dag.py:4180} INFO - Setting next_dagrun for example_branch_datetime_operator to 2024-12-08 00:00:00+00:00, run_after=2024-12-09 00:00:00+00:00
[2024-12-09T21:50:55.255+0000] {logging_mixin.py:190} INFO - [2024-12-09T21:50:55.255+0000] {dag.py:4180} INFO - Setting next_dagrun for example_branch_datetime_operator_2 to 2024-12-08 00:00:00+00:00, run_after=2024-12-09 00:00:00+00:00
[2024-12-09T21:50:55.256+0000] {logging_mixin.py:190} INFO - [2024-12-09T21:50:55.256+0000] {dag.py:4180} INFO - Setting next_dagrun for example_branch_datetime_operator_3 to 2024-12-08 00:00:00+00:00, run_after=2024-12-09 00:00:00+00:00
[2024-12-09T21:50:55.264+0000] {processor.py:208} INFO - Processing /home/airflow/.local/lib/python3.12/site-packages/airflow/example_dags/example_branch_datetime_operator.py took 0.042 seconds
[2024-12-09T21:51:25.444+0000] {processor.py:186} INFO - Started process (PID=363) to work on /home/airflow/.local/lib/python3.12/site-packages/airflow/example_dags/example_branch_datetime_operator.py
[2024-12-09T21:51:25.445+0000] {processor.py:914} INFO - Processing file /home/airflow/.local/lib/python3.12/site-packages/airflow/example_dags/example_branch_datetime_operator.py for tasks to queue
[2024-12-09T21:51:25.450+0000] {logging_mixin.py:190} INFO - [2024-12-09T21:51:25.449+0000] {dagbag.py:588} INFO - Filling up the DagBag from /home/airflow/.local/lib/python3.12/site-packages/airflow/example_dags/example_branch_datetime_operator.py
[2024-12-09T21:51:25.455+0000] {processor.py:925} INFO - DAG(s) 'example_branch_datetime_operator', 'example_branch_datetime_operator_2', 'example_branch_datetime_operator_3' retrieved from /home/airflow/.local/lib/python3.12/site-packages/airflow/example_dags/example_branch_datetime_operator.py
[2024-12-09T21:51:25.467+0000] {logging_mixin.py:190} INFO - [2024-12-09T21:51:25.467+0000] {dag.py:3239} INFO - Sync 3 DAGs
[2024-12-09T21:51:25.478+0000] {logging_mixin.py:190} INFO - [2024-12-09T21:51:25.478+0000] {dag.py:4180} INFO - Setting next_dagrun for example_branch_datetime_operator to 2024-12-08 00:00:00+00:00, run_after=2024-12-09 00:00:00+00:00
[2024-12-09T21:51:25.483+0000] {logging_mixin.py:190} INFO - [2024-12-09T21:51:25.483+0000] {dag.py:4180} INFO - Setting next_dagrun for example_branch_datetime_operator_2 to 2024-12-08 00:00:00+00:00, run_after=2024-12-09 00:00:00+00:00
[2024-12-09T21:51:25.484+0000] {logging_mixin.py:190} INFO - [2024-12-09T21:51:25.484+0000] {dag.py:4180} INFO - Setting next_dagrun for example_branch_datetime_operator_3 to 2024-12-08 00:00:00+00:00, run_after=2024-12-09 00:00:00+00:00
[2024-12-09T21:51:25.491+0000] {processor.py:208} INFO - Processing /home/airflow/.local/lib/python3.12/site-packages/airflow/example_dags/example_branch_datetime_operator.py took 0.049 seconds
[2024-12-09T21:51:55.786+0000] {processor.py:186} INFO - Started process (PID=427) to work on /home/airflow/.local/lib/python3.12/site-packages/airflow/example_dags/example_branch_datetime_operator.py
[2024-12-09T21:51:55.787+0000] {processor.py:914} INFO - Processing file /home/airflow/.local/lib/python3.12/site-packages/airflow/example_dags/example_branch_datetime_operator.py for tasks to queue
[2024-12-09T21:51:55.787+0000] {logging_mixin.py:190} INFO - [2024-12-09T21:51:55.787+0000] {dagbag.py:588} INFO - Filling up the DagBag from /home/airflow/.local/lib/python3.12/site-packages/airflow/example_dags/example_branch_datetime_operator.py
[2024-12-09T21:51:55.792+0000] {processor.py:925} INFO - DAG(s) 'example_branch_datetime_operator', 'example_branch_datetime_operator_2', 'example_branch_datetime_operator_3' retrieved from /home/airflow/.local/lib/python3.12/site-packages/airflow/example_dags/example_branch_datetime_operator.py
[2024-12-09T21:51:55.801+0000] {logging_mixin.py:190} INFO - [2024-12-09T21:51:55.801+0000] {dag.py:3239} INFO - Sync 3 DAGs
[2024-12-09T21:51:55.809+0000] {logging_mixin.py:190} INFO - [2024-12-09T21:51:55.809+0000] {dag.py:4180} INFO - Setting next_dagrun for example_branch_datetime_operator to 2024-12-08 00:00:00+00:00, run_after=2024-12-09 00:00:00+00:00
[2024-12-09T21:51:55.810+0000] {logging_mixin.py:190} INFO - [2024-12-09T21:51:55.810+0000] {dag.py:4180} INFO - Setting next_dagrun for example_branch_datetime_operator_2 to 2024-12-08 00:00:00+00:00, run_after=2024-12-09 00:00:00+00:00
[2024-12-09T21:51:55.811+0000] {logging_mixin.py:190} INFO - [2024-12-09T21:51:55.811+0000] {dag.py:4180} INFO - Setting next_dagrun for example_branch_datetime_operator_3 to 2024-12-08 00:00:00+00:00, run_after=2024-12-09 00:00:00+00:00
[2024-12-09T21:51:55.816+0000] {processor.py:208} INFO - Processing /home/airflow/.local/lib/python3.12/site-packages/airflow/example_dags/example_branch_datetime_operator.py took 0.032 seconds
[2024-12-09T21:52:25.856+0000] {processor.py:186} INFO - Started process (PID=490) to work on /home/airflow/.local/lib/python3.12/site-packages/airflow/example_dags/example_branch_datetime_operator.py
[2024-12-09T21:52:25.858+0000] {processor.py:914} INFO - Processing file /home/airflow/.local/lib/python3.12/site-packages/airflow/example_dags/example_branch_datetime_operator.py for tasks to queue
[2024-12-09T21:52:25.859+0000] {logging_mixin.py:190} INFO - [2024-12-09T21:52:25.859+0000] {dagbag.py:588} INFO - Filling up the DagBag from /home/airflow/.local/lib/python3.12/site-packages/airflow/example_dags/example_branch_datetime_operator.py
[2024-12-09T21:52:25.865+0000] {processor.py:925} INFO - DAG(s) 'example_branch_datetime_operator', 'example_branch_datetime_operator_3', 'example_branch_datetime_operator_2' retrieved from /home/airflow/.local/lib/python3.12/site-packages/airflow/example_dags/example_branch_datetime_operator.py
[2024-12-09T21:52:25.877+0000] {logging_mixin.py:190} INFO - [2024-12-09T21:52:25.877+0000] {dag.py:3239} INFO - Sync 3 DAGs
[2024-12-09T21:52:25.889+0000] {logging_mixin.py:190} INFO - [2024-12-09T21:52:25.889+0000] {dag.py:4180} INFO - Setting next_dagrun for example_branch_datetime_operator to 2024-12-08 00:00:00+00:00, run_after=2024-12-09 00:00:00+00:00
[2024-12-09T21:52:25.890+0000] {logging_mixin.py:190} INFO - [2024-12-09T21:52:25.890+0000] {dag.py:4180} INFO - Setting next_dagrun for example_branch_datetime_operator_2 to 2024-12-08 00:00:00+00:00, run_after=2024-12-09 00:00:00+00:00
[2024-12-09T21:52:25.893+0000] {logging_mixin.py:190} INFO - [2024-12-09T21:52:25.893+0000] {dag.py:4180} INFO - Setting next_dagrun for example_branch_datetime_operator_3 to 2024-12-08 00:00:00+00:00, run_after=2024-12-09 00:00:00+00:00
[2024-12-09T21:52:25.900+0000] {processor.py:208} INFO - Processing /home/airflow/.local/lib/python3.12/site-packages/airflow/example_dags/example_branch_datetime_operator.py took 0.047 seconds
[2024-12-09T21:52:56.086+0000] {processor.py:186} INFO - Started process (PID=553) to work on /home/airflow/.local/lib/python3.12/site-packages/airflow/example_dags/example_branch_datetime_operator.py
[2024-12-09T21:52:56.087+0000] {processor.py:914} INFO - Processing file /home/airflow/.local/lib/python3.12/site-packages/airflow/example_dags/example_branch_datetime_operator.py for tasks to queue
[2024-12-09T21:52:56.088+0000] {logging_mixin.py:190} INFO - [2024-12-09T21:52:56.088+0000] {dagbag.py:588} INFO - Filling up the DagBag from /home/airflow/.local/lib/python3.12/site-packages/airflow/example_dags/example_branch_datetime_operator.py
[2024-12-09T21:52:56.092+0000] {processor.py:925} INFO - DAG(s) 'example_branch_datetime_operator_2', 'example_branch_datetime_operator_3', 'example_branch_datetime_operator' retrieved from /home/airflow/.local/lib/python3.12/site-packages/airflow/example_dags/example_branch_datetime_operator.py
[2024-12-09T21:52:56.101+0000] {logging_mixin.py:190} INFO - [2024-12-09T21:52:56.101+0000] {dag.py:3239} INFO - Sync 3 DAGs
[2024-12-09T21:52:56.112+0000] {logging_mixin.py:190} INFO - [2024-12-09T21:52:56.112+0000] {dag.py:4180} INFO - Setting next_dagrun for example_branch_datetime_operator to 2024-12-08 00:00:00+00:00, run_after=2024-12-09 00:00:00+00:00
[2024-12-09T21:52:56.115+0000] {logging_mixin.py:190} INFO - [2024-12-09T21:52:56.115+0000] {dag.py:4180} INFO - Setting next_dagrun for example_branch_datetime_operator_2 to 2024-12-08 00:00:00+00:00, run_after=2024-12-09 00:00:00+00:00
[2024-12-09T21:52:56.117+0000] {logging_mixin.py:190} INFO - [2024-12-09T21:52:56.117+0000] {dag.py:4180} INFO - Setting next_dagrun for example_branch_datetime_operator_3 to 2024-12-08 00:00:00+00:00, run_after=2024-12-09 00:00:00+00:00
[2024-12-09T21:52:56.125+0000] {processor.py:208} INFO - Processing /home/airflow/.local/lib/python3.12/site-packages/airflow/example_dags/example_branch_datetime_operator.py took 0.041 seconds
