[2024-12-09T21:48:54.278+0000] {processor.py:186} INFO - Started process (PID=62) to work on /home/airflow/.local/lib/python3.12/site-packages/airflow/example_dags/example_xcom.py
[2024-12-09T21:48:54.279+0000] {processor.py:914} INFO - Processing file /home/airflow/.local/lib/python3.12/site-packages/airflow/example_dags/example_xcom.py for tasks to queue
[2024-12-09T21:48:54.280+0000] {logging_mixin.py:190} INFO - [2024-12-09T21:48:54.280+0000] {dagbag.py:588} INFO - Filling up the DagBag from /home/airflow/.local/lib/python3.12/site-packages/airflow/example_dags/example_xcom.py
[2024-12-09T21:48:54.286+0000] {processor.py:925} INFO - DAG(s) 'example_xcom' retrieved from /home/airflow/.local/lib/python3.12/site-packages/airflow/example_dags/example_xcom.py
[2024-12-09T21:48:54.336+0000] {logging_mixin.py:190} INFO - [2024-12-09T21:48:54.336+0000] {override.py:1911} INFO - Created Permission View: can edit on DAG:example_xcom
[2024-12-09T21:48:54.344+0000] {logging_mixin.py:190} INFO - [2024-12-09T21:48:54.344+0000] {override.py:1911} INFO - Created Permission View: can read on DAG:example_xcom
[2024-12-09T21:48:54.348+0000] {logging_mixin.py:190} INFO - [2024-12-09T21:48:54.348+0000] {override.py:1911} INFO - Created Permission View: can delete on DAG:example_xcom
[2024-12-09T21:48:54.352+0000] {logging_mixin.py:190} INFO - [2024-12-09T21:48:54.352+0000] {override.py:1911} INFO - Created Permission View: menu access on DAG Run:example_xcom
[2024-12-09T21:48:54.355+0000] {logging_mixin.py:190} INFO - [2024-12-09T21:48:54.355+0000] {override.py:1911} INFO - Created Permission View: can read on DAG Run:example_xcom
[2024-12-09T21:48:54.357+0000] {logging_mixin.py:190} INFO - [2024-12-09T21:48:54.357+0000] {override.py:1911} INFO - Created Permission View: can delete on DAG Run:example_xcom
[2024-12-09T21:48:54.360+0000] {logging_mixin.py:190} INFO - [2024-12-09T21:48:54.360+0000] {override.py:1911} INFO - Created Permission View: can create on DAG Run:example_xcom
[2024-12-09T21:48:54.361+0000] {logging_mixin.py:190} INFO - [2024-12-09T21:48:54.360+0000] {dag.py:3239} INFO - Sync 1 DAGs
[2024-12-09T21:48:54.366+0000] {logging_mixin.py:190} INFO - [2024-12-09T21:48:54.366+0000] {dag.py:3262} INFO - Creating ORM DAG for example_xcom
[2024-12-09T21:48:54.371+0000] {logging_mixin.py:190} INFO - [2024-12-09T21:48:54.371+0000] {dag.py:4180} INFO - Setting next_dagrun for example_xcom to 2021-01-01 00:00:00+00:00, run_after=2021-01-01 00:00:00+00:00
[2024-12-09T21:48:54.388+0000] {processor.py:208} INFO - Processing /home/airflow/.local/lib/python3.12/site-packages/airflow/example_dags/example_xcom.py took 0.113 seconds
[2024-12-09T21:49:25.362+0000] {processor.py:186} INFO - Started process (PID=125) to work on /home/airflow/.local/lib/python3.12/site-packages/airflow/example_dags/example_xcom.py
[2024-12-09T21:49:25.362+0000] {processor.py:914} INFO - Processing file /home/airflow/.local/lib/python3.12/site-packages/airflow/example_dags/example_xcom.py for tasks to queue
[2024-12-09T21:49:25.364+0000] {logging_mixin.py:190} INFO - [2024-12-09T21:49:25.363+0000] {dagbag.py:588} INFO - Filling up the DagBag from /home/airflow/.local/lib/python3.12/site-packages/airflow/example_dags/example_xcom.py
[2024-12-09T21:49:25.369+0000] {processor.py:925} INFO - DAG(s) 'example_xcom' retrieved from /home/airflow/.local/lib/python3.12/site-packages/airflow/example_dags/example_xcom.py
[2024-12-09T21:49:25.379+0000] {logging_mixin.py:190} INFO - [2024-12-09T21:49:25.379+0000] {dag.py:3239} INFO - Sync 1 DAGs
[2024-12-09T21:49:25.389+0000] {logging_mixin.py:190} INFO - [2024-12-09T21:49:25.389+0000] {dag.py:4180} INFO - Setting next_dagrun for example_xcom to 2021-01-01 00:00:00+00:00, run_after=2021-01-01 00:00:00+00:00
[2024-12-09T21:49:25.396+0000] {processor.py:208} INFO - Processing /home/airflow/.local/lib/python3.12/site-packages/airflow/example_dags/example_xcom.py took 0.037 seconds
[2024-12-09T21:49:56.080+0000] {processor.py:186} INFO - Started process (PID=188) to work on /home/airflow/.local/lib/python3.12/site-packages/airflow/example_dags/example_xcom.py
[2024-12-09T21:49:56.083+0000] {processor.py:914} INFO - Processing file /home/airflow/.local/lib/python3.12/site-packages/airflow/example_dags/example_xcom.py for tasks to queue
[2024-12-09T21:49:56.085+0000] {logging_mixin.py:190} INFO - [2024-12-09T21:49:56.085+0000] {dagbag.py:588} INFO - Filling up the DagBag from /home/airflow/.local/lib/python3.12/site-packages/airflow/example_dags/example_xcom.py
[2024-12-09T21:49:56.090+0000] {processor.py:925} INFO - DAG(s) 'example_xcom' retrieved from /home/airflow/.local/lib/python3.12/site-packages/airflow/example_dags/example_xcom.py
[2024-12-09T21:49:56.100+0000] {logging_mixin.py:190} INFO - [2024-12-09T21:49:56.100+0000] {dag.py:3239} INFO - Sync 1 DAGs
[2024-12-09T21:49:56.110+0000] {logging_mixin.py:190} INFO - [2024-12-09T21:49:56.110+0000] {dag.py:4180} INFO - Setting next_dagrun for example_xcom to 2021-01-01 00:00:00+00:00, run_after=2021-01-01 00:00:00+00:00
[2024-12-09T21:49:56.117+0000] {processor.py:208} INFO - Processing /home/airflow/.local/lib/python3.12/site-packages/airflow/example_dags/example_xcom.py took 0.043 seconds
[2024-12-09T21:50:26.509+0000] {processor.py:186} INFO - Started process (PID=251) to work on /home/airflow/.local/lib/python3.12/site-packages/airflow/example_dags/example_xcom.py
[2024-12-09T21:50:26.510+0000] {processor.py:914} INFO - Processing file /home/airflow/.local/lib/python3.12/site-packages/airflow/example_dags/example_xcom.py for tasks to queue
[2024-12-09T21:50:26.511+0000] {logging_mixin.py:190} INFO - [2024-12-09T21:50:26.511+0000] {dagbag.py:588} INFO - Filling up the DagBag from /home/airflow/.local/lib/python3.12/site-packages/airflow/example_dags/example_xcom.py
[2024-12-09T21:50:26.515+0000] {processor.py:925} INFO - DAG(s) 'example_xcom' retrieved from /home/airflow/.local/lib/python3.12/site-packages/airflow/example_dags/example_xcom.py
[2024-12-09T21:50:26.524+0000] {logging_mixin.py:190} INFO - [2024-12-09T21:50:26.524+0000] {dag.py:3239} INFO - Sync 1 DAGs
[2024-12-09T21:50:26.533+0000] {logging_mixin.py:190} INFO - [2024-12-09T21:50:26.533+0000] {dag.py:4180} INFO - Setting next_dagrun for example_xcom to 2021-01-01 00:00:00+00:00, run_after=2021-01-01 00:00:00+00:00
[2024-12-09T21:50:26.539+0000] {processor.py:208} INFO - Processing /home/airflow/.local/lib/python3.12/site-packages/airflow/example_dags/example_xcom.py took 0.032 seconds
[2024-12-09T21:50:56.577+0000] {processor.py:186} INFO - Started process (PID=314) to work on /home/airflow/.local/lib/python3.12/site-packages/airflow/example_dags/example_xcom.py
[2024-12-09T21:50:56.578+0000] {processor.py:914} INFO - Processing file /home/airflow/.local/lib/python3.12/site-packages/airflow/example_dags/example_xcom.py for tasks to queue
[2024-12-09T21:50:56.579+0000] {logging_mixin.py:190} INFO - [2024-12-09T21:50:56.579+0000] {dagbag.py:588} INFO - Filling up the DagBag from /home/airflow/.local/lib/python3.12/site-packages/airflow/example_dags/example_xcom.py
[2024-12-09T21:50:56.583+0000] {processor.py:925} INFO - DAG(s) 'example_xcom' retrieved from /home/airflow/.local/lib/python3.12/site-packages/airflow/example_dags/example_xcom.py
[2024-12-09T21:50:56.591+0000] {logging_mixin.py:190} INFO - [2024-12-09T21:50:56.591+0000] {dag.py:3239} INFO - Sync 1 DAGs
[2024-12-09T21:50:56.599+0000] {logging_mixin.py:190} INFO - [2024-12-09T21:50:56.599+0000] {dag.py:4180} INFO - Setting next_dagrun for example_xcom to 2021-01-01 00:00:00+00:00, run_after=2021-01-01 00:00:00+00:00
[2024-12-09T21:50:56.605+0000] {processor.py:208} INFO - Processing /home/airflow/.local/lib/python3.12/site-packages/airflow/example_dags/example_xcom.py took 0.030 seconds
[2024-12-09T21:51:26.835+0000] {processor.py:186} INFO - Started process (PID=377) to work on /home/airflow/.local/lib/python3.12/site-packages/airflow/example_dags/example_xcom.py
[2024-12-09T21:51:26.835+0000] {processor.py:914} INFO - Processing file /home/airflow/.local/lib/python3.12/site-packages/airflow/example_dags/example_xcom.py for tasks to queue
[2024-12-09T21:51:26.836+0000] {logging_mixin.py:190} INFO - [2024-12-09T21:51:26.836+0000] {dagbag.py:588} INFO - Filling up the DagBag from /home/airflow/.local/lib/python3.12/site-packages/airflow/example_dags/example_xcom.py
[2024-12-09T21:51:26.840+0000] {processor.py:925} INFO - DAG(s) 'example_xcom' retrieved from /home/airflow/.local/lib/python3.12/site-packages/airflow/example_dags/example_xcom.py
[2024-12-09T21:51:26.849+0000] {logging_mixin.py:190} INFO - [2024-12-09T21:51:26.849+0000] {dag.py:3239} INFO - Sync 1 DAGs
[2024-12-09T21:51:26.858+0000] {logging_mixin.py:190} INFO - [2024-12-09T21:51:26.858+0000] {dag.py:4180} INFO - Setting next_dagrun for example_xcom to 2021-01-01 00:00:00+00:00, run_after=2021-01-01 00:00:00+00:00
[2024-12-09T21:51:26.865+0000] {processor.py:208} INFO - Processing /home/airflow/.local/lib/python3.12/site-packages/airflow/example_dags/example_xcom.py took 0.032 seconds
[2024-12-09T21:51:57.144+0000] {processor.py:186} INFO - Started process (PID=441) to work on /home/airflow/.local/lib/python3.12/site-packages/airflow/example_dags/example_xcom.py
[2024-12-09T21:51:57.146+0000] {processor.py:914} INFO - Processing file /home/airflow/.local/lib/python3.12/site-packages/airflow/example_dags/example_xcom.py for tasks to queue
[2024-12-09T21:51:57.147+0000] {logging_mixin.py:190} INFO - [2024-12-09T21:51:57.147+0000] {dagbag.py:588} INFO - Filling up the DagBag from /home/airflow/.local/lib/python3.12/site-packages/airflow/example_dags/example_xcom.py
[2024-12-09T21:51:57.152+0000] {processor.py:925} INFO - DAG(s) 'example_xcom' retrieved from /home/airflow/.local/lib/python3.12/site-packages/airflow/example_dags/example_xcom.py
[2024-12-09T21:51:57.160+0000] {logging_mixin.py:190} INFO - [2024-12-09T21:51:57.160+0000] {dag.py:3239} INFO - Sync 1 DAGs
[2024-12-09T21:51:57.169+0000] {logging_mixin.py:190} INFO - [2024-12-09T21:51:57.169+0000] {dag.py:4180} INFO - Setting next_dagrun for example_xcom to 2021-01-01 00:00:00+00:00, run_after=2021-01-01 00:00:00+00:00
[2024-12-09T21:51:57.175+0000] {processor.py:208} INFO - Processing /home/airflow/.local/lib/python3.12/site-packages/airflow/example_dags/example_xcom.py took 0.034 seconds
[2024-12-09T21:52:27.265+0000] {processor.py:186} INFO - Started process (PID=504) to work on /home/airflow/.local/lib/python3.12/site-packages/airflow/example_dags/example_xcom.py
[2024-12-09T21:52:27.267+0000] {processor.py:914} INFO - Processing file /home/airflow/.local/lib/python3.12/site-packages/airflow/example_dags/example_xcom.py for tasks to queue
[2024-12-09T21:52:27.269+0000] {logging_mixin.py:190} INFO - [2024-12-09T21:52:27.269+0000] {dagbag.py:588} INFO - Filling up the DagBag from /home/airflow/.local/lib/python3.12/site-packages/airflow/example_dags/example_xcom.py
[2024-12-09T21:52:27.273+0000] {processor.py:925} INFO - DAG(s) 'example_xcom' retrieved from /home/airflow/.local/lib/python3.12/site-packages/airflow/example_dags/example_xcom.py
[2024-12-09T21:52:27.282+0000] {logging_mixin.py:190} INFO - [2024-12-09T21:52:27.282+0000] {dag.py:3239} INFO - Sync 1 DAGs
[2024-12-09T21:52:27.290+0000] {logging_mixin.py:190} INFO - [2024-12-09T21:52:27.290+0000] {dag.py:4180} INFO - Setting next_dagrun for example_xcom to 2021-01-01 00:00:00+00:00, run_after=2021-01-01 00:00:00+00:00
[2024-12-09T21:52:27.297+0000] {processor.py:208} INFO - Processing /home/airflow/.local/lib/python3.12/site-packages/airflow/example_dags/example_xcom.py took 0.035 seconds
[2024-12-09T21:52:57.435+0000] {processor.py:186} INFO - Started process (PID=567) to work on /home/airflow/.local/lib/python3.12/site-packages/airflow/example_dags/example_xcom.py
[2024-12-09T21:52:57.435+0000] {processor.py:914} INFO - Processing file /home/airflow/.local/lib/python3.12/site-packages/airflow/example_dags/example_xcom.py for tasks to queue
[2024-12-09T21:52:57.436+0000] {logging_mixin.py:190} INFO - [2024-12-09T21:52:57.436+0000] {dagbag.py:588} INFO - Filling up the DagBag from /home/airflow/.local/lib/python3.12/site-packages/airflow/example_dags/example_xcom.py
[2024-12-09T21:52:57.440+0000] {processor.py:925} INFO - DAG(s) 'example_xcom' retrieved from /home/airflow/.local/lib/python3.12/site-packages/airflow/example_dags/example_xcom.py
[2024-12-09T21:52:57.449+0000] {logging_mixin.py:190} INFO - [2024-12-09T21:52:57.449+0000] {dag.py:3239} INFO - Sync 1 DAGs
[2024-12-09T21:52:57.457+0000] {logging_mixin.py:190} INFO - [2024-12-09T21:52:57.457+0000] {dag.py:4180} INFO - Setting next_dagrun for example_xcom to 2021-01-01 00:00:00+00:00, run_after=2021-01-01 00:00:00+00:00
[2024-12-09T21:52:57.463+0000] {processor.py:208} INFO - Processing /home/airflow/.local/lib/python3.12/site-packages/airflow/example_dags/example_xcom.py took 0.031 seconds
