[2024-12-09T21:48:56.421+0000] {processor.py:186} INFO - Started process (PID=84) to work on /home/airflow/.local/lib/python3.12/site-packages/airflow/example_dags/example_setup_teardown.py
[2024-12-09T21:48:56.421+0000] {processor.py:914} INFO - Processing file /home/airflow/.local/lib/python3.12/site-packages/airflow/example_dags/example_setup_teardown.py for tasks to queue
[2024-12-09T21:48:56.422+0000] {logging_mixin.py:190} INFO - [2024-12-09T21:48:56.422+0000] {dagbag.py:588} INFO - Filling up the DagBag from /home/airflow/.local/lib/python3.12/site-packages/airflow/example_dags/example_setup_teardown.py
[2024-12-09T21:48:56.427+0000] {processor.py:925} INFO - DAG(s) 'example_setup_teardown' retrieved from /home/airflow/.local/lib/python3.12/site-packages/airflow/example_dags/example_setup_teardown.py
[2024-12-09T21:48:56.473+0000] {logging_mixin.py:190} INFO - [2024-12-09T21:48:56.472+0000] {override.py:1911} INFO - Created Permission View: can edit on DAG:example_setup_teardown
[2024-12-09T21:48:56.476+0000] {logging_mixin.py:190} INFO - [2024-12-09T21:48:56.475+0000] {override.py:1911} INFO - Created Permission View: can read on DAG:example_setup_teardown
[2024-12-09T21:48:56.477+0000] {logging_mixin.py:190} INFO - [2024-12-09T21:48:56.477+0000] {override.py:1911} INFO - Created Permission View: can delete on DAG:example_setup_teardown
[2024-12-09T21:48:56.479+0000] {logging_mixin.py:190} INFO - [2024-12-09T21:48:56.479+0000] {override.py:1911} INFO - Created Permission View: menu access on DAG Run:example_setup_teardown
[2024-12-09T21:48:56.481+0000] {logging_mixin.py:190} INFO - [2024-12-09T21:48:56.481+0000] {override.py:1911} INFO - Created Permission View: can read on DAG Run:example_setup_teardown
[2024-12-09T21:48:56.483+0000] {logging_mixin.py:190} INFO - [2024-12-09T21:48:56.483+0000] {override.py:1911} INFO - Created Permission View: can delete on DAG Run:example_setup_teardown
[2024-12-09T21:48:56.489+0000] {logging_mixin.py:190} INFO - [2024-12-09T21:48:56.489+0000] {override.py:1911} INFO - Created Permission View: can create on DAG Run:example_setup_teardown
[2024-12-09T21:48:56.489+0000] {logging_mixin.py:190} INFO - [2024-12-09T21:48:56.489+0000] {dag.py:3239} INFO - Sync 1 DAGs
[2024-12-09T21:48:56.494+0000] {logging_mixin.py:190} INFO - [2024-12-09T21:48:56.494+0000] {dag.py:3262} INFO - Creating ORM DAG for example_setup_teardown
[2024-12-09T21:48:56.494+0000] {logging_mixin.py:190} INFO - [2024-12-09T21:48:56.494+0000] {dag.py:4180} INFO - Setting next_dagrun for example_setup_teardown to None, run_after=None
[2024-12-09T21:48:56.502+0000] {processor.py:208} INFO - Processing /home/airflow/.local/lib/python3.12/site-packages/airflow/example_dags/example_setup_teardown.py took 0.084 seconds
[2024-12-09T21:49:27.645+0000] {processor.py:186} INFO - Started process (PID=153) to work on /home/airflow/.local/lib/python3.12/site-packages/airflow/example_dags/example_setup_teardown.py
[2024-12-09T21:49:27.649+0000] {processor.py:914} INFO - Processing file /home/airflow/.local/lib/python3.12/site-packages/airflow/example_dags/example_setup_teardown.py for tasks to queue
[2024-12-09T21:49:27.650+0000] {logging_mixin.py:190} INFO - [2024-12-09T21:49:27.649+0000] {dagbag.py:588} INFO - Filling up the DagBag from /home/airflow/.local/lib/python3.12/site-packages/airflow/example_dags/example_setup_teardown.py
[2024-12-09T21:49:27.653+0000] {processor.py:925} INFO - DAG(s) 'example_setup_teardown' retrieved from /home/airflow/.local/lib/python3.12/site-packages/airflow/example_dags/example_setup_teardown.py
[2024-12-09T21:49:27.660+0000] {logging_mixin.py:190} INFO - [2024-12-09T21:49:27.660+0000] {dag.py:3239} INFO - Sync 1 DAGs
[2024-12-09T21:49:27.665+0000] {logging_mixin.py:190} INFO - [2024-12-09T21:49:27.665+0000] {dag.py:4180} INFO - Setting next_dagrun for example_setup_teardown to None, run_after=None
[2024-12-09T21:49:27.672+0000] {processor.py:208} INFO - Processing /home/airflow/.local/lib/python3.12/site-packages/airflow/example_dags/example_setup_teardown.py took 0.029 seconds
[2024-12-09T21:49:57.993+0000] {processor.py:186} INFO - Started process (PID=216) to work on /home/airflow/.local/lib/python3.12/site-packages/airflow/example_dags/example_setup_teardown.py
[2024-12-09T21:49:57.995+0000] {processor.py:914} INFO - Processing file /home/airflow/.local/lib/python3.12/site-packages/airflow/example_dags/example_setup_teardown.py for tasks to queue
[2024-12-09T21:49:57.996+0000] {logging_mixin.py:190} INFO - [2024-12-09T21:49:57.995+0000] {dagbag.py:588} INFO - Filling up the DagBag from /home/airflow/.local/lib/python3.12/site-packages/airflow/example_dags/example_setup_teardown.py
[2024-12-09T21:49:58.003+0000] {processor.py:925} INFO - DAG(s) 'example_setup_teardown' retrieved from /home/airflow/.local/lib/python3.12/site-packages/airflow/example_dags/example_setup_teardown.py
[2024-12-09T21:49:58.011+0000] {logging_mixin.py:190} INFO - [2024-12-09T21:49:58.011+0000] {dag.py:3239} INFO - Sync 1 DAGs
[2024-12-09T21:49:58.016+0000] {logging_mixin.py:190} INFO - [2024-12-09T21:49:58.016+0000] {dag.py:4180} INFO - Setting next_dagrun for example_setup_teardown to None, run_after=None
[2024-12-09T21:49:58.022+0000] {processor.py:208} INFO - Processing /home/airflow/.local/lib/python3.12/site-packages/airflow/example_dags/example_setup_teardown.py took 0.032 seconds
[2024-12-09T21:50:28.341+0000] {processor.py:186} INFO - Started process (PID=279) to work on /home/airflow/.local/lib/python3.12/site-packages/airflow/example_dags/example_setup_teardown.py
[2024-12-09T21:50:28.341+0000] {processor.py:914} INFO - Processing file /home/airflow/.local/lib/python3.12/site-packages/airflow/example_dags/example_setup_teardown.py for tasks to queue
[2024-12-09T21:50:28.343+0000] {logging_mixin.py:190} INFO - [2024-12-09T21:50:28.343+0000] {dagbag.py:588} INFO - Filling up the DagBag from /home/airflow/.local/lib/python3.12/site-packages/airflow/example_dags/example_setup_teardown.py
[2024-12-09T21:50:28.347+0000] {processor.py:925} INFO - DAG(s) 'example_setup_teardown' retrieved from /home/airflow/.local/lib/python3.12/site-packages/airflow/example_dags/example_setup_teardown.py
[2024-12-09T21:50:28.355+0000] {logging_mixin.py:190} INFO - [2024-12-09T21:50:28.355+0000] {dag.py:3239} INFO - Sync 1 DAGs
[2024-12-09T21:50:28.360+0000] {logging_mixin.py:190} INFO - [2024-12-09T21:50:28.360+0000] {dag.py:4180} INFO - Setting next_dagrun for example_setup_teardown to None, run_after=None
[2024-12-09T21:50:28.366+0000] {processor.py:208} INFO - Processing /home/airflow/.local/lib/python3.12/site-packages/airflow/example_dags/example_setup_teardown.py took 0.028 seconds
[2024-12-09T21:50:58.665+0000] {processor.py:186} INFO - Started process (PID=342) to work on /home/airflow/.local/lib/python3.12/site-packages/airflow/example_dags/example_setup_teardown.py
[2024-12-09T21:50:58.666+0000] {processor.py:914} INFO - Processing file /home/airflow/.local/lib/python3.12/site-packages/airflow/example_dags/example_setup_teardown.py for tasks to queue
[2024-12-09T21:50:58.667+0000] {logging_mixin.py:190} INFO - [2024-12-09T21:50:58.667+0000] {dagbag.py:588} INFO - Filling up the DagBag from /home/airflow/.local/lib/python3.12/site-packages/airflow/example_dags/example_setup_teardown.py
[2024-12-09T21:50:58.670+0000] {processor.py:925} INFO - DAG(s) 'example_setup_teardown' retrieved from /home/airflow/.local/lib/python3.12/site-packages/airflow/example_dags/example_setup_teardown.py
[2024-12-09T21:50:58.677+0000] {logging_mixin.py:190} INFO - [2024-12-09T21:50:58.677+0000] {dag.py:3239} INFO - Sync 1 DAGs
[2024-12-09T21:50:58.682+0000] {logging_mixin.py:190} INFO - [2024-12-09T21:50:58.681+0000] {dag.py:4180} INFO - Setting next_dagrun for example_setup_teardown to None, run_after=None
[2024-12-09T21:50:58.688+0000] {processor.py:208} INFO - Processing /home/airflow/.local/lib/python3.12/site-packages/airflow/example_dags/example_setup_teardown.py took 0.025 seconds
[2024-12-09T21:51:29.644+0000] {processor.py:186} INFO - Started process (PID=405) to work on /home/airflow/.local/lib/python3.12/site-packages/airflow/example_dags/example_setup_teardown.py
[2024-12-09T21:51:29.645+0000] {processor.py:914} INFO - Processing file /home/airflow/.local/lib/python3.12/site-packages/airflow/example_dags/example_setup_teardown.py for tasks to queue
[2024-12-09T21:51:29.646+0000] {logging_mixin.py:190} INFO - [2024-12-09T21:51:29.646+0000] {dagbag.py:588} INFO - Filling up the DagBag from /home/airflow/.local/lib/python3.12/site-packages/airflow/example_dags/example_setup_teardown.py
[2024-12-09T21:51:29.649+0000] {processor.py:925} INFO - DAG(s) 'example_setup_teardown' retrieved from /home/airflow/.local/lib/python3.12/site-packages/airflow/example_dags/example_setup_teardown.py
[2024-12-09T21:51:29.658+0000] {logging_mixin.py:190} INFO - [2024-12-09T21:51:29.658+0000] {dag.py:3239} INFO - Sync 1 DAGs
[2024-12-09T21:51:29.665+0000] {logging_mixin.py:190} INFO - [2024-12-09T21:51:29.665+0000] {dag.py:4180} INFO - Setting next_dagrun for example_setup_teardown to None, run_after=None
[2024-12-09T21:51:29.671+0000] {processor.py:208} INFO - Processing /home/airflow/.local/lib/python3.12/site-packages/airflow/example_dags/example_setup_teardown.py took 0.029 seconds
[2024-12-09T21:51:59.841+0000] {processor.py:186} INFO - Started process (PID=468) to work on /home/airflow/.local/lib/python3.12/site-packages/airflow/example_dags/example_setup_teardown.py
[2024-12-09T21:51:59.842+0000] {processor.py:914} INFO - Processing file /home/airflow/.local/lib/python3.12/site-packages/airflow/example_dags/example_setup_teardown.py for tasks to queue
[2024-12-09T21:51:59.843+0000] {logging_mixin.py:190} INFO - [2024-12-09T21:51:59.843+0000] {dagbag.py:588} INFO - Filling up the DagBag from /home/airflow/.local/lib/python3.12/site-packages/airflow/example_dags/example_setup_teardown.py
[2024-12-09T21:51:59.847+0000] {processor.py:925} INFO - DAG(s) 'example_setup_teardown' retrieved from /home/airflow/.local/lib/python3.12/site-packages/airflow/example_dags/example_setup_teardown.py
[2024-12-09T21:51:59.855+0000] {logging_mixin.py:190} INFO - [2024-12-09T21:51:59.855+0000] {dag.py:3239} INFO - Sync 1 DAGs
[2024-12-09T21:51:59.860+0000] {logging_mixin.py:190} INFO - [2024-12-09T21:51:59.860+0000] {dag.py:4180} INFO - Setting next_dagrun for example_setup_teardown to None, run_after=None
[2024-12-09T21:51:59.867+0000] {processor.py:208} INFO - Processing /home/airflow/.local/lib/python3.12/site-packages/airflow/example_dags/example_setup_teardown.py took 0.028 seconds
[2024-12-09T21:52:30.991+0000] {processor.py:186} INFO - Started process (PID=531) to work on /home/airflow/.local/lib/python3.12/site-packages/airflow/example_dags/example_setup_teardown.py
[2024-12-09T21:52:30.991+0000] {processor.py:914} INFO - Processing file /home/airflow/.local/lib/python3.12/site-packages/airflow/example_dags/example_setup_teardown.py for tasks to queue
[2024-12-09T21:52:30.992+0000] {logging_mixin.py:190} INFO - [2024-12-09T21:52:30.992+0000] {dagbag.py:588} INFO - Filling up the DagBag from /home/airflow/.local/lib/python3.12/site-packages/airflow/example_dags/example_setup_teardown.py
[2024-12-09T21:52:30.996+0000] {processor.py:925} INFO - DAG(s) 'example_setup_teardown' retrieved from /home/airflow/.local/lib/python3.12/site-packages/airflow/example_dags/example_setup_teardown.py
[2024-12-09T21:52:31.004+0000] {logging_mixin.py:190} INFO - [2024-12-09T21:52:31.004+0000] {dag.py:3239} INFO - Sync 1 DAGs
[2024-12-09T21:52:31.009+0000] {logging_mixin.py:190} INFO - [2024-12-09T21:52:31.009+0000] {dag.py:4180} INFO - Setting next_dagrun for example_setup_teardown to None, run_after=None
[2024-12-09T21:52:31.017+0000] {processor.py:208} INFO - Processing /home/airflow/.local/lib/python3.12/site-packages/airflow/example_dags/example_setup_teardown.py took 0.029 seconds
[2024-12-09T21:53:02.214+0000] {processor.py:186} INFO - Started process (PID=594) to work on /home/airflow/.local/lib/python3.12/site-packages/airflow/example_dags/example_setup_teardown.py
[2024-12-09T21:53:02.217+0000] {processor.py:914} INFO - Processing file /home/airflow/.local/lib/python3.12/site-packages/airflow/example_dags/example_setup_teardown.py for tasks to queue
[2024-12-09T21:53:02.218+0000] {logging_mixin.py:190} INFO - [2024-12-09T21:53:02.218+0000] {dagbag.py:588} INFO - Filling up the DagBag from /home/airflow/.local/lib/python3.12/site-packages/airflow/example_dags/example_setup_teardown.py
[2024-12-09T21:53:02.222+0000] {processor.py:925} INFO - DAG(s) 'example_setup_teardown' retrieved from /home/airflow/.local/lib/python3.12/site-packages/airflow/example_dags/example_setup_teardown.py
[2024-12-09T21:53:02.233+0000] {logging_mixin.py:190} INFO - [2024-12-09T21:53:02.233+0000] {dag.py:3239} INFO - Sync 1 DAGs
[2024-12-09T21:53:02.240+0000] {logging_mixin.py:190} INFO - [2024-12-09T21:53:02.240+0000] {dag.py:4180} INFO - Setting next_dagrun for example_setup_teardown to None, run_after=None
[2024-12-09T21:53:02.247+0000] {processor.py:208} INFO - Processing /home/airflow/.local/lib/python3.12/site-packages/airflow/example_dags/example_setup_teardown.py took 0.036 seconds
