[2024-12-09T21:48:56.080+0000] {processor.py:186} INFO - Started process (PID=77) to work on /home/airflow/.local/lib/python3.12/site-packages/airflow/example_dags/example_bash_operator.py
[2024-12-09T21:48:56.081+0000] {processor.py:914} INFO - Processing file /home/airflow/.local/lib/python3.12/site-packages/airflow/example_dags/example_bash_operator.py for tasks to queue
[2024-12-09T21:48:56.082+0000] {logging_mixin.py:190} INFO - [2024-12-09T21:48:56.082+0000] {dagbag.py:588} INFO - Filling up the DagBag from /home/airflow/.local/lib/python3.12/site-packages/airflow/example_dags/example_bash_operator.py
[2024-12-09T21:48:56.088+0000] {processor.py:925} INFO - DAG(s) 'example_bash_operator' retrieved from /home/airflow/.local/lib/python3.12/site-packages/airflow/example_dags/example_bash_operator.py
[2024-12-09T21:48:56.127+0000] {logging_mixin.py:190} INFO - [2024-12-09T21:48:56.127+0000] {override.py:1911} INFO - Created Permission View: can edit on DAG:example_bash_operator
[2024-12-09T21:48:56.130+0000] {logging_mixin.py:190} INFO - [2024-12-09T21:48:56.130+0000] {override.py:1911} INFO - Created Permission View: can read on DAG:example_bash_operator
[2024-12-09T21:48:56.132+0000] {logging_mixin.py:190} INFO - [2024-12-09T21:48:56.132+0000] {override.py:1911} INFO - Created Permission View: can delete on DAG:example_bash_operator
[2024-12-09T21:48:56.134+0000] {logging_mixin.py:190} INFO - [2024-12-09T21:48:56.134+0000] {override.py:1911} INFO - Created Permission View: menu access on DAG Run:example_bash_operator
[2024-12-09T21:48:56.135+0000] {logging_mixin.py:190} INFO - [2024-12-09T21:48:56.135+0000] {override.py:1911} INFO - Created Permission View: can read on DAG Run:example_bash_operator
[2024-12-09T21:48:56.137+0000] {logging_mixin.py:190} INFO - [2024-12-09T21:48:56.137+0000] {override.py:1911} INFO - Created Permission View: can delete on DAG Run:example_bash_operator
[2024-12-09T21:48:56.138+0000] {logging_mixin.py:190} INFO - [2024-12-09T21:48:56.138+0000] {override.py:1911} INFO - Created Permission View: can create on DAG Run:example_bash_operator
[2024-12-09T21:48:56.138+0000] {logging_mixin.py:190} INFO - [2024-12-09T21:48:56.138+0000] {dag.py:3239} INFO - Sync 1 DAGs
[2024-12-09T21:48:56.143+0000] {logging_mixin.py:190} INFO - [2024-12-09T21:48:56.143+0000] {dag.py:3262} INFO - Creating ORM DAG for example_bash_operator
[2024-12-09T21:48:56.147+0000] {logging_mixin.py:190} INFO - [2024-12-09T21:48:56.147+0000] {dag.py:4180} INFO - Setting next_dagrun for example_bash_operator to 2024-12-08 00:00:00+00:00, run_after=2024-12-09 00:00:00+00:00
[2024-12-09T21:48:56.153+0000] {processor.py:208} INFO - Processing /home/airflow/.local/lib/python3.12/site-packages/airflow/example_dags/example_bash_operator.py took 0.075 seconds
[2024-12-09T21:49:27.496+0000] {processor.py:186} INFO - Started process (PID=146) to work on /home/airflow/.local/lib/python3.12/site-packages/airflow/example_dags/example_bash_operator.py
[2024-12-09T21:49:27.497+0000] {processor.py:914} INFO - Processing file /home/airflow/.local/lib/python3.12/site-packages/airflow/example_dags/example_bash_operator.py for tasks to queue
[2024-12-09T21:49:27.497+0000] {logging_mixin.py:190} INFO - [2024-12-09T21:49:27.497+0000] {dagbag.py:588} INFO - Filling up the DagBag from /home/airflow/.local/lib/python3.12/site-packages/airflow/example_dags/example_bash_operator.py
[2024-12-09T21:49:27.503+0000] {processor.py:925} INFO - DAG(s) 'example_bash_operator' retrieved from /home/airflow/.local/lib/python3.12/site-packages/airflow/example_dags/example_bash_operator.py
[2024-12-09T21:49:27.513+0000] {logging_mixin.py:190} INFO - [2024-12-09T21:49:27.512+0000] {dag.py:3239} INFO - Sync 1 DAGs
[2024-12-09T21:49:27.521+0000] {logging_mixin.py:190} INFO - [2024-12-09T21:49:27.520+0000] {dag.py:4180} INFO - Setting next_dagrun for example_bash_operator to 2024-12-08 00:00:00+00:00, run_after=2024-12-09 00:00:00+00:00
[2024-12-09T21:49:27.527+0000] {processor.py:208} INFO - Processing /home/airflow/.local/lib/python3.12/site-packages/airflow/example_dags/example_bash_operator.py took 0.033 seconds
[2024-12-09T21:49:57.838+0000] {processor.py:186} INFO - Started process (PID=209) to work on /home/airflow/.local/lib/python3.12/site-packages/airflow/example_dags/example_bash_operator.py
[2024-12-09T21:49:57.839+0000] {processor.py:914} INFO - Processing file /home/airflow/.local/lib/python3.12/site-packages/airflow/example_dags/example_bash_operator.py for tasks to queue
[2024-12-09T21:49:57.840+0000] {logging_mixin.py:190} INFO - [2024-12-09T21:49:57.840+0000] {dagbag.py:588} INFO - Filling up the DagBag from /home/airflow/.local/lib/python3.12/site-packages/airflow/example_dags/example_bash_operator.py
[2024-12-09T21:49:57.846+0000] {processor.py:925} INFO - DAG(s) 'example_bash_operator' retrieved from /home/airflow/.local/lib/python3.12/site-packages/airflow/example_dags/example_bash_operator.py
[2024-12-09T21:49:57.856+0000] {logging_mixin.py:190} INFO - [2024-12-09T21:49:57.856+0000] {dag.py:3239} INFO - Sync 1 DAGs
[2024-12-09T21:49:57.865+0000] {logging_mixin.py:190} INFO - [2024-12-09T21:49:57.865+0000] {dag.py:4180} INFO - Setting next_dagrun for example_bash_operator to 2024-12-08 00:00:00+00:00, run_after=2024-12-09 00:00:00+00:00
[2024-12-09T21:49:57.871+0000] {processor.py:208} INFO - Processing /home/airflow/.local/lib/python3.12/site-packages/airflow/example_dags/example_bash_operator.py took 0.036 seconds
[2024-12-09T21:50:28.134+0000] {processor.py:186} INFO - Started process (PID=272) to work on /home/airflow/.local/lib/python3.12/site-packages/airflow/example_dags/example_bash_operator.py
[2024-12-09T21:50:28.134+0000] {processor.py:914} INFO - Processing file /home/airflow/.local/lib/python3.12/site-packages/airflow/example_dags/example_bash_operator.py for tasks to queue
[2024-12-09T21:50:28.135+0000] {logging_mixin.py:190} INFO - [2024-12-09T21:50:28.135+0000] {dagbag.py:588} INFO - Filling up the DagBag from /home/airflow/.local/lib/python3.12/site-packages/airflow/example_dags/example_bash_operator.py
[2024-12-09T21:50:28.141+0000] {processor.py:925} INFO - DAG(s) 'example_bash_operator' retrieved from /home/airflow/.local/lib/python3.12/site-packages/airflow/example_dags/example_bash_operator.py
[2024-12-09T21:50:28.151+0000] {logging_mixin.py:190} INFO - [2024-12-09T21:50:28.151+0000] {dag.py:3239} INFO - Sync 1 DAGs
[2024-12-09T21:50:28.159+0000] {logging_mixin.py:190} INFO - [2024-12-09T21:50:28.159+0000] {dag.py:4180} INFO - Setting next_dagrun for example_bash_operator to 2024-12-08 00:00:00+00:00, run_after=2024-12-09 00:00:00+00:00
[2024-12-09T21:50:28.165+0000] {processor.py:208} INFO - Processing /home/airflow/.local/lib/python3.12/site-packages/airflow/example_dags/example_bash_operator.py took 0.034 seconds
[2024-12-09T21:50:58.421+0000] {processor.py:186} INFO - Started process (PID=335) to work on /home/airflow/.local/lib/python3.12/site-packages/airflow/example_dags/example_bash_operator.py
[2024-12-09T21:50:58.421+0000] {processor.py:914} INFO - Processing file /home/airflow/.local/lib/python3.12/site-packages/airflow/example_dags/example_bash_operator.py for tasks to queue
[2024-12-09T21:50:58.422+0000] {logging_mixin.py:190} INFO - [2024-12-09T21:50:58.422+0000] {dagbag.py:588} INFO - Filling up the DagBag from /home/airflow/.local/lib/python3.12/site-packages/airflow/example_dags/example_bash_operator.py
[2024-12-09T21:50:58.428+0000] {processor.py:925} INFO - DAG(s) 'example_bash_operator' retrieved from /home/airflow/.local/lib/python3.12/site-packages/airflow/example_dags/example_bash_operator.py
[2024-12-09T21:50:58.439+0000] {logging_mixin.py:190} INFO - [2024-12-09T21:50:58.439+0000] {dag.py:3239} INFO - Sync 1 DAGs
[2024-12-09T21:50:58.449+0000] {logging_mixin.py:190} INFO - [2024-12-09T21:50:58.448+0000] {dag.py:4180} INFO - Setting next_dagrun for example_bash_operator to 2024-12-08 00:00:00+00:00, run_after=2024-12-09 00:00:00+00:00
[2024-12-09T21:50:58.454+0000] {processor.py:208} INFO - Processing /home/airflow/.local/lib/python3.12/site-packages/airflow/example_dags/example_bash_operator.py took 0.036 seconds
[2024-12-09T21:51:29.416+0000] {processor.py:186} INFO - Started process (PID=398) to work on /home/airflow/.local/lib/python3.12/site-packages/airflow/example_dags/example_bash_operator.py
[2024-12-09T21:51:29.416+0000] {processor.py:914} INFO - Processing file /home/airflow/.local/lib/python3.12/site-packages/airflow/example_dags/example_bash_operator.py for tasks to queue
[2024-12-09T21:51:29.417+0000] {logging_mixin.py:190} INFO - [2024-12-09T21:51:29.417+0000] {dagbag.py:588} INFO - Filling up the DagBag from /home/airflow/.local/lib/python3.12/site-packages/airflow/example_dags/example_bash_operator.py
[2024-12-09T21:51:29.422+0000] {processor.py:925} INFO - DAG(s) 'example_bash_operator' retrieved from /home/airflow/.local/lib/python3.12/site-packages/airflow/example_dags/example_bash_operator.py
[2024-12-09T21:51:29.431+0000] {logging_mixin.py:190} INFO - [2024-12-09T21:51:29.431+0000] {dag.py:3239} INFO - Sync 1 DAGs
[2024-12-09T21:51:29.440+0000] {logging_mixin.py:190} INFO - [2024-12-09T21:51:29.440+0000] {dag.py:4180} INFO - Setting next_dagrun for example_bash_operator to 2024-12-08 00:00:00+00:00, run_after=2024-12-09 00:00:00+00:00
[2024-12-09T21:51:29.445+0000] {processor.py:208} INFO - Processing /home/airflow/.local/lib/python3.12/site-packages/airflow/example_dags/example_bash_operator.py took 0.031 seconds
[2024-12-09T21:51:59.638+0000] {processor.py:186} INFO - Started process (PID=460) to work on /home/airflow/.local/lib/python3.12/site-packages/airflow/example_dags/example_bash_operator.py
[2024-12-09T21:51:59.641+0000] {processor.py:914} INFO - Processing file /home/airflow/.local/lib/python3.12/site-packages/airflow/example_dags/example_bash_operator.py for tasks to queue
[2024-12-09T21:51:59.642+0000] {logging_mixin.py:190} INFO - [2024-12-09T21:51:59.642+0000] {dagbag.py:588} INFO - Filling up the DagBag from /home/airflow/.local/lib/python3.12/site-packages/airflow/example_dags/example_bash_operator.py
[2024-12-09T21:51:59.647+0000] {processor.py:925} INFO - DAG(s) 'example_bash_operator' retrieved from /home/airflow/.local/lib/python3.12/site-packages/airflow/example_dags/example_bash_operator.py
[2024-12-09T21:51:59.656+0000] {logging_mixin.py:190} INFO - [2024-12-09T21:51:59.656+0000] {dag.py:3239} INFO - Sync 1 DAGs
[2024-12-09T21:51:59.665+0000] {logging_mixin.py:190} INFO - [2024-12-09T21:51:59.665+0000] {dag.py:4180} INFO - Setting next_dagrun for example_bash_operator to 2024-12-08 00:00:00+00:00, run_after=2024-12-09 00:00:00+00:00
[2024-12-09T21:51:59.671+0000] {processor.py:208} INFO - Processing /home/airflow/.local/lib/python3.12/site-packages/airflow/example_dags/example_bash_operator.py took 0.035 seconds
[2024-12-09T21:52:30.844+0000] {processor.py:186} INFO - Started process (PID=524) to work on /home/airflow/.local/lib/python3.12/site-packages/airflow/example_dags/example_bash_operator.py
[2024-12-09T21:52:30.844+0000] {processor.py:914} INFO - Processing file /home/airflow/.local/lib/python3.12/site-packages/airflow/example_dags/example_bash_operator.py for tasks to queue
[2024-12-09T21:52:30.845+0000] {logging_mixin.py:190} INFO - [2024-12-09T21:52:30.845+0000] {dagbag.py:588} INFO - Filling up the DagBag from /home/airflow/.local/lib/python3.12/site-packages/airflow/example_dags/example_bash_operator.py
[2024-12-09T21:52:30.851+0000] {processor.py:925} INFO - DAG(s) 'example_bash_operator' retrieved from /home/airflow/.local/lib/python3.12/site-packages/airflow/example_dags/example_bash_operator.py
[2024-12-09T21:52:30.860+0000] {logging_mixin.py:190} INFO - [2024-12-09T21:52:30.860+0000] {dag.py:3239} INFO - Sync 1 DAGs
[2024-12-09T21:52:30.868+0000] {logging_mixin.py:190} INFO - [2024-12-09T21:52:30.868+0000] {dag.py:4180} INFO - Setting next_dagrun for example_bash_operator to 2024-12-08 00:00:00+00:00, run_after=2024-12-09 00:00:00+00:00
[2024-12-09T21:52:30.873+0000] {processor.py:208} INFO - Processing /home/airflow/.local/lib/python3.12/site-packages/airflow/example_dags/example_bash_operator.py took 0.032 seconds
[2024-12-09T21:53:02.038+0000] {processor.py:186} INFO - Started process (PID=587) to work on /home/airflow/.local/lib/python3.12/site-packages/airflow/example_dags/example_bash_operator.py
[2024-12-09T21:53:02.039+0000] {processor.py:914} INFO - Processing file /home/airflow/.local/lib/python3.12/site-packages/airflow/example_dags/example_bash_operator.py for tasks to queue
[2024-12-09T21:53:02.040+0000] {logging_mixin.py:190} INFO - [2024-12-09T21:53:02.040+0000] {dagbag.py:588} INFO - Filling up the DagBag from /home/airflow/.local/lib/python3.12/site-packages/airflow/example_dags/example_bash_operator.py
[2024-12-09T21:53:02.046+0000] {processor.py:925} INFO - DAG(s) 'example_bash_operator' retrieved from /home/airflow/.local/lib/python3.12/site-packages/airflow/example_dags/example_bash_operator.py
[2024-12-09T21:53:02.057+0000] {logging_mixin.py:190} INFO - [2024-12-09T21:53:02.057+0000] {dag.py:3239} INFO - Sync 1 DAGs
[2024-12-09T21:53:02.067+0000] {logging_mixin.py:190} INFO - [2024-12-09T21:53:02.067+0000] {dag.py:4180} INFO - Setting next_dagrun for example_bash_operator to 2024-12-08 00:00:00+00:00, run_after=2024-12-09 00:00:00+00:00
[2024-12-09T21:53:02.075+0000] {processor.py:208} INFO - Processing /home/airflow/.local/lib/python3.12/site-packages/airflow/example_dags/example_bash_operator.py took 0.040 seconds
