[2024-12-09T21:48:55.552+0000] {processor.py:186} INFO - Started process (PID=73) to work on /home/airflow/.local/lib/python3.12/site-packages/airflow/example_dags/example_latest_only_with_trigger.py
[2024-12-09T21:48:55.553+0000] {processor.py:914} INFO - Processing file /home/airflow/.local/lib/python3.12/site-packages/airflow/example_dags/example_latest_only_with_trigger.py for tasks to queue
[2024-12-09T21:48:55.554+0000] {logging_mixin.py:190} INFO - [2024-12-09T21:48:55.554+0000] {dagbag.py:588} INFO - Filling up the DagBag from /home/airflow/.local/lib/python3.12/site-packages/airflow/example_dags/example_latest_only_with_trigger.py
[2024-12-09T21:48:55.559+0000] {processor.py:925} INFO - DAG(s) 'latest_only_with_trigger' retrieved from /home/airflow/.local/lib/python3.12/site-packages/airflow/example_dags/example_latest_only_with_trigger.py
[2024-12-09T21:48:55.607+0000] {logging_mixin.py:190} INFO - [2024-12-09T21:48:55.607+0000] {override.py:1911} INFO - Created Permission View: can edit on DAG:latest_only_with_trigger
[2024-12-09T21:48:55.611+0000] {logging_mixin.py:190} INFO - [2024-12-09T21:48:55.611+0000] {override.py:1911} INFO - Created Permission View: can read on DAG:latest_only_with_trigger
[2024-12-09T21:48:55.614+0000] {logging_mixin.py:190} INFO - [2024-12-09T21:48:55.614+0000] {override.py:1911} INFO - Created Permission View: can delete on DAG:latest_only_with_trigger
[2024-12-09T21:48:55.617+0000] {logging_mixin.py:190} INFO - [2024-12-09T21:48:55.617+0000] {override.py:1911} INFO - Created Permission View: menu access on DAG Run:latest_only_with_trigger
[2024-12-09T21:48:55.629+0000] {logging_mixin.py:190} INFO - [2024-12-09T21:48:55.628+0000] {override.py:1911} INFO - Created Permission View: can read on DAG Run:latest_only_with_trigger
[2024-12-09T21:48:55.634+0000] {logging_mixin.py:190} INFO - [2024-12-09T21:48:55.633+0000] {override.py:1911} INFO - Created Permission View: can delete on DAG Run:latest_only_with_trigger
[2024-12-09T21:48:55.640+0000] {logging_mixin.py:190} INFO - [2024-12-09T21:48:55.640+0000] {override.py:1911} INFO - Created Permission View: can create on DAG Run:latest_only_with_trigger
[2024-12-09T21:48:55.640+0000] {logging_mixin.py:190} INFO - [2024-12-09T21:48:55.640+0000] {dag.py:3239} INFO - Sync 1 DAGs
[2024-12-09T21:48:55.651+0000] {logging_mixin.py:190} INFO - [2024-12-09T21:48:55.651+0000] {dag.py:3262} INFO - Creating ORM DAG for latest_only_with_trigger
[2024-12-09T21:48:55.661+0000] {logging_mixin.py:190} INFO - [2024-12-09T21:48:55.661+0000] {dag.py:4180} INFO - Setting next_dagrun for latest_only_with_trigger to 2024-12-09 16:00:00+00:00, run_after=2024-12-09 20:00:00+00:00
[2024-12-09T21:48:55.676+0000] {processor.py:208} INFO - Processing /home/airflow/.local/lib/python3.12/site-packages/airflow/example_dags/example_latest_only_with_trigger.py took 0.127 seconds
[2024-12-09T21:49:25.871+0000] {processor.py:186} INFO - Started process (PID=135) to work on /home/airflow/.local/lib/python3.12/site-packages/airflow/example_dags/example_latest_only_with_trigger.py
[2024-12-09T21:49:25.871+0000] {processor.py:914} INFO - Processing file /home/airflow/.local/lib/python3.12/site-packages/airflow/example_dags/example_latest_only_with_trigger.py for tasks to queue
[2024-12-09T21:49:25.872+0000] {logging_mixin.py:190} INFO - [2024-12-09T21:49:25.872+0000] {dagbag.py:588} INFO - Filling up the DagBag from /home/airflow/.local/lib/python3.12/site-packages/airflow/example_dags/example_latest_only_with_trigger.py
[2024-12-09T21:49:25.875+0000] {processor.py:925} INFO - DAG(s) 'latest_only_with_trigger' retrieved from /home/airflow/.local/lib/python3.12/site-packages/airflow/example_dags/example_latest_only_with_trigger.py
[2024-12-09T21:49:25.886+0000] {logging_mixin.py:190} INFO - [2024-12-09T21:49:25.886+0000] {dag.py:3239} INFO - Sync 1 DAGs
[2024-12-09T21:49:25.903+0000] {logging_mixin.py:190} INFO - [2024-12-09T21:49:25.903+0000] {dag.py:4180} INFO - Setting next_dagrun for latest_only_with_trigger to 2024-12-09 16:00:00+00:00, run_after=2024-12-09 20:00:00+00:00
[2024-12-09T21:49:25.913+0000] {processor.py:208} INFO - Processing /home/airflow/.local/lib/python3.12/site-packages/airflow/example_dags/example_latest_only_with_trigger.py took 0.046 seconds
[2024-12-09T21:49:56.422+0000] {processor.py:186} INFO - Started process (PID=198) to work on /home/airflow/.local/lib/python3.12/site-packages/airflow/example_dags/example_latest_only_with_trigger.py
[2024-12-09T21:49:56.425+0000] {processor.py:914} INFO - Processing file /home/airflow/.local/lib/python3.12/site-packages/airflow/example_dags/example_latest_only_with_trigger.py for tasks to queue
[2024-12-09T21:49:56.426+0000] {logging_mixin.py:190} INFO - [2024-12-09T21:49:56.426+0000] {dagbag.py:588} INFO - Filling up the DagBag from /home/airflow/.local/lib/python3.12/site-packages/airflow/example_dags/example_latest_only_with_trigger.py
[2024-12-09T21:49:56.430+0000] {processor.py:925} INFO - DAG(s) 'latest_only_with_trigger' retrieved from /home/airflow/.local/lib/python3.12/site-packages/airflow/example_dags/example_latest_only_with_trigger.py
[2024-12-09T21:49:56.440+0000] {logging_mixin.py:190} INFO - [2024-12-09T21:49:56.440+0000] {dag.py:3239} INFO - Sync 1 DAGs
[2024-12-09T21:49:56.448+0000] {logging_mixin.py:190} INFO - [2024-12-09T21:49:56.448+0000] {dag.py:4180} INFO - Setting next_dagrun for latest_only_with_trigger to 2024-12-09 16:00:00+00:00, run_after=2024-12-09 20:00:00+00:00
[2024-12-09T21:49:56.454+0000] {processor.py:208} INFO - Processing /home/airflow/.local/lib/python3.12/site-packages/airflow/example_dags/example_latest_only_with_trigger.py took 0.034 seconds
[2024-12-09T21:50:26.742+0000] {processor.py:186} INFO - Started process (PID=261) to work on /home/airflow/.local/lib/python3.12/site-packages/airflow/example_dags/example_latest_only_with_trigger.py
[2024-12-09T21:50:26.743+0000] {processor.py:914} INFO - Processing file /home/airflow/.local/lib/python3.12/site-packages/airflow/example_dags/example_latest_only_with_trigger.py for tasks to queue
[2024-12-09T21:50:26.744+0000] {logging_mixin.py:190} INFO - [2024-12-09T21:50:26.744+0000] {dagbag.py:588} INFO - Filling up the DagBag from /home/airflow/.local/lib/python3.12/site-packages/airflow/example_dags/example_latest_only_with_trigger.py
[2024-12-09T21:50:26.746+0000] {processor.py:925} INFO - DAG(s) 'latest_only_with_trigger' retrieved from /home/airflow/.local/lib/python3.12/site-packages/airflow/example_dags/example_latest_only_with_trigger.py
[2024-12-09T21:50:26.754+0000] {logging_mixin.py:190} INFO - [2024-12-09T21:50:26.754+0000] {dag.py:3239} INFO - Sync 1 DAGs
[2024-12-09T21:50:26.762+0000] {logging_mixin.py:190} INFO - [2024-12-09T21:50:26.762+0000] {dag.py:4180} INFO - Setting next_dagrun for latest_only_with_trigger to 2024-12-09 16:00:00+00:00, run_after=2024-12-09 20:00:00+00:00
[2024-12-09T21:50:26.768+0000] {processor.py:208} INFO - Processing /home/airflow/.local/lib/python3.12/site-packages/airflow/example_dags/example_latest_only_with_trigger.py took 0.027 seconds
[2024-12-09T21:50:56.793+0000] {processor.py:186} INFO - Started process (PID=323) to work on /home/airflow/.local/lib/python3.12/site-packages/airflow/example_dags/example_latest_only_with_trigger.py
[2024-12-09T21:50:56.795+0000] {processor.py:914} INFO - Processing file /home/airflow/.local/lib/python3.12/site-packages/airflow/example_dags/example_latest_only_with_trigger.py for tasks to queue
[2024-12-09T21:50:56.796+0000] {logging_mixin.py:190} INFO - [2024-12-09T21:50:56.796+0000] {dagbag.py:588} INFO - Filling up the DagBag from /home/airflow/.local/lib/python3.12/site-packages/airflow/example_dags/example_latest_only_with_trigger.py
[2024-12-09T21:50:56.800+0000] {processor.py:925} INFO - DAG(s) 'latest_only_with_trigger' retrieved from /home/airflow/.local/lib/python3.12/site-packages/airflow/example_dags/example_latest_only_with_trigger.py
[2024-12-09T21:50:56.807+0000] {logging_mixin.py:190} INFO - [2024-12-09T21:50:56.807+0000] {dag.py:3239} INFO - Sync 1 DAGs
[2024-12-09T21:50:56.815+0000] {logging_mixin.py:190} INFO - [2024-12-09T21:50:56.815+0000] {dag.py:4180} INFO - Setting next_dagrun for latest_only_with_trigger to 2024-12-09 16:00:00+00:00, run_after=2024-12-09 20:00:00+00:00
[2024-12-09T21:50:56.821+0000] {processor.py:208} INFO - Processing /home/airflow/.local/lib/python3.12/site-packages/airflow/example_dags/example_latest_only_with_trigger.py took 0.031 seconds
[2024-12-09T21:51:27.025+0000] {processor.py:186} INFO - Started process (PID=386) to work on /home/airflow/.local/lib/python3.12/site-packages/airflow/example_dags/example_latest_only_with_trigger.py
[2024-12-09T21:51:27.025+0000] {processor.py:914} INFO - Processing file /home/airflow/.local/lib/python3.12/site-packages/airflow/example_dags/example_latest_only_with_trigger.py for tasks to queue
[2024-12-09T21:51:27.026+0000] {logging_mixin.py:190} INFO - [2024-12-09T21:51:27.026+0000] {dagbag.py:588} INFO - Filling up the DagBag from /home/airflow/.local/lib/python3.12/site-packages/airflow/example_dags/example_latest_only_with_trigger.py
[2024-12-09T21:51:27.029+0000] {processor.py:925} INFO - DAG(s) 'latest_only_with_trigger' retrieved from /home/airflow/.local/lib/python3.12/site-packages/airflow/example_dags/example_latest_only_with_trigger.py
[2024-12-09T21:51:27.037+0000] {logging_mixin.py:190} INFO - [2024-12-09T21:51:27.037+0000] {dag.py:3239} INFO - Sync 1 DAGs
[2024-12-09T21:51:27.047+0000] {logging_mixin.py:190} INFO - [2024-12-09T21:51:27.047+0000] {dag.py:4180} INFO - Setting next_dagrun for latest_only_with_trigger to 2024-12-09 16:00:00+00:00, run_after=2024-12-09 20:00:00+00:00
[2024-12-09T21:51:27.053+0000] {processor.py:208} INFO - Processing /home/airflow/.local/lib/python3.12/site-packages/airflow/example_dags/example_latest_only_with_trigger.py took 0.030 seconds
[2024-12-09T21:51:57.325+0000] {processor.py:186} INFO - Started process (PID=450) to work on /home/airflow/.local/lib/python3.12/site-packages/airflow/example_dags/example_latest_only_with_trigger.py
[2024-12-09T21:51:57.325+0000] {processor.py:914} INFO - Processing file /home/airflow/.local/lib/python3.12/site-packages/airflow/example_dags/example_latest_only_with_trigger.py for tasks to queue
[2024-12-09T21:51:57.326+0000] {logging_mixin.py:190} INFO - [2024-12-09T21:51:57.326+0000] {dagbag.py:588} INFO - Filling up the DagBag from /home/airflow/.local/lib/python3.12/site-packages/airflow/example_dags/example_latest_only_with_trigger.py
[2024-12-09T21:51:57.329+0000] {processor.py:925} INFO - DAG(s) 'latest_only_with_trigger' retrieved from /home/airflow/.local/lib/python3.12/site-packages/airflow/example_dags/example_latest_only_with_trigger.py
[2024-12-09T21:51:57.337+0000] {logging_mixin.py:190} INFO - [2024-12-09T21:51:57.337+0000] {dag.py:3239} INFO - Sync 1 DAGs
[2024-12-09T21:51:57.345+0000] {logging_mixin.py:190} INFO - [2024-12-09T21:51:57.345+0000] {dag.py:4180} INFO - Setting next_dagrun for latest_only_with_trigger to 2024-12-09 16:00:00+00:00, run_after=2024-12-09 20:00:00+00:00
[2024-12-09T21:51:57.351+0000] {processor.py:208} INFO - Processing /home/airflow/.local/lib/python3.12/site-packages/airflow/example_dags/example_latest_only_with_trigger.py took 0.029 seconds
[2024-12-09T21:52:27.471+0000] {processor.py:186} INFO - Started process (PID=513) to work on /home/airflow/.local/lib/python3.12/site-packages/airflow/example_dags/example_latest_only_with_trigger.py
[2024-12-09T21:52:27.471+0000] {processor.py:914} INFO - Processing file /home/airflow/.local/lib/python3.12/site-packages/airflow/example_dags/example_latest_only_with_trigger.py for tasks to queue
[2024-12-09T21:52:27.473+0000] {logging_mixin.py:190} INFO - [2024-12-09T21:52:27.473+0000] {dagbag.py:588} INFO - Filling up the DagBag from /home/airflow/.local/lib/python3.12/site-packages/airflow/example_dags/example_latest_only_with_trigger.py
[2024-12-09T21:52:27.479+0000] {processor.py:925} INFO - DAG(s) 'latest_only_with_trigger' retrieved from /home/airflow/.local/lib/python3.12/site-packages/airflow/example_dags/example_latest_only_with_trigger.py
[2024-12-09T21:52:27.488+0000] {logging_mixin.py:190} INFO - [2024-12-09T21:52:27.488+0000] {dag.py:3239} INFO - Sync 1 DAGs
[2024-12-09T21:52:27.497+0000] {logging_mixin.py:190} INFO - [2024-12-09T21:52:27.496+0000] {dag.py:4180} INFO - Setting next_dagrun for latest_only_with_trigger to 2024-12-09 16:00:00+00:00, run_after=2024-12-09 20:00:00+00:00
[2024-12-09T21:52:27.503+0000] {processor.py:208} INFO - Processing /home/airflow/.local/lib/python3.12/site-packages/airflow/example_dags/example_latest_only_with_trigger.py took 0.035 seconds
[2024-12-09T21:52:57.608+0000] {processor.py:186} INFO - Started process (PID=576) to work on /home/airflow/.local/lib/python3.12/site-packages/airflow/example_dags/example_latest_only_with_trigger.py
[2024-12-09T21:52:57.611+0000] {processor.py:914} INFO - Processing file /home/airflow/.local/lib/python3.12/site-packages/airflow/example_dags/example_latest_only_with_trigger.py for tasks to queue
[2024-12-09T21:52:57.612+0000] {logging_mixin.py:190} INFO - [2024-12-09T21:52:57.612+0000] {dagbag.py:588} INFO - Filling up the DagBag from /home/airflow/.local/lib/python3.12/site-packages/airflow/example_dags/example_latest_only_with_trigger.py
[2024-12-09T21:52:57.618+0000] {processor.py:925} INFO - DAG(s) 'latest_only_with_trigger' retrieved from /home/airflow/.local/lib/python3.12/site-packages/airflow/example_dags/example_latest_only_with_trigger.py
[2024-12-09T21:52:57.626+0000] {logging_mixin.py:190} INFO - [2024-12-09T21:52:57.626+0000] {dag.py:3239} INFO - Sync 1 DAGs
[2024-12-09T21:52:57.634+0000] {logging_mixin.py:190} INFO - [2024-12-09T21:52:57.634+0000] {dag.py:4180} INFO - Setting next_dagrun for latest_only_with_trigger to 2024-12-09 16:00:00+00:00, run_after=2024-12-09 20:00:00+00:00
[2024-12-09T21:52:57.640+0000] {processor.py:208} INFO - Processing /home/airflow/.local/lib/python3.12/site-packages/airflow/example_dags/example_latest_only_with_trigger.py took 0.034 seconds
