[2024-12-09T21:48:55.693+0000] {processor.py:186} INFO - Started process (PID=74) to work on /home/airflow/.local/lib/python3.12/site-packages/airflow/example_dags/example_python_decorator.py
[2024-12-09T21:48:55.694+0000] {processor.py:914} INFO - Processing file /home/airflow/.local/lib/python3.12/site-packages/airflow/example_dags/example_python_decorator.py for tasks to queue
[2024-12-09T21:48:55.695+0000] {logging_mixin.py:190} INFO - [2024-12-09T21:48:55.695+0000] {dagbag.py:588} INFO - Filling up the DagBag from /home/airflow/.local/lib/python3.12/site-packages/airflow/example_dags/example_python_decorator.py
[2024-12-09T21:48:55.702+0000] {processor.py:925} INFO - DAG(s) 'example_python_decorator' retrieved from /home/airflow/.local/lib/python3.12/site-packages/airflow/example_dags/example_python_decorator.py
[2024-12-09T21:48:55.772+0000] {logging_mixin.py:190} INFO - [2024-12-09T21:48:55.772+0000] {override.py:1911} INFO - Created Permission View: can edit on DAG:example_python_decorator
[2024-12-09T21:48:55.777+0000] {logging_mixin.py:190} INFO - [2024-12-09T21:48:55.776+0000] {override.py:1911} INFO - Created Permission View: can read on DAG:example_python_decorator
[2024-12-09T21:48:55.779+0000] {logging_mixin.py:190} INFO - [2024-12-09T21:48:55.779+0000] {override.py:1911} INFO - Created Permission View: can delete on DAG:example_python_decorator
[2024-12-09T21:48:55.781+0000] {logging_mixin.py:190} INFO - [2024-12-09T21:48:55.781+0000] {override.py:1911} INFO - Created Permission View: menu access on DAG Run:example_python_decorator
[2024-12-09T21:48:55.783+0000] {logging_mixin.py:190} INFO - [2024-12-09T21:48:55.783+0000] {override.py:1911} INFO - Created Permission View: can read on DAG Run:example_python_decorator
[2024-12-09T21:48:55.786+0000] {logging_mixin.py:190} INFO - [2024-12-09T21:48:55.786+0000] {override.py:1911} INFO - Created Permission View: can delete on DAG Run:example_python_decorator
[2024-12-09T21:48:55.790+0000] {logging_mixin.py:190} INFO - [2024-12-09T21:48:55.790+0000] {override.py:1911} INFO - Created Permission View: can create on DAG Run:example_python_decorator
[2024-12-09T21:48:55.790+0000] {logging_mixin.py:190} INFO - [2024-12-09T21:48:55.790+0000] {dag.py:3239} INFO - Sync 1 DAGs
[2024-12-09T21:48:55.796+0000] {logging_mixin.py:190} INFO - [2024-12-09T21:48:55.796+0000] {dag.py:3262} INFO - Creating ORM DAG for example_python_decorator
[2024-12-09T21:48:55.797+0000] {logging_mixin.py:190} INFO - [2024-12-09T21:48:55.796+0000] {dag.py:4180} INFO - Setting next_dagrun for example_python_decorator to None, run_after=None
[2024-12-09T21:48:55.804+0000] {processor.py:208} INFO - Processing /home/airflow/.local/lib/python3.12/site-packages/airflow/example_dags/example_python_decorator.py took 0.115 seconds
[2024-12-09T21:49:25.873+0000] {processor.py:186} INFO - Started process (PID=136) to work on /home/airflow/.local/lib/python3.12/site-packages/airflow/example_dags/example_python_decorator.py
[2024-12-09T21:49:25.876+0000] {processor.py:914} INFO - Processing file /home/airflow/.local/lib/python3.12/site-packages/airflow/example_dags/example_python_decorator.py for tasks to queue
[2024-12-09T21:49:25.877+0000] {logging_mixin.py:190} INFO - [2024-12-09T21:49:25.877+0000] {dagbag.py:588} INFO - Filling up the DagBag from /home/airflow/.local/lib/python3.12/site-packages/airflow/example_dags/example_python_decorator.py
[2024-12-09T21:49:25.885+0000] {processor.py:925} INFO - DAG(s) 'example_python_decorator' retrieved from /home/airflow/.local/lib/python3.12/site-packages/airflow/example_dags/example_python_decorator.py
[2024-12-09T21:49:25.899+0000] {logging_mixin.py:190} INFO - [2024-12-09T21:49:25.899+0000] {dag.py:3239} INFO - Sync 1 DAGs
[2024-12-09T21:49:25.908+0000] {logging_mixin.py:190} INFO - [2024-12-09T21:49:25.908+0000] {dag.py:4180} INFO - Setting next_dagrun for example_python_decorator to None, run_after=None
[2024-12-09T21:49:25.921+0000] {processor.py:208} INFO - Processing /home/airflow/.local/lib/python3.12/site-packages/airflow/example_dags/example_python_decorator.py took 0.050 seconds
[2024-12-09T21:49:56.464+0000] {processor.py:186} INFO - Started process (PID=199) to work on /home/airflow/.local/lib/python3.12/site-packages/airflow/example_dags/example_python_decorator.py
[2024-12-09T21:49:56.464+0000] {processor.py:914} INFO - Processing file /home/airflow/.local/lib/python3.12/site-packages/airflow/example_dags/example_python_decorator.py for tasks to queue
[2024-12-09T21:49:56.465+0000] {logging_mixin.py:190} INFO - [2024-12-09T21:49:56.465+0000] {dagbag.py:588} INFO - Filling up the DagBag from /home/airflow/.local/lib/python3.12/site-packages/airflow/example_dags/example_python_decorator.py
[2024-12-09T21:49:56.471+0000] {processor.py:925} INFO - DAG(s) 'example_python_decorator' retrieved from /home/airflow/.local/lib/python3.12/site-packages/airflow/example_dags/example_python_decorator.py
[2024-12-09T21:49:56.478+0000] {logging_mixin.py:190} INFO - [2024-12-09T21:49:56.478+0000] {dag.py:3239} INFO - Sync 1 DAGs
[2024-12-09T21:49:56.483+0000] {logging_mixin.py:190} INFO - [2024-12-09T21:49:56.483+0000] {dag.py:4180} INFO - Setting next_dagrun for example_python_decorator to None, run_after=None
[2024-12-09T21:49:56.489+0000] {processor.py:208} INFO - Processing /home/airflow/.local/lib/python3.12/site-packages/airflow/example_dags/example_python_decorator.py took 0.027 seconds
[2024-12-09T21:50:26.780+0000] {processor.py:186} INFO - Started process (PID=262) to work on /home/airflow/.local/lib/python3.12/site-packages/airflow/example_dags/example_python_decorator.py
[2024-12-09T21:50:26.781+0000] {processor.py:914} INFO - Processing file /home/airflow/.local/lib/python3.12/site-packages/airflow/example_dags/example_python_decorator.py for tasks to queue
[2024-12-09T21:50:26.781+0000] {logging_mixin.py:190} INFO - [2024-12-09T21:50:26.781+0000] {dagbag.py:588} INFO - Filling up the DagBag from /home/airflow/.local/lib/python3.12/site-packages/airflow/example_dags/example_python_decorator.py
[2024-12-09T21:50:26.787+0000] {processor.py:925} INFO - DAG(s) 'example_python_decorator' retrieved from /home/airflow/.local/lib/python3.12/site-packages/airflow/example_dags/example_python_decorator.py
[2024-12-09T21:50:26.795+0000] {logging_mixin.py:190} INFO - [2024-12-09T21:50:26.795+0000] {dag.py:3239} INFO - Sync 1 DAGs
[2024-12-09T21:50:26.800+0000] {logging_mixin.py:190} INFO - [2024-12-09T21:50:26.800+0000] {dag.py:4180} INFO - Setting next_dagrun for example_python_decorator to None, run_after=None
[2024-12-09T21:50:26.806+0000] {processor.py:208} INFO - Processing /home/airflow/.local/lib/python3.12/site-packages/airflow/example_dags/example_python_decorator.py took 0.028 seconds
[2024-12-09T21:50:56.830+0000] {processor.py:186} INFO - Started process (PID=324) to work on /home/airflow/.local/lib/python3.12/site-packages/airflow/example_dags/example_python_decorator.py
[2024-12-09T21:50:56.831+0000] {processor.py:914} INFO - Processing file /home/airflow/.local/lib/python3.12/site-packages/airflow/example_dags/example_python_decorator.py for tasks to queue
[2024-12-09T21:50:56.832+0000] {logging_mixin.py:190} INFO - [2024-12-09T21:50:56.832+0000] {dagbag.py:588} INFO - Filling up the DagBag from /home/airflow/.local/lib/python3.12/site-packages/airflow/example_dags/example_python_decorator.py
[2024-12-09T21:50:56.837+0000] {processor.py:925} INFO - DAG(s) 'example_python_decorator' retrieved from /home/airflow/.local/lib/python3.12/site-packages/airflow/example_dags/example_python_decorator.py
[2024-12-09T21:50:56.845+0000] {logging_mixin.py:190} INFO - [2024-12-09T21:50:56.845+0000] {dag.py:3239} INFO - Sync 1 DAGs
[2024-12-09T21:50:56.850+0000] {logging_mixin.py:190} INFO - [2024-12-09T21:50:56.850+0000] {dag.py:4180} INFO - Setting next_dagrun for example_python_decorator to None, run_after=None
[2024-12-09T21:50:56.855+0000] {processor.py:208} INFO - Processing /home/airflow/.local/lib/python3.12/site-packages/airflow/example_dags/example_python_decorator.py took 0.027 seconds
[2024-12-09T21:51:27.053+0000] {processor.py:186} INFO - Started process (PID=387) to work on /home/airflow/.local/lib/python3.12/site-packages/airflow/example_dags/example_python_decorator.py
[2024-12-09T21:51:27.053+0000] {processor.py:914} INFO - Processing file /home/airflow/.local/lib/python3.12/site-packages/airflow/example_dags/example_python_decorator.py for tasks to queue
[2024-12-09T21:51:27.054+0000] {logging_mixin.py:190} INFO - [2024-12-09T21:51:27.054+0000] {dagbag.py:588} INFO - Filling up the DagBag from /home/airflow/.local/lib/python3.12/site-packages/airflow/example_dags/example_python_decorator.py
[2024-12-09T21:51:27.059+0000] {processor.py:925} INFO - DAG(s) 'example_python_decorator' retrieved from /home/airflow/.local/lib/python3.12/site-packages/airflow/example_dags/example_python_decorator.py
[2024-12-09T21:51:27.067+0000] {logging_mixin.py:190} INFO - [2024-12-09T21:51:27.067+0000] {dag.py:3239} INFO - Sync 1 DAGs
[2024-12-09T21:51:27.071+0000] {logging_mixin.py:190} INFO - [2024-12-09T21:51:27.071+0000] {dag.py:4180} INFO - Setting next_dagrun for example_python_decorator to None, run_after=None
[2024-12-09T21:51:27.077+0000] {processor.py:208} INFO - Processing /home/airflow/.local/lib/python3.12/site-packages/airflow/example_dags/example_python_decorator.py took 0.027 seconds
[2024-12-09T21:51:57.338+0000] {processor.py:186} INFO - Started process (PID=451) to work on /home/airflow/.local/lib/python3.12/site-packages/airflow/example_dags/example_python_decorator.py
[2024-12-09T21:51:57.341+0000] {processor.py:914} INFO - Processing file /home/airflow/.local/lib/python3.12/site-packages/airflow/example_dags/example_python_decorator.py for tasks to queue
[2024-12-09T21:51:57.342+0000] {logging_mixin.py:190} INFO - [2024-12-09T21:51:57.342+0000] {dagbag.py:588} INFO - Filling up the DagBag from /home/airflow/.local/lib/python3.12/site-packages/airflow/example_dags/example_python_decorator.py
[2024-12-09T21:51:57.349+0000] {processor.py:925} INFO - DAG(s) 'example_python_decorator' retrieved from /home/airflow/.local/lib/python3.12/site-packages/airflow/example_dags/example_python_decorator.py
[2024-12-09T21:51:57.356+0000] {logging_mixin.py:190} INFO - [2024-12-09T21:51:57.356+0000] {dag.py:3239} INFO - Sync 1 DAGs
[2024-12-09T21:51:57.361+0000] {logging_mixin.py:190} INFO - [2024-12-09T21:51:57.361+0000] {dag.py:4180} INFO - Setting next_dagrun for example_python_decorator to None, run_after=None
[2024-12-09T21:51:57.366+0000] {processor.py:208} INFO - Processing /home/airflow/.local/lib/python3.12/site-packages/airflow/example_dags/example_python_decorator.py took 0.031 seconds
[2024-12-09T21:52:27.499+0000] {processor.py:186} INFO - Started process (PID=514) to work on /home/airflow/.local/lib/python3.12/site-packages/airflow/example_dags/example_python_decorator.py
[2024-12-09T21:52:27.500+0000] {processor.py:914} INFO - Processing file /home/airflow/.local/lib/python3.12/site-packages/airflow/example_dags/example_python_decorator.py for tasks to queue
[2024-12-09T21:52:27.501+0000] {logging_mixin.py:190} INFO - [2024-12-09T21:52:27.501+0000] {dagbag.py:588} INFO - Filling up the DagBag from /home/airflow/.local/lib/python3.12/site-packages/airflow/example_dags/example_python_decorator.py
[2024-12-09T21:52:27.508+0000] {processor.py:925} INFO - DAG(s) 'example_python_decorator' retrieved from /home/airflow/.local/lib/python3.12/site-packages/airflow/example_dags/example_python_decorator.py
[2024-12-09T21:52:27.515+0000] {logging_mixin.py:190} INFO - [2024-12-09T21:52:27.515+0000] {dag.py:3239} INFO - Sync 1 DAGs
[2024-12-09T21:52:27.520+0000] {logging_mixin.py:190} INFO - [2024-12-09T21:52:27.520+0000] {dag.py:4180} INFO - Setting next_dagrun for example_python_decorator to None, run_after=None
[2024-12-09T21:52:27.525+0000] {processor.py:208} INFO - Processing /home/airflow/.local/lib/python3.12/site-packages/airflow/example_dags/example_python_decorator.py took 0.029 seconds
[2024-12-09T21:52:57.635+0000] {processor.py:186} INFO - Started process (PID=577) to work on /home/airflow/.local/lib/python3.12/site-packages/airflow/example_dags/example_python_decorator.py
[2024-12-09T21:52:57.635+0000] {processor.py:914} INFO - Processing file /home/airflow/.local/lib/python3.12/site-packages/airflow/example_dags/example_python_decorator.py for tasks to queue
[2024-12-09T21:52:57.637+0000] {logging_mixin.py:190} INFO - [2024-12-09T21:52:57.637+0000] {dagbag.py:588} INFO - Filling up the DagBag from /home/airflow/.local/lib/python3.12/site-packages/airflow/example_dags/example_python_decorator.py
[2024-12-09T21:52:57.642+0000] {processor.py:925} INFO - DAG(s) 'example_python_decorator' retrieved from /home/airflow/.local/lib/python3.12/site-packages/airflow/example_dags/example_python_decorator.py
[2024-12-09T21:52:57.650+0000] {logging_mixin.py:190} INFO - [2024-12-09T21:52:57.650+0000] {dag.py:3239} INFO - Sync 1 DAGs
[2024-12-09T21:52:57.654+0000] {logging_mixin.py:190} INFO - [2024-12-09T21:52:57.654+0000] {dag.py:4180} INFO - Setting next_dagrun for example_python_decorator to None, run_after=None
[2024-12-09T21:52:57.660+0000] {processor.py:208} INFO - Processing /home/airflow/.local/lib/python3.12/site-packages/airflow/example_dags/example_python_decorator.py took 0.027 seconds
