[2024-12-09T21:48:54.402+0000] {processor.py:186} INFO - Started process (PID=64) to work on /home/airflow/.local/lib/python3.12/site-packages/airflow/example_dags/example_branch_python_dop_operator_3.py
[2024-12-09T21:48:54.403+0000] {processor.py:914} INFO - Processing file /home/airflow/.local/lib/python3.12/site-packages/airflow/example_dags/example_branch_python_dop_operator_3.py for tasks to queue
[2024-12-09T21:48:54.404+0000] {logging_mixin.py:190} INFO - [2024-12-09T21:48:54.404+0000] {dagbag.py:588} INFO - Filling up the DagBag from /home/airflow/.local/lib/python3.12/site-packages/airflow/example_dags/example_branch_python_dop_operator_3.py
[2024-12-09T21:48:54.409+0000] {processor.py:925} INFO - DAG(s) 'example_branch_dop_operator_v3' retrieved from /home/airflow/.local/lib/python3.12/site-packages/airflow/example_dags/example_branch_python_dop_operator_3.py
[2024-12-09T21:48:54.457+0000] {logging_mixin.py:190} INFO - [2024-12-09T21:48:54.456+0000] {override.py:1911} INFO - Created Permission View: can edit on DAG:example_branch_dop_operator_v3
[2024-12-09T21:48:54.461+0000] {logging_mixin.py:190} INFO - [2024-12-09T21:48:54.461+0000] {override.py:1911} INFO - Created Permission View: can read on DAG:example_branch_dop_operator_v3
[2024-12-09T21:48:54.464+0000] {logging_mixin.py:190} INFO - [2024-12-09T21:48:54.464+0000] {override.py:1911} INFO - Created Permission View: can delete on DAG:example_branch_dop_operator_v3
[2024-12-09T21:48:54.467+0000] {logging_mixin.py:190} INFO - [2024-12-09T21:48:54.467+0000] {override.py:1911} INFO - Created Permission View: menu access on DAG Run:example_branch_dop_operator_v3
[2024-12-09T21:48:54.470+0000] {logging_mixin.py:190} INFO - [2024-12-09T21:48:54.470+0000] {override.py:1911} INFO - Created Permission View: can read on DAG Run:example_branch_dop_operator_v3
[2024-12-09T21:48:54.474+0000] {logging_mixin.py:190} INFO - [2024-12-09T21:48:54.474+0000] {override.py:1911} INFO - Created Permission View: can delete on DAG Run:example_branch_dop_operator_v3
[2024-12-09T21:48:54.480+0000] {logging_mixin.py:190} INFO - [2024-12-09T21:48:54.480+0000] {override.py:1911} INFO - Created Permission View: can create on DAG Run:example_branch_dop_operator_v3
[2024-12-09T21:48:54.480+0000] {logging_mixin.py:190} INFO - [2024-12-09T21:48:54.480+0000] {dag.py:3239} INFO - Sync 1 DAGs
[2024-12-09T21:48:54.487+0000] {logging_mixin.py:190} INFO - [2024-12-09T21:48:54.487+0000] {dag.py:3262} INFO - Creating ORM DAG for example_branch_dop_operator_v3
[2024-12-09T21:48:54.494+0000] {logging_mixin.py:190} INFO - [2024-12-09T21:48:54.494+0000] {dag.py:4180} INFO - Setting next_dagrun for example_branch_dop_operator_v3 to 2024-12-09 21:47:00+00:00, run_after=2024-12-09 21:48:00+00:00
[2024-12-09T21:48:54.503+0000] {processor.py:208} INFO - Processing /home/airflow/.local/lib/python3.12/site-packages/airflow/example_dags/example_branch_python_dop_operator_3.py took 0.104 seconds
[2024-12-09T21:49:25.414+0000] {processor.py:186} INFO - Started process (PID=127) to work on /home/airflow/.local/lib/python3.12/site-packages/airflow/example_dags/example_branch_python_dop_operator_3.py
[2024-12-09T21:49:25.415+0000] {processor.py:914} INFO - Processing file /home/airflow/.local/lib/python3.12/site-packages/airflow/example_dags/example_branch_python_dop_operator_3.py for tasks to queue
[2024-12-09T21:49:25.416+0000] {logging_mixin.py:190} INFO - [2024-12-09T21:49:25.416+0000] {dagbag.py:588} INFO - Filling up the DagBag from /home/airflow/.local/lib/python3.12/site-packages/airflow/example_dags/example_branch_python_dop_operator_3.py
[2024-12-09T21:49:25.421+0000] {processor.py:925} INFO - DAG(s) 'example_branch_dop_operator_v3' retrieved from /home/airflow/.local/lib/python3.12/site-packages/airflow/example_dags/example_branch_python_dop_operator_3.py
[2024-12-09T21:49:25.430+0000] {logging_mixin.py:190} INFO - [2024-12-09T21:49:25.430+0000] {dag.py:3239} INFO - Sync 1 DAGs
[2024-12-09T21:49:25.440+0000] {logging_mixin.py:190} INFO - [2024-12-09T21:49:25.440+0000] {dag.py:4180} INFO - Setting next_dagrun for example_branch_dop_operator_v3 to 2024-12-09 21:48:00+00:00, run_after=2024-12-09 21:49:00+00:00
[2024-12-09T21:49:25.447+0000] {processor.py:208} INFO - Processing /home/airflow/.local/lib/python3.12/site-packages/airflow/example_dags/example_branch_python_dop_operator_3.py took 0.035 seconds
[2024-12-09T21:49:56.132+0000] {processor.py:186} INFO - Started process (PID=190) to work on /home/airflow/.local/lib/python3.12/site-packages/airflow/example_dags/example_branch_python_dop_operator_3.py
[2024-12-09T21:49:56.135+0000] {processor.py:914} INFO - Processing file /home/airflow/.local/lib/python3.12/site-packages/airflow/example_dags/example_branch_python_dop_operator_3.py for tasks to queue
[2024-12-09T21:49:56.137+0000] {logging_mixin.py:190} INFO - [2024-12-09T21:49:56.136+0000] {dagbag.py:588} INFO - Filling up the DagBag from /home/airflow/.local/lib/python3.12/site-packages/airflow/example_dags/example_branch_python_dop_operator_3.py
[2024-12-09T21:49:56.146+0000] {processor.py:925} INFO - DAG(s) 'example_branch_dop_operator_v3' retrieved from /home/airflow/.local/lib/python3.12/site-packages/airflow/example_dags/example_branch_python_dop_operator_3.py
[2024-12-09T21:49:56.159+0000] {logging_mixin.py:190} INFO - [2024-12-09T21:49:56.159+0000] {dag.py:3239} INFO - Sync 1 DAGs
[2024-12-09T21:49:56.172+0000] {logging_mixin.py:190} INFO - [2024-12-09T21:49:56.172+0000] {dag.py:4180} INFO - Setting next_dagrun for example_branch_dop_operator_v3 to 2024-12-09 21:48:00+00:00, run_after=2024-12-09 21:49:00+00:00
[2024-12-09T21:49:56.179+0000] {processor.py:208} INFO - Processing /home/airflow/.local/lib/python3.12/site-packages/airflow/example_dags/example_branch_python_dop_operator_3.py took 0.050 seconds
[2024-12-09T21:50:26.555+0000] {processor.py:186} INFO - Started process (PID=253) to work on /home/airflow/.local/lib/python3.12/site-packages/airflow/example_dags/example_branch_python_dop_operator_3.py
[2024-12-09T21:50:26.555+0000] {processor.py:914} INFO - Processing file /home/airflow/.local/lib/python3.12/site-packages/airflow/example_dags/example_branch_python_dop_operator_3.py for tasks to queue
[2024-12-09T21:50:26.556+0000] {logging_mixin.py:190} INFO - [2024-12-09T21:50:26.556+0000] {dagbag.py:588} INFO - Filling up the DagBag from /home/airflow/.local/lib/python3.12/site-packages/airflow/example_dags/example_branch_python_dop_operator_3.py
[2024-12-09T21:50:26.561+0000] {processor.py:925} INFO - DAG(s) 'example_branch_dop_operator_v3' retrieved from /home/airflow/.local/lib/python3.12/site-packages/airflow/example_dags/example_branch_python_dop_operator_3.py
[2024-12-09T21:50:26.569+0000] {logging_mixin.py:190} INFO - [2024-12-09T21:50:26.569+0000] {dag.py:3239} INFO - Sync 1 DAGs
[2024-12-09T21:50:26.579+0000] {logging_mixin.py:190} INFO - [2024-12-09T21:50:26.579+0000] {dag.py:4180} INFO - Setting next_dagrun for example_branch_dop_operator_v3 to 2024-12-09 21:49:00+00:00, run_after=2024-12-09 21:50:00+00:00
[2024-12-09T21:50:26.587+0000] {processor.py:208} INFO - Processing /home/airflow/.local/lib/python3.12/site-packages/airflow/example_dags/example_branch_python_dop_operator_3.py took 0.035 seconds
[2024-12-09T21:50:56.618+0000] {processor.py:186} INFO - Started process (PID=316) to work on /home/airflow/.local/lib/python3.12/site-packages/airflow/example_dags/example_branch_python_dop_operator_3.py
[2024-12-09T21:50:56.622+0000] {processor.py:914} INFO - Processing file /home/airflow/.local/lib/python3.12/site-packages/airflow/example_dags/example_branch_python_dop_operator_3.py for tasks to queue
[2024-12-09T21:50:56.624+0000] {logging_mixin.py:190} INFO - [2024-12-09T21:50:56.623+0000] {dagbag.py:588} INFO - Filling up the DagBag from /home/airflow/.local/lib/python3.12/site-packages/airflow/example_dags/example_branch_python_dop_operator_3.py
[2024-12-09T21:50:56.628+0000] {processor.py:925} INFO - DAG(s) 'example_branch_dop_operator_v3' retrieved from /home/airflow/.local/lib/python3.12/site-packages/airflow/example_dags/example_branch_python_dop_operator_3.py
[2024-12-09T21:50:56.637+0000] {logging_mixin.py:190} INFO - [2024-12-09T21:50:56.637+0000] {dag.py:3239} INFO - Sync 1 DAGs
[2024-12-09T21:50:56.648+0000] {logging_mixin.py:190} INFO - [2024-12-09T21:50:56.648+0000] {dag.py:4180} INFO - Setting next_dagrun for example_branch_dop_operator_v3 to 2024-12-09 21:49:00+00:00, run_after=2024-12-09 21:50:00+00:00
[2024-12-09T21:50:56.656+0000] {processor.py:208} INFO - Processing /home/airflow/.local/lib/python3.12/site-packages/airflow/example_dags/example_branch_python_dop_operator_3.py took 0.041 seconds
[2024-12-09T21:51:26.876+0000] {processor.py:186} INFO - Started process (PID=379) to work on /home/airflow/.local/lib/python3.12/site-packages/airflow/example_dags/example_branch_python_dop_operator_3.py
[2024-12-09T21:51:26.876+0000] {processor.py:914} INFO - Processing file /home/airflow/.local/lib/python3.12/site-packages/airflow/example_dags/example_branch_python_dop_operator_3.py for tasks to queue
[2024-12-09T21:51:26.878+0000] {logging_mixin.py:190} INFO - [2024-12-09T21:51:26.877+0000] {dagbag.py:588} INFO - Filling up the DagBag from /home/airflow/.local/lib/python3.12/site-packages/airflow/example_dags/example_branch_python_dop_operator_3.py
[2024-12-09T21:51:26.883+0000] {processor.py:925} INFO - DAG(s) 'example_branch_dop_operator_v3' retrieved from /home/airflow/.local/lib/python3.12/site-packages/airflow/example_dags/example_branch_python_dop_operator_3.py
[2024-12-09T21:51:26.891+0000] {logging_mixin.py:190} INFO - [2024-12-09T21:51:26.891+0000] {dag.py:3239} INFO - Sync 1 DAGs
[2024-12-09T21:51:26.901+0000] {logging_mixin.py:190} INFO - [2024-12-09T21:51:26.901+0000] {dag.py:4180} INFO - Setting next_dagrun for example_branch_dop_operator_v3 to 2024-12-09 21:50:00+00:00, run_after=2024-12-09 21:51:00+00:00
[2024-12-09T21:51:26.908+0000] {processor.py:208} INFO - Processing /home/airflow/.local/lib/python3.12/site-packages/airflow/example_dags/example_branch_python_dop_operator_3.py took 0.035 seconds
[2024-12-09T21:51:57.186+0000] {processor.py:186} INFO - Started process (PID=443) to work on /home/airflow/.local/lib/python3.12/site-packages/airflow/example_dags/example_branch_python_dop_operator_3.py
[2024-12-09T21:51:57.186+0000] {processor.py:914} INFO - Processing file /home/airflow/.local/lib/python3.12/site-packages/airflow/example_dags/example_branch_python_dop_operator_3.py for tasks to queue
[2024-12-09T21:51:57.187+0000] {logging_mixin.py:190} INFO - [2024-12-09T21:51:57.187+0000] {dagbag.py:588} INFO - Filling up the DagBag from /home/airflow/.local/lib/python3.12/site-packages/airflow/example_dags/example_branch_python_dop_operator_3.py
[2024-12-09T21:51:57.192+0000] {processor.py:925} INFO - DAG(s) 'example_branch_dop_operator_v3' retrieved from /home/airflow/.local/lib/python3.12/site-packages/airflow/example_dags/example_branch_python_dop_operator_3.py
[2024-12-09T21:51:57.201+0000] {logging_mixin.py:190} INFO - [2024-12-09T21:51:57.200+0000] {dag.py:3239} INFO - Sync 1 DAGs
[2024-12-09T21:51:57.210+0000] {logging_mixin.py:190} INFO - [2024-12-09T21:51:57.210+0000] {dag.py:4180} INFO - Setting next_dagrun for example_branch_dop_operator_v3 to 2024-12-09 21:50:00+00:00, run_after=2024-12-09 21:51:00+00:00
[2024-12-09T21:51:57.216+0000] {processor.py:208} INFO - Processing /home/airflow/.local/lib/python3.12/site-packages/airflow/example_dags/example_branch_python_dop_operator_3.py took 0.034 seconds
[2024-12-09T21:52:27.312+0000] {processor.py:186} INFO - Started process (PID=506) to work on /home/airflow/.local/lib/python3.12/site-packages/airflow/example_dags/example_branch_python_dop_operator_3.py
[2024-12-09T21:52:27.313+0000] {processor.py:914} INFO - Processing file /home/airflow/.local/lib/python3.12/site-packages/airflow/example_dags/example_branch_python_dop_operator_3.py for tasks to queue
[2024-12-09T21:52:27.314+0000] {logging_mixin.py:190} INFO - [2024-12-09T21:52:27.314+0000] {dagbag.py:588} INFO - Filling up the DagBag from /home/airflow/.local/lib/python3.12/site-packages/airflow/example_dags/example_branch_python_dop_operator_3.py
[2024-12-09T21:52:27.319+0000] {processor.py:925} INFO - DAG(s) 'example_branch_dop_operator_v3' retrieved from /home/airflow/.local/lib/python3.12/site-packages/airflow/example_dags/example_branch_python_dop_operator_3.py
[2024-12-09T21:52:27.330+0000] {logging_mixin.py:190} INFO - [2024-12-09T21:52:27.330+0000] {dag.py:3239} INFO - Sync 1 DAGs
[2024-12-09T21:52:27.341+0000] {logging_mixin.py:190} INFO - [2024-12-09T21:52:27.341+0000] {dag.py:4180} INFO - Setting next_dagrun for example_branch_dop_operator_v3 to 2024-12-09 21:51:00+00:00, run_after=2024-12-09 21:52:00+00:00
[2024-12-09T21:52:27.348+0000] {processor.py:208} INFO - Processing /home/airflow/.local/lib/python3.12/site-packages/airflow/example_dags/example_branch_python_dop_operator_3.py took 0.039 seconds
[2024-12-09T21:52:57.474+0000] {processor.py:186} INFO - Started process (PID=569) to work on /home/airflow/.local/lib/python3.12/site-packages/airflow/example_dags/example_branch_python_dop_operator_3.py
[2024-12-09T21:52:57.477+0000] {processor.py:914} INFO - Processing file /home/airflow/.local/lib/python3.12/site-packages/airflow/example_dags/example_branch_python_dop_operator_3.py for tasks to queue
[2024-12-09T21:52:57.478+0000] {logging_mixin.py:190} INFO - [2024-12-09T21:52:57.478+0000] {dagbag.py:588} INFO - Filling up the DagBag from /home/airflow/.local/lib/python3.12/site-packages/airflow/example_dags/example_branch_python_dop_operator_3.py
[2024-12-09T21:52:57.482+0000] {processor.py:925} INFO - DAG(s) 'example_branch_dop_operator_v3' retrieved from /home/airflow/.local/lib/python3.12/site-packages/airflow/example_dags/example_branch_python_dop_operator_3.py
[2024-12-09T21:52:57.490+0000] {logging_mixin.py:190} INFO - [2024-12-09T21:52:57.490+0000] {dag.py:3239} INFO - Sync 1 DAGs
[2024-12-09T21:52:57.499+0000] {logging_mixin.py:190} INFO - [2024-12-09T21:52:57.499+0000] {dag.py:4180} INFO - Setting next_dagrun for example_branch_dop_operator_v3 to 2024-12-09 21:51:00+00:00, run_after=2024-12-09 21:52:00+00:00
[2024-12-09T21:52:57.505+0000] {processor.py:208} INFO - Processing /home/airflow/.local/lib/python3.12/site-packages/airflow/example_dags/example_branch_python_dop_operator_3.py took 0.033 seconds
