[2024-12-09T21:48:55.995+0000] {processor.py:186} INFO - Started process (PID=76) to work on /home/airflow/.local/lib/python3.12/site-packages/airflow/example_dags/tutorial.py
[2024-12-09T21:48:55.995+0000] {processor.py:914} INFO - Processing file /home/airflow/.local/lib/python3.12/site-packages/airflow/example_dags/tutorial.py for tasks to queue
[2024-12-09T21:48:55.996+0000] {logging_mixin.py:190} INFO - [2024-12-09T21:48:55.996+0000] {dagbag.py:588} INFO - Filling up the DagBag from /home/airflow/.local/lib/python3.12/site-packages/airflow/example_dags/tutorial.py
[2024-12-09T21:48:56.000+0000] {processor.py:925} INFO - DAG(s) 'tutorial' retrieved from /home/airflow/.local/lib/python3.12/site-packages/airflow/example_dags/tutorial.py
[2024-12-09T21:48:56.040+0000] {logging_mixin.py:190} INFO - [2024-12-09T21:48:56.040+0000] {override.py:1911} INFO - Created Permission View: can edit on DAG:tutorial
[2024-12-09T21:48:56.044+0000] {logging_mixin.py:190} INFO - [2024-12-09T21:48:56.044+0000] {override.py:1911} INFO - Created Permission View: can read on DAG:tutorial
[2024-12-09T21:48:56.046+0000] {logging_mixin.py:190} INFO - [2024-12-09T21:48:56.046+0000] {override.py:1911} INFO - Created Permission View: can delete on DAG:tutorial
[2024-12-09T21:48:56.048+0000] {logging_mixin.py:190} INFO - [2024-12-09T21:48:56.048+0000] {override.py:1911} INFO - Created Permission View: menu access on DAG Run:tutorial
[2024-12-09T21:48:56.050+0000] {logging_mixin.py:190} INFO - [2024-12-09T21:48:56.049+0000] {override.py:1911} INFO - Created Permission View: can read on DAG Run:tutorial
[2024-12-09T21:48:56.052+0000] {logging_mixin.py:190} INFO - [2024-12-09T21:48:56.052+0000] {override.py:1911} INFO - Created Permission View: can delete on DAG Run:tutorial
[2024-12-09T21:48:56.053+0000] {logging_mixin.py:190} INFO - [2024-12-09T21:48:56.053+0000] {override.py:1911} INFO - Created Permission View: can create on DAG Run:tutorial
[2024-12-09T21:48:56.054+0000] {logging_mixin.py:190} INFO - [2024-12-09T21:48:56.053+0000] {dag.py:3239} INFO - Sync 1 DAGs
[2024-12-09T21:48:56.059+0000] {logging_mixin.py:190} INFO - [2024-12-09T21:48:56.058+0000] {dag.py:3262} INFO - Creating ORM DAG for tutorial
[2024-12-09T21:48:56.063+0000] {logging_mixin.py:190} INFO - [2024-12-09T21:48:56.063+0000] {dag.py:4180} INFO - Setting next_dagrun for tutorial to 2024-12-08 00:00:00+00:00, run_after=2024-12-09 00:00:00+00:00
[2024-12-09T21:48:56.069+0000] {processor.py:208} INFO - Processing /home/airflow/.local/lib/python3.12/site-packages/airflow/example_dags/tutorial.py took 0.077 seconds
[2024-12-09T21:49:27.458+0000] {processor.py:186} INFO - Started process (PID=145) to work on /home/airflow/.local/lib/python3.12/site-packages/airflow/example_dags/tutorial.py
[2024-12-09T21:49:27.458+0000] {processor.py:914} INFO - Processing file /home/airflow/.local/lib/python3.12/site-packages/airflow/example_dags/tutorial.py for tasks to queue
[2024-12-09T21:49:27.459+0000] {logging_mixin.py:190} INFO - [2024-12-09T21:49:27.459+0000] {dagbag.py:588} INFO - Filling up the DagBag from /home/airflow/.local/lib/python3.12/site-packages/airflow/example_dags/tutorial.py
[2024-12-09T21:49:27.464+0000] {processor.py:925} INFO - DAG(s) 'tutorial' retrieved from /home/airflow/.local/lib/python3.12/site-packages/airflow/example_dags/tutorial.py
[2024-12-09T21:49:27.472+0000] {logging_mixin.py:190} INFO - [2024-12-09T21:49:27.472+0000] {dag.py:3239} INFO - Sync 1 DAGs
[2024-12-09T21:49:27.481+0000] {logging_mixin.py:190} INFO - [2024-12-09T21:49:27.481+0000] {dag.py:4180} INFO - Setting next_dagrun for tutorial to 2024-12-08 00:00:00+00:00, run_after=2024-12-09 00:00:00+00:00
[2024-12-09T21:49:27.487+0000] {processor.py:208} INFO - Processing /home/airflow/.local/lib/python3.12/site-packages/airflow/example_dags/tutorial.py took 0.033 seconds
[2024-12-09T21:49:57.798+0000] {processor.py:186} INFO - Started process (PID=208) to work on /home/airflow/.local/lib/python3.12/site-packages/airflow/example_dags/tutorial.py
[2024-12-09T21:49:57.801+0000] {processor.py:914} INFO - Processing file /home/airflow/.local/lib/python3.12/site-packages/airflow/example_dags/tutorial.py for tasks to queue
[2024-12-09T21:49:57.802+0000] {logging_mixin.py:190} INFO - [2024-12-09T21:49:57.802+0000] {dagbag.py:588} INFO - Filling up the DagBag from /home/airflow/.local/lib/python3.12/site-packages/airflow/example_dags/tutorial.py
[2024-12-09T21:49:57.806+0000] {processor.py:925} INFO - DAG(s) 'tutorial' retrieved from /home/airflow/.local/lib/python3.12/site-packages/airflow/example_dags/tutorial.py
[2024-12-09T21:49:57.814+0000] {logging_mixin.py:190} INFO - [2024-12-09T21:49:57.814+0000] {dag.py:3239} INFO - Sync 1 DAGs
[2024-12-09T21:49:57.822+0000] {logging_mixin.py:190} INFO - [2024-12-09T21:49:57.822+0000] {dag.py:4180} INFO - Setting next_dagrun for tutorial to 2024-12-08 00:00:00+00:00, run_after=2024-12-09 00:00:00+00:00
[2024-12-09T21:49:57.832+0000] {processor.py:208} INFO - Processing /home/airflow/.local/lib/python3.12/site-packages/airflow/example_dags/tutorial.py took 0.036 seconds
[2024-12-09T21:50:28.091+0000] {processor.py:186} INFO - Started process (PID=271) to work on /home/airflow/.local/lib/python3.12/site-packages/airflow/example_dags/tutorial.py
[2024-12-09T21:50:28.091+0000] {processor.py:914} INFO - Processing file /home/airflow/.local/lib/python3.12/site-packages/airflow/example_dags/tutorial.py for tasks to queue
[2024-12-09T21:50:28.092+0000] {logging_mixin.py:190} INFO - [2024-12-09T21:50:28.092+0000] {dagbag.py:588} INFO - Filling up the DagBag from /home/airflow/.local/lib/python3.12/site-packages/airflow/example_dags/tutorial.py
[2024-12-09T21:50:28.095+0000] {processor.py:925} INFO - DAG(s) 'tutorial' retrieved from /home/airflow/.local/lib/python3.12/site-packages/airflow/example_dags/tutorial.py
[2024-12-09T21:50:28.107+0000] {logging_mixin.py:190} INFO - [2024-12-09T21:50:28.107+0000] {dag.py:3239} INFO - Sync 1 DAGs
[2024-12-09T21:50:28.117+0000] {logging_mixin.py:190} INFO - [2024-12-09T21:50:28.116+0000] {dag.py:4180} INFO - Setting next_dagrun for tutorial to 2024-12-08 00:00:00+00:00, run_after=2024-12-09 00:00:00+00:00
[2024-12-09T21:50:28.124+0000] {processor.py:208} INFO - Processing /home/airflow/.local/lib/python3.12/site-packages/airflow/example_dags/tutorial.py took 0.035 seconds
[2024-12-09T21:50:58.372+0000] {processor.py:186} INFO - Started process (PID=334) to work on /home/airflow/.local/lib/python3.12/site-packages/airflow/example_dags/tutorial.py
[2024-12-09T21:50:58.376+0000] {processor.py:914} INFO - Processing file /home/airflow/.local/lib/python3.12/site-packages/airflow/example_dags/tutorial.py for tasks to queue
[2024-12-09T21:50:58.377+0000] {logging_mixin.py:190} INFO - [2024-12-09T21:50:58.377+0000] {dagbag.py:588} INFO - Filling up the DagBag from /home/airflow/.local/lib/python3.12/site-packages/airflow/example_dags/tutorial.py
[2024-12-09T21:50:58.381+0000] {processor.py:925} INFO - DAG(s) 'tutorial' retrieved from /home/airflow/.local/lib/python3.12/site-packages/airflow/example_dags/tutorial.py
[2024-12-09T21:50:58.390+0000] {logging_mixin.py:190} INFO - [2024-12-09T21:50:58.390+0000] {dag.py:3239} INFO - Sync 1 DAGs
[2024-12-09T21:50:58.400+0000] {logging_mixin.py:190} INFO - [2024-12-09T21:50:58.400+0000] {dag.py:4180} INFO - Setting next_dagrun for tutorial to 2024-12-08 00:00:00+00:00, run_after=2024-12-09 00:00:00+00:00
[2024-12-09T21:50:58.408+0000] {processor.py:208} INFO - Processing /home/airflow/.local/lib/python3.12/site-packages/airflow/example_dags/tutorial.py took 0.038 seconds
[2024-12-09T21:51:29.382+0000] {processor.py:186} INFO - Started process (PID=397) to work on /home/airflow/.local/lib/python3.12/site-packages/airflow/example_dags/tutorial.py
[2024-12-09T21:51:29.383+0000] {processor.py:914} INFO - Processing file /home/airflow/.local/lib/python3.12/site-packages/airflow/example_dags/tutorial.py for tasks to queue
[2024-12-09T21:51:29.384+0000] {logging_mixin.py:190} INFO - [2024-12-09T21:51:29.384+0000] {dagbag.py:588} INFO - Filling up the DagBag from /home/airflow/.local/lib/python3.12/site-packages/airflow/example_dags/tutorial.py
[2024-12-09T21:51:29.387+0000] {processor.py:925} INFO - DAG(s) 'tutorial' retrieved from /home/airflow/.local/lib/python3.12/site-packages/airflow/example_dags/tutorial.py
[2024-12-09T21:51:29.394+0000] {logging_mixin.py:190} INFO - [2024-12-09T21:51:29.394+0000] {dag.py:3239} INFO - Sync 1 DAGs
[2024-12-09T21:51:29.401+0000] {logging_mixin.py:190} INFO - [2024-12-09T21:51:29.401+0000] {dag.py:4180} INFO - Setting next_dagrun for tutorial to 2024-12-08 00:00:00+00:00, run_after=2024-12-09 00:00:00+00:00
[2024-12-09T21:51:29.407+0000] {processor.py:208} INFO - Processing /home/airflow/.local/lib/python3.12/site-packages/airflow/example_dags/tutorial.py took 0.027 seconds
[2024-12-09T21:51:59.637+0000] {processor.py:186} INFO - Started process (PID=459) to work on /home/airflow/.local/lib/python3.12/site-packages/airflow/example_dags/tutorial.py
[2024-12-09T21:51:59.637+0000] {processor.py:914} INFO - Processing file /home/airflow/.local/lib/python3.12/site-packages/airflow/example_dags/tutorial.py for tasks to queue
[2024-12-09T21:51:59.638+0000] {logging_mixin.py:190} INFO - [2024-12-09T21:51:59.638+0000] {dagbag.py:588} INFO - Filling up the DagBag from /home/airflow/.local/lib/python3.12/site-packages/airflow/example_dags/tutorial.py
[2024-12-09T21:51:59.641+0000] {processor.py:925} INFO - DAG(s) 'tutorial' retrieved from /home/airflow/.local/lib/python3.12/site-packages/airflow/example_dags/tutorial.py
[2024-12-09T21:51:59.649+0000] {logging_mixin.py:190} INFO - [2024-12-09T21:51:59.649+0000] {dag.py:3239} INFO - Sync 1 DAGs
[2024-12-09T21:51:59.657+0000] {logging_mixin.py:190} INFO - [2024-12-09T21:51:59.657+0000] {dag.py:4180} INFO - Setting next_dagrun for tutorial to 2024-12-08 00:00:00+00:00, run_after=2024-12-09 00:00:00+00:00
[2024-12-09T21:51:59.663+0000] {processor.py:208} INFO - Processing /home/airflow/.local/lib/python3.12/site-packages/airflow/example_dags/tutorial.py took 0.028 seconds
[2024-12-09T21:52:30.838+0000] {processor.py:186} INFO - Started process (PID=523) to work on /home/airflow/.local/lib/python3.12/site-packages/airflow/example_dags/tutorial.py
[2024-12-09T21:52:30.840+0000] {processor.py:914} INFO - Processing file /home/airflow/.local/lib/python3.12/site-packages/airflow/example_dags/tutorial.py for tasks to queue
[2024-12-09T21:52:30.841+0000] {logging_mixin.py:190} INFO - [2024-12-09T21:52:30.841+0000] {dagbag.py:588} INFO - Filling up the DagBag from /home/airflow/.local/lib/python3.12/site-packages/airflow/example_dags/tutorial.py
[2024-12-09T21:52:30.845+0000] {processor.py:925} INFO - DAG(s) 'tutorial' retrieved from /home/airflow/.local/lib/python3.12/site-packages/airflow/example_dags/tutorial.py
[2024-12-09T21:52:30.852+0000] {logging_mixin.py:190} INFO - [2024-12-09T21:52:30.852+0000] {dag.py:3239} INFO - Sync 1 DAGs
[2024-12-09T21:52:30.860+0000] {logging_mixin.py:190} INFO - [2024-12-09T21:52:30.860+0000] {dag.py:4180} INFO - Setting next_dagrun for tutorial to 2024-12-08 00:00:00+00:00, run_after=2024-12-09 00:00:00+00:00
[2024-12-09T21:52:30.865+0000] {processor.py:208} INFO - Processing /home/airflow/.local/lib/python3.12/site-packages/airflow/example_dags/tutorial.py took 0.029 seconds
[2024-12-09T21:53:01.999+0000] {processor.py:186} INFO - Started process (PID=586) to work on /home/airflow/.local/lib/python3.12/site-packages/airflow/example_dags/tutorial.py
[2024-12-09T21:53:02.000+0000] {processor.py:914} INFO - Processing file /home/airflow/.local/lib/python3.12/site-packages/airflow/example_dags/tutorial.py for tasks to queue
[2024-12-09T21:53:02.001+0000] {logging_mixin.py:190} INFO - [2024-12-09T21:53:02.001+0000] {dagbag.py:588} INFO - Filling up the DagBag from /home/airflow/.local/lib/python3.12/site-packages/airflow/example_dags/tutorial.py
[2024-12-09T21:53:02.004+0000] {processor.py:925} INFO - DAG(s) 'tutorial' retrieved from /home/airflow/.local/lib/python3.12/site-packages/airflow/example_dags/tutorial.py
[2024-12-09T21:53:02.012+0000] {logging_mixin.py:190} INFO - [2024-12-09T21:53:02.012+0000] {dag.py:3239} INFO - Sync 1 DAGs
[2024-12-09T21:53:02.021+0000] {logging_mixin.py:190} INFO - [2024-12-09T21:53:02.021+0000] {dag.py:4180} INFO - Setting next_dagrun for tutorial to 2024-12-08 00:00:00+00:00, run_after=2024-12-09 00:00:00+00:00
[2024-12-09T21:53:02.027+0000] {processor.py:208} INFO - Processing /home/airflow/.local/lib/python3.12/site-packages/airflow/example_dags/tutorial.py took 0.031 seconds
