[2024-12-09T21:48:53.598+0000] {processor.py:186} INFO - Started process (PID=50) to work on /home/airflow/.local/lib/python3.12/site-packages/airflow/example_dags/tutorial_taskflow_api.py
[2024-12-09T21:48:53.599+0000] {processor.py:914} INFO - Processing file /home/airflow/.local/lib/python3.12/site-packages/airflow/example_dags/tutorial_taskflow_api.py for tasks to queue
[2024-12-09T21:48:53.600+0000] {logging_mixin.py:190} INFO - [2024-12-09T21:48:53.600+0000] {dagbag.py:588} INFO - Filling up the DagBag from /home/airflow/.local/lib/python3.12/site-packages/airflow/example_dags/tutorial_taskflow_api.py
[2024-12-09T21:48:53.607+0000] {processor.py:925} INFO - DAG(s) 'tutorial_taskflow_api' retrieved from /home/airflow/.local/lib/python3.12/site-packages/airflow/example_dags/tutorial_taskflow_api.py
[2024-12-09T21:48:53.660+0000] {logging_mixin.py:190} INFO - [2024-12-09T21:48:53.660+0000] {override.py:1911} INFO - Created Permission View: can edit on DAG:tutorial_taskflow_api
[2024-12-09T21:48:53.667+0000] {logging_mixin.py:190} INFO - [2024-12-09T21:48:53.666+0000] {override.py:1911} INFO - Created Permission View: can read on DAG:tutorial_taskflow_api
[2024-12-09T21:48:53.670+0000] {logging_mixin.py:190} INFO - [2024-12-09T21:48:53.670+0000] {override.py:1911} INFO - Created Permission View: can delete on DAG:tutorial_taskflow_api
[2024-12-09T21:48:53.674+0000] {logging_mixin.py:190} INFO - [2024-12-09T21:48:53.673+0000] {override.py:1911} INFO - Created Permission View: menu access on DAG Run:tutorial_taskflow_api
[2024-12-09T21:48:53.676+0000] {logging_mixin.py:190} INFO - [2024-12-09T21:48:53.676+0000] {override.py:1911} INFO - Created Permission View: can read on DAG Run:tutorial_taskflow_api
[2024-12-09T21:48:53.679+0000] {logging_mixin.py:190} INFO - [2024-12-09T21:48:53.679+0000] {override.py:1911} INFO - Created Permission View: can delete on DAG Run:tutorial_taskflow_api
[2024-12-09T21:48:53.682+0000] {logging_mixin.py:190} INFO - [2024-12-09T21:48:53.682+0000] {override.py:1911} INFO - Created Permission View: can create on DAG Run:tutorial_taskflow_api
[2024-12-09T21:48:53.682+0000] {logging_mixin.py:190} INFO - [2024-12-09T21:48:53.682+0000] {dag.py:3239} INFO - Sync 1 DAGs
[2024-12-09T21:48:53.688+0000] {logging_mixin.py:190} INFO - [2024-12-09T21:48:53.688+0000] {dag.py:3262} INFO - Creating ORM DAG for tutorial_taskflow_api
[2024-12-09T21:48:53.689+0000] {logging_mixin.py:190} INFO - [2024-12-09T21:48:53.689+0000] {dag.py:4180} INFO - Setting next_dagrun for tutorial_taskflow_api to None, run_after=None
[2024-12-09T21:48:53.696+0000] {processor.py:208} INFO - Processing /home/airflow/.local/lib/python3.12/site-packages/airflow/example_dags/tutorial_taskflow_api.py took 0.101 seconds
[2024-12-09T21:49:24.001+0000] {processor.py:186} INFO - Started process (PID=113) to work on /home/airflow/.local/lib/python3.12/site-packages/airflow/example_dags/tutorial_taskflow_api.py
[2024-12-09T21:49:24.002+0000] {processor.py:914} INFO - Processing file /home/airflow/.local/lib/python3.12/site-packages/airflow/example_dags/tutorial_taskflow_api.py for tasks to queue
[2024-12-09T21:49:24.003+0000] {logging_mixin.py:190} INFO - [2024-12-09T21:49:24.003+0000] {dagbag.py:588} INFO - Filling up the DagBag from /home/airflow/.local/lib/python3.12/site-packages/airflow/example_dags/tutorial_taskflow_api.py
[2024-12-09T21:49:24.010+0000] {processor.py:925} INFO - DAG(s) 'tutorial_taskflow_api' retrieved from /home/airflow/.local/lib/python3.12/site-packages/airflow/example_dags/tutorial_taskflow_api.py
[2024-12-09T21:49:24.021+0000] {logging_mixin.py:190} INFO - [2024-12-09T21:49:24.021+0000] {dag.py:3239} INFO - Sync 1 DAGs
[2024-12-09T21:49:24.027+0000] {logging_mixin.py:190} INFO - [2024-12-09T21:49:24.027+0000] {dag.py:4180} INFO - Setting next_dagrun for tutorial_taskflow_api to None, run_after=None
[2024-12-09T21:49:24.034+0000] {processor.py:208} INFO - Processing /home/airflow/.local/lib/python3.12/site-packages/airflow/example_dags/tutorial_taskflow_api.py took 0.035 seconds
[2024-12-09T21:49:54.674+0000] {processor.py:186} INFO - Started process (PID=176) to work on /home/airflow/.local/lib/python3.12/site-packages/airflow/example_dags/tutorial_taskflow_api.py
[2024-12-09T21:49:54.675+0000] {processor.py:914} INFO - Processing file /home/airflow/.local/lib/python3.12/site-packages/airflow/example_dags/tutorial_taskflow_api.py for tasks to queue
[2024-12-09T21:49:54.679+0000] {logging_mixin.py:190} INFO - [2024-12-09T21:49:54.679+0000] {dagbag.py:588} INFO - Filling up the DagBag from /home/airflow/.local/lib/python3.12/site-packages/airflow/example_dags/tutorial_taskflow_api.py
[2024-12-09T21:49:54.684+0000] {processor.py:925} INFO - DAG(s) 'tutorial_taskflow_api' retrieved from /home/airflow/.local/lib/python3.12/site-packages/airflow/example_dags/tutorial_taskflow_api.py
[2024-12-09T21:49:54.730+0000] {logging_mixin.py:190} INFO - [2024-12-09T21:49:54.729+0000] {dag.py:3239} INFO - Sync 1 DAGs
[2024-12-09T21:49:54.741+0000] {logging_mixin.py:190} INFO - [2024-12-09T21:49:54.741+0000] {dag.py:4180} INFO - Setting next_dagrun for tutorial_taskflow_api to None, run_after=None
[2024-12-09T21:49:54.748+0000] {processor.py:208} INFO - Processing /home/airflow/.local/lib/python3.12/site-packages/airflow/example_dags/tutorial_taskflow_api.py took 0.080 seconds
[2024-12-09T21:50:25.144+0000] {processor.py:186} INFO - Started process (PID=239) to work on /home/airflow/.local/lib/python3.12/site-packages/airflow/example_dags/tutorial_taskflow_api.py
[2024-12-09T21:50:25.145+0000] {processor.py:914} INFO - Processing file /home/airflow/.local/lib/python3.12/site-packages/airflow/example_dags/tutorial_taskflow_api.py for tasks to queue
[2024-12-09T21:50:25.147+0000] {logging_mixin.py:190} INFO - [2024-12-09T21:50:25.147+0000] {dagbag.py:588} INFO - Filling up the DagBag from /home/airflow/.local/lib/python3.12/site-packages/airflow/example_dags/tutorial_taskflow_api.py
[2024-12-09T21:50:25.152+0000] {processor.py:925} INFO - DAG(s) 'tutorial_taskflow_api' retrieved from /home/airflow/.local/lib/python3.12/site-packages/airflow/example_dags/tutorial_taskflow_api.py
[2024-12-09T21:50:25.165+0000] {logging_mixin.py:190} INFO - [2024-12-09T21:50:25.165+0000] {dag.py:3239} INFO - Sync 1 DAGs
[2024-12-09T21:50:25.173+0000] {logging_mixin.py:190} INFO - [2024-12-09T21:50:25.172+0000] {dag.py:4180} INFO - Setting next_dagrun for tutorial_taskflow_api to None, run_after=None
[2024-12-09T21:50:25.183+0000] {processor.py:208} INFO - Processing /home/airflow/.local/lib/python3.12/site-packages/airflow/example_dags/tutorial_taskflow_api.py took 0.042 seconds
[2024-12-09T21:50:55.275+0000] {processor.py:186} INFO - Started process (PID=302) to work on /home/airflow/.local/lib/python3.12/site-packages/airflow/example_dags/tutorial_taskflow_api.py
[2024-12-09T21:50:55.275+0000] {processor.py:914} INFO - Processing file /home/airflow/.local/lib/python3.12/site-packages/airflow/example_dags/tutorial_taskflow_api.py for tasks to queue
[2024-12-09T21:50:55.277+0000] {logging_mixin.py:190} INFO - [2024-12-09T21:50:55.277+0000] {dagbag.py:588} INFO - Filling up the DagBag from /home/airflow/.local/lib/python3.12/site-packages/airflow/example_dags/tutorial_taskflow_api.py
[2024-12-09T21:50:55.280+0000] {processor.py:925} INFO - DAG(s) 'tutorial_taskflow_api' retrieved from /home/airflow/.local/lib/python3.12/site-packages/airflow/example_dags/tutorial_taskflow_api.py
[2024-12-09T21:50:55.288+0000] {logging_mixin.py:190} INFO - [2024-12-09T21:50:55.287+0000] {dag.py:3239} INFO - Sync 1 DAGs
[2024-12-09T21:50:55.294+0000] {logging_mixin.py:190} INFO - [2024-12-09T21:50:55.294+0000] {dag.py:4180} INFO - Setting next_dagrun for tutorial_taskflow_api to None, run_after=None
[2024-12-09T21:50:55.300+0000] {processor.py:208} INFO - Processing /home/airflow/.local/lib/python3.12/site-packages/airflow/example_dags/tutorial_taskflow_api.py took 0.028 seconds
[2024-12-09T21:51:25.508+0000] {processor.py:186} INFO - Started process (PID=365) to work on /home/airflow/.local/lib/python3.12/site-packages/airflow/example_dags/tutorial_taskflow_api.py
[2024-12-09T21:51:25.509+0000] {processor.py:914} INFO - Processing file /home/airflow/.local/lib/python3.12/site-packages/airflow/example_dags/tutorial_taskflow_api.py for tasks to queue
[2024-12-09T21:51:25.511+0000] {logging_mixin.py:190} INFO - [2024-12-09T21:51:25.510+0000] {dagbag.py:588} INFO - Filling up the DagBag from /home/airflow/.local/lib/python3.12/site-packages/airflow/example_dags/tutorial_taskflow_api.py
[2024-12-09T21:51:25.515+0000] {processor.py:925} INFO - DAG(s) 'tutorial_taskflow_api' retrieved from /home/airflow/.local/lib/python3.12/site-packages/airflow/example_dags/tutorial_taskflow_api.py
[2024-12-09T21:51:25.526+0000] {logging_mixin.py:190} INFO - [2024-12-09T21:51:25.526+0000] {dag.py:3239} INFO - Sync 1 DAGs
[2024-12-09T21:51:25.536+0000] {logging_mixin.py:190} INFO - [2024-12-09T21:51:25.536+0000] {dag.py:4180} INFO - Setting next_dagrun for tutorial_taskflow_api to None, run_after=None
[2024-12-09T21:51:25.543+0000] {processor.py:208} INFO - Processing /home/airflow/.local/lib/python3.12/site-packages/airflow/example_dags/tutorial_taskflow_api.py took 0.038 seconds
[2024-12-09T21:51:55.827+0000] {processor.py:186} INFO - Started process (PID=429) to work on /home/airflow/.local/lib/python3.12/site-packages/airflow/example_dags/tutorial_taskflow_api.py
[2024-12-09T21:51:55.827+0000] {processor.py:914} INFO - Processing file /home/airflow/.local/lib/python3.12/site-packages/airflow/example_dags/tutorial_taskflow_api.py for tasks to queue
[2024-12-09T21:51:55.828+0000] {logging_mixin.py:190} INFO - [2024-12-09T21:51:55.828+0000] {dagbag.py:588} INFO - Filling up the DagBag from /home/airflow/.local/lib/python3.12/site-packages/airflow/example_dags/tutorial_taskflow_api.py
[2024-12-09T21:51:55.831+0000] {processor.py:925} INFO - DAG(s) 'tutorial_taskflow_api' retrieved from /home/airflow/.local/lib/python3.12/site-packages/airflow/example_dags/tutorial_taskflow_api.py
[2024-12-09T21:51:55.837+0000] {logging_mixin.py:190} INFO - [2024-12-09T21:51:55.837+0000] {dag.py:3239} INFO - Sync 1 DAGs
[2024-12-09T21:51:55.842+0000] {logging_mixin.py:190} INFO - [2024-12-09T21:51:55.842+0000] {dag.py:4180} INFO - Setting next_dagrun for tutorial_taskflow_api to None, run_after=None
[2024-12-09T21:51:55.847+0000] {processor.py:208} INFO - Processing /home/airflow/.local/lib/python3.12/site-packages/airflow/example_dags/tutorial_taskflow_api.py took 0.022 seconds
[2024-12-09T21:52:25.923+0000] {processor.py:186} INFO - Started process (PID=492) to work on /home/airflow/.local/lib/python3.12/site-packages/airflow/example_dags/tutorial_taskflow_api.py
[2024-12-09T21:52:25.925+0000] {processor.py:914} INFO - Processing file /home/airflow/.local/lib/python3.12/site-packages/airflow/example_dags/tutorial_taskflow_api.py for tasks to queue
[2024-12-09T21:52:25.927+0000] {logging_mixin.py:190} INFO - [2024-12-09T21:52:25.926+0000] {dagbag.py:588} INFO - Filling up the DagBag from /home/airflow/.local/lib/python3.12/site-packages/airflow/example_dags/tutorial_taskflow_api.py
[2024-12-09T21:52:25.931+0000] {processor.py:925} INFO - DAG(s) 'tutorial_taskflow_api' retrieved from /home/airflow/.local/lib/python3.12/site-packages/airflow/example_dags/tutorial_taskflow_api.py
[2024-12-09T21:52:25.939+0000] {logging_mixin.py:190} INFO - [2024-12-09T21:52:25.939+0000] {dag.py:3239} INFO - Sync 1 DAGs
[2024-12-09T21:52:25.945+0000] {logging_mixin.py:190} INFO - [2024-12-09T21:52:25.945+0000] {dag.py:4180} INFO - Setting next_dagrun for tutorial_taskflow_api to None, run_after=None
[2024-12-09T21:52:25.954+0000] {processor.py:208} INFO - Processing /home/airflow/.local/lib/python3.12/site-packages/airflow/example_dags/tutorial_taskflow_api.py took 0.034 seconds
[2024-12-09T21:52:56.135+0000] {processor.py:186} INFO - Started process (PID=555) to work on /home/airflow/.local/lib/python3.12/site-packages/airflow/example_dags/tutorial_taskflow_api.py
[2024-12-09T21:52:56.136+0000] {processor.py:914} INFO - Processing file /home/airflow/.local/lib/python3.12/site-packages/airflow/example_dags/tutorial_taskflow_api.py for tasks to queue
[2024-12-09T21:52:56.137+0000] {logging_mixin.py:190} INFO - [2024-12-09T21:52:56.137+0000] {dagbag.py:588} INFO - Filling up the DagBag from /home/airflow/.local/lib/python3.12/site-packages/airflow/example_dags/tutorial_taskflow_api.py
[2024-12-09T21:52:56.143+0000] {processor.py:925} INFO - DAG(s) 'tutorial_taskflow_api' retrieved from /home/airflow/.local/lib/python3.12/site-packages/airflow/example_dags/tutorial_taskflow_api.py
[2024-12-09T21:52:56.154+0000] {logging_mixin.py:190} INFO - [2024-12-09T21:52:56.154+0000] {dag.py:3239} INFO - Sync 1 DAGs
[2024-12-09T21:52:56.159+0000] {logging_mixin.py:190} INFO - [2024-12-09T21:52:56.159+0000] {dag.py:4180} INFO - Setting next_dagrun for tutorial_taskflow_api to None, run_after=None
[2024-12-09T21:52:56.166+0000] {processor.py:208} INFO - Processing /home/airflow/.local/lib/python3.12/site-packages/airflow/example_dags/tutorial_taskflow_api.py took 0.033 seconds
