[2024-12-09T21:48:54.929+0000] {processor.py:186} INFO - Started process (PID=70) to work on /home/airflow/.local/lib/python3.12/site-packages/airflow/example_dags/tutorial_taskflow_api_virtualenv.py
[2024-12-09T21:48:54.929+0000] {processor.py:914} INFO - Processing file /home/airflow/.local/lib/python3.12/site-packages/airflow/example_dags/tutorial_taskflow_api_virtualenv.py for tasks to queue
[2024-12-09T21:48:54.931+0000] {logging_mixin.py:190} INFO - [2024-12-09T21:48:54.931+0000] {dagbag.py:588} INFO - Filling up the DagBag from /home/airflow/.local/lib/python3.12/site-packages/airflow/example_dags/tutorial_taskflow_api_virtualenv.py
[2024-12-09T21:48:54.937+0000] {processor.py:925} INFO - DAG(s) 'tutorial_taskflow_api_virtualenv' retrieved from /home/airflow/.local/lib/python3.12/site-packages/airflow/example_dags/tutorial_taskflow_api_virtualenv.py
[2024-12-09T21:48:54.985+0000] {logging_mixin.py:190} INFO - [2024-12-09T21:48:54.984+0000] {override.py:1911} INFO - Created Permission View: can edit on DAG:tutorial_taskflow_api_virtualenv
[2024-12-09T21:48:54.989+0000] {logging_mixin.py:190} INFO - [2024-12-09T21:48:54.989+0000] {override.py:1911} INFO - Created Permission View: can read on DAG:tutorial_taskflow_api_virtualenv
[2024-12-09T21:48:54.992+0000] {logging_mixin.py:190} INFO - [2024-12-09T21:48:54.992+0000] {override.py:1911} INFO - Created Permission View: can delete on DAG:tutorial_taskflow_api_virtualenv
[2024-12-09T21:48:54.995+0000] {logging_mixin.py:190} INFO - [2024-12-09T21:48:54.994+0000] {override.py:1911} INFO - Created Permission View: menu access on DAG Run:tutorial_taskflow_api_virtualenv
[2024-12-09T21:48:54.997+0000] {logging_mixin.py:190} INFO - [2024-12-09T21:48:54.997+0000] {override.py:1911} INFO - Created Permission View: can read on DAG Run:tutorial_taskflow_api_virtualenv
[2024-12-09T21:48:55.000+0000] {logging_mixin.py:190} INFO - [2024-12-09T21:48:55.000+0000] {override.py:1911} INFO - Created Permission View: can delete on DAG Run:tutorial_taskflow_api_virtualenv
[2024-12-09T21:48:55.002+0000] {logging_mixin.py:190} INFO - [2024-12-09T21:48:55.002+0000] {override.py:1911} INFO - Created Permission View: can create on DAG Run:tutorial_taskflow_api_virtualenv
[2024-12-09T21:48:55.003+0000] {logging_mixin.py:190} INFO - [2024-12-09T21:48:55.003+0000] {dag.py:3239} INFO - Sync 1 DAGs
[2024-12-09T21:48:55.009+0000] {logging_mixin.py:190} INFO - [2024-12-09T21:48:55.009+0000] {dag.py:3262} INFO - Creating ORM DAG for tutorial_taskflow_api_virtualenv
[2024-12-09T21:48:55.009+0000] {logging_mixin.py:190} INFO - [2024-12-09T21:48:55.009+0000] {dag.py:4180} INFO - Setting next_dagrun for tutorial_taskflow_api_virtualenv to None, run_after=None
[2024-12-09T21:48:55.019+0000] {processor.py:208} INFO - Processing /home/airflow/.local/lib/python3.12/site-packages/airflow/example_dags/tutorial_taskflow_api_virtualenv.py took 0.093 seconds
[2024-12-09T21:49:25.532+0000] {processor.py:186} INFO - Started process (PID=132) to work on /home/airflow/.local/lib/python3.12/site-packages/airflow/example_dags/tutorial_taskflow_api_virtualenv.py
[2024-12-09T21:49:25.532+0000] {processor.py:914} INFO - Processing file /home/airflow/.local/lib/python3.12/site-packages/airflow/example_dags/tutorial_taskflow_api_virtualenv.py for tasks to queue
[2024-12-09T21:49:25.535+0000] {logging_mixin.py:190} INFO - [2024-12-09T21:49:25.535+0000] {dagbag.py:588} INFO - Filling up the DagBag from /home/airflow/.local/lib/python3.12/site-packages/airflow/example_dags/tutorial_taskflow_api_virtualenv.py
[2024-12-09T21:49:25.541+0000] {processor.py:925} INFO - DAG(s) 'tutorial_taskflow_api_virtualenv' retrieved from /home/airflow/.local/lib/python3.12/site-packages/airflow/example_dags/tutorial_taskflow_api_virtualenv.py
[2024-12-09T21:49:25.548+0000] {logging_mixin.py:190} INFO - [2024-12-09T21:49:25.548+0000] {dag.py:3239} INFO - Sync 1 DAGs
[2024-12-09T21:49:25.553+0000] {logging_mixin.py:190} INFO - [2024-12-09T21:49:25.553+0000] {dag.py:4180} INFO - Setting next_dagrun for tutorial_taskflow_api_virtualenv to None, run_after=None
[2024-12-09T21:49:25.560+0000] {processor.py:208} INFO - Processing /home/airflow/.local/lib/python3.12/site-packages/airflow/example_dags/tutorial_taskflow_api_virtualenv.py took 0.031 seconds
[2024-12-09T21:49:56.345+0000] {processor.py:186} INFO - Started process (PID=196) to work on /home/airflow/.local/lib/python3.12/site-packages/airflow/example_dags/tutorial_taskflow_api_virtualenv.py
[2024-12-09T21:49:56.345+0000] {processor.py:914} INFO - Processing file /home/airflow/.local/lib/python3.12/site-packages/airflow/example_dags/tutorial_taskflow_api_virtualenv.py for tasks to queue
[2024-12-09T21:49:56.347+0000] {logging_mixin.py:190} INFO - [2024-12-09T21:49:56.347+0000] {dagbag.py:588} INFO - Filling up the DagBag from /home/airflow/.local/lib/python3.12/site-packages/airflow/example_dags/tutorial_taskflow_api_virtualenv.py
[2024-12-09T21:49:56.352+0000] {processor.py:925} INFO - DAG(s) 'tutorial_taskflow_api_virtualenv' retrieved from /home/airflow/.local/lib/python3.12/site-packages/airflow/example_dags/tutorial_taskflow_api_virtualenv.py
[2024-12-09T21:49:56.360+0000] {logging_mixin.py:190} INFO - [2024-12-09T21:49:56.360+0000] {dag.py:3239} INFO - Sync 1 DAGs
[2024-12-09T21:49:56.366+0000] {logging_mixin.py:190} INFO - [2024-12-09T21:49:56.366+0000] {dag.py:4180} INFO - Setting next_dagrun for tutorial_taskflow_api_virtualenv to None, run_after=None
[2024-12-09T21:49:56.372+0000] {processor.py:208} INFO - Processing /home/airflow/.local/lib/python3.12/site-packages/airflow/example_dags/tutorial_taskflow_api_virtualenv.py took 0.030 seconds
[2024-12-09T21:50:26.703+0000] {processor.py:186} INFO - Started process (PID=258) to work on /home/airflow/.local/lib/python3.12/site-packages/airflow/example_dags/tutorial_taskflow_api_virtualenv.py
[2024-12-09T21:50:26.703+0000] {processor.py:914} INFO - Processing file /home/airflow/.local/lib/python3.12/site-packages/airflow/example_dags/tutorial_taskflow_api_virtualenv.py for tasks to queue
[2024-12-09T21:50:26.704+0000] {logging_mixin.py:190} INFO - [2024-12-09T21:50:26.704+0000] {dagbag.py:588} INFO - Filling up the DagBag from /home/airflow/.local/lib/python3.12/site-packages/airflow/example_dags/tutorial_taskflow_api_virtualenv.py
[2024-12-09T21:50:26.710+0000] {processor.py:925} INFO - DAG(s) 'tutorial_taskflow_api_virtualenv' retrieved from /home/airflow/.local/lib/python3.12/site-packages/airflow/example_dags/tutorial_taskflow_api_virtualenv.py
[2024-12-09T21:50:26.717+0000] {logging_mixin.py:190} INFO - [2024-12-09T21:50:26.717+0000] {dag.py:3239} INFO - Sync 1 DAGs
[2024-12-09T21:50:26.722+0000] {logging_mixin.py:190} INFO - [2024-12-09T21:50:26.722+0000] {dag.py:4180} INFO - Setting next_dagrun for tutorial_taskflow_api_virtualenv to None, run_after=None
[2024-12-09T21:50:26.728+0000] {processor.py:208} INFO - Processing /home/airflow/.local/lib/python3.12/site-packages/airflow/example_dags/tutorial_taskflow_api_virtualenv.py took 0.028 seconds
[2024-12-09T21:50:56.755+0000] {processor.py:186} INFO - Started process (PID=321) to work on /home/airflow/.local/lib/python3.12/site-packages/airflow/example_dags/tutorial_taskflow_api_virtualenv.py
[2024-12-09T21:50:56.755+0000] {processor.py:914} INFO - Processing file /home/airflow/.local/lib/python3.12/site-packages/airflow/example_dags/tutorial_taskflow_api_virtualenv.py for tasks to queue
[2024-12-09T21:50:56.756+0000] {logging_mixin.py:190} INFO - [2024-12-09T21:50:56.756+0000] {dagbag.py:588} INFO - Filling up the DagBag from /home/airflow/.local/lib/python3.12/site-packages/airflow/example_dags/tutorial_taskflow_api_virtualenv.py
[2024-12-09T21:50:56.761+0000] {processor.py:925} INFO - DAG(s) 'tutorial_taskflow_api_virtualenv' retrieved from /home/airflow/.local/lib/python3.12/site-packages/airflow/example_dags/tutorial_taskflow_api_virtualenv.py
[2024-12-09T21:50:56.768+0000] {logging_mixin.py:190} INFO - [2024-12-09T21:50:56.768+0000] {dag.py:3239} INFO - Sync 1 DAGs
[2024-12-09T21:50:56.774+0000] {logging_mixin.py:190} INFO - [2024-12-09T21:50:56.773+0000] {dag.py:4180} INFO - Setting next_dagrun for tutorial_taskflow_api_virtualenv to None, run_after=None
[2024-12-09T21:50:56.780+0000] {processor.py:208} INFO - Processing /home/airflow/.local/lib/python3.12/site-packages/airflow/example_dags/tutorial_taskflow_api_virtualenv.py took 0.027 seconds
[2024-12-09T21:51:26.988+0000] {processor.py:186} INFO - Started process (PID=384) to work on /home/airflow/.local/lib/python3.12/site-packages/airflow/example_dags/tutorial_taskflow_api_virtualenv.py
[2024-12-09T21:51:26.988+0000] {processor.py:914} INFO - Processing file /home/airflow/.local/lib/python3.12/site-packages/airflow/example_dags/tutorial_taskflow_api_virtualenv.py for tasks to queue
[2024-12-09T21:51:26.990+0000] {logging_mixin.py:190} INFO - [2024-12-09T21:51:26.990+0000] {dagbag.py:588} INFO - Filling up the DagBag from /home/airflow/.local/lib/python3.12/site-packages/airflow/example_dags/tutorial_taskflow_api_virtualenv.py
[2024-12-09T21:51:26.995+0000] {processor.py:925} INFO - DAG(s) 'tutorial_taskflow_api_virtualenv' retrieved from /home/airflow/.local/lib/python3.12/site-packages/airflow/example_dags/tutorial_taskflow_api_virtualenv.py
[2024-12-09T21:51:27.004+0000] {logging_mixin.py:190} INFO - [2024-12-09T21:51:27.004+0000] {dag.py:3239} INFO - Sync 1 DAGs
[2024-12-09T21:51:27.009+0000] {logging_mixin.py:190} INFO - [2024-12-09T21:51:27.009+0000] {dag.py:4180} INFO - Setting next_dagrun for tutorial_taskflow_api_virtualenv to None, run_after=None
[2024-12-09T21:51:27.015+0000] {processor.py:208} INFO - Processing /home/airflow/.local/lib/python3.12/site-packages/airflow/example_dags/tutorial_taskflow_api_virtualenv.py took 0.030 seconds
[2024-12-09T21:51:57.279+0000] {processor.py:186} INFO - Started process (PID=448) to work on /home/airflow/.local/lib/python3.12/site-packages/airflow/example_dags/tutorial_taskflow_api_virtualenv.py
[2024-12-09T21:51:57.282+0000] {processor.py:914} INFO - Processing file /home/airflow/.local/lib/python3.12/site-packages/airflow/example_dags/tutorial_taskflow_api_virtualenv.py for tasks to queue
[2024-12-09T21:51:57.283+0000] {logging_mixin.py:190} INFO - [2024-12-09T21:51:57.283+0000] {dagbag.py:588} INFO - Filling up the DagBag from /home/airflow/.local/lib/python3.12/site-packages/airflow/example_dags/tutorial_taskflow_api_virtualenv.py
[2024-12-09T21:51:57.289+0000] {processor.py:925} INFO - DAG(s) 'tutorial_taskflow_api_virtualenv' retrieved from /home/airflow/.local/lib/python3.12/site-packages/airflow/example_dags/tutorial_taskflow_api_virtualenv.py
[2024-12-09T21:51:57.297+0000] {logging_mixin.py:190} INFO - [2024-12-09T21:51:57.297+0000] {dag.py:3239} INFO - Sync 1 DAGs
[2024-12-09T21:51:57.303+0000] {logging_mixin.py:190} INFO - [2024-12-09T21:51:57.303+0000] {dag.py:4180} INFO - Setting next_dagrun for tutorial_taskflow_api_virtualenv to None, run_after=None
[2024-12-09T21:51:57.309+0000] {processor.py:208} INFO - Processing /home/airflow/.local/lib/python3.12/site-packages/airflow/example_dags/tutorial_taskflow_api_virtualenv.py took 0.032 seconds
[2024-12-09T21:52:27.430+0000] {processor.py:186} INFO - Started process (PID=511) to work on /home/airflow/.local/lib/python3.12/site-packages/airflow/example_dags/tutorial_taskflow_api_virtualenv.py
[2024-12-09T21:52:27.431+0000] {processor.py:914} INFO - Processing file /home/airflow/.local/lib/python3.12/site-packages/airflow/example_dags/tutorial_taskflow_api_virtualenv.py for tasks to queue
[2024-12-09T21:52:27.432+0000] {logging_mixin.py:190} INFO - [2024-12-09T21:52:27.432+0000] {dagbag.py:588} INFO - Filling up the DagBag from /home/airflow/.local/lib/python3.12/site-packages/airflow/example_dags/tutorial_taskflow_api_virtualenv.py
[2024-12-09T21:52:27.437+0000] {processor.py:925} INFO - DAG(s) 'tutorial_taskflow_api_virtualenv' retrieved from /home/airflow/.local/lib/python3.12/site-packages/airflow/example_dags/tutorial_taskflow_api_virtualenv.py
[2024-12-09T21:52:27.446+0000] {logging_mixin.py:190} INFO - [2024-12-09T21:52:27.446+0000] {dag.py:3239} INFO - Sync 1 DAGs
[2024-12-09T21:52:27.451+0000] {logging_mixin.py:190} INFO - [2024-12-09T21:52:27.451+0000] {dag.py:4180} INFO - Setting next_dagrun for tutorial_taskflow_api_virtualenv to None, run_after=None
[2024-12-09T21:52:27.458+0000] {processor.py:208} INFO - Processing /home/airflow/.local/lib/python3.12/site-packages/airflow/example_dags/tutorial_taskflow_api_virtualenv.py took 0.031 seconds
[2024-12-09T21:52:57.566+0000] {processor.py:186} INFO - Started process (PID=574) to work on /home/airflow/.local/lib/python3.12/site-packages/airflow/example_dags/tutorial_taskflow_api_virtualenv.py
[2024-12-09T21:52:57.569+0000] {processor.py:914} INFO - Processing file /home/airflow/.local/lib/python3.12/site-packages/airflow/example_dags/tutorial_taskflow_api_virtualenv.py for tasks to queue
[2024-12-09T21:52:57.570+0000] {logging_mixin.py:190} INFO - [2024-12-09T21:52:57.570+0000] {dagbag.py:588} INFO - Filling up the DagBag from /home/airflow/.local/lib/python3.12/site-packages/airflow/example_dags/tutorial_taskflow_api_virtualenv.py
[2024-12-09T21:52:57.575+0000] {processor.py:925} INFO - DAG(s) 'tutorial_taskflow_api_virtualenv' retrieved from /home/airflow/.local/lib/python3.12/site-packages/airflow/example_dags/tutorial_taskflow_api_virtualenv.py
[2024-12-09T21:52:57.582+0000] {logging_mixin.py:190} INFO - [2024-12-09T21:52:57.582+0000] {dag.py:3239} INFO - Sync 1 DAGs
[2024-12-09T21:52:57.587+0000] {logging_mixin.py:190} INFO - [2024-12-09T21:52:57.587+0000] {dag.py:4180} INFO - Setting next_dagrun for tutorial_taskflow_api_virtualenv to None, run_after=None
[2024-12-09T21:52:57.594+0000] {processor.py:208} INFO - Processing /home/airflow/.local/lib/python3.12/site-packages/airflow/example_dags/tutorial_taskflow_api_virtualenv.py took 0.030 seconds
