[2024-12-09T21:48:53.713+0000] {processor.py:186} INFO - Started process (PID=52) to work on /home/airflow/.local/lib/python3.12/site-packages/airflow/example_dags/tutorial_objectstorage.py
[2024-12-09T21:48:53.714+0000] {processor.py:914} INFO - Processing file /home/airflow/.local/lib/python3.12/site-packages/airflow/example_dags/tutorial_objectstorage.py for tasks to queue
[2024-12-09T21:48:53.715+0000] {logging_mixin.py:190} INFO - [2024-12-09T21:48:53.715+0000] {dagbag.py:588} INFO - Filling up the DagBag from /home/airflow/.local/lib/python3.12/site-packages/airflow/example_dags/tutorial_objectstorage.py
[2024-12-09T21:48:53.721+0000] {processor.py:925} INFO - DAG(s) 'tutorial_objectstorage' retrieved from /home/airflow/.local/lib/python3.12/site-packages/airflow/example_dags/tutorial_objectstorage.py
[2024-12-09T21:48:53.779+0000] {logging_mixin.py:190} INFO - [2024-12-09T21:48:53.779+0000] {override.py:1911} INFO - Created Permission View: can edit on DAG:tutorial_objectstorage
[2024-12-09T21:48:53.784+0000] {logging_mixin.py:190} INFO - [2024-12-09T21:48:53.784+0000] {override.py:1911} INFO - Created Permission View: can read on DAG:tutorial_objectstorage
[2024-12-09T21:48:53.790+0000] {logging_mixin.py:190} INFO - [2024-12-09T21:48:53.790+0000] {override.py:1911} INFO - Created Permission View: can delete on DAG:tutorial_objectstorage
[2024-12-09T21:48:53.792+0000] {logging_mixin.py:190} INFO - [2024-12-09T21:48:53.792+0000] {override.py:1911} INFO - Created Permission View: menu access on DAG Run:tutorial_objectstorage
[2024-12-09T21:48:53.794+0000] {logging_mixin.py:190} INFO - [2024-12-09T21:48:53.794+0000] {override.py:1911} INFO - Created Permission View: can read on DAG Run:tutorial_objectstorage
[2024-12-09T21:48:53.796+0000] {logging_mixin.py:190} INFO - [2024-12-09T21:48:53.796+0000] {override.py:1911} INFO - Created Permission View: can delete on DAG Run:tutorial_objectstorage
[2024-12-09T21:48:53.798+0000] {logging_mixin.py:190} INFO - [2024-12-09T21:48:53.798+0000] {override.py:1911} INFO - Created Permission View: can create on DAG Run:tutorial_objectstorage
[2024-12-09T21:48:53.798+0000] {logging_mixin.py:190} INFO - [2024-12-09T21:48:53.798+0000] {dag.py:3239} INFO - Sync 1 DAGs
[2024-12-09T21:48:53.803+0000] {logging_mixin.py:190} INFO - [2024-12-09T21:48:53.803+0000] {dag.py:3262} INFO - Creating ORM DAG for tutorial_objectstorage
[2024-12-09T21:48:53.803+0000] {logging_mixin.py:190} INFO - [2024-12-09T21:48:53.803+0000] {dag.py:4180} INFO - Setting next_dagrun for tutorial_objectstorage to None, run_after=None
[2024-12-09T21:48:53.810+0000] {processor.py:208} INFO - Processing /home/airflow/.local/lib/python3.12/site-packages/airflow/example_dags/tutorial_objectstorage.py took 0.100 seconds
[2024-12-09T21:49:24.047+0000] {processor.py:186} INFO - Started process (PID=115) to work on /home/airflow/.local/lib/python3.12/site-packages/airflow/example_dags/tutorial_objectstorage.py
[2024-12-09T21:49:24.048+0000] {processor.py:914} INFO - Processing file /home/airflow/.local/lib/python3.12/site-packages/airflow/example_dags/tutorial_objectstorage.py for tasks to queue
[2024-12-09T21:49:24.049+0000] {logging_mixin.py:190} INFO - [2024-12-09T21:49:24.048+0000] {dagbag.py:588} INFO - Filling up the DagBag from /home/airflow/.local/lib/python3.12/site-packages/airflow/example_dags/tutorial_objectstorage.py
[2024-12-09T21:49:24.053+0000] {processor.py:925} INFO - DAG(s) 'tutorial_objectstorage' retrieved from /home/airflow/.local/lib/python3.12/site-packages/airflow/example_dags/tutorial_objectstorage.py
[2024-12-09T21:49:24.061+0000] {logging_mixin.py:190} INFO - [2024-12-09T21:49:24.061+0000] {dag.py:3239} INFO - Sync 1 DAGs
[2024-12-09T21:49:24.067+0000] {logging_mixin.py:190} INFO - [2024-12-09T21:49:24.066+0000] {dag.py:4180} INFO - Setting next_dagrun for tutorial_objectstorage to None, run_after=None
[2024-12-09T21:49:24.074+0000] {processor.py:208} INFO - Processing /home/airflow/.local/lib/python3.12/site-packages/airflow/example_dags/tutorial_objectstorage.py took 0.029 seconds
[2024-12-09T21:49:54.760+0000] {processor.py:186} INFO - Started process (PID=178) to work on /home/airflow/.local/lib/python3.12/site-packages/airflow/example_dags/tutorial_objectstorage.py
[2024-12-09T21:49:54.760+0000] {processor.py:914} INFO - Processing file /home/airflow/.local/lib/python3.12/site-packages/airflow/example_dags/tutorial_objectstorage.py for tasks to queue
[2024-12-09T21:49:54.761+0000] {logging_mixin.py:190} INFO - [2024-12-09T21:49:54.761+0000] {dagbag.py:588} INFO - Filling up the DagBag from /home/airflow/.local/lib/python3.12/site-packages/airflow/example_dags/tutorial_objectstorage.py
[2024-12-09T21:49:54.765+0000] {processor.py:925} INFO - DAG(s) 'tutorial_objectstorage' retrieved from /home/airflow/.local/lib/python3.12/site-packages/airflow/example_dags/tutorial_objectstorage.py
[2024-12-09T21:49:54.773+0000] {logging_mixin.py:190} INFO - [2024-12-09T21:49:54.772+0000] {dag.py:3239} INFO - Sync 1 DAGs
[2024-12-09T21:49:54.779+0000] {logging_mixin.py:190} INFO - [2024-12-09T21:49:54.779+0000] {dag.py:4180} INFO - Setting next_dagrun for tutorial_objectstorage to None, run_after=None
[2024-12-09T21:49:54.786+0000] {processor.py:208} INFO - Processing /home/airflow/.local/lib/python3.12/site-packages/airflow/example_dags/tutorial_objectstorage.py took 0.029 seconds
[2024-12-09T21:50:25.200+0000] {processor.py:186} INFO - Started process (PID=241) to work on /home/airflow/.local/lib/python3.12/site-packages/airflow/example_dags/tutorial_objectstorage.py
[2024-12-09T21:50:25.201+0000] {processor.py:914} INFO - Processing file /home/airflow/.local/lib/python3.12/site-packages/airflow/example_dags/tutorial_objectstorage.py for tasks to queue
[2024-12-09T21:50:25.202+0000] {logging_mixin.py:190} INFO - [2024-12-09T21:50:25.202+0000] {dagbag.py:588} INFO - Filling up the DagBag from /home/airflow/.local/lib/python3.12/site-packages/airflow/example_dags/tutorial_objectstorage.py
[2024-12-09T21:50:25.207+0000] {processor.py:925} INFO - DAG(s) 'tutorial_objectstorage' retrieved from /home/airflow/.local/lib/python3.12/site-packages/airflow/example_dags/tutorial_objectstorage.py
[2024-12-09T21:50:25.220+0000] {logging_mixin.py:190} INFO - [2024-12-09T21:50:25.220+0000] {dag.py:3239} INFO - Sync 1 DAGs
[2024-12-09T21:50:25.227+0000] {logging_mixin.py:190} INFO - [2024-12-09T21:50:25.226+0000] {dag.py:4180} INFO - Setting next_dagrun for tutorial_objectstorage to None, run_after=None
[2024-12-09T21:50:25.235+0000] {processor.py:208} INFO - Processing /home/airflow/.local/lib/python3.12/site-packages/airflow/example_dags/tutorial_objectstorage.py took 0.039 seconds
[2024-12-09T21:50:55.312+0000] {processor.py:186} INFO - Started process (PID=304) to work on /home/airflow/.local/lib/python3.12/site-packages/airflow/example_dags/tutorial_objectstorage.py
[2024-12-09T21:50:55.313+0000] {processor.py:914} INFO - Processing file /home/airflow/.local/lib/python3.12/site-packages/airflow/example_dags/tutorial_objectstorage.py for tasks to queue
[2024-12-09T21:50:55.314+0000] {logging_mixin.py:190} INFO - [2024-12-09T21:50:55.314+0000] {dagbag.py:588} INFO - Filling up the DagBag from /home/airflow/.local/lib/python3.12/site-packages/airflow/example_dags/tutorial_objectstorage.py
[2024-12-09T21:50:55.318+0000] {processor.py:925} INFO - DAG(s) 'tutorial_objectstorage' retrieved from /home/airflow/.local/lib/python3.12/site-packages/airflow/example_dags/tutorial_objectstorage.py
[2024-12-09T21:50:55.325+0000] {logging_mixin.py:190} INFO - [2024-12-09T21:50:55.325+0000] {dag.py:3239} INFO - Sync 1 DAGs
[2024-12-09T21:50:55.330+0000] {logging_mixin.py:190} INFO - [2024-12-09T21:50:55.330+0000] {dag.py:4180} INFO - Setting next_dagrun for tutorial_objectstorage to None, run_after=None
[2024-12-09T21:50:55.336+0000] {processor.py:208} INFO - Processing /home/airflow/.local/lib/python3.12/site-packages/airflow/example_dags/tutorial_objectstorage.py took 0.026 seconds
[2024-12-09T21:51:25.561+0000] {processor.py:186} INFO - Started process (PID=367) to work on /home/airflow/.local/lib/python3.12/site-packages/airflow/example_dags/tutorial_objectstorage.py
[2024-12-09T21:51:25.562+0000] {processor.py:914} INFO - Processing file /home/airflow/.local/lib/python3.12/site-packages/airflow/example_dags/tutorial_objectstorage.py for tasks to queue
[2024-12-09T21:51:25.563+0000] {logging_mixin.py:190} INFO - [2024-12-09T21:51:25.563+0000] {dagbag.py:588} INFO - Filling up the DagBag from /home/airflow/.local/lib/python3.12/site-packages/airflow/example_dags/tutorial_objectstorage.py
[2024-12-09T21:51:25.567+0000] {processor.py:925} INFO - DAG(s) 'tutorial_objectstorage' retrieved from /home/airflow/.local/lib/python3.12/site-packages/airflow/example_dags/tutorial_objectstorage.py
[2024-12-09T21:51:25.575+0000] {logging_mixin.py:190} INFO - [2024-12-09T21:51:25.575+0000] {dag.py:3239} INFO - Sync 1 DAGs
[2024-12-09T21:51:25.582+0000] {logging_mixin.py:190} INFO - [2024-12-09T21:51:25.582+0000] {dag.py:4180} INFO - Setting next_dagrun for tutorial_objectstorage to None, run_after=None
[2024-12-09T21:51:25.590+0000] {processor.py:208} INFO - Processing /home/airflow/.local/lib/python3.12/site-packages/airflow/example_dags/tutorial_objectstorage.py took 0.032 seconds
[2024-12-09T21:51:55.857+0000] {processor.py:186} INFO - Started process (PID=431) to work on /home/airflow/.local/lib/python3.12/site-packages/airflow/example_dags/tutorial_objectstorage.py
[2024-12-09T21:51:55.861+0000] {processor.py:914} INFO - Processing file /home/airflow/.local/lib/python3.12/site-packages/airflow/example_dags/tutorial_objectstorage.py for tasks to queue
[2024-12-09T21:51:55.862+0000] {logging_mixin.py:190} INFO - [2024-12-09T21:51:55.862+0000] {dagbag.py:588} INFO - Filling up the DagBag from /home/airflow/.local/lib/python3.12/site-packages/airflow/example_dags/tutorial_objectstorage.py
[2024-12-09T21:51:55.866+0000] {processor.py:925} INFO - DAG(s) 'tutorial_objectstorage' retrieved from /home/airflow/.local/lib/python3.12/site-packages/airflow/example_dags/tutorial_objectstorage.py
[2024-12-09T21:51:55.872+0000] {logging_mixin.py:190} INFO - [2024-12-09T21:51:55.872+0000] {dag.py:3239} INFO - Sync 1 DAGs
[2024-12-09T21:51:55.878+0000] {logging_mixin.py:190} INFO - [2024-12-09T21:51:55.878+0000] {dag.py:4180} INFO - Setting next_dagrun for tutorial_objectstorage to None, run_after=None
[2024-12-09T21:51:55.884+0000] {processor.py:208} INFO - Processing /home/airflow/.local/lib/python3.12/site-packages/airflow/example_dags/tutorial_objectstorage.py took 0.029 seconds
[2024-12-09T21:52:25.966+0000] {processor.py:186} INFO - Started process (PID=494) to work on /home/airflow/.local/lib/python3.12/site-packages/airflow/example_dags/tutorial_objectstorage.py
[2024-12-09T21:52:25.967+0000] {processor.py:914} INFO - Processing file /home/airflow/.local/lib/python3.12/site-packages/airflow/example_dags/tutorial_objectstorage.py for tasks to queue
[2024-12-09T21:52:25.968+0000] {logging_mixin.py:190} INFO - [2024-12-09T21:52:25.968+0000] {dagbag.py:588} INFO - Filling up the DagBag from /home/airflow/.local/lib/python3.12/site-packages/airflow/example_dags/tutorial_objectstorage.py
[2024-12-09T21:52:25.973+0000] {processor.py:925} INFO - DAG(s) 'tutorial_objectstorage' retrieved from /home/airflow/.local/lib/python3.12/site-packages/airflow/example_dags/tutorial_objectstorage.py
[2024-12-09T21:52:25.983+0000] {logging_mixin.py:190} INFO - [2024-12-09T21:52:25.982+0000] {dag.py:3239} INFO - Sync 1 DAGs
[2024-12-09T21:52:25.993+0000] {logging_mixin.py:190} INFO - [2024-12-09T21:52:25.992+0000] {dag.py:4180} INFO - Setting next_dagrun for tutorial_objectstorage to None, run_after=None
[2024-12-09T21:52:26.009+0000] {processor.py:208} INFO - Processing /home/airflow/.local/lib/python3.12/site-packages/airflow/example_dags/tutorial_objectstorage.py took 0.046 seconds
[2024-12-09T21:52:56.179+0000] {processor.py:186} INFO - Started process (PID=557) to work on /home/airflow/.local/lib/python3.12/site-packages/airflow/example_dags/tutorial_objectstorage.py
[2024-12-09T21:52:56.179+0000] {processor.py:914} INFO - Processing file /home/airflow/.local/lib/python3.12/site-packages/airflow/example_dags/tutorial_objectstorage.py for tasks to queue
[2024-12-09T21:52:56.180+0000] {logging_mixin.py:190} INFO - [2024-12-09T21:52:56.180+0000] {dagbag.py:588} INFO - Filling up the DagBag from /home/airflow/.local/lib/python3.12/site-packages/airflow/example_dags/tutorial_objectstorage.py
[2024-12-09T21:52:56.184+0000] {processor.py:925} INFO - DAG(s) 'tutorial_objectstorage' retrieved from /home/airflow/.local/lib/python3.12/site-packages/airflow/example_dags/tutorial_objectstorage.py
[2024-12-09T21:52:56.191+0000] {logging_mixin.py:190} INFO - [2024-12-09T21:52:56.191+0000] {dag.py:3239} INFO - Sync 1 DAGs
[2024-12-09T21:52:56.197+0000] {logging_mixin.py:190} INFO - [2024-12-09T21:52:56.196+0000] {dag.py:4180} INFO - Setting next_dagrun for tutorial_objectstorage to None, run_after=None
[2024-12-09T21:52:56.203+0000] {processor.py:208} INFO - Processing /home/airflow/.local/lib/python3.12/site-packages/airflow/example_dags/tutorial_objectstorage.py took 0.027 seconds
