[2024-12-09T21:48:56.497+0000] {processor.py:186} INFO - Started process (PID=85) to work on /home/airflow/.local/lib/python3.12/site-packages/airflow/example_dags/tutorial_dag.py
[2024-12-09T21:48:56.498+0000] {processor.py:914} INFO - Processing file /home/airflow/.local/lib/python3.12/site-packages/airflow/example_dags/tutorial_dag.py for tasks to queue
[2024-12-09T21:48:56.499+0000] {logging_mixin.py:190} INFO - [2024-12-09T21:48:56.499+0000] {dagbag.py:588} INFO - Filling up the DagBag from /home/airflow/.local/lib/python3.12/site-packages/airflow/example_dags/tutorial_dag.py
[2024-12-09T21:48:56.504+0000] {processor.py:925} INFO - DAG(s) 'tutorial_dag' retrieved from /home/airflow/.local/lib/python3.12/site-packages/airflow/example_dags/tutorial_dag.py
[2024-12-09T21:48:56.558+0000] {logging_mixin.py:190} INFO - [2024-12-09T21:48:56.557+0000] {override.py:1911} INFO - Created Permission View: can edit on DAG:tutorial_dag
[2024-12-09T21:48:56.564+0000] {logging_mixin.py:190} INFO - [2024-12-09T21:48:56.563+0000] {override.py:1911} INFO - Created Permission View: can read on DAG:tutorial_dag
[2024-12-09T21:48:56.565+0000] {logging_mixin.py:190} INFO - [2024-12-09T21:48:56.565+0000] {override.py:1911} INFO - Created Permission View: can delete on DAG:tutorial_dag
[2024-12-09T21:48:56.567+0000] {logging_mixin.py:190} INFO - [2024-12-09T21:48:56.567+0000] {override.py:1911} INFO - Created Permission View: menu access on DAG Run:tutorial_dag
[2024-12-09T21:48:56.570+0000] {logging_mixin.py:190} INFO - [2024-12-09T21:48:56.570+0000] {override.py:1911} INFO - Created Permission View: can read on DAG Run:tutorial_dag
[2024-12-09T21:48:56.574+0000] {logging_mixin.py:190} INFO - [2024-12-09T21:48:56.573+0000] {override.py:1911} INFO - Created Permission View: can delete on DAG Run:tutorial_dag
[2024-12-09T21:48:56.577+0000] {logging_mixin.py:190} INFO - [2024-12-09T21:48:56.577+0000] {override.py:1911} INFO - Created Permission View: can create on DAG Run:tutorial_dag
[2024-12-09T21:48:56.577+0000] {logging_mixin.py:190} INFO - [2024-12-09T21:48:56.577+0000] {dag.py:3239} INFO - Sync 1 DAGs
[2024-12-09T21:48:56.582+0000] {logging_mixin.py:190} INFO - [2024-12-09T21:48:56.582+0000] {dag.py:3262} INFO - Creating ORM DAG for tutorial_dag
[2024-12-09T21:48:56.582+0000] {logging_mixin.py:190} INFO - [2024-12-09T21:48:56.582+0000] {dag.py:4180} INFO - Setting next_dagrun for tutorial_dag to None, run_after=None
[2024-12-09T21:48:56.591+0000] {processor.py:208} INFO - Processing /home/airflow/.local/lib/python3.12/site-packages/airflow/example_dags/tutorial_dag.py took 0.096 seconds
[2024-12-09T21:49:27.685+0000] {processor.py:186} INFO - Started process (PID=154) to work on /home/airflow/.local/lib/python3.12/site-packages/airflow/example_dags/tutorial_dag.py
[2024-12-09T21:49:27.686+0000] {processor.py:914} INFO - Processing file /home/airflow/.local/lib/python3.12/site-packages/airflow/example_dags/tutorial_dag.py for tasks to queue
[2024-12-09T21:49:27.687+0000] {logging_mixin.py:190} INFO - [2024-12-09T21:49:27.687+0000] {dagbag.py:588} INFO - Filling up the DagBag from /home/airflow/.local/lib/python3.12/site-packages/airflow/example_dags/tutorial_dag.py
[2024-12-09T21:49:27.690+0000] {processor.py:925} INFO - DAG(s) 'tutorial_dag' retrieved from /home/airflow/.local/lib/python3.12/site-packages/airflow/example_dags/tutorial_dag.py
[2024-12-09T21:49:27.697+0000] {logging_mixin.py:190} INFO - [2024-12-09T21:49:27.697+0000] {dag.py:3239} INFO - Sync 1 DAGs
[2024-12-09T21:49:27.702+0000] {logging_mixin.py:190} INFO - [2024-12-09T21:49:27.702+0000] {dag.py:4180} INFO - Setting next_dagrun for tutorial_dag to None, run_after=None
[2024-12-09T21:49:27.708+0000] {processor.py:208} INFO - Processing /home/airflow/.local/lib/python3.12/site-packages/airflow/example_dags/tutorial_dag.py took 0.025 seconds
[2024-12-09T21:49:58.004+0000] {processor.py:186} INFO - Started process (PID=217) to work on /home/airflow/.local/lib/python3.12/site-packages/airflow/example_dags/tutorial_dag.py
[2024-12-09T21:49:58.005+0000] {processor.py:914} INFO - Processing file /home/airflow/.local/lib/python3.12/site-packages/airflow/example_dags/tutorial_dag.py for tasks to queue
[2024-12-09T21:49:58.006+0000] {logging_mixin.py:190} INFO - [2024-12-09T21:49:58.005+0000] {dagbag.py:588} INFO - Filling up the DagBag from /home/airflow/.local/lib/python3.12/site-packages/airflow/example_dags/tutorial_dag.py
[2024-12-09T21:49:58.009+0000] {processor.py:925} INFO - DAG(s) 'tutorial_dag' retrieved from /home/airflow/.local/lib/python3.12/site-packages/airflow/example_dags/tutorial_dag.py
[2024-12-09T21:49:58.017+0000] {logging_mixin.py:190} INFO - [2024-12-09T21:49:58.016+0000] {dag.py:3239} INFO - Sync 1 DAGs
[2024-12-09T21:49:58.022+0000] {logging_mixin.py:190} INFO - [2024-12-09T21:49:58.022+0000] {dag.py:4180} INFO - Setting next_dagrun for tutorial_dag to None, run_after=None
[2024-12-09T21:49:58.029+0000] {processor.py:208} INFO - Processing /home/airflow/.local/lib/python3.12/site-packages/airflow/example_dags/tutorial_dag.py took 0.027 seconds
[2024-12-09T21:50:28.356+0000] {processor.py:186} INFO - Started process (PID=280) to work on /home/airflow/.local/lib/python3.12/site-packages/airflow/example_dags/tutorial_dag.py
[2024-12-09T21:50:28.359+0000] {processor.py:914} INFO - Processing file /home/airflow/.local/lib/python3.12/site-packages/airflow/example_dags/tutorial_dag.py for tasks to queue
[2024-12-09T21:50:28.360+0000] {logging_mixin.py:190} INFO - [2024-12-09T21:50:28.359+0000] {dagbag.py:588} INFO - Filling up the DagBag from /home/airflow/.local/lib/python3.12/site-packages/airflow/example_dags/tutorial_dag.py
[2024-12-09T21:50:28.363+0000] {processor.py:925} INFO - DAG(s) 'tutorial_dag' retrieved from /home/airflow/.local/lib/python3.12/site-packages/airflow/example_dags/tutorial_dag.py
[2024-12-09T21:50:28.370+0000] {logging_mixin.py:190} INFO - [2024-12-09T21:50:28.370+0000] {dag.py:3239} INFO - Sync 1 DAGs
[2024-12-09T21:50:28.375+0000] {logging_mixin.py:190} INFO - [2024-12-09T21:50:28.375+0000] {dag.py:4180} INFO - Setting next_dagrun for tutorial_dag to None, run_after=None
[2024-12-09T21:50:28.381+0000] {processor.py:208} INFO - Processing /home/airflow/.local/lib/python3.12/site-packages/airflow/example_dags/tutorial_dag.py took 0.028 seconds
[2024-12-09T21:50:58.700+0000] {processor.py:186} INFO - Started process (PID=343) to work on /home/airflow/.local/lib/python3.12/site-packages/airflow/example_dags/tutorial_dag.py
[2024-12-09T21:50:58.701+0000] {processor.py:914} INFO - Processing file /home/airflow/.local/lib/python3.12/site-packages/airflow/example_dags/tutorial_dag.py for tasks to queue
[2024-12-09T21:50:58.702+0000] {logging_mixin.py:190} INFO - [2024-12-09T21:50:58.702+0000] {dagbag.py:588} INFO - Filling up the DagBag from /home/airflow/.local/lib/python3.12/site-packages/airflow/example_dags/tutorial_dag.py
[2024-12-09T21:50:58.705+0000] {processor.py:925} INFO - DAG(s) 'tutorial_dag' retrieved from /home/airflow/.local/lib/python3.12/site-packages/airflow/example_dags/tutorial_dag.py
[2024-12-09T21:50:58.712+0000] {logging_mixin.py:190} INFO - [2024-12-09T21:50:58.712+0000] {dag.py:3239} INFO - Sync 1 DAGs
[2024-12-09T21:50:58.718+0000] {logging_mixin.py:190} INFO - [2024-12-09T21:50:58.718+0000] {dag.py:4180} INFO - Setting next_dagrun for tutorial_dag to None, run_after=None
[2024-12-09T21:50:58.724+0000] {processor.py:208} INFO - Processing /home/airflow/.local/lib/python3.12/site-packages/airflow/example_dags/tutorial_dag.py took 0.026 seconds
[2024-12-09T21:51:29.679+0000] {processor.py:186} INFO - Started process (PID=406) to work on /home/airflow/.local/lib/python3.12/site-packages/airflow/example_dags/tutorial_dag.py
[2024-12-09T21:51:29.679+0000] {processor.py:914} INFO - Processing file /home/airflow/.local/lib/python3.12/site-packages/airflow/example_dags/tutorial_dag.py for tasks to queue
[2024-12-09T21:51:29.680+0000] {logging_mixin.py:190} INFO - [2024-12-09T21:51:29.680+0000] {dagbag.py:588} INFO - Filling up the DagBag from /home/airflow/.local/lib/python3.12/site-packages/airflow/example_dags/tutorial_dag.py
[2024-12-09T21:51:29.682+0000] {processor.py:925} INFO - DAG(s) 'tutorial_dag' retrieved from /home/airflow/.local/lib/python3.12/site-packages/airflow/example_dags/tutorial_dag.py
[2024-12-09T21:51:29.689+0000] {logging_mixin.py:190} INFO - [2024-12-09T21:51:29.689+0000] {dag.py:3239} INFO - Sync 1 DAGs
[2024-12-09T21:51:29.694+0000] {logging_mixin.py:190} INFO - [2024-12-09T21:51:29.694+0000] {dag.py:4180} INFO - Setting next_dagrun for tutorial_dag to None, run_after=None
[2024-12-09T21:51:29.699+0000] {processor.py:208} INFO - Processing /home/airflow/.local/lib/python3.12/site-packages/airflow/example_dags/tutorial_dag.py took 0.023 seconds
[2024-12-09T21:51:59.877+0000] {processor.py:186} INFO - Started process (PID=469) to work on /home/airflow/.local/lib/python3.12/site-packages/airflow/example_dags/tutorial_dag.py
[2024-12-09T21:51:59.878+0000] {processor.py:914} INFO - Processing file /home/airflow/.local/lib/python3.12/site-packages/airflow/example_dags/tutorial_dag.py for tasks to queue
[2024-12-09T21:51:59.879+0000] {logging_mixin.py:190} INFO - [2024-12-09T21:51:59.878+0000] {dagbag.py:588} INFO - Filling up the DagBag from /home/airflow/.local/lib/python3.12/site-packages/airflow/example_dags/tutorial_dag.py
[2024-12-09T21:51:59.882+0000] {processor.py:925} INFO - DAG(s) 'tutorial_dag' retrieved from /home/airflow/.local/lib/python3.12/site-packages/airflow/example_dags/tutorial_dag.py
[2024-12-09T21:51:59.891+0000] {logging_mixin.py:190} INFO - [2024-12-09T21:51:59.891+0000] {dag.py:3239} INFO - Sync 1 DAGs
[2024-12-09T21:51:59.896+0000] {logging_mixin.py:190} INFO - [2024-12-09T21:51:59.896+0000] {dag.py:4180} INFO - Setting next_dagrun for tutorial_dag to None, run_after=None
[2024-12-09T21:51:59.903+0000] {processor.py:208} INFO - Processing /home/airflow/.local/lib/python3.12/site-packages/airflow/example_dags/tutorial_dag.py took 0.028 seconds
[2024-12-09T21:52:31.004+0000] {processor.py:186} INFO - Started process (PID=532) to work on /home/airflow/.local/lib/python3.12/site-packages/airflow/example_dags/tutorial_dag.py
[2024-12-09T21:52:31.008+0000] {processor.py:914} INFO - Processing file /home/airflow/.local/lib/python3.12/site-packages/airflow/example_dags/tutorial_dag.py for tasks to queue
[2024-12-09T21:52:31.009+0000] {logging_mixin.py:190} INFO - [2024-12-09T21:52:31.009+0000] {dagbag.py:588} INFO - Filling up the DagBag from /home/airflow/.local/lib/python3.12/site-packages/airflow/example_dags/tutorial_dag.py
[2024-12-09T21:52:31.012+0000] {processor.py:925} INFO - DAG(s) 'tutorial_dag' retrieved from /home/airflow/.local/lib/python3.12/site-packages/airflow/example_dags/tutorial_dag.py
[2024-12-09T21:52:31.019+0000] {logging_mixin.py:190} INFO - [2024-12-09T21:52:31.019+0000] {dag.py:3239} INFO - Sync 1 DAGs
[2024-12-09T21:52:31.024+0000] {logging_mixin.py:190} INFO - [2024-12-09T21:52:31.024+0000] {dag.py:4180} INFO - Setting next_dagrun for tutorial_dag to None, run_after=None
[2024-12-09T21:52:31.031+0000] {processor.py:208} INFO - Processing /home/airflow/.local/lib/python3.12/site-packages/airflow/example_dags/tutorial_dag.py took 0.028 seconds
[2024-12-09T21:53:02.230+0000] {processor.py:186} INFO - Started process (PID=595) to work on /home/airflow/.local/lib/python3.12/site-packages/airflow/example_dags/tutorial_dag.py
[2024-12-09T21:53:02.233+0000] {processor.py:914} INFO - Processing file /home/airflow/.local/lib/python3.12/site-packages/airflow/example_dags/tutorial_dag.py for tasks to queue
[2024-12-09T21:53:02.238+0000] {logging_mixin.py:190} INFO - [2024-12-09T21:53:02.237+0000] {dagbag.py:588} INFO - Filling up the DagBag from /home/airflow/.local/lib/python3.12/site-packages/airflow/example_dags/tutorial_dag.py
[2024-12-09T21:53:02.241+0000] {processor.py:925} INFO - DAG(s) 'tutorial_dag' retrieved from /home/airflow/.local/lib/python3.12/site-packages/airflow/example_dags/tutorial_dag.py
[2024-12-09T21:53:02.250+0000] {logging_mixin.py:190} INFO - [2024-12-09T21:53:02.250+0000] {dag.py:3239} INFO - Sync 1 DAGs
[2024-12-09T21:53:02.257+0000] {logging_mixin.py:190} INFO - [2024-12-09T21:53:02.257+0000] {dag.py:4180} INFO - Setting next_dagrun for tutorial_dag to None, run_after=None
[2024-12-09T21:53:02.264+0000] {processor.py:208} INFO - Processing /home/airflow/.local/lib/python3.12/site-packages/airflow/example_dags/tutorial_dag.py took 0.037 seconds
